This file contains any messages produced by compilers while
running configure, to aid debugging if configure makes a mistake.

It was created by capdDynSys configure 5.1.2, which was
generated by GNU Autoconf 2.69.  Invocation command line was

  $ ./configure --disable-option-checking --prefix=/home/runner/work/probreacog/probreacog/_codeql_build_dir/external/capd C=/home/runner/work/probreacog/.codeql-scratch/dbs/cpp/working/autobuild/bin/cc XX=/home/runner/work/probreacog/.codeql-scratch/dbs/cpp/working/autobuild/bin/c++ --without-gui --with-mpfr=no --with-filib=no --cache-file=.././capd.cache --srcdir=.

## --------- ##
## Platform. ##
## --------- ##

hostname = runnervmw9dnm
uname -m = x86_64
uname -r = 6.11.0-1018-azure
uname -s = Linux
uname -v = #18~24.04.1-Ubuntu SMP Sat Jun 28 04:46:03 UTC 2025

/usr/bin/uname -p = x86_64
/bin/uname -X     = unknown

/bin/arch              = x86_64
/usr/bin/arch -k       = unknown
/usr/convex/getsysinfo = unknown
/usr/bin/hostinfo      = unknown
/bin/machine           = unknown
/usr/bin/oslevel       = unknown
/bin/universe          = unknown

PATH: /home/runner/work/probreacog/.codeql-scratch/dbs/cpp/working/autobuild/bin
PATH: /snap/bin
PATH: /home/runner/.local/bin
PATH: /opt/pipx_bin
PATH: /home/runner/.cargo/bin
PATH: /home/runner/.config/composer/vendor/bin
PATH: /usr/local/.ghcup/bin
PATH: /home/runner/.dotnet/tools
PATH: /usr/local/sbin
PATH: /usr/local/bin
PATH: /usr/sbin
PATH: /usr/bin
PATH: /sbin
PATH: /bin
PATH: /usr/games
PATH: /usr/local/games
PATH: /snap/bin


## ----------- ##
## Core tests. ##
## ----------- ##

configure:2316: loading cache .././capd.cache
configure:2573: checking for gcc
configure:2600: result: gcc
configure:2829: checking for C compiler version
configure:2838: gcc --version >&5
gcc (Ubuntu 13.3.0-6ubuntu2~24.04) 13.3.0
Copyright (C) 2023 Free Software Foundation, Inc.
This is free software; see the source for copying conditions.  There is NO
warranty; not even for MERCHANTABILITY or FITNESS FOR A PARTICULAR PURPOSE.

configure:2849: $? = 0
configure:2838: gcc -v >&5
Using built-in specs.
COLLECT_GCC=/usr/bin/gcc
COLLECT_LTO_WRAPPER=/usr/libexec/gcc/x86_64-linux-gnu/13/lto-wrapper
OFFLOAD_TARGET_NAMES=nvptx-none:amdgcn-amdhsa
OFFLOAD_TARGET_DEFAULT=1
Target: x86_64-linux-gnu
Configured with: ../src/configure -v --with-pkgversion='Ubuntu 13.3.0-6ubuntu2~24.04' --with-bugurl=file:///usr/share/doc/gcc-13/README.Bugs --enable-languages=c,ada,c++,go,d,fortran,objc,obj-c++,m2 --prefix=/usr --with-gcc-major-version-only --program-suffix=-13 --program-prefix=x86_64-linux-gnu- --enable-shared --enable-linker-build-id --libexecdir=/usr/libexec --without-included-gettext --enable-threads=posix --libdir=/usr/lib --enable-nls --enable-bootstrap --enable-clocale=gnu --enable-libstdcxx-debug --enable-libstdcxx-time=yes --with-default-libstdcxx-abi=new --enable-libstdcxx-backtrace --enable-gnu-unique-object --disable-vtable-verify --enable-plugin --enable-default-pie --with-system-zlib --enable-libphobos-checking=release --with-target-system-zlib=auto --enable-objc-gc=auto --enable-multiarch --disable-werror --enable-cet --with-arch-32=i686 --with-abi=m64 --with-multilib-list=m32,m64,mx32 --enable-multilib --with-tune=generic --enable-offload-targets=nvptx-none=/build/gcc-13-fG75Ri/gcc-13-13.3.0/debian/tmp-nvptx/usr,amdgcn-amdhsa=/build/gcc-13-fG75Ri/gcc-13-13.3.0/debian/tmp-gcn/usr --enable-offload-defaulted --without-cuda-driver --enable-checking=release --build=x86_64-linux-gnu --host=x86_64-linux-gnu --target=x86_64-linux-gnu --with-build-config=bootstrap-lto-lean --enable-link-serialization=2
Thread model: posix
Supported LTO compression algorithms: zlib zstd
gcc version 13.3.0 (Ubuntu 13.3.0-6ubuntu2~24.04) 
... rest of stderr output deleted ...
configure:2849: $? = 0
configure:2838: gcc -V >&5
gcc: error: unrecognized command-line option '-V'
gcc: fatal error: no input files
compilation terminated.
configure:2849: $? = 1
configure:2838: gcc -qversion >&5
gcc: error: unrecognized command-line option '-qversion'; did you mean '--version'?
gcc: fatal error: no input files
compilation terminated.
configure:2849: $? = 1
configure:2869: checking whether the C compiler works
configure:2891: gcc    conftest.c  >&5
configure:2895: $? = 0
configure:2943: result: yes
configure:2946: checking for C compiler default output file name
configure:2948: result: a.out
configure:2954: checking for suffix of executables
configure:2961: gcc -o conftest    conftest.c  >&5
configure:2965: $? = 0
configure:2987: result: 
configure:3009: checking whether we are cross compiling
configure:3017: gcc -o conftest    conftest.c  >&5
configure:3021: $? = 0
configure:3028: ./conftest
configure:3032: $? = 0
configure:3047: result: no
configure:3052: checking for suffix of object files
configure:3099: result: o
configure:3103: checking whether we are using the GNU C compiler
configure:3131: result: yes
configure:3140: checking whether gcc accepts -g
configure:3201: result: yes
configure:3218: checking for gcc option to accept ISO C89
configure:3294: result: none needed
configure:3319: checking whether gcc understands -c and -o together
configure:3356: result: yes
configure:3386: checking whether make supports nested variables
configure:3403: result: yes
configure:3426: checking whether to enable maintainer-specific portions of Makefiles
configure:3435: result: no
configure:3567: checking for g++
configure:3594: result: g++
configure:3621: checking for C++ compiler version
configure:3630: g++ --version >&5
g++ (Ubuntu 13.3.0-6ubuntu2~24.04) 13.3.0
Copyright (C) 2023 Free Software Foundation, Inc.
This is free software; see the source for copying conditions.  There is NO
warranty; not even for MERCHANTABILITY or FITNESS FOR A PARTICULAR PURPOSE.

configure:3641: $? = 0
configure:3630: g++ -v >&5
Using built-in specs.
COLLECT_GCC=/usr/bin/g++
COLLECT_LTO_WRAPPER=/usr/libexec/gcc/x86_64-linux-gnu/13/lto-wrapper
OFFLOAD_TARGET_NAMES=nvptx-none:amdgcn-amdhsa
OFFLOAD_TARGET_DEFAULT=1
Target: x86_64-linux-gnu
Configured with: ../src/configure -v --with-pkgversion='Ubuntu 13.3.0-6ubuntu2~24.04' --with-bugurl=file:///usr/share/doc/gcc-13/README.Bugs --enable-languages=c,ada,c++,go,d,fortran,objc,obj-c++,m2 --prefix=/usr --with-gcc-major-version-only --program-suffix=-13 --program-prefix=x86_64-linux-gnu- --enable-shared --enable-linker-build-id --libexecdir=/usr/libexec --without-included-gettext --enable-threads=posix --libdir=/usr/lib --enable-nls --enable-bootstrap --enable-clocale=gnu --enable-libstdcxx-debug --enable-libstdcxx-time=yes --with-default-libstdcxx-abi=new --enable-libstdcxx-backtrace --enable-gnu-unique-object --disable-vtable-verify --enable-plugin --enable-default-pie --with-system-zlib --enable-libphobos-checking=release --with-target-system-zlib=auto --enable-objc-gc=auto --enable-multiarch --disable-werror --enable-cet --with-arch-32=i686 --with-abi=m64 --with-multilib-list=m32,m64,mx32 --enable-multilib --with-tune=generic --enable-offload-targets=nvptx-none=/build/gcc-13-fG75Ri/gcc-13-13.3.0/debian/tmp-nvptx/usr,amdgcn-amdhsa=/build/gcc-13-fG75Ri/gcc-13-13.3.0/debian/tmp-gcn/usr --enable-offload-defaulted --without-cuda-driver --enable-checking=release --build=x86_64-linux-gnu --host=x86_64-linux-gnu --target=x86_64-linux-gnu --with-build-config=bootstrap-lto-lean --enable-link-serialization=2
Thread model: posix
Supported LTO compression algorithms: zlib zstd
gcc version 13.3.0 (Ubuntu 13.3.0-6ubuntu2~24.04) 
... rest of stderr output deleted ...
configure:3641: $? = 0
configure:3630: g++ -V >&5
g++: error: unrecognized command-line option '-V'
g++: fatal error: no input files
compilation terminated.
configure:3641: $? = 1
configure:3630: g++ -qversion >&5
g++: error: unrecognized command-line option '-qversion'; did you mean '--version'?
g++: fatal error: no input files
compilation terminated.
configure:3641: $? = 1
configure:3645: checking whether we are using the GNU C++ compiler
configure:3673: result: yes
configure:3682: checking whether g++ accepts -g
configure:3743: result: yes
configure:3767: checking if g++ supports -fdata-sections -ffunction-sections
configure:3788: g++ -c -Werror -fdata-sections -ffunction-sections  conftest.cpp >&5
configure:3788: $? = 0
configure:3790: result: yes
configure:3822: checking if  supports -Wl,--gc-sections
configure:3843: g++ -o conftest -g0 -O2  -Werror -Wl,--gc-sections conftest.cpp  >&5
configure:3843: $? = 0
configure:3845: result: yes
configure:3878: checking if  supports -Wl,-dead_strip
configure:3899: g++ -o conftest -g0 -O2  -Werror -Wl,-dead_strip conftest.cpp  >&5
/usr/bin/ld: Error: unable to disambiguate: -dead_strip (did you mean --dead_strip ?)
collect2: error: ld returned 1 exit status
configure:3899: $? = 1
configure: failed program was:
| /* confdefs.h */
| #define PACKAGE_NAME "capdDynSys"
| #define PACKAGE_TARNAME "capddynsys"
| #define PACKAGE_VERSION "5.1.2"
| #define PACKAGE_STRING "capdDynSys 5.1.2"
| #define PACKAGE_BUGREPORT "http://capd.ii.uj.edu.pl"
| #define PACKAGE_URL "http://capd.ii.uj.edu.pl"
| /* end confdefs.h.  */
| 
| int
| main ()
| {
| 
|   ;
|   return 0;
| }
configure:3909: WARNING: no
configure:3980: checking for a BSD-compatible install
configure:4048: result: /usr/bin/install -c
configure:4059: checking whether build environment is sane (CAPD implementation)
configure:4150: result: yes
configure:4288: checking for a thread-safe mkdir -p
configure:4327: result: /usr/bin/mkdir -p
configure:4334: checking for gawk
configure:4361: result: gawk
configure:4372: checking whether make sets $(MAKE)
configure:4394: result: yes
configure:4416: checking whether make supports the include directive
configure:4431: make -f confmf.GNU && cat confinc.out
make[3]: Entering directory '/home/runner/work/probreacog/probreacog/_codeql_build_dir/external/tmp-capd/src/capdDynSys4'
make[3]: Leaving directory '/home/runner/work/probreacog/probreacog/_codeql_build_dir/external/tmp-capd/src/capdDynSys4'
this is the am__doit target
configure:4434: $? = 0
configure:4453: result: yes (GNU style)
configure:4534: checking how to create a pax tar archive
configure:4545: tar --version
tar (GNU tar) 1.35
Copyright (C) 2023 Free Software Foundation, Inc.
License GPLv3+: GNU GPL version 3 or later <https://gnu.org/licenses/gpl.html>.
This is free software: you are free to change and redistribute it.
There is NO WARRANTY, to the extent permitted by law.

Written by John Gilmore and Jay Fenlason.
configure:4548: $? = 0
configure:4616: result: gnutar
configure:4625: checking dependency style of gcc
configure:4736: result: gcc3
configure:4753: checking dependency style of g++
configure:4864: result: gcc3
configure:5285: checking for pkg-config
configure:5315: result: /usr/bin/pkg-config
configure:5340: checking pkg-config is at least version 0.9.0
configure:5343: result: yes
configure:5352: $PKG_CONFIG --exists --print-errors "mpcapdAlg"
Package mpcapdAlg was not found in the pkg-config search path.
Perhaps you should add the directory containing `mpcapdAlg.pc'
to the PKG_CONFIG_PATH environment variable
Package 'mpcapdAlg', required by 'virtual:world', not found
configure:5355: $? = 1
configure:5691: checking for C++ compiler version
configure:5700: g++ --version >&5
g++ (Ubuntu 13.3.0-6ubuntu2~24.04) 13.3.0
Copyright (C) 2023 Free Software Foundation, Inc.
This is free software; see the source for copying conditions.  There is NO
warranty; not even for MERCHANTABILITY or FITNESS FOR A PARTICULAR PURPOSE.

configure:5711: $? = 0
configure:5700: g++ -v >&5
Using built-in specs.
COLLECT_GCC=/usr/bin/g++
COLLECT_LTO_WRAPPER=/usr/libexec/gcc/x86_64-linux-gnu/13/lto-wrapper
OFFLOAD_TARGET_NAMES=nvptx-none:amdgcn-amdhsa
OFFLOAD_TARGET_DEFAULT=1
Target: x86_64-linux-gnu
Configured with: ../src/configure -v --with-pkgversion='Ubuntu 13.3.0-6ubuntu2~24.04' --with-bugurl=file:///usr/share/doc/gcc-13/README.Bugs --enable-languages=c,ada,c++,go,d,fortran,objc,obj-c++,m2 --prefix=/usr --with-gcc-major-version-only --program-suffix=-13 --program-prefix=x86_64-linux-gnu- --enable-shared --enable-linker-build-id --libexecdir=/usr/libexec --without-included-gettext --enable-threads=posix --libdir=/usr/lib --enable-nls --enable-bootstrap --enable-clocale=gnu --enable-libstdcxx-debug --enable-libstdcxx-time=yes --with-default-libstdcxx-abi=new --enable-libstdcxx-backtrace --enable-gnu-unique-object --disable-vtable-verify --enable-plugin --enable-default-pie --with-system-zlib --enable-libphobos-checking=release --with-target-system-zlib=auto --enable-objc-gc=auto --enable-multiarch --disable-werror --enable-cet --with-arch-32=i686 --with-abi=m64 --with-multilib-list=m32,m64,mx32 --enable-multilib --with-tune=generic --enable-offload-targets=nvptx-none=/build/gcc-13-fG75Ri/gcc-13-13.3.0/debian/tmp-nvptx/usr,amdgcn-amdhsa=/build/gcc-13-fG75Ri/gcc-13-13.3.0/debian/tmp-gcn/usr --enable-offload-defaulted --without-cuda-driver --enable-checking=release --build=x86_64-linux-gnu --host=x86_64-linux-gnu --target=x86_64-linux-gnu --with-build-config=bootstrap-lto-lean --enable-link-serialization=2
Thread model: posix
Supported LTO compression algorithms: zlib zstd
gcc version 13.3.0 (Ubuntu 13.3.0-6ubuntu2~24.04) 
... rest of stderr output deleted ...
configure:5711: $? = 0
configure:5700: g++ -V >&5
g++: error: unrecognized command-line option '-V'
g++: fatal error: no input files
compilation terminated.
configure:5711: $? = 1
configure:5700: g++ -qversion >&5
g++: error: unrecognized command-line option '-qversion'; did you mean '--version'?
g++: fatal error: no input files
compilation terminated.
configure:5711: $? = 1
configure:5715: checking whether we are using the GNU C++ compiler
configure:5743: result: yes
configure:5752: checking whether g++ accepts -g
configure:5813: result: yes
configure:5867: checking build system type
configure:5881: result: x86_64-pc-linux-gnu
configure:5901: checking host system type
configure:5914: result: x86_64-pc-linux-gnu
configure:5955: checking how to print strings
configure:5982: result: printf
configure:6003: checking for a sed that does not truncate output
configure:6067: result: /usr/bin/sed
configure:6085: checking for grep that handles long lines and -e
configure:6143: result: /usr/bin/grep
configure:6148: checking for egrep
configure:6210: result: /usr/bin/grep -E
configure:6215: checking for fgrep
configure:6277: result: /usr/bin/grep -F
configure:6312: checking for ld used by gcc
configure:6379: result: /usr/bin/ld
configure:6386: checking if the linker (/usr/bin/ld) is GNU ld
configure:6401: result: yes
configure:6413: checking for BSD- or MS-compatible name lister (nm)
configure:6467: result: /usr/bin/nm -B
configure:6597: checking the name lister (/usr/bin/nm -B) interface
configure:6617: result: BSD nm
configure:6620: checking whether ln -s works
configure:6624: result: yes
configure:6632: checking the maximum length of command line arguments
configure:6763: result: 3145728
configure:6811: checking how to convert x86_64-pc-linux-gnu file names to x86_64-pc-linux-gnu format
configure:6851: result: func_convert_file_noop
configure:6858: checking how to convert x86_64-pc-linux-gnu file names to toolchain format
configure:6878: result: func_convert_file_noop
configure:6885: checking for /usr/bin/ld option to reload object files
configure:6892: result: -r
configure:6966: checking for objdump
configure:6993: result: objdump
configure:7025: checking how to recognize dependent libraries
configure:7225: result: pass_all
configure:7310: checking for dlltool
configure:7340: result: no
configure:7370: checking how to associate runtime and link libraries
configure:7397: result: printf %s\n
configure:7457: checking for ar
configure:7484: result: ar
configure:7521: checking for archiver @FILE support
configure:7564: result: @
configure:7622: checking for strip
configure:7649: result: strip
configure:7721: checking for ranlib
configure:7748: result: ranlib
configure:7850: checking command to parse /usr/bin/nm -B output from gcc object
configure:8117: result: ok
configure:8164: checking for sysroot
configure:8194: result: no
configure:8201: checking for a working dd
configure:8239: result: /usr/bin/dd
configure:8243: checking how to truncate binary pipes
configure:8258: result: /usr/bin/dd bs=4096 count=1
configure:8395: g++ -c -g0 -O2  conftest.cpp >&5
configure:8398: $? = 0
configure:8588: checking for mt
configure:8615: result: mt
configure:8638: checking if mt is a manifest tool
configure:8652: result: no
configure:9329: checking how to run the C preprocessor
configure:9399: result: gcc -E
configure:9419: gcc -E  conftest.c
configure:9419: $? = 0
configure:9433: gcc -E  conftest.c
conftest.c:9:10: fatal error: ac_nonexistent.h: No such file or directory
    9 | #include <ac_nonexistent.h>
      |          ^~~~~~~~~~~~~~~~~~
compilation terminated.
configure:9433: $? = 1
configure: failed program was:
| /* confdefs.h */
| #define PACKAGE_NAME "capdDynSys"
| #define PACKAGE_TARNAME "capddynsys"
| #define PACKAGE_VERSION "5.1.2"
| #define PACKAGE_STRING "capdDynSys 5.1.2"
| #define PACKAGE_BUGREPORT "http://capd.ii.uj.edu.pl"
| #define PACKAGE_URL "http://capd.ii.uj.edu.pl"
| /* end confdefs.h.  */
| #include <ac_nonexistent.h>
configure:9462: checking for ANSI C header files
configure:9566: result: yes
configure:9579: checking for sys/types.h
configure:9579: result: yes
configure:9579: checking for sys/stat.h
configure:9579: result: yes
configure:9579: checking for stdlib.h
configure:9579: result: yes
configure:9579: checking for string.h
configure:9579: result: yes
configure:9579: checking for memory.h
configure:9579: result: yes
configure:9579: checking for strings.h
configure:9579: result: yes
configure:9579: checking for inttypes.h
configure:9579: result: yes
configure:9579: checking for stdint.h
configure:9579: result: yes
configure:9579: checking for unistd.h
configure:9579: result: yes
configure:9593: checking for dlfcn.h
configure:9593: result: yes
configure:9859: checking for objdir
configure:9874: result: .libs
configure:10138: checking if gcc supports -fno-rtti -fno-exceptions
configure:10173: result: no
configure:10537: checking for gcc option to produce PIC
configure:10544: result: -fPIC -DPIC
configure:10552: checking if gcc PIC flag -fPIC -DPIC works
configure:10587: result: yes
configure:10616: checking if gcc static flag -static works
configure:10644: result: yes
configure:10659: checking if gcc supports -c -o file.o
configure:10706: result: yes
configure:10714: checking if gcc supports -c -o file.o
configure:10761: result: yes
configure:10794: checking whether the gcc linker (/usr/bin/ld -m elf_x86_64) supports shared libraries
configure:12057: result: yes
configure:12094: checking whether -lc should be explicitly linked in
configure:12137: result: no
configure:12297: checking dynamic linker characteristics
configure:13127: result: GNU/Linux ld.so
configure:13249: checking how to hardcode library paths into programs
configure:13274: result: immediate
configure:13822: checking whether stripping libraries is possible
configure:13827: result: yes
configure:13862: checking if libtool supports shared libraries
configure:13864: result: yes
configure:13867: checking whether to build shared libraries
configure:13892: result: yes
configure:13895: checking whether to build static libraries
configure:13899: result: yes
configure:13922: checking how to run the C++ preprocessor
configure:13988: result: g++ -E
configure:14008: g++ -E  conftest.cpp
configure:14008: $? = 0
configure:14022: g++ -E  conftest.cpp
conftest.cpp:21:10: fatal error: ac_nonexistent.h: No such file or directory
   21 | #include <ac_nonexistent.h>
      |          ^~~~~~~~~~~~~~~~~~
compilation terminated.
configure:14022: $? = 1
configure: failed program was:
| /* confdefs.h */
| #define PACKAGE_NAME "capdDynSys"
| #define PACKAGE_TARNAME "capddynsys"
| #define PACKAGE_VERSION "5.1.2"
| #define PACKAGE_STRING "capdDynSys 5.1.2"
| #define PACKAGE_BUGREPORT "http://capd.ii.uj.edu.pl"
| #define PACKAGE_URL "http://capd.ii.uj.edu.pl"
| #define STDC_HEADERS 1
| #define HAVE_SYS_TYPES_H 1
| #define HAVE_SYS_STAT_H 1
| #define HAVE_STDLIB_H 1
| #define HAVE_STRING_H 1
| #define HAVE_MEMORY_H 1
| #define HAVE_STRINGS_H 1
| #define HAVE_INTTYPES_H 1
| #define HAVE_STDINT_H 1
| #define HAVE_UNISTD_H 1
| #define HAVE_DLFCN_H 1
| #define LT_OBJDIR ".libs/"
| /* end confdefs.h.  */
| #include <ac_nonexistent.h>
configure:14184: checking for ld used by g++
configure:14251: result: /usr/bin/ld -m elf_x86_64
configure:14258: checking if the linker (/usr/bin/ld -m elf_x86_64) is GNU ld
configure:14273: result: yes
configure:14328: checking whether the g++ linker (/usr/bin/ld -m elf_x86_64) supports shared libraries
configure:15401: result: yes
configure:15437: g++ -c -g0 -O2  conftest.cpp >&5
configure:15440: $? = 0
configure:15921: checking for g++ option to produce PIC
configure:15928: result: -fPIC -DPIC
configure:15936: checking if g++ PIC flag -fPIC -DPIC works
configure:15971: result: yes
configure:15994: checking if g++ static flag -static works
configure:16022: result: yes
configure:16034: checking if g++ supports -c -o file.o
configure:16081: result: yes
configure:16086: checking if g++ supports -c -o file.o
configure:16133: result: yes
configure:16163: checking whether the g++ linker (/usr/bin/ld -m elf_x86_64) supports shared libraries
configure:16206: result: yes
configure:16347: checking dynamic linker characteristics
configure:17104: result: GNU/Linux ld.so
configure:17169: checking how to hardcode library paths into programs
configure:17194: result: immediate
configure:17264: checking for capdAux
configure:17271: $PKG_CONFIG --exists --print-errors "capdAux >= 1.0"
configure:17274: $? = 0
configure:17288: $PKG_CONFIG --exists --print-errors "capdAux >= 1.0"
configure:17291: $? = 0
configure:17349: result: yes
configure:17355: checking for capdAlg
configure:17362: $PKG_CONFIG --exists --print-errors "capdAlg >= 1.0"
configure:17365: $? = 0
configure:17379: $PKG_CONFIG --exists --print-errors "capdAlg >= 1.0"
configure:17382: $? = 0
configure:17440: result: yes
configure:17446: checking for capdExt
configure:17453: $PKG_CONFIG --exists --print-errors "capdExt >= 1.0"
configure:17456: $? = 0
configure:17470: $PKG_CONFIG --exists --print-errors "capdExt >= 1.0"
configure:17473: $? = 0
configure:17531: result: yes
configure:17695: creating ./config.status

## ---------------------- ##
## Running config.status. ##
## ---------------------- ##

This file was extended by capdDynSys config.status 5.1.2, which was
generated by GNU Autoconf 2.69.  Invocation command line was

  CONFIG_FILES    = 
  CONFIG_HEADERS  = 
  CONFIG_LINKS    = 
  CONFIG_COMMANDS = 
  $ ./config.status 

on runnervmw9dnm

config.status:1298: creating /home/runner/work/probreacog/probreacog/_codeql_build_dir/external/tmp-capd/src/lib/pkgconfig-dev/capdDynSys.pc
config.status:1298: creating /home/runner/work/probreacog/probreacog/_codeql_build_dir/external/tmp-capd/src/lib/pkgconfig-install/capdDynSys.pc
config.status:1298: creating /home/runner/work/probreacog/probreacog/_codeql_build_dir/external/tmp-capd/src/lib/pkgconfig-dev/capdautodiff.pc
config.status:1298: creating /home/runner/work/probreacog/probreacog/_codeql_build_dir/external/tmp-capd/src/lib/pkgconfig-install/capdautodiff.pc
config.status:1298: creating /home/runner/work/probreacog/probreacog/_codeql_build_dir/external/tmp-capd/src/lib/pkgconfig-dev/capdcovrel.pc
config.status:1298: creating /home/runner/work/probreacog/probreacog/_codeql_build_dir/external/tmp-capd/src/lib/pkgconfig-install/capdcovrel.pc
config.status:1298: creating /home/runner/work/probreacog/probreacog/_codeql_build_dir/external/tmp-capd/src/lib/pkgconfig-dev/capddiffIncl.pc
config.status:1298: creating /home/runner/work/probreacog/probreacog/_codeql_build_dir/external/tmp-capd/src/lib/pkgconfig-install/capddiffIncl.pc
config.status:1298: creating /home/runner/work/probreacog/probreacog/_codeql_build_dir/external/tmp-capd/src/lib/pkgconfig-dev/capddynsysm.pc
config.status:1298: creating /home/runner/work/probreacog/probreacog/_codeql_build_dir/external/tmp-capd/src/lib/pkgconfig-install/capddynsysm.pc
config.status:1298: creating /home/runner/work/probreacog/probreacog/_codeql_build_dir/external/tmp-capd/src/lib/pkgconfig-dev/capdgeomset.pc
config.status:1298: creating /home/runner/work/probreacog/probreacog/_codeql_build_dir/external/tmp-capd/src/lib/pkgconfig-install/capdgeomset.pc
config.status:1298: creating /home/runner/work/probreacog/probreacog/_codeql_build_dir/external/tmp-capd/src/lib/pkgconfig-dev/capdmap.pc
config.status:1298: creating /home/runner/work/probreacog/probreacog/_codeql_build_dir/external/tmp-capd/src/lib/pkgconfig-install/capdmap.pc
config.status:1298: creating /home/runner/work/probreacog/probreacog/_codeql_build_dir/external/tmp-capd/src/lib/pkgconfig-dev/capddiffAlgebra.pc
config.status:1298: creating /home/runner/work/probreacog/probreacog/_codeql_build_dir/external/tmp-capd/src/lib/pkgconfig-install/capddiffAlgebra.pc
config.status:1298: creating /home/runner/work/probreacog/probreacog/_codeql_build_dir/external/tmp-capd/src/lib/pkgconfig-dev/capddynset.pc
config.status:1298: creating /home/runner/work/probreacog/probreacog/_codeql_build_dir/external/tmp-capd/src/lib/pkgconfig-install/capddynset.pc
config.status:1298: creating /home/runner/work/probreacog/probreacog/_codeql_build_dir/external/tmp-capd/src/lib/pkgconfig-dev/capdpoincare.pc
config.status:1298: creating /home/runner/work/probreacog/probreacog/_codeql_build_dir/external/tmp-capd/src/lib/pkgconfig-install/capdpoincare.pc
config.status:1298: creating Makefile
config.status:1298: creating include/Makefile
config.status:1298: creating src/Makefile
config.status:1298: creating src/capd/Makefile
config.status:1298: creating src/capd/autodiff/Makefile
config.status:1298: creating src/capd/covrel/Makefile
config.status:1298: creating src/capd/diffIncl/Makefile
config.status:1298: creating src/capd/dynsys/Makefile
config.status:1298: creating src/capd/geomset/Makefile
config.status:1298: creating src/capd/map/Makefile
config.status:1298: creating src/capd/diffAlgebra/Makefile
config.status:1298: creating src/capd/dynset/Makefile
config.status:1298: creating src/capd/poincare/Makefile
config.status:1298: creating include/capd/config-capdDynSys.h
config.status:1527: executing depfiles commands
config.status:1604: cd src/capd/autodiff       && sed -e '/# am--include-marker/d' Makefile         | make -f - am--depfiles
make[3]: Entering directory '/home/runner/work/probreacog/probreacog/_codeql_build_dir/external/tmp-capd/src/capdDynSys4/src/capd/autodiff'
make[3]: Leaving directory '/home/runner/work/probreacog/probreacog/_codeql_build_dir/external/tmp-capd/src/capdDynSys4/src/capd/autodiff'
config.status:1609: $? = 0
config.status:1604: cd src/capd/covrel       && sed -e '/# am--include-marker/d' Makefile         | make -f - am--depfiles
make[3]: Entering directory '/home/runner/work/probreacog/probreacog/_codeql_build_dir/external/tmp-capd/src/capdDynSys4/src/capd/covrel'
make[3]: Leaving directory '/home/runner/work/probreacog/probreacog/_codeql_build_dir/external/tmp-capd/src/capdDynSys4/src/capd/covrel'
config.status:1609: $? = 0
config.status:1604: cd src/capd/diffIncl       && sed -e '/# am--include-marker/d' Makefile         | make -f - am--depfiles
make[3]: Entering directory '/home/runner/work/probreacog/probreacog/_codeql_build_dir/external/tmp-capd/src/capdDynSys4/src/capd/diffIncl'
make[3]: Leaving directory '/home/runner/work/probreacog/probreacog/_codeql_build_dir/external/tmp-capd/src/capdDynSys4/src/capd/diffIncl'
config.status:1609: $? = 0
config.status:1604: cd src/capd/dynsys       && sed -e '/# am--include-marker/d' Makefile         | make -f - am--depfiles
make[3]: Entering directory '/home/runner/work/probreacog/probreacog/_codeql_build_dir/external/tmp-capd/src/capdDynSys4/src/capd/dynsys'
make[3]: Leaving directory '/home/runner/work/probreacog/probreacog/_codeql_build_dir/external/tmp-capd/src/capdDynSys4/src/capd/dynsys'
config.status:1609: $? = 0
config.status:1604: cd src/capd/geomset       && sed -e '/# am--include-marker/d' Makefile         | make -f - am--depfiles
make[3]: Entering directory '/home/runner/work/probreacog/probreacog/_codeql_build_dir/external/tmp-capd/src/capdDynSys4/src/capd/geomset'
make[3]: Leaving directory '/home/runner/work/probreacog/probreacog/_codeql_build_dir/external/tmp-capd/src/capdDynSys4/src/capd/geomset'
config.status:1609: $? = 0
config.status:1604: cd src/capd/map       && sed -e '/# am--include-marker/d' Makefile         | make -f - am--depfiles
make[3]: Entering directory '/home/runner/work/probreacog/probreacog/_codeql_build_dir/external/tmp-capd/src/capdDynSys4/src/capd/map'
make[3]: Leaving directory '/home/runner/work/probreacog/probreacog/_codeql_build_dir/external/tmp-capd/src/capdDynSys4/src/capd/map'
config.status:1609: $? = 0
config.status:1604: cd src/capd/diffAlgebra       && sed -e '/# am--include-marker/d' Makefile         | make -f - am--depfiles
make[3]: Entering directory '/home/runner/work/probreacog/probreacog/_codeql_build_dir/external/tmp-capd/src/capdDynSys4/src/capd/diffAlgebra'
make[3]: Leaving directory '/home/runner/work/probreacog/probreacog/_codeql_build_dir/external/tmp-capd/src/capdDynSys4/src/capd/diffAlgebra'
config.status:1609: $? = 0
config.status:1604: cd src/capd/dynset       && sed -e '/# am--include-marker/d' Makefile         | make -f - am--depfiles
make[3]: Entering directory '/home/runner/work/probreacog/probreacog/_codeql_build_dir/external/tmp-capd/src/capdDynSys4/src/capd/dynset'
make[3]: Leaving directory '/home/runner/work/probreacog/probreacog/_codeql_build_dir/external/tmp-capd/src/capdDynSys4/src/capd/dynset'
config.status:1609: $? = 0
config.status:1604: cd src/capd/poincare       && sed -e '/# am--include-marker/d' Makefile         | make -f - am--depfiles
make[3]: Entering directory '/home/runner/work/probreacog/probreacog/_codeql_build_dir/external/tmp-capd/src/capdDynSys4/src/capd/poincare'
make[3]: Leaving directory '/home/runner/work/probreacog/probreacog/_codeql_build_dir/external/tmp-capd/src/capdDynSys4/src/capd/poincare'
config.status:1609: $? = 0
config.status:1527: executing libtool commands
configure:20229: === configuring in examples (/home/runner/work/probreacog/probreacog/_codeql_build_dir/external/tmp-capd/src/capdDynSys4/examples)
configure:20292: running /bin/bash ./configure --disable-option-checking '--prefix=/home/runner/work/probreacog/probreacog/_codeql_build_dir/external/capd'  'C=/home/runner/work/probreacog/.codeql-scratch/dbs/cpp/working/autobuild/bin/cc' 'XX=/home/runner/work/probreacog/.codeql-scratch/dbs/cpp/working/autobuild/bin/c++' '--without-gui' '--with-mpfr=no' '--with-filib=no' 'PKG_CONFIG_PATH=/home/runner/work/probreacog/probreacog/_codeql_build_dir/external/tmp-capd/src/lib/pkgconfig-dev' --cache-file=../.././capd.cache --srcdir=.
configure:20229: === configuring in tests (/home/runner/work/probreacog/probreacog/_codeql_build_dir/external/tmp-capd/src/capdDynSys4/tests)
configure:20292: running /bin/bash ./configure --disable-option-checking '--prefix=/home/runner/work/probreacog/probreacog/_codeql_build_dir/external/capd'  'C=/home/runner/work/probreacog/.codeql-scratch/dbs/cpp/working/autobuild/bin/cc' 'XX=/home/runner/work/probreacog/.codeql-scratch/dbs/cpp/working/autobuild/bin/c++' '--without-gui' '--with-mpfr=no' '--with-filib=no' 'PKG_CONFIG_PATH=/home/runner/work/probreacog/probreacog/_codeql_build_dir/external/tmp-capd/src/lib/pkgconfig-dev' --cache-file=../.././capd.cache --srcdir=.

## ---------------- ##
## Cache variables. ##
## ---------------- ##

ac_cv_build=x86_64-pc-linux-gnu
ac_cv_c_compiler_gnu=yes
ac_cv_cxx_compiler_gnu=yes
ac_cv_env_BOOST_ROOT_set=
ac_cv_env_BOOST_ROOT_value=
ac_cv_env_CCC_set=
ac_cv_env_CCC_value=
ac_cv_env_CC_set=
ac_cv_env_CC_value=
ac_cv_env_CFLAGS_set=
ac_cv_env_CFLAGS_value=
ac_cv_env_CPPFLAGS_set=
ac_cv_env_CPPFLAGS_value=
ac_cv_env_CPP_set=
ac_cv_env_CPP_value=
ac_cv_env_CXXCPP_set=
ac_cv_env_CXXCPP_value=
ac_cv_env_CXXFLAGS_set=
ac_cv_env_CXXFLAGS_value=
ac_cv_env_CXX_set=
ac_cv_env_CXX_value=
ac_cv_env_LDFLAGS_set=
ac_cv_env_LDFLAGS_value=
ac_cv_env_LIBS_set=
ac_cv_env_LIBS_value=
ac_cv_env_LT_SYS_LIBRARY_PATH_set=
ac_cv_env_LT_SYS_LIBRARY_PATH_value=
ac_cv_env_PKG_CONFIG_LIBDIR_set=
ac_cv_env_PKG_CONFIG_LIBDIR_value=
ac_cv_env_PKG_CONFIG_PATH_set=set
ac_cv_env_PKG_CONFIG_PATH_value=/home/runner/work/probreacog/probreacog/_codeql_build_dir/external/tmp-capd/src/lib/pkgconfig-dev
ac_cv_env_PKG_CONFIG_set=
ac_cv_env_PKG_CONFIG_value=
ac_cv_env_X11_CFLAGS_set=
ac_cv_env_X11_CFLAGS_value=
ac_cv_env_X11_LIBS_set=
ac_cv_env_X11_LIBS_value=
ac_cv_env_build_alias_set=
ac_cv_env_build_alias_value=
ac_cv_env_capdAlg_CFLAGS_set=
ac_cv_env_capdAlg_CFLAGS_value=
ac_cv_env_capdAlg_LIBS_set=
ac_cv_env_capdAlg_LIBS_value=
ac_cv_env_capdAux_CFLAGS_set=
ac_cv_env_capdAux_CFLAGS_value=
ac_cv_env_capdAux_LIBS_set=
ac_cv_env_capdAux_LIBS_value=
ac_cv_env_capdExt_CFLAGS_set=
ac_cv_env_capdExt_CFLAGS_value=
ac_cv_env_capdExt_LIBS_set=
ac_cv_env_capdExt_LIBS_value=
ac_cv_env_capdauxil_CFLAGS_set=
ac_cv_env_capdauxil_CFLAGS_value=
ac_cv_env_capdauxil_LIBS_set=
ac_cv_env_capdauxil_LIBS_value=
ac_cv_env_capdbasicalg_CFLAGS_set=
ac_cv_env_capdbasicalg_CFLAGS_value=
ac_cv_env_capdbasicalg_LIBS_set=
ac_cv_env_capdbasicalg_LIBS_value=
ac_cv_env_capdintervals_CFLAGS_set=
ac_cv_env_capdintervals_CFLAGS_value=
ac_cv_env_capdintervals_LIBS_set=
ac_cv_env_capdintervals_LIBS_value=
ac_cv_env_capdkrak_CFLAGS_set=
ac_cv_env_capdkrak_CFLAGS_value=
ac_cv_env_capdkrak_LIBS_set=
ac_cv_env_capdkrak_LIBS_value=
ac_cv_env_capdmatrixAlgorithms_CFLAGS_set=
ac_cv_env_capdmatrixAlgorithms_CFLAGS_value=
ac_cv_env_capdmatrixAlgorithms_LIBS_set=
ac_cv_env_capdmatrixAlgorithms_LIBS_value=
ac_cv_env_capdrounding_CFLAGS_set=
ac_cv_env_capdrounding_CFLAGS_value=
ac_cv_env_capdrounding_LIBS_set=
ac_cv_env_capdrounding_LIBS_value=
ac_cv_env_capdvectalg_CFLAGS_set=
ac_cv_env_capdvectalg_CFLAGS_value=
ac_cv_env_capdvectalg_LIBS_set=
ac_cv_env_capdvectalg_LIBS_value=
ac_cv_env_host_alias_set=
ac_cv_env_host_alias_value=
ac_cv_env_liblog4cxx_CFLAGS_set=
ac_cv_env_liblog4cxx_CFLAGS_value=
ac_cv_env_liblog4cxx_LIBS_set=
ac_cv_env_liblog4cxx_LIBS_value=
ac_cv_env_mpcapdAlg_CFLAGS_set=
ac_cv_env_mpcapdAlg_CFLAGS_value=
ac_cv_env_mpcapdAlg_LIBS_set=
ac_cv_env_mpcapdAlg_LIBS_value=
ac_cv_env_mpcapdintervals_CFLAGS_set=
ac_cv_env_mpcapdintervals_CFLAGS_value=
ac_cv_env_mpcapdintervals_LIBS_set=
ac_cv_env_mpcapdintervals_LIBS_value=
ac_cv_env_mpcapdmatrixAlgorithms_CFLAGS_set=
ac_cv_env_mpcapdmatrixAlgorithms_CFLAGS_value=
ac_cv_env_mpcapdmatrixAlgorithms_LIBS_set=
ac_cv_env_mpcapdmatrixAlgorithms_LIBS_value=
ac_cv_env_mpcapdvectalg_CFLAGS_set=
ac_cv_env_mpcapdvectalg_CFLAGS_value=
ac_cv_env_mpcapdvectalg_LIBS_set=
ac_cv_env_mpcapdvectalg_LIBS_value=
ac_cv_env_target_alias_set=
ac_cv_env_target_alias_value=
ac_cv_header_dlfcn_h=yes
ac_cv_header_inttypes_h=yes
ac_cv_header_memory_h=yes
ac_cv_header_pari_pari_h=no
ac_cv_header_stdc=yes
ac_cv_header_stdint_h=yes
ac_cv_header_stdlib_h=yes
ac_cv_header_string_h=yes
ac_cv_header_strings_h=yes
ac_cv_header_sys_stat_h=yes
ac_cv_header_sys_types_h=yes
ac_cv_header_unistd_h=yes
ac_cv_host=x86_64-pc-linux-gnu
ac_cv_objext=o
ac_cv_path_EGREP='/usr/bin/grep -E'
ac_cv_path_FGREP='/usr/bin/grep -F'
ac_cv_path_GREP=/usr/bin/grep
ac_cv_path_SED=/usr/bin/sed
ac_cv_path_ac_pt_PKG_CONFIG=/usr/bin/pkg-config
ac_cv_path_install='/usr/bin/install -c'
ac_cv_path_lt_DD=/usr/bin/dd
ac_cv_path_mkdir=/usr/bin/mkdir
ac_cv_prog_AWK=gawk
ac_cv_prog_CPP='gcc -E'
ac_cv_prog_CXXCPP='g++ -E'
ac_cv_prog_ac_ct_AR=ar
ac_cv_prog_ac_ct_CC=gcc
ac_cv_prog_ac_ct_CXX=g++
ac_cv_prog_ac_ct_MANIFEST_TOOL=mt
ac_cv_prog_ac_ct_OBJDUMP=objdump
ac_cv_prog_ac_ct_RANLIB=ranlib
ac_cv_prog_ac_ct_STRIP=strip
ac_cv_prog_cc_c89=
ac_cv_prog_cc_g=yes
ac_cv_prog_cxx_g=yes
ac_cv_prog_make_make_set=yes
am_cv_CC_dependencies_compiler_type=gcc3
am_cv_CXX_dependencies_compiler_type=gcc3
am_cv_make_support_nested_variables=yes
am_cv_prog_cc_c_o=yes
am_cv_prog_tar_pax=gnutar
ax_cv_cxx_compile_cxx11=yes
boost_cv_inc_path=no
boost_cv_lib_tag=unknown
boost_cv_version=no
lt_cv_ar_at_file=@
lt_cv_archive_cmds_need_lc=no
lt_cv_deplibs_check_method=pass_all
lt_cv_file_magic_cmd='$MAGIC_CMD'
lt_cv_file_magic_test_file=
lt_cv_ld_reload_flag=-r
lt_cv_nm_interface='BSD nm'
lt_cv_objdir=.libs
lt_cv_path_LD=/usr/bin/ld
lt_cv_path_LDCXX='/usr/bin/ld -m elf_x86_64'
lt_cv_path_NM='/usr/bin/nm -B'
lt_cv_path_mainfest_tool=no
lt_cv_prog_compiler_c_o=yes
lt_cv_prog_compiler_c_o_CXX=yes
lt_cv_prog_compiler_pic='-fPIC -DPIC'
lt_cv_prog_compiler_pic_CXX='-fPIC -DPIC'
lt_cv_prog_compiler_pic_works=yes
lt_cv_prog_compiler_pic_works_CXX=yes
lt_cv_prog_compiler_rtti_exceptions=no
lt_cv_prog_compiler_static_works=yes
lt_cv_prog_compiler_static_works_CXX=yes
lt_cv_prog_gnu_ld=yes
lt_cv_prog_gnu_ldcxx=yes
lt_cv_sharedlib_from_linklib_cmd='printf %s\n'
lt_cv_shlibpath_overrides_runpath=yes
lt_cv_sys_global_symbol_pipe='sed -n -e '\''s/^.*[	 ]\([ABCDGIRSTW][ABCDGIRSTW]*\)[	 ][	 ]*\([_A-Za-z][_A-Za-z0-9]*\)$/\1 \2 \2/p'\'' | sed '\''/ __gnu_lto/d'\'''
lt_cv_sys_global_symbol_to_c_name_address='sed -n -e '\''s/^: \(.*\) .*$/  {"\1", (void *) 0},/p'\'' -e '\''s/^[ABCDGIRSTW][ABCDGIRSTW]* .* \(.*\)$/  {"\1", (void *) \&\1},/p'\'''
lt_cv_sys_global_symbol_to_c_name_address_lib_prefix='sed -n -e '\''s/^: \(.*\) .*$/  {"\1", (void *) 0},/p'\'' -e '\''s/^[ABCDGIRSTW][ABCDGIRSTW]* .* \(lib.*\)$/  {"\1", (void *) \&\1},/p'\'' -e '\''s/^[ABCDGIRSTW][ABCDGIRSTW]* .* \(.*\)$/  {"lib\1", (void *) \&\1},/p'\'''
lt_cv_sys_global_symbol_to_cdecl='sed -n -e '\''s/^T .* \(.*\)$/extern int \1();/p'\'' -e '\''s/^[ABCDGIRSTW][ABCDGIRSTW]* .* \(.*\)$/extern char \1;/p'\'''
lt_cv_sys_global_symbol_to_import=
lt_cv_sys_max_cmd_len=3145728
lt_cv_to_host_file_cmd=func_convert_file_noop
lt_cv_to_tool_file_cmd=func_convert_file_noop
lt_cv_truncate_bin='/usr/bin/dd bs=4096 count=1'
pkg_cv_capdAlg_CFLAGS='-I/home/runner/work/probreacog/probreacog/_codeql_build_dir/external/tmp-capd/src/capdAlg/include -I/home/runner/work/probreacog/probreacog/_codeql_build_dir/external/tmp-capd/src/capdAux/include -I/home/runner/work/probreacog/probreacog/_codeql_build_dir/external/tmp-capd/src/capdExt/include -frounding-math '
pkg_cv_capdAlg_LIBS='/home/runner/work/probreacog/probreacog/_codeql_build_dir/external/tmp-capd/src/capdAlg/src/capd/matrixAlgorithms/libcapdmatrixAlgorithms.la /home/runner/work/probreacog/probreacog/_codeql_build_dir/external/tmp-capd/src/capdAlg/src/capd/vectalg/libcapdvectalg.la /home/runner/work/probreacog/probreacog/_codeql_build_dir/external/tmp-capd/src/capdAlg/src/capd/intervals/libcapdintervals.la /home/runner/work/probreacog/probreacog/_codeql_build_dir/external/tmp-capd/src/capdAlg/src/capd/rounding/libcapdrounding.la /home/runner/work/probreacog/probreacog/_codeql_build_dir/external/tmp-capd/src/capdAlg/src/capd/basicalg/libcapdbasicalg.la /home/runner/work/probreacog/probreacog/_codeql_build_dir/external/tmp-capd/src/capdAlg/src/capd/rings/libcapdrings.la /home/runner/work/probreacog/probreacog/_codeql_build_dir/external/tmp-capd/src/capdExt/src/capd/alglib/libcapdalglib.la /home/runner/work/probreacog/probreacog/_codeql_build_dir/external/tmp-capd/src/capdAux/src/capd/auxil/libcapdauxil.la '
pkg_cv_capdAux_CFLAGS='-I/home/runner/work/probreacog/probreacog/_codeql_build_dir/external/tmp-capd/src/capdAux/include '
pkg_cv_capdAux_LIBS='/home/runner/work/probreacog/probreacog/_codeql_build_dir/external/tmp-capd/src/capdAux/src/capd/auxil/libcapdauxil.la '
pkg_cv_capdExt_CFLAGS='-I/home/runner/work/probreacog/probreacog/_codeql_build_dir/external/tmp-capd/src/capdExt/include '
pkg_cv_capdExt_LIBS='/home/runner/work/probreacog/probreacog/_codeql_build_dir/external/tmp-capd/src/capdExt/src/capd/alglib/libcapdalglib.la '
pkg_cv_capdauxil_CFLAGS='-I/home/runner/work/probreacog/probreacog/_codeql_build_dir/external/tmp-capd/src/capdAux/include '
pkg_cv_capdauxil_LIBS='/home/runner/work/probreacog/probreacog/_codeql_build_dir/external/tmp-capd/src/capdAux/src/capd/auxil/libcapdauxil.la '
pkg_cv_capdbasicalg_CFLAGS='-frounding-math -I/home/runner/work/probreacog/probreacog/_codeql_build_dir/external/tmp-capd/src/capdAlg/include '
pkg_cv_capdbasicalg_LIBS='/home/runner/work/probreacog/probreacog/_codeql_build_dir/external/tmp-capd/src/capdAlg/src/capd/basicalg/libcapdbasicalg.la '
pkg_cv_capdintervals_CFLAGS='-I/home/runner/work/probreacog/probreacog/_codeql_build_dir/external/tmp-capd/src/capdAlg/include -I/home/runner/work/probreacog/probreacog/_codeql_build_dir/external/tmp-capd/src/capdAux/include -frounding-math -I/home/runner/work/probreacog/probreacog/_codeql_build_dir/external/tmp-capd/src/capdExt/include '
pkg_cv_capdintervals_LIBS='/home/runner/work/probreacog/probreacog/_codeql_build_dir/external/tmp-capd/src/capdAlg/src/capd/intervals/libcapdintervals.la /home/runner/work/probreacog/probreacog/_codeql_build_dir/external/tmp-capd/src/capdAux/src/capd/auxil/libcapdauxil.la /home/runner/work/probreacog/probreacog/_codeql_build_dir/external/tmp-capd/src/capdAlg/src/capd/rounding/libcapdrounding.la /home/runner/work/probreacog/probreacog/_codeql_build_dir/external/tmp-capd/src/capdAlg/src/capd/basicalg/libcapdbasicalg.la /home/runner/work/probreacog/probreacog/_codeql_build_dir/external/tmp-capd/src/capdExt/src/capd/alglib/libcapdalglib.la '
pkg_cv_capdmatrixAlgorithms_CFLAGS='-frounding-math -I/home/runner/work/probreacog/probreacog/_codeql_build_dir/external/tmp-capd/src/capdAlg/include '
pkg_cv_capdmatrixAlgorithms_LIBS='/home/runner/work/probreacog/probreacog/_codeql_build_dir/external/tmp-capd/src/capdAlg/src/capd/matrixAlgorithms/libcapdmatrixAlgorithms.la '
pkg_cv_capdrounding_CFLAGS='-frounding-math -I/home/runner/work/probreacog/probreacog/_codeql_build_dir/external/tmp-capd/src/capdAlg/include '
pkg_cv_capdrounding_LIBS='/home/runner/work/probreacog/probreacog/_codeql_build_dir/external/tmp-capd/src/capdAlg/src/capd/rounding/libcapdrounding.la '
pkg_cv_capdvectalg_CFLAGS='-I/home/runner/work/probreacog/probreacog/_codeql_build_dir/external/tmp-capd/src/capdAlg/include -I/home/runner/work/probreacog/probreacog/_codeql_build_dir/external/tmp-capd/src/capdAux/include -I/home/runner/work/probreacog/probreacog/_codeql_build_dir/external/tmp-capd/src/capdExt/include -frounding-math '
pkg_cv_capdvectalg_LIBS='/home/runner/work/probreacog/probreacog/_codeql_build_dir/external/tmp-capd/src/capdAlg/src/capd/vectalg/libcapdvectalg.la /home/runner/work/probreacog/probreacog/_codeql_build_dir/external/tmp-capd/src/capdAlg/src/capd/intervals/libcapdintervals.la /home/runner/work/probreacog/probreacog/_codeql_build_dir/external/tmp-capd/src/capdAux/src/capd/auxil/libcapdauxil.la /home/runner/work/probreacog/probreacog/_codeql_build_dir/external/tmp-capd/src/capdAlg/src/capd/rounding/libcapdrounding.la /home/runner/work/probreacog/probreacog/_codeql_build_dir/external/tmp-capd/src/capdExt/src/capd/alglib/libcapdalglib.la /home/runner/work/probreacog/probreacog/_codeql_build_dir/external/tmp-capd/src/capdAlg/src/capd/basicalg/libcapdbasicalg.la '

## ----------------- ##
## Output variables. ##
## ----------------- ##

ACLOCAL='${SHELL} /home/runner/work/probreacog/probreacog/_codeql_build_dir/external/tmp-capd/src/capdMake/ac_aux/missing aclocal-1.16'
AMDEPBACKSLASH='\'
AMDEP_FALSE='#'
AMDEP_TRUE=''
AMTAR='$${TAR-tar}'
AM_BACKSLASH='\'
AM_CPPFLAGS='-I$(top_builddir)/include -I$(top_srcdir)/include -DFILE_BUILD_DIR=\"$(abs_builddir)\" ${CAPD_AM_CPPFLAGS}'
AM_CXXFLAGS='-I$(top_builddir)/include -I$(top_srcdir)/include -DFILE_BUILD_DIR=\"$(abs_builddir)\" ${CAPD_AM_CXXFLAGS}'
AM_DEFAULT_V='$(AM_DEFAULT_VERBOSITY)'
AM_DEFAULT_VERBOSITY='0'
AM_LDFLAGS='$(CAPD_AM_LDFLAGS)'
AM_V='$(V)'
AR='ar'
AUTOCONF='${SHELL} /home/runner/work/probreacog/probreacog/_codeql_build_dir/external/tmp-capd/src/capdMake/ac_aux/missing autoconf'
AUTOHEADER='${SHELL} /home/runner/work/probreacog/probreacog/_codeql_build_dir/external/tmp-capd/src/capdMake/ac_aux/missing autoheader'
AUTOMAKE='${SHELL} /home/runner/work/probreacog/probreacog/_codeql_build_dir/external/tmp-capd/src/capdMake/ac_aux/missing automake-1.16'
AWK='gawk'
CAPD_AM_CPPFLAGS=' -g0 -O2'
CAPD_AM_CXXFLAGS=' -g0 -O2 -DBOOST_DISABLE_ASSERTS -fdata-sections -ffunction-sections'
CAPD_AM_LDFLAGS=' -Wl,--gc-sections'
CAPD_VERSION_INFO='4:1:0'
CC='gcc'
CCDEPMODE='depmode=gcc3'
CFLAGS='-g -O2'
CPP='gcc -E'
CPPFLAGS=''
CXX='g++'
CXXCPP='g++ -E'
CXXDEPMODE='depmode=gcc3'
CXXFLAGS='-g0 -O2'
CXX_FLAG_capd_fsections='-fdata-sections -ffunction-sections'
CXX_FLAG_capd_fsections_FALSE='#'
CXX_FLAG_capd_fsections_TRUE=''
CYGPATH_W='echo'
DEFS='-DHAVE_CONFIG_H'
DEPDIR='.deps'
DLLTOOL='false'
DSYMUTIL=''
DUMPBIN=''
ECHO_C=''
ECHO_N='-n'
ECHO_T=''
EGREP='/usr/bin/grep -E'
EXEEXT=''
FGREP='/usr/bin/grep -F'
GREP='/usr/bin/grep'
HAVE_LIBmpfr_FALSE=''
HAVE_LIBmpfr_TRUE='#'
HAVE_MPCAPDALG_FALSE=''
HAVE_MPCAPDALG_TRUE='#'
INSTALL_DATA='${INSTALL} -m 644'
INSTALL_PROGRAM='${INSTALL}'
INSTALL_SCRIPT='${INSTALL}'
INSTALL_STRIP_PROGRAM='$(install_sh) -c -s'
LD='/usr/bin/ld -m elf_x86_64'
LDFLAGS=''
LD_FLAG_capd_dead_strip=''
LD_FLAG_capd_dead_strip_FALSE='#'
LD_FLAG_capd_dead_strip_TRUE=''
LD_FLAG_capd_gc_sections='-Wl,--gc-sections'
LD_FLAG_capd_gc_sections_FALSE='#'
LD_FLAG_capd_gc_sections_TRUE=''
LIBCAPD_LDFLAGS='-Wl,-Bstatic'
LIBOBJS=''
LIBS=''
LIBTOOL='$(SHELL) $(top_builddir)/libtool'
LIPO=''
LN_S='ln -s'
LTLIBOBJS=''
LT_SYS_LIBRARY_PATH=''
MAINT='#'
MAINTAINER_MODE_FALSE=''
MAINTAINER_MODE_TRUE='#'
MAKEINFO='${SHELL} /home/runner/work/probreacog/probreacog/_codeql_build_dir/external/tmp-capd/src/capdMake/ac_aux/missing makeinfo'
MANIFEST_TOOL=':'
MKDIR_P='/usr/bin/mkdir -p'
NM='/usr/bin/nm -B'
NMEDIT=''
OBJDUMP='objdump'
OBJEXT='o'
OTOOL64=''
OTOOL=''
PACKAGE='capddynsys'
PACKAGE_BUGREPORT='http://capd.ii.uj.edu.pl'
PACKAGE_NAME='capdDynSys'
PACKAGE_STRING='capdDynSys 5.1.2'
PACKAGE_TARNAME='capddynsys'
PACKAGE_URL='http://capd.ii.uj.edu.pl'
PACKAGE_VERSION='5.1.2'
PATH_SEPARATOR=':'
PKG_CONFIG='/usr/bin/pkg-config'
PKG_CONFIG_DEV_DIR='/home/runner/work/probreacog/probreacog/_codeql_build_dir/external/tmp-capd/src/lib/pkgconfig-dev'
PKG_CONFIG_DIR='${libdir}/pkgconfig'
PKG_CONFIG_LIBDIR=''
PKG_CONFIG_PATH='/home/runner/work/probreacog/probreacog/_codeql_build_dir/external/tmp-capd/src/lib/pkgconfig-dev:/home/runner/work/probreacog/probreacog/_codeql_build_dir/external/tmp-capd/src/lib/pkgconfig-dev'
RANLIB='ranlib'
SED='/usr/bin/sed'
SET_MAKE=''
SHELL='/bin/bash'
STRIP='strip'
VERSION='5.1.2'
WITH_CAPD_EXAMPLES_FALSE='#'
WITH_CAPD_EXAMPLES_TRUE=''
ac_ct_AR='ar'
ac_ct_CC='gcc'
ac_ct_CXX='g++'
ac_ct_DUMPBIN=''
am__EXEEXT_FALSE=''
am__EXEEXT_TRUE='#'
am__fastdepCC_FALSE='#'
am__fastdepCC_TRUE=''
am__fastdepCXX_FALSE='#'
am__fastdepCXX_TRUE=''
am__include='include'
am__isrc=''
am__leading_dot='.'
am__nodep='_no'
am__quote=''
am__tar='tar --format=posix -chf - "$$tardir"'
am__untar='tar -xf -'
bindir='${exec_prefix}/bin'
build='x86_64-pc-linux-gnu'
build_alias=''
build_cpu='x86_64'
build_os='linux-gnu'
build_vendor='pc'
capdAlg_CFLAGS='-I/home/runner/work/probreacog/probreacog/_codeql_build_dir/external/tmp-capd/src/capdAlg/include -I/home/runner/work/probreacog/probreacog/_codeql_build_dir/external/tmp-capd/src/capdAux/include -I/home/runner/work/probreacog/probreacog/_codeql_build_dir/external/tmp-capd/src/capdExt/include -frounding-math '
capdAlg_LIBS='/home/runner/work/probreacog/probreacog/_codeql_build_dir/external/tmp-capd/src/capdAlg/src/capd/matrixAlgorithms/libcapdmatrixAlgorithms.la /home/runner/work/probreacog/probreacog/_codeql_build_dir/external/tmp-capd/src/capdAlg/src/capd/vectalg/libcapdvectalg.la /home/runner/work/probreacog/probreacog/_codeql_build_dir/external/tmp-capd/src/capdAlg/src/capd/intervals/libcapdintervals.la /home/runner/work/probreacog/probreacog/_codeql_build_dir/external/tmp-capd/src/capdAlg/src/capd/rounding/libcapdrounding.la /home/runner/work/probreacog/probreacog/_codeql_build_dir/external/tmp-capd/src/capdAlg/src/capd/basicalg/libcapdbasicalg.la /home/runner/work/probreacog/probreacog/_codeql_build_dir/external/tmp-capd/src/capdAlg/src/capd/rings/libcapdrings.la /home/runner/work/probreacog/probreacog/_codeql_build_dir/external/tmp-capd/src/capdExt/src/capd/alglib/libcapdalglib.la /home/runner/work/probreacog/probreacog/_codeql_build_dir/external/tmp-capd/src/capdAux/src/capd/auxil/libcapdauxil.la '
capdAux_CFLAGS='-I/home/runner/work/probreacog/probreacog/_codeql_build_dir/external/tmp-capd/src/capdAux/include '
capdAux_LIBS='/home/runner/work/probreacog/probreacog/_codeql_build_dir/external/tmp-capd/src/capdAux/src/capd/auxil/libcapdauxil.la '
capdDynSys_CFLAGS=''
capdDynSys_LIBS=''
capdExt_CFLAGS='-I/home/runner/work/probreacog/probreacog/_codeql_build_dir/external/tmp-capd/src/capdExt/include '
capdExt_LIBS='/home/runner/work/probreacog/probreacog/_codeql_build_dir/external/tmp-capd/src/capdExt/src/capd/alglib/libcapdalglib.la '
capdMake='/home/runner/work/probreacog/probreacog/_codeql_build_dir/external/tmp-capd/src/capdDynSys4/./../capdMake'
capd_build_dir='/home/runner/work/probreacog/probreacog/_codeql_build_dir/external/tmp-capd/src/capdDynSys4/./..'
capd_src_dir='/home/runner/work/probreacog/probreacog/_codeql_build_dir/external/tmp-capd/src/capdDynSys4/./..'
capdautodiff_CFLAGS=''
capdautodiff_LIBS=''
capdcovrel_CFLAGS=''
capdcovrel_LIBS=''
capddiffAlgebra_CFLAGS=''
capddiffAlgebra_LIBS=''
capddiffIncl_CFLAGS=''
capddiffIncl_LIBS=''
capddynset_CFLAGS=''
capddynset_LIBS=''
capddynsysm_CFLAGS=''
capddynsysm_LIBS=''
capdgeomset_CFLAGS=''
capdgeomset_LIBS=''
capdmap_CFLAGS=''
capdmap_LIBS=''
capdpoincare_CFLAGS=''
capdpoincare_LIBS=''
datadir='${datarootdir}'
datarootdir='${prefix}/share'
docdir='${datarootdir}/doc/${PACKAGE_TARNAME}'
dvidir='${docdir}'
exec_prefix='${prefix}'
host='x86_64-pc-linux-gnu'
host_alias=''
host_cpu='x86_64'
host_os='linux-gnu'
host_vendor='pc'
htmldir='${docdir}'
includedir='${prefix}/include'
infodir='${datarootdir}/info'
install_sh='${SHELL} /home/runner/work/probreacog/probreacog/_codeql_build_dir/external/tmp-capd/src/capdMake/ac_aux/install-sh'
libdir='${exec_prefix}/lib'
libexecdir='${exec_prefix}/libexec'
localedir='${datarootdir}/locale'
localstatedir='${prefix}/var'
mandir='${datarootdir}/man'
mkdir_p='$(MKDIR_P)'
mpcapdAlg_CFLAGS=''
mpcapdAlg_LIBS=''
mpcapdDynSys_CFLAGS=''
mpcapdDynSys_LIBS=''
mpcapdautodiff_CFLAGS=''
mpcapdautodiff_LIBS=''
mpcapddiffAlgebra_CFLAGS=''
mpcapddiffAlgebra_LIBS=''
mpcapddiffIncl_CFLAGS=''
mpcapddiffIncl_LIBS=''
mpcapddynset_CFLAGS=''
mpcapddynset_LIBS=''
mpcapddynsysm_CFLAGS=''
mpcapddynsysm_LIBS=''
mpcapdgeomset_CFLAGS=''
mpcapdgeomset_LIBS=''
mpcapdmap_CFLAGS=''
mpcapdmap_LIBS=''
mpcapdpoincare_CFLAGS=''
mpcapdpoincare_LIBS=''
mpfr_CFLAGS=''
mpfr_LIBS=''
oldincludedir='/usr/include'
pdfdir='${docdir}'
prefix='/home/runner/work/probreacog/probreacog/_codeql_build_dir/external/capd'
program_transform_name='s,x,x,'
psdir='${docdir}'
runstatedir='${localstatedir}/run'
sbindir='${exec_prefix}/sbin'
sharedstatedir='${prefix}/com'
subdirs=' examples tests'
sysconfdir='${prefix}/etc'
target_alias=''
top_capd='./..'

## ----------- ##
## confdefs.h. ##
## ----------- ##

/* confdefs.h */
#define PACKAGE_NAME "capdDynSys"
#define PACKAGE_TARNAME "capddynsys"
#define PACKAGE_VERSION "5.1.2"
#define PACKAGE_STRING "capdDynSys 5.1.2"
#define PACKAGE_BUGREPORT "http://capd.ii.uj.edu.pl"
#define PACKAGE_URL "http://capd.ii.uj.edu.pl"
#define STDC_HEADERS 1
#define HAVE_SYS_TYPES_H 1
#define HAVE_SYS_STAT_H 1
#define HAVE_STDLIB_H 1
#define HAVE_STRING_H 1
#define HAVE_MEMORY_H 1
#define HAVE_STRINGS_H 1
#define HAVE_INTTYPES_H 1
#define HAVE_STDINT_H 1
#define HAVE_UNISTD_H 1
#define HAVE_DLFCN_H 1
#define LT_OBJDIR ".libs/"

configure: exit 0
