This file contains any messages produced by compilers while
running configure, to aid debugging if configure makes a mistake.

It was created by capdAlg configure 5.1.2, which was
generated by GNU Autoconf 2.69.  Invocation command line was

  $ ./configure --disable-option-checking --prefix=/home/runner/work/probreacog/probreacog/_codeql_build_dir/external/capd C=/home/runner/work/probreacog/.codeql-scratch/dbs/cpp/working/autobuild/bin/cc XX=/home/runner/work/probreacog/.codeql-scratch/dbs/cpp/working/autobuild/bin/c++ --without-gui --with-mpfr=no --with-filib=no --cache-file=.././capd.cache --srcdir=.

## --------- ##
## Platform. ##
## --------- ##

hostname = runnervmw9dnm
uname -m = x86_64
uname -r = 6.11.0-1018-azure
uname -s = Linux
uname -v = #18~24.04.1-Ubuntu SMP Sat Jun 28 04:46:03 UTC 2025

/usr/bin/uname -p = x86_64
/bin/uname -X     = unknown

/bin/arch              = x86_64
/usr/bin/arch -k       = unknown
/usr/convex/getsysinfo = unknown
/usr/bin/hostinfo      = unknown
/bin/machine           = unknown
/usr/bin/oslevel       = unknown
/bin/universe          = unknown

PATH: /home/runner/work/probreacog/.codeql-scratch/dbs/cpp/working/autobuild/bin
PATH: /snap/bin
PATH: /home/runner/.local/bin
PATH: /opt/pipx_bin
PATH: /home/runner/.cargo/bin
PATH: /home/runner/.config/composer/vendor/bin
PATH: /usr/local/.ghcup/bin
PATH: /home/runner/.dotnet/tools
PATH: /usr/local/sbin
PATH: /usr/local/bin
PATH: /usr/sbin
PATH: /usr/bin
PATH: /sbin
PATH: /bin
PATH: /usr/games
PATH: /usr/local/games
PATH: /snap/bin


## ----------- ##
## Core tests. ##
## ----------- ##

configure:2373: loading cache .././capd.cache
configure:2630: checking for gcc
configure:2657: result: gcc
configure:2886: checking for C compiler version
configure:2895: gcc --version >&5
gcc (Ubuntu 13.3.0-6ubuntu2~24.04) 13.3.0
Copyright (C) 2023 Free Software Foundation, Inc.
This is free software; see the source for copying conditions.  There is NO
warranty; not even for MERCHANTABILITY or FITNESS FOR A PARTICULAR PURPOSE.

configure:2906: $? = 0
configure:2895: gcc -v >&5
Using built-in specs.
COLLECT_GCC=/usr/bin/gcc
COLLECT_LTO_WRAPPER=/usr/libexec/gcc/x86_64-linux-gnu/13/lto-wrapper
OFFLOAD_TARGET_NAMES=nvptx-none:amdgcn-amdhsa
OFFLOAD_TARGET_DEFAULT=1
Target: x86_64-linux-gnu
Configured with: ../src/configure -v --with-pkgversion='Ubuntu 13.3.0-6ubuntu2~24.04' --with-bugurl=file:///usr/share/doc/gcc-13/README.Bugs --enable-languages=c,ada,c++,go,d,fortran,objc,obj-c++,m2 --prefix=/usr --with-gcc-major-version-only --program-suffix=-13 --program-prefix=x86_64-linux-gnu- --enable-shared --enable-linker-build-id --libexecdir=/usr/libexec --without-included-gettext --enable-threads=posix --libdir=/usr/lib --enable-nls --enable-bootstrap --enable-clocale=gnu --enable-libstdcxx-debug --enable-libstdcxx-time=yes --with-default-libstdcxx-abi=new --enable-libstdcxx-backtrace --enable-gnu-unique-object --disable-vtable-verify --enable-plugin --enable-default-pie --with-system-zlib --enable-libphobos-checking=release --with-target-system-zlib=auto --enable-objc-gc=auto --enable-multiarch --disable-werror --enable-cet --with-arch-32=i686 --with-abi=m64 --with-multilib-list=m32,m64,mx32 --enable-multilib --with-tune=generic --enable-offload-targets=nvptx-none=/build/gcc-13-fG75Ri/gcc-13-13.3.0/debian/tmp-nvptx/usr,amdgcn-amdhsa=/build/gcc-13-fG75Ri/gcc-13-13.3.0/debian/tmp-gcn/usr --enable-offload-defaulted --without-cuda-driver --enable-checking=release --build=x86_64-linux-gnu --host=x86_64-linux-gnu --target=x86_64-linux-gnu --with-build-config=bootstrap-lto-lean --enable-link-serialization=2
Thread model: posix
Supported LTO compression algorithms: zlib zstd
gcc version 13.3.0 (Ubuntu 13.3.0-6ubuntu2~24.04) 
... rest of stderr output deleted ...
configure:2906: $? = 0
configure:2895: gcc -V >&5
gcc: error: unrecognized command-line option '-V'
gcc: fatal error: no input files
compilation terminated.
configure:2906: $? = 1
configure:2895: gcc -qversion >&5
gcc: error: unrecognized command-line option '-qversion'; did you mean '--version'?
gcc: fatal error: no input files
compilation terminated.
configure:2906: $? = 1
configure:2926: checking whether the C compiler works
configure:2948: gcc    conftest.c  >&5
configure:2952: $? = 0
configure:3000: result: yes
configure:3003: checking for C compiler default output file name
configure:3005: result: a.out
configure:3011: checking for suffix of executables
configure:3018: gcc -o conftest    conftest.c  >&5
configure:3022: $? = 0
configure:3044: result: 
configure:3066: checking whether we are cross compiling
configure:3074: gcc -o conftest    conftest.c  >&5
configure:3078: $? = 0
configure:3085: ./conftest
configure:3089: $? = 0
configure:3104: result: no
configure:3109: checking for suffix of object files
configure:3156: result: o
configure:3160: checking whether we are using the GNU C compiler
configure:3188: result: yes
configure:3197: checking whether gcc accepts -g
configure:3258: result: yes
configure:3275: checking for gcc option to accept ISO C89
configure:3351: result: none needed
configure:3376: checking whether gcc understands -c and -o together
configure:3413: result: yes
configure:3443: checking whether make supports nested variables
configure:3460: result: yes
configure:3483: checking whether to enable maintainer-specific portions of Makefiles
configure:3492: result: no
configure:3624: checking for g++
configure:3651: result: g++
configure:3678: checking for C++ compiler version
configure:3687: g++ --version >&5
g++ (Ubuntu 13.3.0-6ubuntu2~24.04) 13.3.0
Copyright (C) 2023 Free Software Foundation, Inc.
This is free software; see the source for copying conditions.  There is NO
warranty; not even for MERCHANTABILITY or FITNESS FOR A PARTICULAR PURPOSE.

configure:3698: $? = 0
configure:3687: g++ -v >&5
Using built-in specs.
COLLECT_GCC=/usr/bin/g++
COLLECT_LTO_WRAPPER=/usr/libexec/gcc/x86_64-linux-gnu/13/lto-wrapper
OFFLOAD_TARGET_NAMES=nvptx-none:amdgcn-amdhsa
OFFLOAD_TARGET_DEFAULT=1
Target: x86_64-linux-gnu
Configured with: ../src/configure -v --with-pkgversion='Ubuntu 13.3.0-6ubuntu2~24.04' --with-bugurl=file:///usr/share/doc/gcc-13/README.Bugs --enable-languages=c,ada,c++,go,d,fortran,objc,obj-c++,m2 --prefix=/usr --with-gcc-major-version-only --program-suffix=-13 --program-prefix=x86_64-linux-gnu- --enable-shared --enable-linker-build-id --libexecdir=/usr/libexec --without-included-gettext --enable-threads=posix --libdir=/usr/lib --enable-nls --enable-bootstrap --enable-clocale=gnu --enable-libstdcxx-debug --enable-libstdcxx-time=yes --with-default-libstdcxx-abi=new --enable-libstdcxx-backtrace --enable-gnu-unique-object --disable-vtable-verify --enable-plugin --enable-default-pie --with-system-zlib --enable-libphobos-checking=release --with-target-system-zlib=auto --enable-objc-gc=auto --enable-multiarch --disable-werror --enable-cet --with-arch-32=i686 --with-abi=m64 --with-multilib-list=m32,m64,mx32 --enable-multilib --with-tune=generic --enable-offload-targets=nvptx-none=/build/gcc-13-fG75Ri/gcc-13-13.3.0/debian/tmp-nvptx/usr,amdgcn-amdhsa=/build/gcc-13-fG75Ri/gcc-13-13.3.0/debian/tmp-gcn/usr --enable-offload-defaulted --without-cuda-driver --enable-checking=release --build=x86_64-linux-gnu --host=x86_64-linux-gnu --target=x86_64-linux-gnu --with-build-config=bootstrap-lto-lean --enable-link-serialization=2
Thread model: posix
Supported LTO compression algorithms: zlib zstd
gcc version 13.3.0 (Ubuntu 13.3.0-6ubuntu2~24.04) 
... rest of stderr output deleted ...
configure:3698: $? = 0
configure:3687: g++ -V >&5
g++: error: unrecognized command-line option '-V'
g++: fatal error: no input files
compilation terminated.
configure:3698: $? = 1
configure:3687: g++ -qversion >&5
g++: error: unrecognized command-line option '-qversion'; did you mean '--version'?
g++: fatal error: no input files
compilation terminated.
configure:3698: $? = 1
configure:3702: checking whether we are using the GNU C++ compiler
configure:3730: result: yes
configure:3739: checking whether g++ accepts -g
configure:3800: result: yes
configure:3824: checking if g++ supports -fdata-sections -ffunction-sections
configure:3845: g++ -c -Werror -fdata-sections -ffunction-sections  conftest.cpp >&5
configure:3845: $? = 0
configure:3847: result: yes
configure:3879: checking if  supports -Wl,--gc-sections
configure:3900: g++ -o conftest -g0 -O2  -Werror -Wl,--gc-sections conftest.cpp  >&5
configure:3900: $? = 0
configure:3902: result: yes
configure:3935: checking if  supports -Wl,-dead_strip
configure:3956: g++ -o conftest -g0 -O2  -Werror -Wl,-dead_strip conftest.cpp  >&5
/usr/bin/ld: Error: unable to disambiguate: -dead_strip (did you mean --dead_strip ?)
collect2: error: ld returned 1 exit status
configure:3956: $? = 1
configure: failed program was:
| /* confdefs.h */
| #define PACKAGE_NAME "capdAlg"
| #define PACKAGE_TARNAME "capdalg"
| #define PACKAGE_VERSION "5.1.2"
| #define PACKAGE_STRING "capdAlg 5.1.2"
| #define PACKAGE_BUGREPORT "http://capd.ii.uj.edu.pl"
| #define PACKAGE_URL "http://capd.ii.uj.edu.pl"
| /* end confdefs.h.  */
| 
| int
| main ()
| {
| 
|   ;
|   return 0;
| }
configure:3966: WARNING: no
configure:4037: checking for a BSD-compatible install
configure:4105: result: /usr/bin/install -c
configure:4116: checking whether build environment is sane (CAPD implementation)
configure:4207: result: yes
configure:4345: checking for a thread-safe mkdir -p
configure:4384: result: /usr/bin/mkdir -p
configure:4391: checking for gawk
configure:4418: result: gawk
configure:4429: checking whether make sets $(MAKE)
configure:4451: result: yes
configure:4473: checking whether make supports the include directive
configure:4488: make -f confmf.GNU && cat confinc.out
make[3]: Entering directory '/home/runner/work/probreacog/probreacog/_codeql_build_dir/external/tmp-capd/src/capdAlg'
make[3]: Leaving directory '/home/runner/work/probreacog/probreacog/_codeql_build_dir/external/tmp-capd/src/capdAlg'
this is the am__doit target
configure:4491: $? = 0
configure:4510: result: yes (GNU style)
configure:4591: checking how to create a pax tar archive
configure:4602: tar --version
tar (GNU tar) 1.35
Copyright (C) 2023 Free Software Foundation, Inc.
License GPLv3+: GNU GPL version 3 or later <https://gnu.org/licenses/gpl.html>.
This is free software: you are free to change and redistribute it.
There is NO WARRANTY, to the extent permitted by law.

Written by John Gilmore and Jay Fenlason.
configure:4605: $? = 0
configure:4673: result: gnutar
configure:4682: checking dependency style of gcc
configure:4793: result: gcc3
configure:4810: checking dependency style of g++
configure:4921: result: gcc3
configure:5197: checking how to run the C++ preprocessor
configure:5263: result: g++ -E
configure:5283: g++ -E  conftest.cpp
configure:5283: $? = 0
configure:5297: g++ -E  conftest.cpp
conftest.cpp:9:10: fatal error: ac_nonexistent.h: No such file or directory
    9 | #include <ac_nonexistent.h>
      |          ^~~~~~~~~~~~~~~~~~
compilation terminated.
configure:5297: $? = 1
configure: failed program was:
| /* confdefs.h */
| #define PACKAGE_NAME "capdAlg"
| #define PACKAGE_TARNAME "capdalg"
| #define PACKAGE_VERSION "5.1.2"
| #define PACKAGE_STRING "capdAlg 5.1.2"
| #define PACKAGE_BUGREPORT "http://capd.ii.uj.edu.pl"
| #define PACKAGE_URL "http://capd.ii.uj.edu.pl"
| /* end confdefs.h.  */
| #include <ac_nonexistent.h>
configure:5326: checking for grep that handles long lines and -e
configure:5384: result: /usr/bin/grep
configure:5389: checking for egrep
configure:5451: result: /usr/bin/grep -E
configure:5456: checking for ANSI C header files
configure:5560: result: yes
configure:5573: checking for sys/types.h
configure:5573: result: yes
configure:5573: checking for sys/stat.h
configure:5573: result: yes
configure:5573: checking for stdlib.h
configure:5573: result: yes
configure:5573: checking for string.h
configure:5573: result: yes
configure:5573: checking for memory.h
configure:5573: result: yes
configure:5573: checking for strings.h
configure:5573: result: yes
configure:5573: checking for inttypes.h
configure:5573: result: yes
configure:5573: checking for stdint.h
configure:5573: result: yes
configure:5573: checking for unistd.h
configure:5573: result: yes
configure:5585: checking pari/pari.h usability
configure:5585: g++ -c -g0 -O2  conftest.cpp >&5
conftest.cpp:52:10: fatal error: pari/pari.h: No such file or directory
   52 | #include <pari/pari.h>
      |          ^~~~~~~~~~~~~
compilation terminated.
configure:5585: $? = 1
configure: failed program was:
| /* confdefs.h */
| #define PACKAGE_NAME "capdAlg"
| #define PACKAGE_TARNAME "capdalg"
| #define PACKAGE_VERSION "5.1.2"
| #define PACKAGE_STRING "capdAlg 5.1.2"
| #define PACKAGE_BUGREPORT "http://capd.ii.uj.edu.pl"
| #define PACKAGE_URL "http://capd.ii.uj.edu.pl"
| #define STDC_HEADERS 1
| #define HAVE_SYS_TYPES_H 1
| #define HAVE_SYS_STAT_H 1
| #define HAVE_STDLIB_H 1
| #define HAVE_STRING_H 1
| #define HAVE_MEMORY_H 1
| #define HAVE_STRINGS_H 1
| #define HAVE_INTTYPES_H 1
| #define HAVE_STDINT_H 1
| #define HAVE_UNISTD_H 1
| /* end confdefs.h.  */
| #include <stdio.h>
| #ifdef HAVE_SYS_TYPES_H
| # include <sys/types.h>
| #endif
| #ifdef HAVE_SYS_STAT_H
| # include <sys/stat.h>
| #endif
| #ifdef STDC_HEADERS
| # include <stdlib.h>
| # include <stddef.h>
| #else
| # ifdef HAVE_STDLIB_H
| #  include <stdlib.h>
| # endif
| #endif
| #ifdef HAVE_STRING_H
| # if !defined STDC_HEADERS && defined HAVE_MEMORY_H
| #  include <memory.h>
| # endif
| # include <string.h>
| #endif
| #ifdef HAVE_STRINGS_H
| # include <strings.h>
| #endif
| #ifdef HAVE_INTTYPES_H
| # include <inttypes.h>
| #endif
| #ifdef HAVE_STDINT_H
| # include <stdint.h>
| #endif
| #ifdef HAVE_UNISTD_H
| # include <unistd.h>
| #endif
| #include <pari/pari.h>
configure:5585: result: no
configure:5585: checking pari/pari.h presence
configure:5585: g++ -E  conftest.cpp
conftest.cpp:19:10: fatal error: pari/pari.h: No such file or directory
   19 | #include <pari/pari.h>
      |          ^~~~~~~~~~~~~
compilation terminated.
configure:5585: $? = 1
configure: failed program was:
| /* confdefs.h */
| #define PACKAGE_NAME "capdAlg"
| #define PACKAGE_TARNAME "capdalg"
| #define PACKAGE_VERSION "5.1.2"
| #define PACKAGE_STRING "capdAlg 5.1.2"
| #define PACKAGE_BUGREPORT "http://capd.ii.uj.edu.pl"
| #define PACKAGE_URL "http://capd.ii.uj.edu.pl"
| #define STDC_HEADERS 1
| #define HAVE_SYS_TYPES_H 1
| #define HAVE_SYS_STAT_H 1
| #define HAVE_STDLIB_H 1
| #define HAVE_STRING_H 1
| #define HAVE_MEMORY_H 1
| #define HAVE_STRINGS_H 1
| #define HAVE_INTTYPES_H 1
| #define HAVE_STDINT_H 1
| #define HAVE_UNISTD_H 1
| /* end confdefs.h.  */
| #include <pari/pari.h>
configure:5585: result: no
configure:5585: checking for pari/pari.h
configure:5585: result: no
configure:5655: WARNING: "Cannot find PARI headers"
configure:5689: checking whether g++ supports C++11 features by default
configure:5983: g++ -c -g0 -O2  conftest.cpp >&5
configure:5983: $? = 0
configure:5990: result: yes
configure:6374: checking if g++ supports -frounding-math
configure:6395: g++ -c -Werror -frounding-math  conftest.cpp >&5
configure:6395: $? = 0
configure:6397: result: yes
configure:6688: checking for C++ compiler version
configure:6697: g++ --version >&5
g++ (Ubuntu 13.3.0-6ubuntu2~24.04) 13.3.0
Copyright (C) 2023 Free Software Foundation, Inc.
This is free software; see the source for copying conditions.  There is NO
warranty; not even for MERCHANTABILITY or FITNESS FOR A PARTICULAR PURPOSE.

configure:6708: $? = 0
configure:6697: g++ -v >&5
Using built-in specs.
COLLECT_GCC=/usr/bin/g++
COLLECT_LTO_WRAPPER=/usr/libexec/gcc/x86_64-linux-gnu/13/lto-wrapper
OFFLOAD_TARGET_NAMES=nvptx-none:amdgcn-amdhsa
OFFLOAD_TARGET_DEFAULT=1
Target: x86_64-linux-gnu
Configured with: ../src/configure -v --with-pkgversion='Ubuntu 13.3.0-6ubuntu2~24.04' --with-bugurl=file:///usr/share/doc/gcc-13/README.Bugs --enable-languages=c,ada,c++,go,d,fortran,objc,obj-c++,m2 --prefix=/usr --with-gcc-major-version-only --program-suffix=-13 --program-prefix=x86_64-linux-gnu- --enable-shared --enable-linker-build-id --libexecdir=/usr/libexec --without-included-gettext --enable-threads=posix --libdir=/usr/lib --enable-nls --enable-bootstrap --enable-clocale=gnu --enable-libstdcxx-debug --enable-libstdcxx-time=yes --with-default-libstdcxx-abi=new --enable-libstdcxx-backtrace --enable-gnu-unique-object --disable-vtable-verify --enable-plugin --enable-default-pie --with-system-zlib --enable-libphobos-checking=release --with-target-system-zlib=auto --enable-objc-gc=auto --enable-multiarch --disable-werror --enable-cet --with-arch-32=i686 --with-abi=m64 --with-multilib-list=m32,m64,mx32 --enable-multilib --with-tune=generic --enable-offload-targets=nvptx-none=/build/gcc-13-fG75Ri/gcc-13-13.3.0/debian/tmp-nvptx/usr,amdgcn-amdhsa=/build/gcc-13-fG75Ri/gcc-13-13.3.0/debian/tmp-gcn/usr --enable-offload-defaulted --without-cuda-driver --enable-checking=release --build=x86_64-linux-gnu --host=x86_64-linux-gnu --target=x86_64-linux-gnu --with-build-config=bootstrap-lto-lean --enable-link-serialization=2
Thread model: posix
Supported LTO compression algorithms: zlib zstd
gcc version 13.3.0 (Ubuntu 13.3.0-6ubuntu2~24.04) 
... rest of stderr output deleted ...
configure:6708: $? = 0
configure:6697: g++ -V >&5
g++: error: unrecognized command-line option '-V'
g++: fatal error: no input files
compilation terminated.
configure:6708: $? = 1
configure:6697: g++ -qversion >&5
g++: error: unrecognized command-line option '-qversion'; did you mean '--version'?
g++: fatal error: no input files
compilation terminated.
configure:6708: $? = 1
configure:6712: checking whether we are using the GNU C++ compiler
configure:6740: result: yes
configure:6749: checking whether g++ accepts -g
configure:6810: result: yes
configure:6864: checking build system type
configure:6878: result: x86_64-pc-linux-gnu
configure:6898: checking host system type
configure:6911: result: x86_64-pc-linux-gnu
configure:6952: checking how to print strings
configure:6979: result: printf
configure:7000: checking for a sed that does not truncate output
configure:7064: result: /usr/bin/sed
configure:7082: checking for fgrep
configure:7144: result: /usr/bin/grep -F
configure:7179: checking for ld used by gcc
configure:7246: result: /usr/bin/ld
configure:7253: checking if the linker (/usr/bin/ld) is GNU ld
configure:7268: result: yes
configure:7280: checking for BSD- or MS-compatible name lister (nm)
configure:7334: result: /usr/bin/nm -B
configure:7464: checking the name lister (/usr/bin/nm -B) interface
configure:7484: result: BSD nm
configure:7487: checking whether ln -s works
configure:7491: result: yes
configure:7499: checking the maximum length of command line arguments
configure:7630: result: 3145728
configure:7678: checking how to convert x86_64-pc-linux-gnu file names to x86_64-pc-linux-gnu format
configure:7718: result: func_convert_file_noop
configure:7725: checking how to convert x86_64-pc-linux-gnu file names to toolchain format
configure:7745: result: func_convert_file_noop
configure:7752: checking for /usr/bin/ld option to reload object files
configure:7759: result: -r
configure:7833: checking for objdump
configure:7860: result: objdump
configure:7892: checking how to recognize dependent libraries
configure:8092: result: pass_all
configure:8177: checking for dlltool
configure:8207: result: no
configure:8237: checking how to associate runtime and link libraries
configure:8264: result: printf %s\n
configure:8324: checking for ar
configure:8351: result: ar
configure:8388: checking for archiver @FILE support
configure:8431: result: @
configure:8489: checking for strip
configure:8516: result: strip
configure:8588: checking for ranlib
configure:8615: result: ranlib
configure:8717: checking command to parse /usr/bin/nm -B output from gcc object
configure:8984: result: ok
configure:9031: checking for sysroot
configure:9061: result: no
configure:9068: checking for a working dd
configure:9106: result: /usr/bin/dd
configure:9110: checking how to truncate binary pipes
configure:9125: result: /usr/bin/dd bs=4096 count=1
configure:9262: g++ -c -g0 -O2  conftest.cpp >&5
configure:9265: $? = 0
configure:9455: checking for mt
configure:9482: result: mt
configure:9505: checking if mt is a manifest tool
configure:9519: result: no
configure:10193: checking for dlfcn.h
configure:10193: result: yes
configure:10459: checking for objdir
configure:10474: result: .libs
configure:10738: checking if gcc supports -fno-rtti -fno-exceptions
configure:10773: result: no
configure:11137: checking for gcc option to produce PIC
configure:11144: result: -fPIC -DPIC
configure:11152: checking if gcc PIC flag -fPIC -DPIC works
configure:11187: result: yes
configure:11216: checking if gcc static flag -static works
configure:11244: result: yes
configure:11259: checking if gcc supports -c -o file.o
configure:11306: result: yes
configure:11314: checking if gcc supports -c -o file.o
configure:11361: result: yes
configure:11394: checking whether the gcc linker (/usr/bin/ld -m elf_x86_64) supports shared libraries
configure:12657: result: yes
configure:12694: checking whether -lc should be explicitly linked in
configure:12737: result: no
configure:12897: checking dynamic linker characteristics
configure:13727: result: GNU/Linux ld.so
configure:13849: checking how to hardcode library paths into programs
configure:13874: result: immediate
configure:14422: checking whether stripping libraries is possible
configure:14427: result: yes
configure:14462: checking if libtool supports shared libraries
configure:14464: result: yes
configure:14467: checking whether to build shared libraries
configure:14492: result: yes
configure:14495: checking whether to build static libraries
configure:14499: result: yes
configure:14522: checking how to run the C++ preprocessor
configure:14588: result: g++ -E
configure:14608: g++ -E  conftest.cpp
configure:14608: $? = 0
configure:14622: g++ -E  conftest.cpp
conftest.cpp:22:10: fatal error: ac_nonexistent.h: No such file or directory
   22 | #include <ac_nonexistent.h>
      |          ^~~~~~~~~~~~~~~~~~
compilation terminated.
configure:14622: $? = 1
configure: failed program was:
| /* confdefs.h */
| #define PACKAGE_NAME "capdAlg"
| #define PACKAGE_TARNAME "capdalg"
| #define PACKAGE_VERSION "5.1.2"
| #define PACKAGE_STRING "capdAlg 5.1.2"
| #define PACKAGE_BUGREPORT "http://capd.ii.uj.edu.pl"
| #define PACKAGE_URL "http://capd.ii.uj.edu.pl"
| #define STDC_HEADERS 1
| #define HAVE_SYS_TYPES_H 1
| #define HAVE_SYS_STAT_H 1
| #define HAVE_STDLIB_H 1
| #define HAVE_STRING_H 1
| #define HAVE_MEMORY_H 1
| #define HAVE_STRINGS_H 1
| #define HAVE_INTTYPES_H 1
| #define HAVE_STDINT_H 1
| #define HAVE_UNISTD_H 1
| #define HAVE_CXX11 1
| #define HAVE_DLFCN_H 1
| #define LT_OBJDIR ".libs/"
| /* end confdefs.h.  */
| #include <ac_nonexistent.h>
configure:14784: checking for ld used by g++
configure:14851: result: /usr/bin/ld -m elf_x86_64
configure:14858: checking if the linker (/usr/bin/ld -m elf_x86_64) is GNU ld
configure:14873: result: yes
configure:14928: checking whether the g++ linker (/usr/bin/ld -m elf_x86_64) supports shared libraries
configure:16001: result: yes
configure:16037: g++ -c -g0 -O2  conftest.cpp >&5
configure:16040: $? = 0
configure:16521: checking for g++ option to produce PIC
configure:16528: result: -fPIC -DPIC
configure:16536: checking if g++ PIC flag -fPIC -DPIC works
configure:16571: result: yes
configure:16594: checking if g++ static flag -static works
configure:16622: result: yes
configure:16634: checking if g++ supports -c -o file.o
configure:16681: result: yes
configure:16686: checking if g++ supports -c -o file.o
configure:16733: result: yes
configure:16763: checking whether the g++ linker (/usr/bin/ld -m elf_x86_64) supports shared libraries
configure:16806: result: yes
configure:16947: checking dynamic linker characteristics
configure:17704: result: GNU/Linux ld.so
configure:17769: checking how to hardcode library paths into programs
configure:17794: result: immediate
configure:17916: checking for pkg-config
configure:17946: result: /usr/bin/pkg-config
configure:17971: checking pkg-config is at least version 0.9.0
configure:17974: result: yes
configure:17984: checking for capdAux
configure:17991: $PKG_CONFIG --exists --print-errors "capdAux >= 1.0"
configure:17994: $? = 0
configure:18008: $PKG_CONFIG --exists --print-errors "capdAux >= 1.0"
configure:18011: $? = 0
configure:18069: result: yes
configure:18075: checking for capdExt
configure:18082: $PKG_CONFIG --exists --print-errors "capdExt >= 1.0"
configure:18085: $? = 0
configure:18099: $PKG_CONFIG --exists --print-errors "capdExt >= 1.0"
configure:18102: $? = 0
configure:18160: result: yes
configure:18222: updating cache .././capd.cache
configure:18331: creating ./config.status

## ---------------------- ##
## Running config.status. ##
## ---------------------- ##

This file was extended by capdAlg config.status 5.1.2, which was
generated by GNU Autoconf 2.69.  Invocation command line was

  CONFIG_FILES    = 
  CONFIG_HEADERS  = 
  CONFIG_LINKS    = 
  CONFIG_COMMANDS = 
  $ ./config.status 

on runnervmw9dnm

config.status:1253: creating /home/runner/work/probreacog/probreacog/_codeql_build_dir/external/tmp-capd/src/lib/pkgconfig-dev/capdAlg.pc
config.status:1253: creating /home/runner/work/probreacog/probreacog/_codeql_build_dir/external/tmp-capd/src/lib/pkgconfig-install/capdAlg.pc
config.status:1253: creating /home/runner/work/probreacog/probreacog/_codeql_build_dir/external/tmp-capd/src/lib/pkgconfig-dev/capdbasicalg.pc
config.status:1253: creating /home/runner/work/probreacog/probreacog/_codeql_build_dir/external/tmp-capd/src/lib/pkgconfig-install/capdbasicalg.pc
config.status:1253: creating /home/runner/work/probreacog/probreacog/_codeql_build_dir/external/tmp-capd/src/lib/pkgconfig-dev/capdintervals.pc
config.status:1253: creating /home/runner/work/probreacog/probreacog/_codeql_build_dir/external/tmp-capd/src/lib/pkgconfig-install/capdintervals.pc
config.status:1253: creating /home/runner/work/probreacog/probreacog/_codeql_build_dir/external/tmp-capd/src/lib/pkgconfig-dev/capdmatrixAlgorithms.pc
config.status:1253: creating /home/runner/work/probreacog/probreacog/_codeql_build_dir/external/tmp-capd/src/lib/pkgconfig-install/capdmatrixAlgorithms.pc
config.status:1253: creating /home/runner/work/probreacog/probreacog/_codeql_build_dir/external/tmp-capd/src/lib/pkgconfig-dev/capdrings.pc
config.status:1253: creating /home/runner/work/probreacog/probreacog/_codeql_build_dir/external/tmp-capd/src/lib/pkgconfig-install/capdrings.pc
config.status:1253: creating /home/runner/work/probreacog/probreacog/_codeql_build_dir/external/tmp-capd/src/lib/pkgconfig-dev/capdrounding.pc
config.status:1253: creating /home/runner/work/probreacog/probreacog/_codeql_build_dir/external/tmp-capd/src/lib/pkgconfig-install/capdrounding.pc
config.status:1253: creating /home/runner/work/probreacog/probreacog/_codeql_build_dir/external/tmp-capd/src/lib/pkgconfig-dev/capdvectalg.pc
config.status:1253: creating /home/runner/work/probreacog/probreacog/_codeql_build_dir/external/tmp-capd/src/lib/pkgconfig-install/capdvectalg.pc
config.status:1253: creating Makefile
config.status:1253: creating include/Makefile
config.status:1253: creating src/Makefile
config.status:1253: creating src/capd/Makefile
config.status:1253: creating src/capd/basicalg/Makefile
config.status:1253: creating src/capd/intervals/Makefile
config.status:1253: creating src/capd/matrixAlgorithms/Makefile
config.status:1253: creating src/capd/rings/Makefile
config.status:1253: creating src/capd/rounding/Makefile
config.status:1253: creating src/capd/vectalg/Makefile
config.status:1253: creating src/mpcapd/Makefile
config.status:1253: creating src/mpcapd/intervals/Makefile
config.status:1253: creating src/mpcapd/matrixAlgorithms/Makefile
config.status:1253: creating src/mpcapd/vectalg/Makefile
config.status:1253: creating include/capd/config-capdAlg.h
config.status:1482: executing depfiles commands
config.status:1559: cd src/capd/basicalg       && sed -e '/# am--include-marker/d' Makefile         | make -f - am--depfiles
make[3]: Entering directory '/home/runner/work/probreacog/probreacog/_codeql_build_dir/external/tmp-capd/src/capdAlg/src/capd/basicalg'
make[3]: Leaving directory '/home/runner/work/probreacog/probreacog/_codeql_build_dir/external/tmp-capd/src/capdAlg/src/capd/basicalg'
config.status:1564: $? = 0
config.status:1559: cd src/capd/intervals       && sed -e '/# am--include-marker/d' Makefile         | make -f - am--depfiles
make[3]: Entering directory '/home/runner/work/probreacog/probreacog/_codeql_build_dir/external/tmp-capd/src/capdAlg/src/capd/intervals'
make[3]: Leaving directory '/home/runner/work/probreacog/probreacog/_codeql_build_dir/external/tmp-capd/src/capdAlg/src/capd/intervals'
config.status:1564: $? = 0
config.status:1559: cd src/capd/matrixAlgorithms       && sed -e '/# am--include-marker/d' Makefile         | make -f - am--depfiles
make[3]: Entering directory '/home/runner/work/probreacog/probreacog/_codeql_build_dir/external/tmp-capd/src/capdAlg/src/capd/matrixAlgorithms'
make[3]: Leaving directory '/home/runner/work/probreacog/probreacog/_codeql_build_dir/external/tmp-capd/src/capdAlg/src/capd/matrixAlgorithms'
config.status:1564: $? = 0
config.status:1559: cd src/capd/rings       && sed -e '/# am--include-marker/d' Makefile         | make -f - am--depfiles
make[3]: Entering directory '/home/runner/work/probreacog/probreacog/_codeql_build_dir/external/tmp-capd/src/capdAlg/src/capd/rings'
make[3]: Leaving directory '/home/runner/work/probreacog/probreacog/_codeql_build_dir/external/tmp-capd/src/capdAlg/src/capd/rings'
config.status:1564: $? = 0
config.status:1559: cd src/capd/rounding       && sed -e '/# am--include-marker/d' Makefile         | make -f - am--depfiles
make[3]: Entering directory '/home/runner/work/probreacog/probreacog/_codeql_build_dir/external/tmp-capd/src/capdAlg/src/capd/rounding'
make[3]: Leaving directory '/home/runner/work/probreacog/probreacog/_codeql_build_dir/external/tmp-capd/src/capdAlg/src/capd/rounding'
config.status:1564: $? = 0
config.status:1559: cd src/capd/vectalg       && sed -e '/# am--include-marker/d' Makefile         | make -f - am--depfiles
make[3]: Entering directory '/home/runner/work/probreacog/probreacog/_codeql_build_dir/external/tmp-capd/src/capdAlg/src/capd/vectalg'
make[3]: Leaving directory '/home/runner/work/probreacog/probreacog/_codeql_build_dir/external/tmp-capd/src/capdAlg/src/capd/vectalg'
config.status:1564: $? = 0
config.status:1559: cd src/mpcapd/intervals       && sed -e '/# am--include-marker/d' Makefile         | make -f - am--depfiles
make[3]: Entering directory '/home/runner/work/probreacog/probreacog/_codeql_build_dir/external/tmp-capd/src/capdAlg/src/mpcapd/intervals'
make[3]: Leaving directory '/home/runner/work/probreacog/probreacog/_codeql_build_dir/external/tmp-capd/src/capdAlg/src/mpcapd/intervals'
config.status:1564: $? = 0
config.status:1559: cd src/mpcapd/matrixAlgorithms       && sed -e '/# am--include-marker/d' Makefile         | make -f - am--depfiles
make[3]: Entering directory '/home/runner/work/probreacog/probreacog/_codeql_build_dir/external/tmp-capd/src/capdAlg/src/mpcapd/matrixAlgorithms'
make[3]: Leaving directory '/home/runner/work/probreacog/probreacog/_codeql_build_dir/external/tmp-capd/src/capdAlg/src/mpcapd/matrixAlgorithms'
config.status:1564: $? = 0
config.status:1559: cd src/mpcapd/vectalg       && sed -e '/# am--include-marker/d' Makefile         | make -f - am--depfiles
make[3]: Entering directory '/home/runner/work/probreacog/probreacog/_codeql_build_dir/external/tmp-capd/src/capdAlg/src/mpcapd/vectalg'
make[3]: Leaving directory '/home/runner/work/probreacog/probreacog/_codeql_build_dir/external/tmp-capd/src/capdAlg/src/mpcapd/vectalg'
config.status:1564: $? = 0
config.status:1482: executing libtool commands
configure:20841: === configuring in examples (/home/runner/work/probreacog/probreacog/_codeql_build_dir/external/tmp-capd/src/capdAlg/examples)
configure:20904: running /bin/bash ./configure --disable-option-checking '--prefix=/home/runner/work/probreacog/probreacog/_codeql_build_dir/external/capd'  'C=/home/runner/work/probreacog/.codeql-scratch/dbs/cpp/working/autobuild/bin/cc' 'XX=/home/runner/work/probreacog/.codeql-scratch/dbs/cpp/working/autobuild/bin/c++' '--without-gui' '--with-mpfr=no' '--with-filib=no' 'PKG_CONFIG_PATH=/home/runner/work/probreacog/probreacog/_codeql_build_dir/external/tmp-capd/src/lib/pkgconfig-dev' --cache-file=../.././capd.cache --srcdir=.
configure:20841: === configuring in tests (/home/runner/work/probreacog/probreacog/_codeql_build_dir/external/tmp-capd/src/capdAlg/tests)
configure:20904: running /bin/bash ./configure --disable-option-checking '--prefix=/home/runner/work/probreacog/probreacog/_codeql_build_dir/external/capd'  'C=/home/runner/work/probreacog/.codeql-scratch/dbs/cpp/working/autobuild/bin/cc' 'XX=/home/runner/work/probreacog/.codeql-scratch/dbs/cpp/working/autobuild/bin/c++' '--without-gui' '--with-mpfr=no' '--with-filib=no' 'PKG_CONFIG_PATH=/home/runner/work/probreacog/probreacog/_codeql_build_dir/external/tmp-capd/src/lib/pkgconfig-dev' --cache-file=../.././capd.cache --srcdir=.

## ---------------- ##
## Cache variables. ##
## ---------------- ##

ac_cv_build=x86_64-pc-linux-gnu
ac_cv_c_compiler_gnu=yes
ac_cv_cxx_compiler_gnu=yes
ac_cv_env_BOOST_ROOT_set=
ac_cv_env_BOOST_ROOT_value=
ac_cv_env_CCC_set=
ac_cv_env_CCC_value=
ac_cv_env_CC_set=
ac_cv_env_CC_value=
ac_cv_env_CFLAGS_set=
ac_cv_env_CFLAGS_value=
ac_cv_env_CPPFLAGS_set=
ac_cv_env_CPPFLAGS_value=
ac_cv_env_CPP_set=
ac_cv_env_CPP_value=
ac_cv_env_CXXCPP_set=
ac_cv_env_CXXCPP_value=
ac_cv_env_CXXFLAGS_set=
ac_cv_env_CXXFLAGS_value=
ac_cv_env_CXX_set=
ac_cv_env_CXX_value=
ac_cv_env_LDFLAGS_set=
ac_cv_env_LDFLAGS_value=
ac_cv_env_LIBS_set=
ac_cv_env_LIBS_value=
ac_cv_env_LT_SYS_LIBRARY_PATH_set=
ac_cv_env_LT_SYS_LIBRARY_PATH_value=
ac_cv_env_PKG_CONFIG_LIBDIR_set=
ac_cv_env_PKG_CONFIG_LIBDIR_value=
ac_cv_env_PKG_CONFIG_PATH_set=set
ac_cv_env_PKG_CONFIG_PATH_value=/home/runner/work/probreacog/probreacog/_codeql_build_dir/external/tmp-capd/src/lib/pkgconfig-dev
ac_cv_env_PKG_CONFIG_set=
ac_cv_env_PKG_CONFIG_value=
ac_cv_env_X11_CFLAGS_set=
ac_cv_env_X11_CFLAGS_value=
ac_cv_env_X11_LIBS_set=
ac_cv_env_X11_LIBS_value=
ac_cv_env_build_alias_set=
ac_cv_env_build_alias_value=
ac_cv_env_capdAux_CFLAGS_set=
ac_cv_env_capdAux_CFLAGS_value=
ac_cv_env_capdAux_LIBS_set=
ac_cv_env_capdAux_LIBS_value=
ac_cv_env_capdExt_CFLAGS_set=
ac_cv_env_capdExt_CFLAGS_value=
ac_cv_env_capdExt_LIBS_set=
ac_cv_env_capdExt_LIBS_value=
ac_cv_env_capdauxil_CFLAGS_set=
ac_cv_env_capdauxil_CFLAGS_value=
ac_cv_env_capdauxil_LIBS_set=
ac_cv_env_capdauxil_LIBS_value=
ac_cv_env_capdkrak_CFLAGS_set=
ac_cv_env_capdkrak_CFLAGS_value=
ac_cv_env_capdkrak_LIBS_set=
ac_cv_env_capdkrak_LIBS_value=
ac_cv_env_host_alias_set=
ac_cv_env_host_alias_value=
ac_cv_env_liblog4cxx_CFLAGS_set=
ac_cv_env_liblog4cxx_CFLAGS_value=
ac_cv_env_liblog4cxx_LIBS_set=
ac_cv_env_liblog4cxx_LIBS_value=
ac_cv_env_target_alias_set=
ac_cv_env_target_alias_value=
ac_cv_header_dlfcn_h=yes
ac_cv_header_inttypes_h=yes
ac_cv_header_memory_h=yes
ac_cv_header_pari_pari_h=no
ac_cv_header_stdc=yes
ac_cv_header_stdint_h=yes
ac_cv_header_stdlib_h=yes
ac_cv_header_string_h=yes
ac_cv_header_strings_h=yes
ac_cv_header_sys_stat_h=yes
ac_cv_header_sys_types_h=yes
ac_cv_header_unistd_h=yes
ac_cv_host=x86_64-pc-linux-gnu
ac_cv_objext=o
ac_cv_path_EGREP='/usr/bin/grep -E'
ac_cv_path_FGREP='/usr/bin/grep -F'
ac_cv_path_GREP=/usr/bin/grep
ac_cv_path_SED=/usr/bin/sed
ac_cv_path_ac_pt_PKG_CONFIG=/usr/bin/pkg-config
ac_cv_path_install='/usr/bin/install -c'
ac_cv_path_lt_DD=/usr/bin/dd
ac_cv_path_mkdir=/usr/bin/mkdir
ac_cv_prog_AWK=gawk
ac_cv_prog_CPP='gcc -E'
ac_cv_prog_CXXCPP='g++ -E'
ac_cv_prog_ac_ct_AR=ar
ac_cv_prog_ac_ct_CC=gcc
ac_cv_prog_ac_ct_CXX=g++
ac_cv_prog_ac_ct_MANIFEST_TOOL=mt
ac_cv_prog_ac_ct_OBJDUMP=objdump
ac_cv_prog_ac_ct_RANLIB=ranlib
ac_cv_prog_ac_ct_STRIP=strip
ac_cv_prog_cc_c89=
ac_cv_prog_cc_g=yes
ac_cv_prog_cxx_g=yes
ac_cv_prog_make_make_set=yes
am_cv_CC_dependencies_compiler_type=gcc3
am_cv_CXX_dependencies_compiler_type=gcc3
am_cv_make_support_nested_variables=yes
am_cv_prog_cc_c_o=yes
am_cv_prog_tar_pax=gnutar
ax_cv_cxx_compile_cxx11=yes
boost_cv_inc_path=no
boost_cv_lib_tag=unknown
boost_cv_version=no
lt_cv_ar_at_file=@
lt_cv_archive_cmds_need_lc=no
lt_cv_deplibs_check_method=pass_all
lt_cv_file_magic_cmd='$MAGIC_CMD'
lt_cv_file_magic_test_file=
lt_cv_ld_reload_flag=-r
lt_cv_nm_interface='BSD nm'
lt_cv_objdir=.libs
lt_cv_path_LD=/usr/bin/ld
lt_cv_path_LDCXX='/usr/bin/ld -m elf_x86_64'
lt_cv_path_NM='/usr/bin/nm -B'
lt_cv_path_mainfest_tool=no
lt_cv_prog_compiler_c_o=yes
lt_cv_prog_compiler_c_o_CXX=yes
lt_cv_prog_compiler_pic='-fPIC -DPIC'
lt_cv_prog_compiler_pic_CXX='-fPIC -DPIC'
lt_cv_prog_compiler_pic_works=yes
lt_cv_prog_compiler_pic_works_CXX=yes
lt_cv_prog_compiler_rtti_exceptions=no
lt_cv_prog_compiler_static_works=yes
lt_cv_prog_compiler_static_works_CXX=yes
lt_cv_prog_gnu_ld=yes
lt_cv_prog_gnu_ldcxx=yes
lt_cv_sharedlib_from_linklib_cmd='printf %s\n'
lt_cv_shlibpath_overrides_runpath=yes
lt_cv_sys_global_symbol_pipe='sed -n -e '\''s/^.*[	 ]\([ABCDGIRSTW][ABCDGIRSTW]*\)[	 ][	 ]*\([_A-Za-z][_A-Za-z0-9]*\)$/\1 \2 \2/p'\'' | sed '\''/ __gnu_lto/d'\'''
lt_cv_sys_global_symbol_to_c_name_address='sed -n -e '\''s/^: \(.*\) .*$/  {"\1", (void *) 0},/p'\'' -e '\''s/^[ABCDGIRSTW][ABCDGIRSTW]* .* \(.*\)$/  {"\1", (void *) \&\1},/p'\'''
lt_cv_sys_global_symbol_to_c_name_address_lib_prefix='sed -n -e '\''s/^: \(.*\) .*$/  {"\1", (void *) 0},/p'\'' -e '\''s/^[ABCDGIRSTW][ABCDGIRSTW]* .* \(lib.*\)$/  {"\1", (void *) \&\1},/p'\'' -e '\''s/^[ABCDGIRSTW][ABCDGIRSTW]* .* \(.*\)$/  {"lib\1", (void *) \&\1},/p'\'''
lt_cv_sys_global_symbol_to_cdecl='sed -n -e '\''s/^T .* \(.*\)$/extern int \1();/p'\'' -e '\''s/^[ABCDGIRSTW][ABCDGIRSTW]* .* \(.*\)$/extern char \1;/p'\'''
lt_cv_sys_global_symbol_to_import=
lt_cv_sys_max_cmd_len=3145728
lt_cv_to_host_file_cmd=func_convert_file_noop
lt_cv_to_tool_file_cmd=func_convert_file_noop
lt_cv_truncate_bin='/usr/bin/dd bs=4096 count=1'
pkg_cv_capdAux_CFLAGS='-I/home/runner/work/probreacog/probreacog/_codeql_build_dir/external/tmp-capd/src/capdAux/include '
pkg_cv_capdAux_LIBS='/home/runner/work/probreacog/probreacog/_codeql_build_dir/external/tmp-capd/src/capdAux/src/capd/auxil/libcapdauxil.la '
pkg_cv_capdExt_CFLAGS='-I/home/runner/work/probreacog/probreacog/_codeql_build_dir/external/tmp-capd/src/capdExt/include '
pkg_cv_capdExt_LIBS='/home/runner/work/probreacog/probreacog/_codeql_build_dir/external/tmp-capd/src/capdExt/src/capd/alglib/libcapdalglib.la '
pkg_cv_capdauxil_CFLAGS='-I/home/runner/work/probreacog/probreacog/_codeql_build_dir/external/tmp-capd/src/capdAux/include '
pkg_cv_capdauxil_LIBS='/home/runner/work/probreacog/probreacog/_codeql_build_dir/external/tmp-capd/src/capdAux/src/capd/auxil/libcapdauxil.la '

## ----------------- ##
## Output variables. ##
## ----------------- ##

ACLOCAL='${SHELL} /home/runner/work/probreacog/probreacog/_codeql_build_dir/external/tmp-capd/src/capdMake/ac_aux/missing aclocal-1.16'
AMDEPBACKSLASH='\'
AMDEP_FALSE='#'
AMDEP_TRUE=''
AMTAR='$${TAR-tar}'
AM_BACKSLASH='\'
AM_CPPFLAGS='-I$(top_builddir)/include -I$(top_srcdir)/include -DFILE_BUILD_DIR=\"$(abs_builddir)\" ${CAPD_AM_CPPFLAGS}'
AM_CXXFLAGS='-I$(top_builddir)/include -I$(top_srcdir)/include -DFILE_BUILD_DIR=\"$(abs_builddir)\" ${CAPD_AM_CXXFLAGS}'
AM_DEFAULT_V='$(AM_DEFAULT_VERBOSITY)'
AM_DEFAULT_VERBOSITY='0'
AM_LDFLAGS='$(CAPD_AM_LDFLAGS)'
AM_V='$(V)'
AR='ar'
AUTOCONF='${SHELL} /home/runner/work/probreacog/probreacog/_codeql_build_dir/external/tmp-capd/src/capdMake/ac_aux/missing autoconf'
AUTOHEADER='${SHELL} /home/runner/work/probreacog/probreacog/_codeql_build_dir/external/tmp-capd/src/capdMake/ac_aux/missing autoheader'
AUTOMAKE='${SHELL} /home/runner/work/probreacog/probreacog/_codeql_build_dir/external/tmp-capd/src/capdMake/ac_aux/missing automake-1.16'
AWK='gawk'
CAPD_AM_CPPFLAGS=' -g0 -O2'
CAPD_AM_CXXFLAGS='-g0 -O2 -std=c++11  -g0 -O2 -DBOOST_DISABLE_ASSERTS -fdata-sections -ffunction-sections'
CAPD_AM_LDFLAGS=' -Wl,--gc-sections'
CAPD_CXXFLAGS_CXX11='-g0 -O2 -std=c++11'
CAPD_VERSION_INFO='4:1:0'
CC='gcc'
CCDEPMODE='depmode=gcc3'
CFLAGS='-g -O2'
CPPFLAGS=''
CXX='g++'
CXXCPP='g++ -E'
CXXDEPMODE='depmode=gcc3'
CXXFLAGS='-g0 -O2'
CXX_FLAG_capd_fsections='-fdata-sections -ffunction-sections'
CXX_FLAG_capd_fsections_FALSE='#'
CXX_FLAG_capd_fsections_TRUE=''
CXX_FLAG_frounding_math='-frounding-math'
CXX_FLAG_frounding_math_FALSE='#'
CXX_FLAG_frounding_math_TRUE=''
CYGPATH_W='echo'
DEFS='-DHAVE_CONFIG_H'
DEPDIR='.deps'
DLLTOOL='false'
DSYMUTIL=''
DUMPBIN=''
ECHO_C=''
ECHO_N='-n'
ECHO_T=''
EGREP='/usr/bin/grep -E'
EXEEXT=''
FGREP='/usr/bin/grep -F'
GREP='/usr/bin/grep'
HAVE_CXX11='yes'
HAVE_CXX11_FALSE='#'
HAVE_CXX11_TRUE=''
HAVE_LIBmpfr_FALSE=''
HAVE_LIBmpfr_TRUE='#'
HAVE_PARI_FALSE=''
HAVE_PARI_TRUE='#'
INSTALL_DATA='${INSTALL} -m 644'
INSTALL_PROGRAM='${INSTALL}'
INSTALL_SCRIPT='${INSTALL}'
INSTALL_STRIP_PROGRAM='$(install_sh) -c -s'
LD='/usr/bin/ld -m elf_x86_64'
LDFLAGS=''
LD_FLAG_capd_dead_strip=''
LD_FLAG_capd_dead_strip_FALSE='#'
LD_FLAG_capd_dead_strip_TRUE=''
LD_FLAG_capd_gc_sections='-Wl,--gc-sections'
LD_FLAG_capd_gc_sections_FALSE='#'
LD_FLAG_capd_gc_sections_TRUE=''
LIBCAPD_LDFLAGS='-Wl,-Bstatic'
LIBOBJS=''
LIBS=''
LIBTOOL='$(SHELL) $(top_builddir)/libtool'
LIPO=''
LN_S='ln -s'
LTLIBOBJS=''
LT_SYS_LIBRARY_PATH=''
MAINT='#'
MAINTAINER_MODE_FALSE=''
MAINTAINER_MODE_TRUE='#'
MAKEINFO='${SHELL} /home/runner/work/probreacog/probreacog/_codeql_build_dir/external/tmp-capd/src/capdMake/ac_aux/missing makeinfo'
MANIFEST_TOOL=':'
MKDIR_P='/usr/bin/mkdir -p'
NM='/usr/bin/nm -B'
NMEDIT=''
OBJDUMP='objdump'
OBJEXT='o'
OTOOL64=''
OTOOL=''
PACKAGE='capdalg'
PACKAGE_BUGREPORT='http://capd.ii.uj.edu.pl'
PACKAGE_NAME='capdAlg'
PACKAGE_STRING='capdAlg 5.1.2'
PACKAGE_TARNAME='capdalg'
PACKAGE_URL='http://capd.ii.uj.edu.pl'
PACKAGE_VERSION='5.1.2'
PATH_SEPARATOR=':'
PKG_CONFIG='/usr/bin/pkg-config'
PKG_CONFIG_DEV_DIR='/home/runner/work/probreacog/probreacog/_codeql_build_dir/external/tmp-capd/src/lib/pkgconfig-dev'
PKG_CONFIG_DIR='${libdir}/pkgconfig'
PKG_CONFIG_LIBDIR=''
PKG_CONFIG_PATH='/home/runner/work/probreacog/probreacog/_codeql_build_dir/external/tmp-capd/src/lib/pkgconfig-dev:/home/runner/work/probreacog/probreacog/_codeql_build_dir/external/tmp-capd/src/lib/pkgconfig-dev'
RANLIB='ranlib'
SED='/usr/bin/sed'
SET_MAKE=''
SHELL='/bin/bash'
STRIP='strip'
VERSION='5.1.2'
WITH_CAPD_EXAMPLES_FALSE='#'
WITH_CAPD_EXAMPLES_TRUE=''
ac_ct_AR='ar'
ac_ct_CC='gcc'
ac_ct_CXX='g++'
ac_ct_DUMPBIN=''
am__EXEEXT_FALSE=''
am__EXEEXT_TRUE='#'
am__fastdepCC_FALSE='#'
am__fastdepCC_TRUE=''
am__fastdepCXX_FALSE='#'
am__fastdepCXX_TRUE=''
am__include='include'
am__isrc=''
am__leading_dot='.'
am__nodep='_no'
am__quote=''
am__tar='tar --format=posix -chf - "$$tardir"'
am__untar='tar -xf -'
bindir='${exec_prefix}/bin'
build='x86_64-pc-linux-gnu'
build_alias=''
build_cpu='x86_64'
build_os='linux-gnu'
build_vendor='pc'
capdAlg_CFLAGS=''
capdAlg_LIBS=''
capdAux_CFLAGS='-I/home/runner/work/probreacog/probreacog/_codeql_build_dir/external/tmp-capd/src/capdAux/include '
capdAux_LIBS='/home/runner/work/probreacog/probreacog/_codeql_build_dir/external/tmp-capd/src/capdAux/src/capd/auxil/libcapdauxil.la '
capdExt_CFLAGS='-I/home/runner/work/probreacog/probreacog/_codeql_build_dir/external/tmp-capd/src/capdExt/include '
capdExt_LIBS='/home/runner/work/probreacog/probreacog/_codeql_build_dir/external/tmp-capd/src/capdExt/src/capd/alglib/libcapdalglib.la '
capdMake='/home/runner/work/probreacog/probreacog/_codeql_build_dir/external/tmp-capd/src/capdAlg/./../capdMake'
capd_build_dir='/home/runner/work/probreacog/probreacog/_codeql_build_dir/external/tmp-capd/src/capdAlg/./..'
capd_src_dir='/home/runner/work/probreacog/probreacog/_codeql_build_dir/external/tmp-capd/src/capdAlg/./..'
capdbasicalg_CFLAGS='-frounding-math'
capdbasicalg_LIBS=''
capdintervals_CFLAGS='-frounding-math'
capdintervals_LIBS=''
capdmatrixAlgorithms_CFLAGS='-frounding-math'
capdmatrixAlgorithms_LIBS=''
capdrings_CFLAGS=''
capdrings_LIBS=''
capdrounding_CFLAGS='-frounding-math'
capdrounding_LIBS=''
capdvectalg_CFLAGS='-frounding-math'
capdvectalg_LIBS=''
datadir='${datarootdir}'
datarootdir='${prefix}/share'
docdir='${datarootdir}/doc/${PACKAGE_TARNAME}'
dvidir='${docdir}'
exec_prefix='${prefix}'
host='x86_64-pc-linux-gnu'
host_alias=''
host_cpu='x86_64'
host_os='linux-gnu'
host_vendor='pc'
htmldir='${docdir}'
includedir='${prefix}/include'
infodir='${datarootdir}/info'
install_sh='${SHELL} /home/runner/work/probreacog/probreacog/_codeql_build_dir/external/tmp-capd/src/capdMake/ac_aux/install-sh'
libdir='${exec_prefix}/lib'
libexecdir='${exec_prefix}/libexec'
localedir='${datarootdir}/locale'
localstatedir='${prefix}/var'
mandir='${datarootdir}/man'
mkdir_p='$(MKDIR_P)'
mpcapdAlg_CFLAGS=''
mpcapdAlg_LIBS=''
mpcapdintervals_CFLAGS=''
mpcapdintervals_LIBS=''
mpcapdmatrixAlgorithms_CFLAGS=''
mpcapdmatrixAlgorithms_LIBS=''
mpcapdvectalg_CFLAGS=''
mpcapdvectalg_LIBS=''
mpfr_CFLAGS=''
mpfr_LIBS=''
oldincludedir='/usr/include'
pdfdir='${docdir}'
prefix='/home/runner/work/probreacog/probreacog/_codeql_build_dir/external/capd'
program_transform_name='s,x,x,'
psdir='${docdir}'
runstatedir='${localstatedir}/run'
sbindir='${exec_prefix}/sbin'
sharedstatedir='${prefix}/com'
subdirs=' examples tests'
sysconfdir='${prefix}/etc'
target_alias=''
top_capd='./..'

## ----------- ##
## confdefs.h. ##
## ----------- ##

/* confdefs.h */
#define PACKAGE_NAME "capdAlg"
#define PACKAGE_TARNAME "capdalg"
#define PACKAGE_VERSION "5.1.2"
#define PACKAGE_STRING "capdAlg 5.1.2"
#define PACKAGE_BUGREPORT "http://capd.ii.uj.edu.pl"
#define PACKAGE_URL "http://capd.ii.uj.edu.pl"
#define STDC_HEADERS 1
#define HAVE_SYS_TYPES_H 1
#define HAVE_SYS_STAT_H 1
#define HAVE_STDLIB_H 1
#define HAVE_STRING_H 1
#define HAVE_MEMORY_H 1
#define HAVE_STRINGS_H 1
#define HAVE_INTTYPES_H 1
#define HAVE_STDINT_H 1
#define HAVE_UNISTD_H 1
#define HAVE_CXX11 1
#define HAVE_DLFCN_H 1
#define LT_OBJDIR ".libs/"

configure: exit 0
