This file contains any messages produced by compilers while
running configure, to aid debugging if configure makes a mistake.

It was created by capdAux configure 5.1.2, which was
generated by GNU Autoconf 2.69.  Invocation command line was

  $ ./configure --disable-option-checking --prefix=/home/runner/work/probreacog/probreacog/_codeql_build_dir/external/capd C=/home/runner/work/probreacog/.codeql-scratch/dbs/cpp/working/autobuild/bin/cc XX=/home/runner/work/probreacog/.codeql-scratch/dbs/cpp/working/autobuild/bin/c++ --without-gui --with-mpfr=no --with-filib=no --cache-file=.././capd.cache --srcdir=.

## --------- ##
## Platform. ##
## --------- ##

hostname = runnervmw9dnm
uname -m = x86_64
uname -r = 6.11.0-1018-azure
uname -s = Linux
uname -v = #18~24.04.1-Ubuntu SMP Sat Jun 28 04:46:03 UTC 2025

/usr/bin/uname -p = x86_64
/bin/uname -X     = unknown

/bin/arch              = x86_64
/usr/bin/arch -k       = unknown
/usr/convex/getsysinfo = unknown
/usr/bin/hostinfo      = unknown
/bin/machine           = unknown
/usr/bin/oslevel       = unknown
/bin/universe          = unknown

PATH: /home/runner/work/probreacog/.codeql-scratch/dbs/cpp/working/autobuild/bin
PATH: /snap/bin
PATH: /home/runner/.local/bin
PATH: /opt/pipx_bin
PATH: /home/runner/.cargo/bin
PATH: /home/runner/.config/composer/vendor/bin
PATH: /usr/local/.ghcup/bin
PATH: /home/runner/.dotnet/tools
PATH: /usr/local/sbin
PATH: /usr/local/bin
PATH: /usr/sbin
PATH: /usr/bin
PATH: /sbin
PATH: /bin
PATH: /usr/games
PATH: /usr/local/games
PATH: /snap/bin


## ----------- ##
## Core tests. ##
## ----------- ##

configure:2429: loading cache .././capd.cache
configure:2688: checking for gcc
configure:2715: result: gcc
configure:2944: checking for C compiler version
configure:2953: gcc --version >&5
gcc (Ubuntu 13.3.0-6ubuntu2~24.04) 13.3.0
Copyright (C) 2023 Free Software Foundation, Inc.
This is free software; see the source for copying conditions.  There is NO
warranty; not even for MERCHANTABILITY or FITNESS FOR A PARTICULAR PURPOSE.

configure:2964: $? = 0
configure:2953: gcc -v >&5
Using built-in specs.
COLLECT_GCC=/usr/bin/gcc
COLLECT_LTO_WRAPPER=/usr/libexec/gcc/x86_64-linux-gnu/13/lto-wrapper
OFFLOAD_TARGET_NAMES=nvptx-none:amdgcn-amdhsa
OFFLOAD_TARGET_DEFAULT=1
Target: x86_64-linux-gnu
Configured with: ../src/configure -v --with-pkgversion='Ubuntu 13.3.0-6ubuntu2~24.04' --with-bugurl=file:///usr/share/doc/gcc-13/README.Bugs --enable-languages=c,ada,c++,go,d,fortran,objc,obj-c++,m2 --prefix=/usr --with-gcc-major-version-only --program-suffix=-13 --program-prefix=x86_64-linux-gnu- --enable-shared --enable-linker-build-id --libexecdir=/usr/libexec --without-included-gettext --enable-threads=posix --libdir=/usr/lib --enable-nls --enable-bootstrap --enable-clocale=gnu --enable-libstdcxx-debug --enable-libstdcxx-time=yes --with-default-libstdcxx-abi=new --enable-libstdcxx-backtrace --enable-gnu-unique-object --disable-vtable-verify --enable-plugin --enable-default-pie --with-system-zlib --enable-libphobos-checking=release --with-target-system-zlib=auto --enable-objc-gc=auto --enable-multiarch --disable-werror --enable-cet --with-arch-32=i686 --with-abi=m64 --with-multilib-list=m32,m64,mx32 --enable-multilib --with-tune=generic --enable-offload-targets=nvptx-none=/build/gcc-13-fG75Ri/gcc-13-13.3.0/debian/tmp-nvptx/usr,amdgcn-amdhsa=/build/gcc-13-fG75Ri/gcc-13-13.3.0/debian/tmp-gcn/usr --enable-offload-defaulted --without-cuda-driver --enable-checking=release --build=x86_64-linux-gnu --host=x86_64-linux-gnu --target=x86_64-linux-gnu --with-build-config=bootstrap-lto-lean --enable-link-serialization=2
Thread model: posix
Supported LTO compression algorithms: zlib zstd
gcc version 13.3.0 (Ubuntu 13.3.0-6ubuntu2~24.04) 
... rest of stderr output deleted ...
configure:2964: $? = 0
configure:2953: gcc -V >&5
gcc: error: unrecognized command-line option '-V'
gcc: fatal error: no input files
compilation terminated.
configure:2964: $? = 1
configure:2953: gcc -qversion >&5
gcc: error: unrecognized command-line option '-qversion'; did you mean '--version'?
gcc: fatal error: no input files
compilation terminated.
configure:2964: $? = 1
configure:2984: checking whether the C compiler works
configure:3006: gcc    conftest.c  >&5
configure:3010: $? = 0
configure:3058: result: yes
configure:3061: checking for C compiler default output file name
configure:3063: result: a.out
configure:3069: checking for suffix of executables
configure:3076: gcc -o conftest    conftest.c  >&5
configure:3080: $? = 0
configure:3102: result: 
configure:3124: checking whether we are cross compiling
configure:3132: gcc -o conftest    conftest.c  >&5
configure:3136: $? = 0
configure:3143: ./conftest
configure:3147: $? = 0
configure:3162: result: no
configure:3167: checking for suffix of object files
configure:3214: result: o
configure:3218: checking whether we are using the GNU C compiler
configure:3246: result: yes
configure:3255: checking whether gcc accepts -g
configure:3316: result: yes
configure:3333: checking for gcc option to accept ISO C89
configure:3409: result: none needed
configure:3434: checking whether gcc understands -c and -o together
configure:3471: result: yes
configure:3501: checking whether make supports nested variables
configure:3518: result: yes
configure:3541: checking whether to enable maintainer-specific portions of Makefiles
configure:3550: result: no
configure:3682: checking for g++
configure:3709: result: g++
configure:3736: checking for C++ compiler version
configure:3745: g++ --version >&5
g++ (Ubuntu 13.3.0-6ubuntu2~24.04) 13.3.0
Copyright (C) 2023 Free Software Foundation, Inc.
This is free software; see the source for copying conditions.  There is NO
warranty; not even for MERCHANTABILITY or FITNESS FOR A PARTICULAR PURPOSE.

configure:3756: $? = 0
configure:3745: g++ -v >&5
Using built-in specs.
COLLECT_GCC=/usr/bin/g++
COLLECT_LTO_WRAPPER=/usr/libexec/gcc/x86_64-linux-gnu/13/lto-wrapper
OFFLOAD_TARGET_NAMES=nvptx-none:amdgcn-amdhsa
OFFLOAD_TARGET_DEFAULT=1
Target: x86_64-linux-gnu
Configured with: ../src/configure -v --with-pkgversion='Ubuntu 13.3.0-6ubuntu2~24.04' --with-bugurl=file:///usr/share/doc/gcc-13/README.Bugs --enable-languages=c,ada,c++,go,d,fortran,objc,obj-c++,m2 --prefix=/usr --with-gcc-major-version-only --program-suffix=-13 --program-prefix=x86_64-linux-gnu- --enable-shared --enable-linker-build-id --libexecdir=/usr/libexec --without-included-gettext --enable-threads=posix --libdir=/usr/lib --enable-nls --enable-bootstrap --enable-clocale=gnu --enable-libstdcxx-debug --enable-libstdcxx-time=yes --with-default-libstdcxx-abi=new --enable-libstdcxx-backtrace --enable-gnu-unique-object --disable-vtable-verify --enable-plugin --enable-default-pie --with-system-zlib --enable-libphobos-checking=release --with-target-system-zlib=auto --enable-objc-gc=auto --enable-multiarch --disable-werror --enable-cet --with-arch-32=i686 --with-abi=m64 --with-multilib-list=m32,m64,mx32 --enable-multilib --with-tune=generic --enable-offload-targets=nvptx-none=/build/gcc-13-fG75Ri/gcc-13-13.3.0/debian/tmp-nvptx/usr,amdgcn-amdhsa=/build/gcc-13-fG75Ri/gcc-13-13.3.0/debian/tmp-gcn/usr --enable-offload-defaulted --without-cuda-driver --enable-checking=release --build=x86_64-linux-gnu --host=x86_64-linux-gnu --target=x86_64-linux-gnu --with-build-config=bootstrap-lto-lean --enable-link-serialization=2
Thread model: posix
Supported LTO compression algorithms: zlib zstd
gcc version 13.3.0 (Ubuntu 13.3.0-6ubuntu2~24.04) 
... rest of stderr output deleted ...
configure:3756: $? = 0
configure:3745: g++ -V >&5
g++: error: unrecognized command-line option '-V'
g++: fatal error: no input files
compilation terminated.
configure:3756: $? = 1
configure:3745: g++ -qversion >&5
g++: error: unrecognized command-line option '-qversion'; did you mean '--version'?
g++: fatal error: no input files
compilation terminated.
configure:3756: $? = 1
configure:3760: checking whether we are using the GNU C++ compiler
configure:3788: result: yes
configure:3797: checking whether g++ accepts -g
configure:3858: result: yes
configure:3882: checking if g++ supports -fdata-sections -ffunction-sections
configure:3903: g++ -c -Werror -fdata-sections -ffunction-sections  conftest.cpp >&5
configure:3903: $? = 0
configure:3905: result: yes
configure:3937: checking if  supports -Wl,--gc-sections
configure:3958: g++ -o conftest -g0 -O2  -Werror -Wl,--gc-sections conftest.cpp  >&5
configure:3958: $? = 0
configure:3960: result: yes
configure:3993: checking if  supports -Wl,-dead_strip
configure:4014: g++ -o conftest -g0 -O2  -Werror -Wl,-dead_strip conftest.cpp  >&5
/usr/bin/ld: Error: unable to disambiguate: -dead_strip (did you mean --dead_strip ?)
collect2: error: ld returned 1 exit status
configure:4014: $? = 1
configure: failed program was:
| /* confdefs.h */
| #define PACKAGE_NAME "capdAux"
| #define PACKAGE_TARNAME "capdaux"
| #define PACKAGE_VERSION "5.1.2"
| #define PACKAGE_STRING "capdAux 5.1.2"
| #define PACKAGE_BUGREPORT "http://capd.ii.uj.edu.pl"
| #define PACKAGE_URL "http://capd.ii.uj.edu.pl"
| /* end confdefs.h.  */
| 
| int
| main ()
| {
| 
|   ;
|   return 0;
| }
configure:4024: WARNING: no
configure:4095: checking for a BSD-compatible install
configure:4163: result: /usr/bin/install -c
configure:4174: checking whether build environment is sane (CAPD implementation)
configure:4265: result: yes
configure:4403: checking for a thread-safe mkdir -p
configure:4442: result: /usr/bin/mkdir -p
configure:4449: checking for gawk
configure:4476: result: gawk
configure:4487: checking whether make sets $(MAKE)
configure:4509: result: yes
configure:4531: checking whether make supports the include directive
configure:4546: make -f confmf.GNU && cat confinc.out
make[3]: Entering directory '/home/runner/work/probreacog/probreacog/_codeql_build_dir/external/tmp-capd/src/capdAux'
make[3]: Leaving directory '/home/runner/work/probreacog/probreacog/_codeql_build_dir/external/tmp-capd/src/capdAux'
this is the am__doit target
configure:4549: $? = 0
configure:4568: result: yes (GNU style)
configure:4649: checking how to create a pax tar archive
configure:4660: tar --version
tar (GNU tar) 1.35
Copyright (C) 2023 Free Software Foundation, Inc.
License GPLv3+: GNU GPL version 3 or later <https://gnu.org/licenses/gpl.html>.
This is free software: you are free to change and redistribute it.
There is NO WARRANTY, to the extent permitted by law.

Written by John Gilmore and Jay Fenlason.
configure:4663: $? = 0
configure:4731: result: gnutar
configure:4740: checking dependency style of gcc
configure:4851: result: gcc3
configure:4868: checking dependency style of g++
configure:4979: result: gcc3
configure:5095: checking build system type
configure:5109: result: x86_64-pc-linux-gnu
configure:5129: checking host system type
configure:5142: result: x86_64-pc-linux-gnu
configure:5223: checking for pkg-config
configure:5241: found /usr/bin/pkg-config
configure:5253: result: /usr/bin/pkg-config
configure:5278: checking pkg-config is at least version 0.9.0
configure:5281: result: yes
configure:5708: checking for grep that handles long lines and -e
configure:5766: result: /usr/bin/grep
configure:5776: checking how to run the C++ preprocessor
configure:5842: result: g++ -E
configure:5862: g++ -E  conftest.cpp
configure:5862: $? = 0
configure:5876: g++ -E  conftest.cpp
conftest.cpp:9:10: fatal error: ac_nonexistent.h: No such file or directory
    9 | #include <ac_nonexistent.h>
      |          ^~~~~~~~~~~~~~~~~~
compilation terminated.
configure:5876: $? = 1
configure: failed program was:
| /* confdefs.h */
| #define PACKAGE_NAME "capdAux"
| #define PACKAGE_TARNAME "capdaux"
| #define PACKAGE_VERSION "5.1.2"
| #define PACKAGE_STRING "capdAux 5.1.2"
| #define PACKAGE_BUGREPORT "http://capd.ii.uj.edu.pl"
| #define PACKAGE_URL "http://capd.ii.uj.edu.pl"
| /* end confdefs.h.  */
| #include <ac_nonexistent.h>
configure:5905: checking for a sed that does not truncate output
configure:5969: result: /usr/bin/sed
configure: this is boost.m4 serial 25
configure:6002: checking for Boost headers version >= 0.0.0
configure:6073: g++ -c -g0 -O2  conftest.cpp >&5
conftest.cpp:9:10: fatal error: boost/version.hpp: No such file or directory
    9 | #include <boost/version.hpp>
      |          ^~~~~~~~~~~~~~~~~~~
compilation terminated.
configure:6073: $? = 1
configure: failed program was:
| /* confdefs.h */
| #define PACKAGE_NAME "capdAux"
| #define PACKAGE_TARNAME "capdaux"
| #define PACKAGE_VERSION "5.1.2"
| #define PACKAGE_STRING "capdAux 5.1.2"
| #define PACKAGE_BUGREPORT "http://capd.ii.uj.edu.pl"
| #define PACKAGE_URL "http://capd.ii.uj.edu.pl"
| /* end confdefs.h.  */
| #include <boost/version.hpp>
| #if !defined BOOST_VERSION
| # error BOOST_VERSION is not defined
| #elif BOOST_VERSION < 0
| # error Boost headers version < 0
| #endif
| 
| int
| main ()
| {
| 
|   ;
|   return 0;
| }
configure:6094: result: no
configure:6099: cannot find Boost headers version >= 0.0.0
configure:6104: WARNING: Cannot find boost 
configure:6350: checking for C++ compiler version
configure:6359: g++ --version >&5
g++ (Ubuntu 13.3.0-6ubuntu2~24.04) 13.3.0
Copyright (C) 2023 Free Software Foundation, Inc.
This is free software; see the source for copying conditions.  There is NO
warranty; not even for MERCHANTABILITY or FITNESS FOR A PARTICULAR PURPOSE.

configure:6370: $? = 0
configure:6359: g++ -v >&5
Using built-in specs.
COLLECT_GCC=/usr/bin/g++
COLLECT_LTO_WRAPPER=/usr/libexec/gcc/x86_64-linux-gnu/13/lto-wrapper
OFFLOAD_TARGET_NAMES=nvptx-none:amdgcn-amdhsa
OFFLOAD_TARGET_DEFAULT=1
Target: x86_64-linux-gnu
Configured with: ../src/configure -v --with-pkgversion='Ubuntu 13.3.0-6ubuntu2~24.04' --with-bugurl=file:///usr/share/doc/gcc-13/README.Bugs --enable-languages=c,ada,c++,go,d,fortran,objc,obj-c++,m2 --prefix=/usr --with-gcc-major-version-only --program-suffix=-13 --program-prefix=x86_64-linux-gnu- --enable-shared --enable-linker-build-id --libexecdir=/usr/libexec --without-included-gettext --enable-threads=posix --libdir=/usr/lib --enable-nls --enable-bootstrap --enable-clocale=gnu --enable-libstdcxx-debug --enable-libstdcxx-time=yes --with-default-libstdcxx-abi=new --enable-libstdcxx-backtrace --enable-gnu-unique-object --disable-vtable-verify --enable-plugin --enable-default-pie --with-system-zlib --enable-libphobos-checking=release --with-target-system-zlib=auto --enable-objc-gc=auto --enable-multiarch --disable-werror --enable-cet --with-arch-32=i686 --with-abi=m64 --with-multilib-list=m32,m64,mx32 --enable-multilib --with-tune=generic --enable-offload-targets=nvptx-none=/build/gcc-13-fG75Ri/gcc-13-13.3.0/debian/tmp-nvptx/usr,amdgcn-amdhsa=/build/gcc-13-fG75Ri/gcc-13-13.3.0/debian/tmp-gcn/usr --enable-offload-defaulted --without-cuda-driver --enable-checking=release --build=x86_64-linux-gnu --host=x86_64-linux-gnu --target=x86_64-linux-gnu --with-build-config=bootstrap-lto-lean --enable-link-serialization=2
Thread model: posix
Supported LTO compression algorithms: zlib zstd
gcc version 13.3.0 (Ubuntu 13.3.0-6ubuntu2~24.04) 
... rest of stderr output deleted ...
configure:6370: $? = 0
configure:6359: g++ -V >&5
g++: error: unrecognized command-line option '-V'
g++: fatal error: no input files
compilation terminated.
configure:6370: $? = 1
configure:6359: g++ -qversion >&5
g++: error: unrecognized command-line option '-qversion'; did you mean '--version'?
g++: fatal error: no input files
compilation terminated.
configure:6370: $? = 1
configure:6374: checking whether we are using the GNU C++ compiler
configure:6402: result: yes
configure:6411: checking whether g++ accepts -g
configure:6472: result: yes
configure:6541: checking how to print strings
configure:6568: result: printf
configure:6589: checking for a sed that does not truncate output
configure:6653: result: /usr/bin/sed
configure:6671: checking for egrep
configure:6733: result: /usr/bin/grep -E
configure:6738: checking for fgrep
configure:6800: result: /usr/bin/grep -F
configure:6835: checking for ld used by gcc
configure:6902: result: /usr/bin/ld
configure:6909: checking if the linker (/usr/bin/ld) is GNU ld
configure:6924: result: yes
configure:6936: checking for BSD- or MS-compatible name lister (nm)
configure:6990: result: /usr/bin/nm -B
configure:7120: checking the name lister (/usr/bin/nm -B) interface
configure:7140: result: BSD nm
configure:7143: checking whether ln -s works
configure:7147: result: yes
configure:7155: checking the maximum length of command line arguments
configure:7286: result: 3145728
configure:7334: checking how to convert x86_64-pc-linux-gnu file names to x86_64-pc-linux-gnu format
configure:7374: result: func_convert_file_noop
configure:7381: checking how to convert x86_64-pc-linux-gnu file names to toolchain format
configure:7401: result: func_convert_file_noop
configure:7408: checking for /usr/bin/ld option to reload object files
configure:7415: result: -r
configure:7489: checking for objdump
configure:7516: result: objdump
configure:7548: checking how to recognize dependent libraries
configure:7748: result: pass_all
configure:7833: checking for dlltool
configure:7863: result: no
configure:7893: checking how to associate runtime and link libraries
configure:7920: result: printf %s\n
configure:7980: checking for ar
configure:8007: result: ar
configure:8044: checking for archiver @FILE support
configure:8087: result: @
configure:8145: checking for strip
configure:8172: result: strip
configure:8244: checking for ranlib
configure:8271: result: ranlib
configure:8373: checking command to parse /usr/bin/nm -B output from gcc object
configure:8640: result: ok
configure:8687: checking for sysroot
configure:8717: result: no
configure:8724: checking for a working dd
configure:8762: result: /usr/bin/dd
configure:8766: checking how to truncate binary pipes
configure:8781: result: /usr/bin/dd bs=4096 count=1
configure:8918: g++ -c -g0 -O2  conftest.cpp >&5
configure:8921: $? = 0
configure:9111: checking for mt
configure:9138: result: mt
configure:9161: checking if mt is a manifest tool
configure:9175: result: no
configure:9852: checking how to run the C preprocessor
configure:9922: result: gcc -E
configure:9942: gcc -E  conftest.c
configure:9942: $? = 0
configure:9956: gcc -E  conftest.c
conftest.c:9:10: fatal error: ac_nonexistent.h: No such file or directory
    9 | #include <ac_nonexistent.h>
      |          ^~~~~~~~~~~~~~~~~~
compilation terminated.
configure:9956: $? = 1
configure: failed program was:
| /* confdefs.h */
| #define PACKAGE_NAME "capdAux"
| #define PACKAGE_TARNAME "capdaux"
| #define PACKAGE_VERSION "5.1.2"
| #define PACKAGE_STRING "capdAux 5.1.2"
| #define PACKAGE_BUGREPORT "http://capd.ii.uj.edu.pl"
| #define PACKAGE_URL "http://capd.ii.uj.edu.pl"
| /* end confdefs.h.  */
| #include <ac_nonexistent.h>
configure:9985: checking for ANSI C header files
configure:10089: result: yes
configure:10102: checking for sys/types.h
configure:10102: result: yes
configure:10102: checking for sys/stat.h
configure:10102: result: yes
configure:10102: checking for stdlib.h
configure:10102: result: yes
configure:10102: checking for string.h
configure:10102: result: yes
configure:10102: checking for memory.h
configure:10102: result: yes
configure:10102: checking for strings.h
configure:10102: result: yes
configure:10102: checking for inttypes.h
configure:10102: result: yes
configure:10102: checking for stdint.h
configure:10102: result: yes
configure:10102: checking for unistd.h
configure:10102: result: yes
configure:10116: checking for dlfcn.h
configure:10116: result: yes
configure:10382: checking for objdir
configure:10397: result: .libs
configure:10661: checking if gcc supports -fno-rtti -fno-exceptions
configure:10696: result: no
configure:11060: checking for gcc option to produce PIC
configure:11067: result: -fPIC -DPIC
configure:11075: checking if gcc PIC flag -fPIC -DPIC works
configure:11110: result: yes
configure:11139: checking if gcc static flag -static works
configure:11167: result: yes
configure:11182: checking if gcc supports -c -o file.o
configure:11229: result: yes
configure:11237: checking if gcc supports -c -o file.o
configure:11284: result: yes
configure:11317: checking whether the gcc linker (/usr/bin/ld -m elf_x86_64) supports shared libraries
configure:12580: result: yes
configure:12617: checking whether -lc should be explicitly linked in
configure:12660: result: no
configure:12820: checking dynamic linker characteristics
configure:13650: result: GNU/Linux ld.so
configure:13772: checking how to hardcode library paths into programs
configure:13797: result: immediate
configure:14345: checking whether stripping libraries is possible
configure:14350: result: yes
configure:14385: checking if libtool supports shared libraries
configure:14387: result: yes
configure:14390: checking whether to build shared libraries
configure:14415: result: yes
configure:14418: checking whether to build static libraries
configure:14422: result: yes
configure:14445: checking how to run the C++ preprocessor
configure:14511: result: g++ -E
configure:14531: g++ -E  conftest.cpp
configure:14531: $? = 0
configure:14545: g++ -E  conftest.cpp
conftest.cpp:21:10: fatal error: ac_nonexistent.h: No such file or directory
   21 | #include <ac_nonexistent.h>
      |          ^~~~~~~~~~~~~~~~~~
compilation terminated.
configure:14545: $? = 1
configure: failed program was:
| /* confdefs.h */
| #define PACKAGE_NAME "capdAux"
| #define PACKAGE_TARNAME "capdaux"
| #define PACKAGE_VERSION "5.1.2"
| #define PACKAGE_STRING "capdAux 5.1.2"
| #define PACKAGE_BUGREPORT "http://capd.ii.uj.edu.pl"
| #define PACKAGE_URL "http://capd.ii.uj.edu.pl"
| #define STDC_HEADERS 1
| #define HAVE_SYS_TYPES_H 1
| #define HAVE_SYS_STAT_H 1
| #define HAVE_STDLIB_H 1
| #define HAVE_STRING_H 1
| #define HAVE_MEMORY_H 1
| #define HAVE_STRINGS_H 1
| #define HAVE_INTTYPES_H 1
| #define HAVE_STDINT_H 1
| #define HAVE_UNISTD_H 1
| #define HAVE_DLFCN_H 1
| #define LT_OBJDIR ".libs/"
| /* end confdefs.h.  */
| #include <ac_nonexistent.h>
configure:14707: checking for ld used by g++
configure:14774: result: /usr/bin/ld -m elf_x86_64
configure:14781: checking if the linker (/usr/bin/ld -m elf_x86_64) is GNU ld
configure:14796: result: yes
configure:14851: checking whether the g++ linker (/usr/bin/ld -m elf_x86_64) supports shared libraries
configure:15924: result: yes
configure:15960: g++ -c -g0 -O2  conftest.cpp >&5
configure:15963: $? = 0
configure:16444: checking for g++ option to produce PIC
configure:16451: result: -fPIC -DPIC
configure:16459: checking if g++ PIC flag -fPIC -DPIC works
configure:16494: result: yes
configure:16517: checking if g++ static flag -static works
configure:16545: result: yes
configure:16557: checking if g++ supports -c -o file.o
configure:16604: result: yes
configure:16609: checking if g++ supports -c -o file.o
configure:16656: result: yes
configure:16686: checking whether the g++ linker (/usr/bin/ld -m elf_x86_64) supports shared libraries
configure:16729: result: yes
configure:16870: checking dynamic linker characteristics
configure:17627: result: GNU/Linux ld.so
configure:17692: checking how to hardcode library paths into programs
configure:17717: result: immediate
configure:17780: checking for the toolset name used by Boost for g++
configure:17941: result: unknown
configure:17973: g++ -c -g0 -O2  conftest.cpp >&5
conftest.cpp:25:3: error: #error MT not needed
   25 | # error MT not needed
      |   ^~~~~
configure:17973: $? = 1
configure: failed program was:
| /* confdefs.h */
| #define PACKAGE_NAME "capdAux"
| #define PACKAGE_TARNAME "capdaux"
| #define PACKAGE_VERSION "5.1.2"
| #define PACKAGE_STRING "capdAux 5.1.2"
| #define PACKAGE_BUGREPORT "http://capd.ii.uj.edu.pl"
| #define PACKAGE_URL "http://capd.ii.uj.edu.pl"
| #define STDC_HEADERS 1
| #define HAVE_SYS_TYPES_H 1
| #define HAVE_SYS_STAT_H 1
| #define HAVE_STDLIB_H 1
| #define HAVE_STRING_H 1
| #define HAVE_MEMORY_H 1
| #define HAVE_STRINGS_H 1
| #define HAVE_INTTYPES_H 1
| #define HAVE_STDINT_H 1
| #define HAVE_UNISTD_H 1
| #define HAVE_DLFCN_H 1
| #define LT_OBJDIR ".libs/"
| /* end confdefs.h.  */
| 
| #if defined _REENTRANT || defined _MT || defined __MT__
| /* use -mt */
| #else
| # error MT not needed
| #endif
| 
| int
| main ()
| {
| 
|   ;
|   return 0;
| }
configure:17988: Boost not available, not searching for the Boost system library
configure:18705: Boost not available, not searching for the Boost filesystem library
configure:19064: Boost not available, not searching for the Boost regex library
configure:19543: checking for liblog4cxx
configure:19550: $PKG_CONFIG --exists --print-errors "liblog4cxx >= 0.10.0"
Package liblog4cxx was not found in the pkg-config search path.
Perhaps you should add the directory containing `liblog4cxx.pc'
to the PKG_CONFIG_PATH environment variable
Package 'liblog4cxx', required by 'virtual:world', not found
configure:19553: $? = 1
configure:19567: $PKG_CONFIG --exists --print-errors "liblog4cxx >= 0.10.0"
Package liblog4cxx was not found in the pkg-config search path.
Perhaps you should add the directory containing `liblog4cxx.pc'
to the PKG_CONFIG_PATH environment variable
Package 'liblog4cxx', required by 'virtual:world', not found
configure:19570: $? = 1
configure:19584: result: no
Package 'liblog4cxx', required by 'virtual:world', not found
configure:19601: WARNING: Cannot find log4cxx
configure:19630: WARNING: Cannot find Boost: system or filesystem or regex
configure:19763: updating cache .././capd.cache
configure:19884: creating ./config.status

## ---------------------- ##
## Running config.status. ##
## ---------------------- ##

This file was extended by capdAux config.status 5.1.2, which was
generated by GNU Autoconf 2.69.  Invocation command line was

  CONFIG_FILES    = 
  CONFIG_HEADERS  = 
  CONFIG_LINKS    = 
  CONFIG_COMMANDS = 
  $ ./config.status 

on runnervmw9dnm

config.status:1276: creating /home/runner/work/probreacog/probreacog/_codeql_build_dir/external/tmp-capd/src/lib/pkgconfig-dev/capdauxil.pc
config.status:1276: creating /home/runner/work/probreacog/probreacog/_codeql_build_dir/external/tmp-capd/src/lib/pkgconfig-install/capdauxil.pc
config.status:1276: creating src/capd/krak/Makefile
config.status:1276: creating /home/runner/work/probreacog/probreacog/_codeql_build_dir/external/tmp-capd/src/lib/pkgconfig-dev/capdAux.pc
config.status:1276: creating /home/runner/work/probreacog/probreacog/_codeql_build_dir/external/tmp-capd/src/lib/pkgconfig-install/capdAux.pc
config.status:1276: creating Makefile
config.status:1276: creating include/Makefile
config.status:1276: creating src/Makefile
config.status:1276: creating src/capd/Makefile
config.status:1276: creating src/capd/auxil/Makefile
config.status:1276: creating include/capd/config-capdAux.h
config.status:1505: executing depfiles commands
config.status:1582: cd src/capd/krak       && sed -e '/# am--include-marker/d' Makefile         | make -f - am--depfiles
make[3]: Entering directory '/home/runner/work/probreacog/probreacog/_codeql_build_dir/external/tmp-capd/src/capdAux/src/capd/krak'
make[3]: Leaving directory '/home/runner/work/probreacog/probreacog/_codeql_build_dir/external/tmp-capd/src/capdAux/src/capd/krak'
config.status:1587: $? = 0
config.status:1582: cd src/capd/auxil       && sed -e '/# am--include-marker/d' Makefile         | make -f - am--depfiles
make[3]: Entering directory '/home/runner/work/probreacog/probreacog/_codeql_build_dir/external/tmp-capd/src/capdAux/src/capd/auxil'
make[3]: Leaving directory '/home/runner/work/probreacog/probreacog/_codeql_build_dir/external/tmp-capd/src/capdAux/src/capd/auxil'
config.status:1587: $? = 0
config.status:1505: executing libtool commands
configure:22370: === configuring in examples (/home/runner/work/probreacog/probreacog/_codeql_build_dir/external/tmp-capd/src/capdAux/examples)
configure:22433: running /bin/bash ./configure --disable-option-checking '--prefix=/home/runner/work/probreacog/probreacog/_codeql_build_dir/external/capd'  'C=/home/runner/work/probreacog/.codeql-scratch/dbs/cpp/working/autobuild/bin/cc' 'XX=/home/runner/work/probreacog/.codeql-scratch/dbs/cpp/working/autobuild/bin/c++' '--without-gui' '--with-mpfr=no' '--with-filib=no' 'PKG_CONFIG_PATH=/home/runner/work/probreacog/probreacog/_codeql_build_dir/external/tmp-capd/src/lib/pkgconfig-dev' --cache-file=../.././capd.cache --srcdir=.
configure:22370: === configuring in tests (/home/runner/work/probreacog/probreacog/_codeql_build_dir/external/tmp-capd/src/capdAux/tests)
configure:22433: running /bin/bash ./configure --disable-option-checking '--prefix=/home/runner/work/probreacog/probreacog/_codeql_build_dir/external/capd'  'C=/home/runner/work/probreacog/.codeql-scratch/dbs/cpp/working/autobuild/bin/cc' 'XX=/home/runner/work/probreacog/.codeql-scratch/dbs/cpp/working/autobuild/bin/c++' '--without-gui' '--with-mpfr=no' '--with-filib=no' 'PKG_CONFIG_PATH=/home/runner/work/probreacog/probreacog/_codeql_build_dir/external/tmp-capd/src/lib/pkgconfig-dev' --cache-file=../.././capd.cache --srcdir=.

## ---------------- ##
## Cache variables. ##
## ---------------- ##

ac_cv_build=x86_64-pc-linux-gnu
ac_cv_c_compiler_gnu=yes
ac_cv_cxx_compiler_gnu=yes
ac_cv_env_BOOST_ROOT_set=
ac_cv_env_BOOST_ROOT_value=
ac_cv_env_CCC_set=
ac_cv_env_CCC_value=
ac_cv_env_CC_set=
ac_cv_env_CC_value=
ac_cv_env_CFLAGS_set=
ac_cv_env_CFLAGS_value=
ac_cv_env_CPPFLAGS_set=
ac_cv_env_CPPFLAGS_value=
ac_cv_env_CPP_set=
ac_cv_env_CPP_value=
ac_cv_env_CXXCPP_set=
ac_cv_env_CXXCPP_value=
ac_cv_env_CXXFLAGS_set=
ac_cv_env_CXXFLAGS_value=
ac_cv_env_CXX_set=
ac_cv_env_CXX_value=
ac_cv_env_LDFLAGS_set=
ac_cv_env_LDFLAGS_value=
ac_cv_env_LIBS_set=
ac_cv_env_LIBS_value=
ac_cv_env_LT_SYS_LIBRARY_PATH_set=
ac_cv_env_LT_SYS_LIBRARY_PATH_value=
ac_cv_env_PKG_CONFIG_LIBDIR_set=
ac_cv_env_PKG_CONFIG_LIBDIR_value=
ac_cv_env_PKG_CONFIG_PATH_set=set
ac_cv_env_PKG_CONFIG_PATH_value=/home/runner/work/probreacog/probreacog/_codeql_build_dir/external/tmp-capd/src/lib/pkgconfig-dev
ac_cv_env_PKG_CONFIG_set=
ac_cv_env_PKG_CONFIG_value=
ac_cv_env_X11_CFLAGS_set=
ac_cv_env_X11_CFLAGS_value=
ac_cv_env_X11_LIBS_set=
ac_cv_env_X11_LIBS_value=
ac_cv_env_build_alias_set=
ac_cv_env_build_alias_value=
ac_cv_env_host_alias_set=
ac_cv_env_host_alias_value=
ac_cv_env_liblog4cxx_CFLAGS_set=
ac_cv_env_liblog4cxx_CFLAGS_value=
ac_cv_env_liblog4cxx_LIBS_set=
ac_cv_env_liblog4cxx_LIBS_value=
ac_cv_env_target_alias_set=
ac_cv_env_target_alias_value=
ac_cv_header_dlfcn_h=yes
ac_cv_header_inttypes_h=yes
ac_cv_header_memory_h=yes
ac_cv_header_stdc=yes
ac_cv_header_stdint_h=yes
ac_cv_header_stdlib_h=yes
ac_cv_header_string_h=yes
ac_cv_header_strings_h=yes
ac_cv_header_sys_stat_h=yes
ac_cv_header_sys_types_h=yes
ac_cv_header_unistd_h=yes
ac_cv_host=x86_64-pc-linux-gnu
ac_cv_objext=o
ac_cv_path_EGREP='/usr/bin/grep -E'
ac_cv_path_FGREP='/usr/bin/grep -F'
ac_cv_path_GREP=/usr/bin/grep
ac_cv_path_SED=/usr/bin/sed
ac_cv_path_ac_pt_PKG_CONFIG=/usr/bin/pkg-config
ac_cv_path_install='/usr/bin/install -c'
ac_cv_path_lt_DD=/usr/bin/dd
ac_cv_path_mkdir=/usr/bin/mkdir
ac_cv_prog_AWK=gawk
ac_cv_prog_CPP='gcc -E'
ac_cv_prog_CXXCPP='g++ -E'
ac_cv_prog_ac_ct_AR=ar
ac_cv_prog_ac_ct_CC=gcc
ac_cv_prog_ac_ct_CXX=g++
ac_cv_prog_ac_ct_MANIFEST_TOOL=mt
ac_cv_prog_ac_ct_OBJDUMP=objdump
ac_cv_prog_ac_ct_RANLIB=ranlib
ac_cv_prog_ac_ct_STRIP=strip
ac_cv_prog_cc_c89=
ac_cv_prog_cc_g=yes
ac_cv_prog_cxx_g=yes
ac_cv_prog_make_make_set=yes
am_cv_CC_dependencies_compiler_type=gcc3
am_cv_CXX_dependencies_compiler_type=gcc3
am_cv_make_support_nested_variables=yes
am_cv_prog_cc_c_o=yes
am_cv_prog_tar_pax=gnutar
boost_cv_inc_path=no
boost_cv_lib_tag=unknown
boost_cv_version=no
lt_cv_ar_at_file=@
lt_cv_archive_cmds_need_lc=no
lt_cv_deplibs_check_method=pass_all
lt_cv_file_magic_cmd='$MAGIC_CMD'
lt_cv_file_magic_test_file=
lt_cv_ld_reload_flag=-r
lt_cv_nm_interface='BSD nm'
lt_cv_objdir=.libs
lt_cv_path_LD=/usr/bin/ld
lt_cv_path_LDCXX='/usr/bin/ld -m elf_x86_64'
lt_cv_path_NM='/usr/bin/nm -B'
lt_cv_path_mainfest_tool=no
lt_cv_prog_compiler_c_o=yes
lt_cv_prog_compiler_c_o_CXX=yes
lt_cv_prog_compiler_pic='-fPIC -DPIC'
lt_cv_prog_compiler_pic_CXX='-fPIC -DPIC'
lt_cv_prog_compiler_pic_works=yes
lt_cv_prog_compiler_pic_works_CXX=yes
lt_cv_prog_compiler_rtti_exceptions=no
lt_cv_prog_compiler_static_works=yes
lt_cv_prog_compiler_static_works_CXX=yes
lt_cv_prog_gnu_ld=yes
lt_cv_prog_gnu_ldcxx=yes
lt_cv_sharedlib_from_linklib_cmd='printf %s\n'
lt_cv_shlibpath_overrides_runpath=yes
lt_cv_sys_global_symbol_pipe='sed -n -e '\''s/^.*[	 ]\([ABCDGIRSTW][ABCDGIRSTW]*\)[	 ][	 ]*\([_A-Za-z][_A-Za-z0-9]*\)$/\1 \2 \2/p'\'' | sed '\''/ __gnu_lto/d'\'''
lt_cv_sys_global_symbol_to_c_name_address='sed -n -e '\''s/^: \(.*\) .*$/  {"\1", (void *) 0},/p'\'' -e '\''s/^[ABCDGIRSTW][ABCDGIRSTW]* .* \(.*\)$/  {"\1", (void *) \&\1},/p'\'''
lt_cv_sys_global_symbol_to_c_name_address_lib_prefix='sed -n -e '\''s/^: \(.*\) .*$/  {"\1", (void *) 0},/p'\'' -e '\''s/^[ABCDGIRSTW][ABCDGIRSTW]* .* \(lib.*\)$/  {"\1", (void *) \&\1},/p'\'' -e '\''s/^[ABCDGIRSTW][ABCDGIRSTW]* .* \(.*\)$/  {"lib\1", (void *) \&\1},/p'\'''
lt_cv_sys_global_symbol_to_cdecl='sed -n -e '\''s/^T .* \(.*\)$/extern int \1();/p'\'' -e '\''s/^[ABCDGIRSTW][ABCDGIRSTW]* .* \(.*\)$/extern char \1;/p'\'''
lt_cv_sys_global_symbol_to_import=
lt_cv_sys_max_cmd_len=3145728
lt_cv_to_host_file_cmd=func_convert_file_noop
lt_cv_to_tool_file_cmd=func_convert_file_noop
lt_cv_truncate_bin='/usr/bin/dd bs=4096 count=1'

## ----------------- ##
## Output variables. ##
## ----------------- ##

ACLOCAL='${SHELL} /home/runner/work/probreacog/probreacog/_codeql_build_dir/external/tmp-capd/src/capdMake/ac_aux/missing aclocal-1.16'
AMDEPBACKSLASH='\'
AMDEP_FALSE='#'
AMDEP_TRUE=''
AMTAR='$${TAR-tar}'
AM_BACKSLASH='\'
AM_CPPFLAGS='-I$(top_builddir)/include -I$(top_srcdir)/include -DFILE_BUILD_DIR=\"$(abs_builddir)\" ${CAPD_AM_CPPFLAGS}'
AM_CXXFLAGS='-I$(top_builddir)/include -I$(top_srcdir)/include -DFILE_BUILD_DIR=\"$(abs_builddir)\" ${CAPD_AM_CXXFLAGS}'
AM_DEFAULT_V='$(AM_DEFAULT_VERBOSITY)'
AM_DEFAULT_VERBOSITY='0'
AM_LDFLAGS='$(CAPD_AM_LDFLAGS)'
AM_V='$(V)'
AR='ar'
AUTOCONF='${SHELL} /home/runner/work/probreacog/probreacog/_codeql_build_dir/external/tmp-capd/src/capdMake/ac_aux/missing autoconf'
AUTOHEADER='${SHELL} /home/runner/work/probreacog/probreacog/_codeql_build_dir/external/tmp-capd/src/capdMake/ac_aux/missing autoheader'
AUTOMAKE='${SHELL} /home/runner/work/probreacog/probreacog/_codeql_build_dir/external/tmp-capd/src/capdMake/ac_aux/missing automake-1.16'
AWK='gawk'
BOOST_CPPFLAGS=''
BOOST_DETECTED='true'
BOOST_FILESYSTEM_LDFLAGS=''
BOOST_FILESYSTEM_LDPATH=''
BOOST_FILESYSTEM_LIBS=''
BOOST_LDPATH=''
BOOST_REGEX_LDFLAGS=''
BOOST_REGEX_LDPATH=''
BOOST_REGEX_LIBS=''
BOOST_ROOT=''
BOOST_SYSTEM_LDFLAGS=''
BOOST_SYSTEM_LDPATH=''
BOOST_SYSTEM_LIBS=''
CAPD_AM_CPPFLAGS=' -g0 -O2'
CAPD_AM_CXXFLAGS=' -g0 -O2 -DBOOST_DISABLE_ASSERTS -fdata-sections -ffunction-sections'
CAPD_AM_LDFLAGS=' -Wl,--gc-sections'
CAPD_MODULES='capdauxil '
CAPD_VERSION_INFO='4:1:0'
CC='gcc'
CCDEPMODE='depmode=gcc3'
CFLAGS='-g -O2'
CPP='gcc -E'
CPPFLAGS=''
CXX='g++'
CXXCPP='g++ -E'
CXXDEPMODE='depmode=gcc3'
CXXFLAGS='-g0 -O2'
CXX_FLAG_capd_fsections='-fdata-sections -ffunction-sections'
CXX_FLAG_capd_fsections_FALSE='#'
CXX_FLAG_capd_fsections_TRUE=''
CYGPATH_W='echo'
DEFS='-DHAVE_CONFIG_H'
DEF_BUILD_DATE='20251107-2335'
DEF_BUILD_DISPLAY_NAME=''
DEF_BUILD_ID=''
DEF_BUILD_NUMBER=''
DEF_BUILD_TAG=''
DEF_JOB_NAME=''
DEF_LIBRARY_VERSION='4:1:0'
DEF_NODE_NAME=''
DEF_SVN_REVISION_1=''
DEF_SVN_REVISION_2=''
DEF_SVN_REVISION_3=''
DEF_SVN_REVISION_4=''
DEF_SVN_URL_1=''
DEF_SVN_URL_2=''
DEF_SVN_URL_3=''
DEF_SVN_URL_4=''
DEF_VERSION='5.1.2'
DEPDIR='.deps'
DISTCHECK_CONFIGURE_FLAGS=' '\''--with-boost='\'''
DLLTOOL='false'
DSYMUTIL=''
DUMPBIN=''
ECHO_C=''
ECHO_N='-n'
ECHO_T=''
EGREP='/usr/bin/grep -E'
EXEEXT=''
FGREP='/usr/bin/grep -F'
GREP='/usr/bin/grep'
HAVE_BOOST_FALSE='#'
HAVE_BOOST_TRUE=''
HAVE_BOOST_filesystem=''
HAVE_BOOST_filesystem_FALSE='#'
HAVE_BOOST_filesystem_TRUE=''
HAVE_BOOST_regex=''
HAVE_BOOST_regex_FALSE='#'
HAVE_BOOST_regex_TRUE=''
HAVE_BOOST_system=''
HAVE_BOOST_system_FALSE='#'
HAVE_BOOST_system_TRUE=''
HAVE_capdkrak_FALSE=''
HAVE_capdkrak_TRUE='#'
INSTALL_DATA='${INSTALL} -m 644'
INSTALL_PROGRAM='${INSTALL}'
INSTALL_SCRIPT='${INSTALL}'
INSTALL_STRIP_PROGRAM='$(install_sh) -c -s'
LD='/usr/bin/ld -m elf_x86_64'
LDFLAGS=''
LD_FLAG_capd_dead_strip=''
LD_FLAG_capd_dead_strip_FALSE='#'
LD_FLAG_capd_dead_strip_TRUE=''
LD_FLAG_capd_gc_sections='-Wl,--gc-sections'
LD_FLAG_capd_gc_sections_FALSE='#'
LD_FLAG_capd_gc_sections_TRUE=''
LIBCAPD_LDFLAGS='-Wl,-Bstatic'
LIBOBJS=''
LIBS=''
LIBTOOL='$(SHELL) $(top_builddir)/libtool'
LIPO=''
LN_S='ln -s'
LTLIBOBJS=''
LT_SYS_LIBRARY_PATH=''
MAINT='#'
MAINTAINER_MODE_FALSE=''
MAINTAINER_MODE_TRUE='#'
MAKEINFO='${SHELL} /home/runner/work/probreacog/probreacog/_codeql_build_dir/external/tmp-capd/src/capdMake/ac_aux/missing makeinfo'
MANIFEST_TOOL=':'
MKDIR_P='/usr/bin/mkdir -p'
NM='/usr/bin/nm -B'
NMEDIT=''
OBJDUMP='objdump'
OBJEXT='o'
OTOOL64=''
OTOOL=''
PACKAGE='capdaux'
PACKAGE_BUGREPORT='http://capd.ii.uj.edu.pl'
PACKAGE_NAME='capdAux'
PACKAGE_STRING='capdAux 5.1.2'
PACKAGE_TARNAME='capdaux'
PACKAGE_URL='http://capd.ii.uj.edu.pl'
PACKAGE_VERSION='5.1.2'
PATH_SEPARATOR=':'
PKG_CONFIG='/usr/bin/pkg-config'
PKG_CONFIG_DEV_DIR='/home/runner/work/probreacog/probreacog/_codeql_build_dir/external/tmp-capd/src/lib/pkgconfig-dev'
PKG_CONFIG_DIR='${libdir}/pkgconfig'
PKG_CONFIG_LIBDIR=''
PKG_CONFIG_PATH='/home/runner/work/probreacog/probreacog/_codeql_build_dir/external/tmp-capd/src/lib/pkgconfig-dev:/home/runner/work/probreacog/probreacog/_codeql_build_dir/external/tmp-capd/src/lib/pkgconfig-dev'
RANLIB='ranlib'
SED='/usr/bin/sed'
SET_MAKE=''
SHELL='/bin/bash'
STRIP='strip'
VERSION='5.1.2'
WITH_CAPD_EXAMPLES_FALSE='#'
WITH_CAPD_EXAMPLES_TRUE=''
WX_CFLAGS=''
WX_CFLAGS_ONLY=''
WX_CONFIG_PATH=''
WX_CPPFLAGS=''
WX_CXXFLAGS=''
WX_CXXFLAGS_ONLY=''
WX_LIBS=''
WX_LIBS_STATIC=''
WX_RESCOMP=''
WX_VERSION=''
WX_VERSION_MAJOR=''
WX_VERSION_MICRO=''
WX_VERSION_MINOR=''
X11_CFLAGS=''
X11_LIBS=''
ac_ct_AR='ar'
ac_ct_CC='gcc'
ac_ct_CXX='g++'
ac_ct_DUMPBIN=''
am__EXEEXT_FALSE=''
am__EXEEXT_TRUE='#'
am__fastdepCC_FALSE='#'
am__fastdepCC_TRUE=''
am__fastdepCXX_FALSE='#'
am__fastdepCXX_TRUE=''
am__include='include'
am__isrc=''
am__leading_dot='.'
am__nodep='_no'
am__quote=''
am__tar='tar --format=posix -chf - "$$tardir"'
am__untar='tar -xf -'
bindir='${exec_prefix}/bin'
build='x86_64-pc-linux-gnu'
build_alias=''
build_cpu='x86_64'
build_os='linux-gnu'
build_vendor='pc'
capdAux_CFLAGS=''
capdAux_LIBS=''
capdMake='/home/runner/work/probreacog/probreacog/_codeql_build_dir/external/tmp-capd/src/capdAux/./../capdMake'
capd_build_dir='/home/runner/work/probreacog/probreacog/_codeql_build_dir/external/tmp-capd/src/capdAux/./..'
capd_src_dir='/home/runner/work/probreacog/probreacog/_codeql_build_dir/external/tmp-capd/src/capdAux/./..'
capdauxil_CFLAGS=' '
capdauxil_LIBS=' '
capdkrak_CFLAGS=''
capdkrak_LIBS=''
capdkrak_REQUIRES=''
datadir='${datarootdir}'
datarootdir='${prefix}/share'
docdir='${datarootdir}/doc/${PACKAGE_TARNAME}'
dvidir='${docdir}'
exec_prefix='${prefix}'
host='x86_64-pc-linux-gnu'
host_alias=''
host_cpu='x86_64'
host_os='linux-gnu'
host_vendor='pc'
htmldir='${docdir}'
includedir='${prefix}/include'
infodir='${datarootdir}/info'
install_sh='${SHELL} /home/runner/work/probreacog/probreacog/_codeql_build_dir/external/tmp-capd/src/capdMake/ac_aux/install-sh'
libdir='${exec_prefix}/lib'
libexecdir='${exec_prefix}/libexec'
liblog4cxx_CFLAGS=''
liblog4cxx_LIBS=''
localedir='${datarootdir}/locale'
localstatedir='${prefix}/var'
mandir='${datarootdir}/man'
mkdir_p='$(MKDIR_P)'
oldincludedir='/usr/include'
pdfdir='${docdir}'
prefix='/home/runner/work/probreacog/probreacog/_codeql_build_dir/external/capd'
program_transform_name='s,x,x,'
psdir='${docdir}'
runstatedir='${localstatedir}/run'
sbindir='${exec_prefix}/sbin'
sharedstatedir='${prefix}/com'
subdirs=' examples tests'
sysconfdir='${prefix}/etc'
target_alias=''
top_capd='./..'

## ----------- ##
## confdefs.h. ##
## ----------- ##

/* confdefs.h */
#define PACKAGE_NAME "capdAux"
#define PACKAGE_TARNAME "capdaux"
#define PACKAGE_VERSION "5.1.2"
#define PACKAGE_STRING "capdAux 5.1.2"
#define PACKAGE_BUGREPORT "http://capd.ii.uj.edu.pl"
#define PACKAGE_URL "http://capd.ii.uj.edu.pl"
#define STDC_HEADERS 1
#define HAVE_SYS_TYPES_H 1
#define HAVE_SYS_STAT_H 1
#define HAVE_STDLIB_H 1
#define HAVE_STRING_H 1
#define HAVE_MEMORY_H 1
#define HAVE_STRINGS_H 1
#define HAVE_INTTYPES_H 1
#define HAVE_STDINT_H 1
#define HAVE_UNISTD_H 1
#define HAVE_DLFCN_H 1
#define LT_OBJDIR ".libs/"
#define DEF_SVN_REVISION_1 ""
#define DEF_SVN_REVISION_2 ""
#define DEF_SVN_REVISION_3 ""
#define DEF_SVN_REVISION_4 ""
#define DEF_SVN_URL_1 ""
#define DEF_SVN_URL_2 ""
#define DEF_SVN_URL_3 ""
#define DEF_SVN_URL_4 ""
#define DEF_BUILD_TAG ""
#define DEF_JOB_NAME ""
#define DEF_BUILD_DISPLAY_NAME ""
#define DEF_BUILD_ID ""
#define DEF_NODE_NAME ""
#define DEF_BUILD_NUMBER ""
#define DEF_VERSION "5.1.2"
#define DEF_BUILD_DATE "20251107-2335"
#define DEF_LIBRARY_VERSION "4:1:0"

configure: exit 0
