This file contains any messages produced by compilers while
running configure, to aid debugging if configure makes a mistake.

It was created by capdAux-examples configure 5.1.2, which was
generated by GNU Autoconf 2.69.  Invocation command line was

  $ ./configure --disable-option-checking --prefix=/home/runner/work/probreacog/probreacog/_codeql_build_dir/external/capd C=/home/runner/work/probreacog/.codeql-scratch/dbs/cpp/working/autobuild/bin/cc XX=/home/runner/work/probreacog/.codeql-scratch/dbs/cpp/working/autobuild/bin/c++ --without-gui --with-mpfr=no --with-filib=no PKG_CONFIG_PATH=/home/runner/work/probreacog/probreacog/_codeql_build_dir/external/tmp-capd/src/lib/pkgconfig-dev --cache-file=../.././capd.cache --srcdir=.

## --------- ##
## Platform. ##
## --------- ##

hostname = runnervmw9dnm
uname -m = x86_64
uname -r = 6.11.0-1018-azure
uname -s = Linux
uname -v = #18~24.04.1-Ubuntu SMP Sat Jun 28 04:46:03 UTC 2025

/usr/bin/uname -p = x86_64
/bin/uname -X     = unknown

/bin/arch              = x86_64
/usr/bin/arch -k       = unknown
/usr/convex/getsysinfo = unknown
/usr/bin/hostinfo      = unknown
/bin/machine           = unknown
/usr/bin/oslevel       = unknown
/bin/universe          = unknown

PATH: /home/runner/work/probreacog/.codeql-scratch/dbs/cpp/working/autobuild/bin
PATH: /snap/bin
PATH: /home/runner/.local/bin
PATH: /opt/pipx_bin
PATH: /home/runner/.cargo/bin
PATH: /home/runner/.config/composer/vendor/bin
PATH: /usr/local/.ghcup/bin
PATH: /home/runner/.dotnet/tools
PATH: /usr/local/sbin
PATH: /usr/local/bin
PATH: /usr/sbin
PATH: /usr/bin
PATH: /sbin
PATH: /bin
PATH: /usr/games
PATH: /usr/local/games
PATH: /snap/bin


## ----------- ##
## Core tests. ##
## ----------- ##

configure:2254: loading cache ../.././capd.cache
configure:2511: checking for gcc
configure:2538: result: gcc
configure:2767: checking for C compiler version
configure:2776: gcc --version >&5
gcc (Ubuntu 13.3.0-6ubuntu2~24.04) 13.3.0
Copyright (C) 2023 Free Software Foundation, Inc.
This is free software; see the source for copying conditions.  There is NO
warranty; not even for MERCHANTABILITY or FITNESS FOR A PARTICULAR PURPOSE.

configure:2787: $? = 0
configure:2776: gcc -v >&5
Using built-in specs.
COLLECT_GCC=/usr/bin/gcc
COLLECT_LTO_WRAPPER=/usr/libexec/gcc/x86_64-linux-gnu/13/lto-wrapper
OFFLOAD_TARGET_NAMES=nvptx-none:amdgcn-amdhsa
OFFLOAD_TARGET_DEFAULT=1
Target: x86_64-linux-gnu
Configured with: ../src/configure -v --with-pkgversion='Ubuntu 13.3.0-6ubuntu2~24.04' --with-bugurl=file:///usr/share/doc/gcc-13/README.Bugs --enable-languages=c,ada,c++,go,d,fortran,objc,obj-c++,m2 --prefix=/usr --with-gcc-major-version-only --program-suffix=-13 --program-prefix=x86_64-linux-gnu- --enable-shared --enable-linker-build-id --libexecdir=/usr/libexec --without-included-gettext --enable-threads=posix --libdir=/usr/lib --enable-nls --enable-bootstrap --enable-clocale=gnu --enable-libstdcxx-debug --enable-libstdcxx-time=yes --with-default-libstdcxx-abi=new --enable-libstdcxx-backtrace --enable-gnu-unique-object --disable-vtable-verify --enable-plugin --enable-default-pie --with-system-zlib --enable-libphobos-checking=release --with-target-system-zlib=auto --enable-objc-gc=auto --enable-multiarch --disable-werror --enable-cet --with-arch-32=i686 --with-abi=m64 --with-multilib-list=m32,m64,mx32 --enable-multilib --with-tune=generic --enable-offload-targets=nvptx-none=/build/gcc-13-fG75Ri/gcc-13-13.3.0/debian/tmp-nvptx/usr,amdgcn-amdhsa=/build/gcc-13-fG75Ri/gcc-13-13.3.0/debian/tmp-gcn/usr --enable-offload-defaulted --without-cuda-driver --enable-checking=release --build=x86_64-linux-gnu --host=x86_64-linux-gnu --target=x86_64-linux-gnu --with-build-config=bootstrap-lto-lean --enable-link-serialization=2
Thread model: posix
Supported LTO compression algorithms: zlib zstd
gcc version 13.3.0 (Ubuntu 13.3.0-6ubuntu2~24.04) 
... rest of stderr output deleted ...
configure:2787: $? = 0
configure:2776: gcc -V >&5
gcc: error: unrecognized command-line option '-V'
gcc: fatal error: no input files
compilation terminated.
configure:2787: $? = 1
configure:2776: gcc -qversion >&5
gcc: error: unrecognized command-line option '-qversion'; did you mean '--version'?
gcc: fatal error: no input files
compilation terminated.
configure:2787: $? = 1
configure:2807: checking whether the C compiler works
configure:2829: gcc    conftest.c  >&5
configure:2833: $? = 0
configure:2881: result: yes
configure:2884: checking for C compiler default output file name
configure:2886: result: a.out
configure:2892: checking for suffix of executables
configure:2899: gcc -o conftest    conftest.c  >&5
configure:2903: $? = 0
configure:2925: result: 
configure:2947: checking whether we are cross compiling
configure:2955: gcc -o conftest    conftest.c  >&5
configure:2959: $? = 0
configure:2966: ./conftest
configure:2970: $? = 0
configure:2985: result: no
configure:2990: checking for suffix of object files
configure:3037: result: o
configure:3041: checking whether we are using the GNU C compiler
configure:3069: result: yes
configure:3078: checking whether gcc accepts -g
configure:3139: result: yes
configure:3156: checking for gcc option to accept ISO C89
configure:3232: result: none needed
configure:3257: checking whether gcc understands -c and -o together
configure:3294: result: yes
configure:3324: checking whether make supports nested variables
configure:3341: result: yes
configure:3364: checking whether to enable maintainer-specific portions of Makefiles
configure:3373: result: no
configure:3505: checking for g++
configure:3532: result: g++
configure:3559: checking for C++ compiler version
configure:3568: g++ --version >&5
g++ (Ubuntu 13.3.0-6ubuntu2~24.04) 13.3.0
Copyright (C) 2023 Free Software Foundation, Inc.
This is free software; see the source for copying conditions.  There is NO
warranty; not even for MERCHANTABILITY or FITNESS FOR A PARTICULAR PURPOSE.

configure:3579: $? = 0
configure:3568: g++ -v >&5
Using built-in specs.
COLLECT_GCC=/usr/bin/g++
COLLECT_LTO_WRAPPER=/usr/libexec/gcc/x86_64-linux-gnu/13/lto-wrapper
OFFLOAD_TARGET_NAMES=nvptx-none:amdgcn-amdhsa
OFFLOAD_TARGET_DEFAULT=1
Target: x86_64-linux-gnu
Configured with: ../src/configure -v --with-pkgversion='Ubuntu 13.3.0-6ubuntu2~24.04' --with-bugurl=file:///usr/share/doc/gcc-13/README.Bugs --enable-languages=c,ada,c++,go,d,fortran,objc,obj-c++,m2 --prefix=/usr --with-gcc-major-version-only --program-suffix=-13 --program-prefix=x86_64-linux-gnu- --enable-shared --enable-linker-build-id --libexecdir=/usr/libexec --without-included-gettext --enable-threads=posix --libdir=/usr/lib --enable-nls --enable-bootstrap --enable-clocale=gnu --enable-libstdcxx-debug --enable-libstdcxx-time=yes --with-default-libstdcxx-abi=new --enable-libstdcxx-backtrace --enable-gnu-unique-object --disable-vtable-verify --enable-plugin --enable-default-pie --with-system-zlib --enable-libphobos-checking=release --with-target-system-zlib=auto --enable-objc-gc=auto --enable-multiarch --disable-werror --enable-cet --with-arch-32=i686 --with-abi=m64 --with-multilib-list=m32,m64,mx32 --enable-multilib --with-tune=generic --enable-offload-targets=nvptx-none=/build/gcc-13-fG75Ri/gcc-13-13.3.0/debian/tmp-nvptx/usr,amdgcn-amdhsa=/build/gcc-13-fG75Ri/gcc-13-13.3.0/debian/tmp-gcn/usr --enable-offload-defaulted --without-cuda-driver --enable-checking=release --build=x86_64-linux-gnu --host=x86_64-linux-gnu --target=x86_64-linux-gnu --with-build-config=bootstrap-lto-lean --enable-link-serialization=2
Thread model: posix
Supported LTO compression algorithms: zlib zstd
gcc version 13.3.0 (Ubuntu 13.3.0-6ubuntu2~24.04) 
... rest of stderr output deleted ...
configure:3579: $? = 0
configure:3568: g++ -V >&5
g++: error: unrecognized command-line option '-V'
g++: fatal error: no input files
compilation terminated.
configure:3579: $? = 1
configure:3568: g++ -qversion >&5
g++: error: unrecognized command-line option '-qversion'; did you mean '--version'?
g++: fatal error: no input files
compilation terminated.
configure:3579: $? = 1
configure:3583: checking whether we are using the GNU C++ compiler
configure:3611: result: yes
configure:3620: checking whether g++ accepts -g
configure:3681: result: yes
configure:3705: checking if g++ supports -fdata-sections -ffunction-sections
configure:3726: g++ -c -Werror -fdata-sections -ffunction-sections  conftest.cpp >&5
configure:3726: $? = 0
configure:3728: result: yes
configure:3760: checking if  supports -Wl,--gc-sections
configure:3781: g++ -o conftest -g0 -O2  -Werror -Wl,--gc-sections conftest.cpp  >&5
configure:3781: $? = 0
configure:3783: result: yes
configure:3816: checking if  supports -Wl,-dead_strip
configure:3837: g++ -o conftest -g0 -O2  -Werror -Wl,-dead_strip conftest.cpp  >&5
/usr/bin/ld: Error: unable to disambiguate: -dead_strip (did you mean --dead_strip ?)
collect2: error: ld returned 1 exit status
configure:3837: $? = 1
configure: failed program was:
| /* confdefs.h */
| #define PACKAGE_NAME "capdAux-examples"
| #define PACKAGE_TARNAME "capdaux-examples"
| #define PACKAGE_VERSION "5.1.2"
| #define PACKAGE_STRING "capdAux-examples 5.1.2"
| #define PACKAGE_BUGREPORT "http://capd.ii.uj.edu.pl"
| #define PACKAGE_URL "http://capd.ii.uj.edu.pl"
| /* end confdefs.h.  */
| 
| int
| main ()
| {
| 
|   ;
|   return 0;
| }
configure:3847: WARNING: no
configure:3918: checking for a BSD-compatible install
configure:3986: result: /usr/bin/install -c
configure:3997: checking whether build environment is sane (CAPD implementation)
configure:4088: result: yes
configure:4226: checking for a thread-safe mkdir -p
configure:4265: result: /usr/bin/mkdir -p
configure:4272: checking for gawk
configure:4299: result: gawk
configure:4310: checking whether make sets $(MAKE)
configure:4332: result: yes
configure:4354: checking whether make supports the include directive
configure:4369: make -f confmf.GNU && cat confinc.out
make[3]: Entering directory '/home/runner/work/probreacog/probreacog/_codeql_build_dir/external/tmp-capd/src/capdAux/examples'
make[3]: Leaving directory '/home/runner/work/probreacog/probreacog/_codeql_build_dir/external/tmp-capd/src/capdAux/examples'
this is the am__doit target
configure:4372: $? = 0
configure:4391: result: yes (GNU style)
configure:4472: checking how to create a pax tar archive
configure:4483: tar --version
tar (GNU tar) 1.35
Copyright (C) 2023 Free Software Foundation, Inc.
License GPLv3+: GNU GPL version 3 or later <https://gnu.org/licenses/gpl.html>.
This is free software: you are free to change and redistribute it.
There is NO WARRANTY, to the extent permitted by law.

Written by John Gilmore and Jay Fenlason.
configure:4486: $? = 0
configure:4554: result: gnutar
configure:4563: checking dependency style of gcc
configure:4674: result: gcc3
configure:4691: checking dependency style of g++
configure:4802: result: gcc3
configure:4980: checking for C++ compiler version
configure:4989: g++ --version >&5
g++ (Ubuntu 13.3.0-6ubuntu2~24.04) 13.3.0
Copyright (C) 2023 Free Software Foundation, Inc.
This is free software; see the source for copying conditions.  There is NO
warranty; not even for MERCHANTABILITY or FITNESS FOR A PARTICULAR PURPOSE.

configure:5000: $? = 0
configure:4989: g++ -v >&5
Using built-in specs.
COLLECT_GCC=/usr/bin/g++
COLLECT_LTO_WRAPPER=/usr/libexec/gcc/x86_64-linux-gnu/13/lto-wrapper
OFFLOAD_TARGET_NAMES=nvptx-none:amdgcn-amdhsa
OFFLOAD_TARGET_DEFAULT=1
Target: x86_64-linux-gnu
Configured with: ../src/configure -v --with-pkgversion='Ubuntu 13.3.0-6ubuntu2~24.04' --with-bugurl=file:///usr/share/doc/gcc-13/README.Bugs --enable-languages=c,ada,c++,go,d,fortran,objc,obj-c++,m2 --prefix=/usr --with-gcc-major-version-only --program-suffix=-13 --program-prefix=x86_64-linux-gnu- --enable-shared --enable-linker-build-id --libexecdir=/usr/libexec --without-included-gettext --enable-threads=posix --libdir=/usr/lib --enable-nls --enable-bootstrap --enable-clocale=gnu --enable-libstdcxx-debug --enable-libstdcxx-time=yes --with-default-libstdcxx-abi=new --enable-libstdcxx-backtrace --enable-gnu-unique-object --disable-vtable-verify --enable-plugin --enable-default-pie --with-system-zlib --enable-libphobos-checking=release --with-target-system-zlib=auto --enable-objc-gc=auto --enable-multiarch --disable-werror --enable-cet --with-arch-32=i686 --with-abi=m64 --with-multilib-list=m32,m64,mx32 --enable-multilib --with-tune=generic --enable-offload-targets=nvptx-none=/build/gcc-13-fG75Ri/gcc-13-13.3.0/debian/tmp-nvptx/usr,amdgcn-amdhsa=/build/gcc-13-fG75Ri/gcc-13-13.3.0/debian/tmp-gcn/usr --enable-offload-defaulted --without-cuda-driver --enable-checking=release --build=x86_64-linux-gnu --host=x86_64-linux-gnu --target=x86_64-linux-gnu --with-build-config=bootstrap-lto-lean --enable-link-serialization=2
Thread model: posix
Supported LTO compression algorithms: zlib zstd
gcc version 13.3.0 (Ubuntu 13.3.0-6ubuntu2~24.04) 
... rest of stderr output deleted ...
configure:5000: $? = 0
configure:4989: g++ -V >&5
g++: error: unrecognized command-line option '-V'
g++: fatal error: no input files
compilation terminated.
configure:5000: $? = 1
configure:4989: g++ -qversion >&5
g++: error: unrecognized command-line option '-qversion'; did you mean '--version'?
g++: fatal error: no input files
compilation terminated.
configure:5000: $? = 1
configure:5004: checking whether we are using the GNU C++ compiler
configure:5032: result: yes
configure:5041: checking whether g++ accepts -g
configure:5102: result: yes
configure:5154: checking build system type
configure:5168: result: x86_64-pc-linux-gnu
configure:5188: checking host system type
configure:5201: result: x86_64-pc-linux-gnu
configure:5242: checking how to print strings
configure:5269: result: printf
configure:5290: checking for a sed that does not truncate output
configure:5354: result: /usr/bin/sed
configure:5372: checking for grep that handles long lines and -e
configure:5430: result: /usr/bin/grep
configure:5435: checking for egrep
configure:5497: result: /usr/bin/grep -E
configure:5502: checking for fgrep
configure:5564: result: /usr/bin/grep -F
configure:5599: checking for ld used by gcc
configure:5666: result: /usr/bin/ld
configure:5673: checking if the linker (/usr/bin/ld) is GNU ld
configure:5688: result: yes
configure:5700: checking for BSD- or MS-compatible name lister (nm)
configure:5754: result: /usr/bin/nm -B
configure:5884: checking the name lister (/usr/bin/nm -B) interface
configure:5904: result: BSD nm
configure:5907: checking whether ln -s works
configure:5911: result: yes
configure:5919: checking the maximum length of command line arguments
configure:6050: result: 3145728
configure:6098: checking how to convert x86_64-pc-linux-gnu file names to x86_64-pc-linux-gnu format
configure:6138: result: func_convert_file_noop
configure:6145: checking how to convert x86_64-pc-linux-gnu file names to toolchain format
configure:6165: result: func_convert_file_noop
configure:6172: checking for /usr/bin/ld option to reload object files
configure:6179: result: -r
configure:6253: checking for objdump
configure:6280: result: objdump
configure:6312: checking how to recognize dependent libraries
configure:6512: result: pass_all
configure:6597: checking for dlltool
configure:6627: result: no
configure:6657: checking how to associate runtime and link libraries
configure:6684: result: printf %s\n
configure:6744: checking for ar
configure:6771: result: ar
configure:6808: checking for archiver @FILE support
configure:6851: result: @
configure:6909: checking for strip
configure:6936: result: strip
configure:7008: checking for ranlib
configure:7035: result: ranlib
configure:7137: checking command to parse /usr/bin/nm -B output from gcc object
configure:7404: result: ok
configure:7451: checking for sysroot
configure:7481: result: no
configure:7488: checking for a working dd
configure:7526: result: /usr/bin/dd
configure:7530: checking how to truncate binary pipes
configure:7545: result: /usr/bin/dd bs=4096 count=1
configure:7682: g++ -c -g0 -O2  conftest.cpp >&5
configure:7685: $? = 0
configure:7875: checking for mt
configure:7902: result: mt
configure:7925: checking if mt is a manifest tool
configure:7939: result: no
configure:8616: checking how to run the C preprocessor
configure:8686: result: gcc -E
configure:8706: gcc -E  conftest.c
configure:8706: $? = 0
configure:8720: gcc -E  conftest.c
conftest.c:9:10: fatal error: ac_nonexistent.h: No such file or directory
    9 | #include <ac_nonexistent.h>
      |          ^~~~~~~~~~~~~~~~~~
compilation terminated.
configure:8720: $? = 1
configure: failed program was:
| /* confdefs.h */
| #define PACKAGE_NAME "capdAux-examples"
| #define PACKAGE_TARNAME "capdaux-examples"
| #define PACKAGE_VERSION "5.1.2"
| #define PACKAGE_STRING "capdAux-examples 5.1.2"
| #define PACKAGE_BUGREPORT "http://capd.ii.uj.edu.pl"
| #define PACKAGE_URL "http://capd.ii.uj.edu.pl"
| /* end confdefs.h.  */
| #include <ac_nonexistent.h>
configure:8749: checking for ANSI C header files
configure:8853: result: yes
configure:8866: checking for sys/types.h
configure:8866: result: yes
configure:8866: checking for sys/stat.h
configure:8866: result: yes
configure:8866: checking for stdlib.h
configure:8866: result: yes
configure:8866: checking for string.h
configure:8866: result: yes
configure:8866: checking for memory.h
configure:8866: result: yes
configure:8866: checking for strings.h
configure:8866: result: yes
configure:8866: checking for inttypes.h
configure:8866: result: yes
configure:8866: checking for stdint.h
configure:8866: result: yes
configure:8866: checking for unistd.h
configure:8866: result: yes
configure:8880: checking for dlfcn.h
configure:8880: result: yes
configure:9146: checking for objdir
configure:9161: result: .libs
configure:9425: checking if gcc supports -fno-rtti -fno-exceptions
configure:9460: result: no
configure:9824: checking for gcc option to produce PIC
configure:9831: result: -fPIC -DPIC
configure:9839: checking if gcc PIC flag -fPIC -DPIC works
configure:9874: result: yes
configure:9903: checking if gcc static flag -static works
configure:9931: result: yes
configure:9946: checking if gcc supports -c -o file.o
configure:9993: result: yes
configure:10001: checking if gcc supports -c -o file.o
configure:10048: result: yes
configure:10081: checking whether the gcc linker (/usr/bin/ld -m elf_x86_64) supports shared libraries
configure:11344: result: yes
configure:11381: checking whether -lc should be explicitly linked in
configure:11424: result: no
configure:11584: checking dynamic linker characteristics
configure:12414: result: GNU/Linux ld.so
configure:12536: checking how to hardcode library paths into programs
configure:12561: result: immediate
configure:13109: checking whether stripping libraries is possible
configure:13114: result: yes
configure:13149: checking if libtool supports shared libraries
configure:13151: result: yes
configure:13154: checking whether to build shared libraries
configure:13179: result: yes
configure:13182: checking whether to build static libraries
configure:13186: result: yes
configure:13209: checking how to run the C++ preprocessor
configure:13275: result: g++ -E
configure:13295: g++ -E  conftest.cpp
configure:13295: $? = 0
configure:13309: g++ -E  conftest.cpp
conftest.cpp:21:10: fatal error: ac_nonexistent.h: No such file or directory
   21 | #include <ac_nonexistent.h>
      |          ^~~~~~~~~~~~~~~~~~
compilation terminated.
configure:13309: $? = 1
configure: failed program was:
| /* confdefs.h */
| #define PACKAGE_NAME "capdAux-examples"
| #define PACKAGE_TARNAME "capdaux-examples"
| #define PACKAGE_VERSION "5.1.2"
| #define PACKAGE_STRING "capdAux-examples 5.1.2"
| #define PACKAGE_BUGREPORT "http://capd.ii.uj.edu.pl"
| #define PACKAGE_URL "http://capd.ii.uj.edu.pl"
| #define STDC_HEADERS 1
| #define HAVE_SYS_TYPES_H 1
| #define HAVE_SYS_STAT_H 1
| #define HAVE_STDLIB_H 1
| #define HAVE_STRING_H 1
| #define HAVE_MEMORY_H 1
| #define HAVE_STRINGS_H 1
| #define HAVE_INTTYPES_H 1
| #define HAVE_STDINT_H 1
| #define HAVE_UNISTD_H 1
| #define HAVE_DLFCN_H 1
| #define LT_OBJDIR ".libs/"
| /* end confdefs.h.  */
| #include <ac_nonexistent.h>
configure:13471: checking for ld used by g++
configure:13538: result: /usr/bin/ld -m elf_x86_64
configure:13545: checking if the linker (/usr/bin/ld -m elf_x86_64) is GNU ld
configure:13560: result: yes
configure:13615: checking whether the g++ linker (/usr/bin/ld -m elf_x86_64) supports shared libraries
configure:14688: result: yes
configure:14724: g++ -c -g0 -O2  conftest.cpp >&5
configure:14727: $? = 0
configure:15208: checking for g++ option to produce PIC
configure:15215: result: -fPIC -DPIC
configure:15223: checking if g++ PIC flag -fPIC -DPIC works
configure:15258: result: yes
configure:15281: checking if g++ static flag -static works
configure:15309: result: yes
configure:15321: checking if g++ supports -c -o file.o
configure:15368: result: yes
configure:15373: checking if g++ supports -c -o file.o
configure:15420: result: yes
configure:15450: checking whether the g++ linker (/usr/bin/ld -m elf_x86_64) supports shared libraries
configure:15493: result: yes
configure:15634: checking dynamic linker characteristics
configure:16391: result: GNU/Linux ld.so
configure:16456: checking how to hardcode library paths into programs
configure:16481: result: immediate
configure:16598: checking for pkg-config
configure:16628: result: /usr/bin/pkg-config
configure:16653: checking pkg-config is at least version 0.9.0
configure:16656: result: yes
configure:16666: checking for capdkrak
configure:16673: $PKG_CONFIG --exists --print-errors "capdkrak >= 1.0"
Package capdkrak was not found in the pkg-config search path.
Perhaps you should add the directory containing `capdkrak.pc'
to the PKG_CONFIG_PATH environment variable
Package 'capdkrak', required by 'virtual:world', not found
configure:16676: $? = 1
configure:16690: $PKG_CONFIG --exists --print-errors "capdkrak >= 1.0"
Package capdkrak was not found in the pkg-config search path.
Perhaps you should add the directory containing `capdkrak.pc'
to the PKG_CONFIG_PATH environment variable
Package 'capdkrak', required by 'virtual:world', not found
configure:16693: $? = 1
configure:16707: result: no
Package 'capdkrak', required by 'virtual:world', not found
configure:16759: checking for capdauxil
configure:16766: $PKG_CONFIG --exists --print-errors "capdauxil >= 1.0"
configure:16769: $? = 0
configure:16783: $PKG_CONFIG --exists --print-errors "capdauxil >= 1.0"
configure:16786: $? = 0
configure:16844: result: yes
configure:16908: updating cache ../.././capd.cache
configure:17001: creating ./config.status

## ---------------------- ##
## Running config.status. ##
## ---------------------- ##

This file was extended by capdAux-examples config.status 5.1.2, which was
generated by GNU Autoconf 2.69.  Invocation command line was

  CONFIG_FILES    = 
  CONFIG_HEADERS  = 
  CONFIG_LINKS    = 
  CONFIG_COMMANDS = 
  $ ./config.status 

on runnervmw9dnm

config.status:1188: creating Makefile
config.status:1188: creating krakdemo/Makefile
config.status:1188: creating configFileReader/Makefile
config.status:1188: creating auxildemo/Makefile
config.status:1188: creating logger/Makefile
config.status:1188: creating config.h
config.status:1417: executing depfiles commands
config.status:1494: cd krakdemo       && sed -e '/# am--include-marker/d' Makefile         | make -f - am--depfiles
make[3]: Entering directory '/home/runner/work/probreacog/probreacog/_codeql_build_dir/external/tmp-capd/src/capdAux/examples/krakdemo'
make[3]: Leaving directory '/home/runner/work/probreacog/probreacog/_codeql_build_dir/external/tmp-capd/src/capdAux/examples/krakdemo'
config.status:1499: $? = 0
config.status:1494: cd configFileReader       && sed -e '/# am--include-marker/d' Makefile         | make -f - am--depfiles
make[3]: Entering directory '/home/runner/work/probreacog/probreacog/_codeql_build_dir/external/tmp-capd/src/capdAux/examples/configFileReader'
make[3]: Leaving directory '/home/runner/work/probreacog/probreacog/_codeql_build_dir/external/tmp-capd/src/capdAux/examples/configFileReader'
config.status:1499: $? = 0
config.status:1494: cd auxildemo       && sed -e '/# am--include-marker/d' Makefile         | make -f - am--depfiles
make[3]: Entering directory '/home/runner/work/probreacog/probreacog/_codeql_build_dir/external/tmp-capd/src/capdAux/examples/auxildemo'
make[3]: Leaving directory '/home/runner/work/probreacog/probreacog/_codeql_build_dir/external/tmp-capd/src/capdAux/examples/auxildemo'
config.status:1499: $? = 0
config.status:1494: cd logger       && sed -e '/# am--include-marker/d' Makefile         | make -f - am--depfiles
make[3]: Entering directory '/home/runner/work/probreacog/probreacog/_codeql_build_dir/external/tmp-capd/src/capdAux/examples/logger'
make[3]: Leaving directory '/home/runner/work/probreacog/probreacog/_codeql_build_dir/external/tmp-capd/src/capdAux/examples/logger'
config.status:1499: $? = 0
config.status:1417: executing libtool commands

## ---------------- ##
## Cache variables. ##
## ---------------- ##

ac_cv_build=x86_64-pc-linux-gnu
ac_cv_c_compiler_gnu=yes
ac_cv_cxx_compiler_gnu=yes
ac_cv_env_BOOST_ROOT_set=
ac_cv_env_BOOST_ROOT_value=
ac_cv_env_CCC_set=
ac_cv_env_CCC_value=
ac_cv_env_CC_set=
ac_cv_env_CC_value=
ac_cv_env_CFLAGS_set=
ac_cv_env_CFLAGS_value=
ac_cv_env_CPPFLAGS_set=
ac_cv_env_CPPFLAGS_value=
ac_cv_env_CPP_set=
ac_cv_env_CPP_value=
ac_cv_env_CXXCPP_set=
ac_cv_env_CXXCPP_value=
ac_cv_env_CXXFLAGS_set=
ac_cv_env_CXXFLAGS_value=
ac_cv_env_CXX_set=
ac_cv_env_CXX_value=
ac_cv_env_LDFLAGS_set=
ac_cv_env_LDFLAGS_value=
ac_cv_env_LIBS_set=
ac_cv_env_LIBS_value=
ac_cv_env_LT_SYS_LIBRARY_PATH_set=
ac_cv_env_LT_SYS_LIBRARY_PATH_value=
ac_cv_env_PKG_CONFIG_LIBDIR_set=
ac_cv_env_PKG_CONFIG_LIBDIR_value=
ac_cv_env_PKG_CONFIG_PATH_set=set
ac_cv_env_PKG_CONFIG_PATH_value=/home/runner/work/probreacog/probreacog/_codeql_build_dir/external/tmp-capd/src/lib/pkgconfig-dev
ac_cv_env_PKG_CONFIG_set=
ac_cv_env_PKG_CONFIG_value=
ac_cv_env_X11_CFLAGS_set=
ac_cv_env_X11_CFLAGS_value=
ac_cv_env_X11_LIBS_set=
ac_cv_env_X11_LIBS_value=
ac_cv_env_build_alias_set=
ac_cv_env_build_alias_value=
ac_cv_env_capdauxil_CFLAGS_set=
ac_cv_env_capdauxil_CFLAGS_value=
ac_cv_env_capdauxil_LIBS_set=
ac_cv_env_capdauxil_LIBS_value=
ac_cv_env_capdkrak_CFLAGS_set=
ac_cv_env_capdkrak_CFLAGS_value=
ac_cv_env_capdkrak_LIBS_set=
ac_cv_env_capdkrak_LIBS_value=
ac_cv_env_host_alias_set=
ac_cv_env_host_alias_value=
ac_cv_env_liblog4cxx_CFLAGS_set=
ac_cv_env_liblog4cxx_CFLAGS_value=
ac_cv_env_liblog4cxx_LIBS_set=
ac_cv_env_liblog4cxx_LIBS_value=
ac_cv_env_target_alias_set=
ac_cv_env_target_alias_value=
ac_cv_header_dlfcn_h=yes
ac_cv_header_inttypes_h=yes
ac_cv_header_memory_h=yes
ac_cv_header_stdc=yes
ac_cv_header_stdint_h=yes
ac_cv_header_stdlib_h=yes
ac_cv_header_string_h=yes
ac_cv_header_strings_h=yes
ac_cv_header_sys_stat_h=yes
ac_cv_header_sys_types_h=yes
ac_cv_header_unistd_h=yes
ac_cv_host=x86_64-pc-linux-gnu
ac_cv_objext=o
ac_cv_path_EGREP='/usr/bin/grep -E'
ac_cv_path_FGREP='/usr/bin/grep -F'
ac_cv_path_GREP=/usr/bin/grep
ac_cv_path_SED=/usr/bin/sed
ac_cv_path_ac_pt_PKG_CONFIG=/usr/bin/pkg-config
ac_cv_path_install='/usr/bin/install -c'
ac_cv_path_lt_DD=/usr/bin/dd
ac_cv_path_mkdir=/usr/bin/mkdir
ac_cv_prog_AWK=gawk
ac_cv_prog_CPP='gcc -E'
ac_cv_prog_CXXCPP='g++ -E'
ac_cv_prog_ac_ct_AR=ar
ac_cv_prog_ac_ct_CC=gcc
ac_cv_prog_ac_ct_CXX=g++
ac_cv_prog_ac_ct_MANIFEST_TOOL=mt
ac_cv_prog_ac_ct_OBJDUMP=objdump
ac_cv_prog_ac_ct_RANLIB=ranlib
ac_cv_prog_ac_ct_STRIP=strip
ac_cv_prog_cc_c89=
ac_cv_prog_cc_g=yes
ac_cv_prog_cxx_g=yes
ac_cv_prog_make_make_set=yes
am_cv_CC_dependencies_compiler_type=gcc3
am_cv_CXX_dependencies_compiler_type=gcc3
am_cv_make_support_nested_variables=yes
am_cv_prog_cc_c_o=yes
am_cv_prog_tar_pax=gnutar
boost_cv_inc_path=no
boost_cv_lib_tag=unknown
boost_cv_version=no
lt_cv_ar_at_file=@
lt_cv_archive_cmds_need_lc=no
lt_cv_deplibs_check_method=pass_all
lt_cv_file_magic_cmd='$MAGIC_CMD'
lt_cv_file_magic_test_file=
lt_cv_ld_reload_flag=-r
lt_cv_nm_interface='BSD nm'
lt_cv_objdir=.libs
lt_cv_path_LD=/usr/bin/ld
lt_cv_path_LDCXX='/usr/bin/ld -m elf_x86_64'
lt_cv_path_NM='/usr/bin/nm -B'
lt_cv_path_mainfest_tool=no
lt_cv_prog_compiler_c_o=yes
lt_cv_prog_compiler_c_o_CXX=yes
lt_cv_prog_compiler_pic='-fPIC -DPIC'
lt_cv_prog_compiler_pic_CXX='-fPIC -DPIC'
lt_cv_prog_compiler_pic_works=yes
lt_cv_prog_compiler_pic_works_CXX=yes
lt_cv_prog_compiler_rtti_exceptions=no
lt_cv_prog_compiler_static_works=yes
lt_cv_prog_compiler_static_works_CXX=yes
lt_cv_prog_gnu_ld=yes
lt_cv_prog_gnu_ldcxx=yes
lt_cv_sharedlib_from_linklib_cmd='printf %s\n'
lt_cv_shlibpath_overrides_runpath=yes
lt_cv_sys_global_symbol_pipe='sed -n -e '\''s/^.*[	 ]\([ABCDGIRSTW][ABCDGIRSTW]*\)[	 ][	 ]*\([_A-Za-z][_A-Za-z0-9]*\)$/\1 \2 \2/p'\'' | sed '\''/ __gnu_lto/d'\'''
lt_cv_sys_global_symbol_to_c_name_address='sed -n -e '\''s/^: \(.*\) .*$/  {"\1", (void *) 0},/p'\'' -e '\''s/^[ABCDGIRSTW][ABCDGIRSTW]* .* \(.*\)$/  {"\1", (void *) \&\1},/p'\'''
lt_cv_sys_global_symbol_to_c_name_address_lib_prefix='sed -n -e '\''s/^: \(.*\) .*$/  {"\1", (void *) 0},/p'\'' -e '\''s/^[ABCDGIRSTW][ABCDGIRSTW]* .* \(lib.*\)$/  {"\1", (void *) \&\1},/p'\'' -e '\''s/^[ABCDGIRSTW][ABCDGIRSTW]* .* \(.*\)$/  {"lib\1", (void *) \&\1},/p'\'''
lt_cv_sys_global_symbol_to_cdecl='sed -n -e '\''s/^T .* \(.*\)$/extern int \1();/p'\'' -e '\''s/^[ABCDGIRSTW][ABCDGIRSTW]* .* \(.*\)$/extern char \1;/p'\'''
lt_cv_sys_global_symbol_to_import=
lt_cv_sys_max_cmd_len=3145728
lt_cv_to_host_file_cmd=func_convert_file_noop
lt_cv_to_tool_file_cmd=func_convert_file_noop
lt_cv_truncate_bin='/usr/bin/dd bs=4096 count=1'
pkg_cv_capdauxil_CFLAGS='-I/home/runner/work/probreacog/probreacog/_codeql_build_dir/external/tmp-capd/src/capdAux/include '
pkg_cv_capdauxil_LIBS='/home/runner/work/probreacog/probreacog/_codeql_build_dir/external/tmp-capd/src/capdAux/src/capd/auxil/libcapdauxil.la '

## ----------------- ##
## Output variables. ##
## ----------------- ##

ACLOCAL='${SHELL} /home/runner/work/probreacog/probreacog/_codeql_build_dir/external/tmp-capd/src/capdMake/ac_aux/missing aclocal-1.16'
AMDEPBACKSLASH='\'
AMDEP_FALSE='#'
AMDEP_TRUE=''
AMTAR='$${TAR-tar}'
AM_BACKSLASH='\'
AM_CPPFLAGS='-I$(top_builddir)/include -I$(top_srcdir)/include -DFILE_BUILD_DIR=\"$(abs_builddir)\" ${CAPD_AM_CPPFLAGS}'
AM_CXXFLAGS='-I$(top_builddir)/include -I$(top_srcdir)/include -DFILE_BUILD_DIR=\"$(abs_builddir)\" ${CAPD_AM_CXXFLAGS}'
AM_DEFAULT_V='$(AM_DEFAULT_VERBOSITY)'
AM_DEFAULT_VERBOSITY='0'
AM_LDFLAGS='$(CAPD_AM_LDFLAGS)'
AM_V='$(V)'
AR='ar'
AUTOCONF='${SHELL} /home/runner/work/probreacog/probreacog/_codeql_build_dir/external/tmp-capd/src/capdMake/ac_aux/missing autoconf'
AUTOHEADER='${SHELL} /home/runner/work/probreacog/probreacog/_codeql_build_dir/external/tmp-capd/src/capdMake/ac_aux/missing autoheader'
AUTOMAKE='${SHELL} /home/runner/work/probreacog/probreacog/_codeql_build_dir/external/tmp-capd/src/capdMake/ac_aux/missing automake-1.16'
AWK='gawk'
CAPD_AM_CPPFLAGS=' -g0 -O2'
CAPD_AM_CXXFLAGS=' -g0 -O2 -DBOOST_DISABLE_ASSERTS -fdata-sections -ffunction-sections'
CAPD_AM_LDFLAGS=' -Wl,--gc-sections'
CAPD_VERSION_INFO='4:1:0'
CC='gcc'
CCDEPMODE='depmode=gcc3'
CFLAGS='-g -O2'
CPP='gcc -E'
CPPFLAGS=''
CXX='g++'
CXXCPP='g++ -E'
CXXDEPMODE='depmode=gcc3'
CXXFLAGS='-g0 -O2'
CXX_FLAG_capd_fsections='-fdata-sections -ffunction-sections'
CXX_FLAG_capd_fsections_FALSE='#'
CXX_FLAG_capd_fsections_TRUE=''
CYGPATH_W='echo'
DEFS='-DHAVE_CONFIG_H'
DEPDIR='.deps'
DLLTOOL='false'
DSYMUTIL=''
DUMPBIN=''
ECHO_C=''
ECHO_N='-n'
ECHO_T=''
EGREP='/usr/bin/grep -E'
EXEEXT=''
FGREP='/usr/bin/grep -F'
GREP='/usr/bin/grep'
HAVE_capdkrak_FALSE=''
HAVE_capdkrak_TRUE='#'
INSTALL_DATA='${INSTALL} -m 644'
INSTALL_PROGRAM='${INSTALL}'
INSTALL_SCRIPT='${INSTALL}'
INSTALL_STRIP_PROGRAM='$(install_sh) -c -s'
LD='/usr/bin/ld -m elf_x86_64'
LDFLAGS=''
LD_FLAG_capd_dead_strip=''
LD_FLAG_capd_dead_strip_FALSE='#'
LD_FLAG_capd_dead_strip_TRUE=''
LD_FLAG_capd_gc_sections='-Wl,--gc-sections'
LD_FLAG_capd_gc_sections_FALSE='#'
LD_FLAG_capd_gc_sections_TRUE=''
LIBCAPD_LDFLAGS='-Wl,-Bstatic'
LIBOBJS=''
LIBS=''
LIBTOOL='$(SHELL) $(top_builddir)/libtool'
LIPO=''
LN_S='ln -s'
LTLIBOBJS=''
LT_SYS_LIBRARY_PATH=''
MAINT='#'
MAINTAINER_MODE_FALSE=''
MAINTAINER_MODE_TRUE='#'
MAKEINFO='${SHELL} /home/runner/work/probreacog/probreacog/_codeql_build_dir/external/tmp-capd/src/capdMake/ac_aux/missing makeinfo'
MANIFEST_TOOL=':'
MKDIR_P='/usr/bin/mkdir -p'
NM='/usr/bin/nm -B'
NMEDIT=''
OBJDUMP='objdump'
OBJEXT='o'
OTOOL64=''
OTOOL=''
PACKAGE='capdaux-examples'
PACKAGE_BUGREPORT='http://capd.ii.uj.edu.pl'
PACKAGE_NAME='capdAux-examples'
PACKAGE_STRING='capdAux-examples 5.1.2'
PACKAGE_TARNAME='capdaux-examples'
PACKAGE_URL='http://capd.ii.uj.edu.pl'
PACKAGE_VERSION='5.1.2'
PATH_SEPARATOR=':'
PKG_CONFIG='/usr/bin/pkg-config'
PKG_CONFIG_DEV_DIR='/home/runner/work/probreacog/probreacog/_codeql_build_dir/external/tmp-capd/src/lib/pkgconfig-dev'
PKG_CONFIG_DIR='${libdir}/pkgconfig'
PKG_CONFIG_LIBDIR=''
PKG_CONFIG_PATH='/home/runner/work/probreacog/probreacog/_codeql_build_dir/external/tmp-capd/src/lib/pkgconfig-dev:/home/runner/work/probreacog/probreacog/_codeql_build_dir/external/tmp-capd/src/lib/pkgconfig-dev'
RANLIB='ranlib'
SED='/usr/bin/sed'
SET_MAKE=''
SHELL='/bin/bash'
STRIP='strip'
VERSION='5.1.2'
WITH_CAPD_EXAMPLES_FALSE='#'
WITH_CAPD_EXAMPLES_TRUE=''
ac_ct_AR='ar'
ac_ct_CC='gcc'
ac_ct_CXX='g++'
ac_ct_DUMPBIN=''
am__EXEEXT_FALSE=''
am__EXEEXT_TRUE='#'
am__fastdepCC_FALSE='#'
am__fastdepCC_TRUE=''
am__fastdepCXX_FALSE='#'
am__fastdepCXX_TRUE=''
am__include='include'
am__isrc=''
am__leading_dot='.'
am__nodep='_no'
am__quote=''
am__tar='tar --format=posix -chf - "$$tardir"'
am__untar='tar -xf -'
bindir='${exec_prefix}/bin'
build='x86_64-pc-linux-gnu'
build_alias=''
build_cpu='x86_64'
build_os='linux-gnu'
build_vendor='pc'
capdMake='/home/runner/work/probreacog/probreacog/_codeql_build_dir/external/tmp-capd/src/capdAux/examples/./../../capdMake'
capd_build_dir='/home/runner/work/probreacog/probreacog/_codeql_build_dir/external/tmp-capd/src/capdAux/examples/./../..'
capd_src_dir='/home/runner/work/probreacog/probreacog/_codeql_build_dir/external/tmp-capd/src/capdAux/examples/./../..'
capdauxil_CFLAGS='-I/home/runner/work/probreacog/probreacog/_codeql_build_dir/external/tmp-capd/src/capdAux/include '
capdauxil_LIBS='/home/runner/work/probreacog/probreacog/_codeql_build_dir/external/tmp-capd/src/capdAux/src/capd/auxil/libcapdauxil.la '
capdkrak_CFLAGS=''
capdkrak_LIBS=''
datadir='${datarootdir}'
datarootdir='${prefix}/share'
docdir='${datarootdir}/doc/${PACKAGE_TARNAME}'
dvidir='${docdir}'
exec_prefix='${prefix}'
host='x86_64-pc-linux-gnu'
host_alias=''
host_cpu='x86_64'
host_os='linux-gnu'
host_vendor='pc'
htmldir='${docdir}'
includedir='${prefix}/include'
infodir='${datarootdir}/info'
install_sh='${SHELL} /home/runner/work/probreacog/probreacog/_codeql_build_dir/external/tmp-capd/src/capdMake/ac_aux/install-sh'
libdir='${exec_prefix}/lib'
libexecdir='${exec_prefix}/libexec'
localedir='${datarootdir}/locale'
localstatedir='${prefix}/var'
mandir='${datarootdir}/man'
mkdir_p='$(MKDIR_P)'
oldincludedir='/usr/include'
pdfdir='${docdir}'
prefix='/home/runner/work/probreacog/probreacog/_codeql_build_dir/external/capd'
program_transform_name='s,x,x,'
psdir='${docdir}'
runstatedir='${localstatedir}/run'
sbindir='${exec_prefix}/sbin'
sharedstatedir='${prefix}/com'
sysconfdir='${prefix}/etc'
target_alias=''
top_capd='./../..'

## ----------- ##
## confdefs.h. ##
## ----------- ##

/* confdefs.h */
#define PACKAGE_NAME "capdAux-examples"
#define PACKAGE_TARNAME "capdaux-examples"
#define PACKAGE_VERSION "5.1.2"
#define PACKAGE_STRING "capdAux-examples 5.1.2"
#define PACKAGE_BUGREPORT "http://capd.ii.uj.edu.pl"
#define PACKAGE_URL "http://capd.ii.uj.edu.pl"
#define STDC_HEADERS 1
#define HAVE_SYS_TYPES_H 1
#define HAVE_SYS_STAT_H 1
#define HAVE_STDLIB_H 1
#define HAVE_STRING_H 1
#define HAVE_MEMORY_H 1
#define HAVE_STRINGS_H 1
#define HAVE_INTTYPES_H 1
#define HAVE_STDINT_H 1
#define HAVE_UNISTD_H 1
#define HAVE_DLFCN_H 1
#define LT_OBJDIR ".libs/"

configure: exit 0
