This file contains any messages produced by compilers while
running configure, to aid debugging if configure makes a mistake.

It was created by capdDynSys-examples configure 5.1.2, which was
generated by GNU Autoconf 2.69.  Invocation command line was

  $ ./configure --disable-option-checking --prefix=/home/runner/work/probreacog/probreacog/_codeql_build_dir/external/capd C=/home/runner/work/probreacog/.codeql-scratch/dbs/cpp/working/autobuild/bin/cc XX=/home/runner/work/probreacog/.codeql-scratch/dbs/cpp/working/autobuild/bin/c++ --without-gui --with-mpfr=no --with-filib=no PKG_CONFIG_PATH=/home/runner/work/probreacog/probreacog/_codeql_build_dir/external/tmp-capd/src/lib/pkgconfig-dev --cache-file=../.././capd.cache --srcdir=.

## --------- ##
## Platform. ##
## --------- ##

hostname = runnervmw9dnm
uname -m = x86_64
uname -r = 6.11.0-1018-azure
uname -s = Linux
uname -v = #18~24.04.1-Ubuntu SMP Sat Jun 28 04:46:03 UTC 2025

/usr/bin/uname -p = x86_64
/bin/uname -X     = unknown

/bin/arch              = x86_64
/usr/bin/arch -k       = unknown
/usr/convex/getsysinfo = unknown
/usr/bin/hostinfo      = unknown
/bin/machine           = unknown
/usr/bin/oslevel       = unknown
/bin/universe          = unknown

PATH: /home/runner/work/probreacog/.codeql-scratch/dbs/cpp/working/autobuild/bin
PATH: /snap/bin
PATH: /home/runner/.local/bin
PATH: /opt/pipx_bin
PATH: /home/runner/.cargo/bin
PATH: /home/runner/.config/composer/vendor/bin
PATH: /usr/local/.ghcup/bin
PATH: /home/runner/.dotnet/tools
PATH: /usr/local/sbin
PATH: /usr/local/bin
PATH: /usr/sbin
PATH: /usr/bin
PATH: /sbin
PATH: /bin
PATH: /usr/games
PATH: /usr/local/games
PATH: /snap/bin


## ----------- ##
## Core tests. ##
## ----------- ##

configure:2292: loading cache ../.././capd.cache
configure:2550: checking for gcc
configure:2577: result: gcc
configure:2806: checking for C compiler version
configure:2815: gcc --version >&5
gcc (Ubuntu 13.3.0-6ubuntu2~24.04) 13.3.0
Copyright (C) 2023 Free Software Foundation, Inc.
This is free software; see the source for copying conditions.  There is NO
warranty; not even for MERCHANTABILITY or FITNESS FOR A PARTICULAR PURPOSE.

configure:2826: $? = 0
configure:2815: gcc -v >&5
Using built-in specs.
COLLECT_GCC=/usr/bin/gcc
COLLECT_LTO_WRAPPER=/usr/libexec/gcc/x86_64-linux-gnu/13/lto-wrapper
OFFLOAD_TARGET_NAMES=nvptx-none:amdgcn-amdhsa
OFFLOAD_TARGET_DEFAULT=1
Target: x86_64-linux-gnu
Configured with: ../src/configure -v --with-pkgversion='Ubuntu 13.3.0-6ubuntu2~24.04' --with-bugurl=file:///usr/share/doc/gcc-13/README.Bugs --enable-languages=c,ada,c++,go,d,fortran,objc,obj-c++,m2 --prefix=/usr --with-gcc-major-version-only --program-suffix=-13 --program-prefix=x86_64-linux-gnu- --enable-shared --enable-linker-build-id --libexecdir=/usr/libexec --without-included-gettext --enable-threads=posix --libdir=/usr/lib --enable-nls --enable-bootstrap --enable-clocale=gnu --enable-libstdcxx-debug --enable-libstdcxx-time=yes --with-default-libstdcxx-abi=new --enable-libstdcxx-backtrace --enable-gnu-unique-object --disable-vtable-verify --enable-plugin --enable-default-pie --with-system-zlib --enable-libphobos-checking=release --with-target-system-zlib=auto --enable-objc-gc=auto --enable-multiarch --disable-werror --enable-cet --with-arch-32=i686 --with-abi=m64 --with-multilib-list=m32,m64,mx32 --enable-multilib --with-tune=generic --enable-offload-targets=nvptx-none=/build/gcc-13-fG75Ri/gcc-13-13.3.0/debian/tmp-nvptx/usr,amdgcn-amdhsa=/build/gcc-13-fG75Ri/gcc-13-13.3.0/debian/tmp-gcn/usr --enable-offload-defaulted --without-cuda-driver --enable-checking=release --build=x86_64-linux-gnu --host=x86_64-linux-gnu --target=x86_64-linux-gnu --with-build-config=bootstrap-lto-lean --enable-link-serialization=2
Thread model: posix
Supported LTO compression algorithms: zlib zstd
gcc version 13.3.0 (Ubuntu 13.3.0-6ubuntu2~24.04) 
... rest of stderr output deleted ...
configure:2826: $? = 0
configure:2815: gcc -V >&5
gcc: error: unrecognized command-line option '-V'
gcc: fatal error: no input files
compilation terminated.
configure:2826: $? = 1
configure:2815: gcc -qversion >&5
gcc: error: unrecognized command-line option '-qversion'; did you mean '--version'?
gcc: fatal error: no input files
compilation terminated.
configure:2826: $? = 1
configure:2846: checking whether the C compiler works
configure:2868: gcc    conftest.c  >&5
configure:2872: $? = 0
configure:2920: result: yes
configure:2923: checking for C compiler default output file name
configure:2925: result: a.out
configure:2931: checking for suffix of executables
configure:2938: gcc -o conftest    conftest.c  >&5
configure:2942: $? = 0
configure:2964: result: 
configure:2986: checking whether we are cross compiling
configure:2994: gcc -o conftest    conftest.c  >&5
configure:2998: $? = 0
configure:3005: ./conftest
configure:3009: $? = 0
configure:3024: result: no
configure:3029: checking for suffix of object files
configure:3076: result: o
configure:3080: checking whether we are using the GNU C compiler
configure:3108: result: yes
configure:3117: checking whether gcc accepts -g
configure:3178: result: yes
configure:3195: checking for gcc option to accept ISO C89
configure:3271: result: none needed
configure:3296: checking whether gcc understands -c and -o together
configure:3333: result: yes
configure:3363: checking whether make supports nested variables
configure:3380: result: yes
configure:3403: checking whether to enable maintainer-specific portions of Makefiles
configure:3412: result: no
configure:3544: checking for g++
configure:3571: result: g++
configure:3598: checking for C++ compiler version
configure:3607: g++ --version >&5
g++ (Ubuntu 13.3.0-6ubuntu2~24.04) 13.3.0
Copyright (C) 2023 Free Software Foundation, Inc.
This is free software; see the source for copying conditions.  There is NO
warranty; not even for MERCHANTABILITY or FITNESS FOR A PARTICULAR PURPOSE.

configure:3618: $? = 0
configure:3607: g++ -v >&5
Using built-in specs.
COLLECT_GCC=/usr/bin/g++
COLLECT_LTO_WRAPPER=/usr/libexec/gcc/x86_64-linux-gnu/13/lto-wrapper
OFFLOAD_TARGET_NAMES=nvptx-none:amdgcn-amdhsa
OFFLOAD_TARGET_DEFAULT=1
Target: x86_64-linux-gnu
Configured with: ../src/configure -v --with-pkgversion='Ubuntu 13.3.0-6ubuntu2~24.04' --with-bugurl=file:///usr/share/doc/gcc-13/README.Bugs --enable-languages=c,ada,c++,go,d,fortran,objc,obj-c++,m2 --prefix=/usr --with-gcc-major-version-only --program-suffix=-13 --program-prefix=x86_64-linux-gnu- --enable-shared --enable-linker-build-id --libexecdir=/usr/libexec --without-included-gettext --enable-threads=posix --libdir=/usr/lib --enable-nls --enable-bootstrap --enable-clocale=gnu --enable-libstdcxx-debug --enable-libstdcxx-time=yes --with-default-libstdcxx-abi=new --enable-libstdcxx-backtrace --enable-gnu-unique-object --disable-vtable-verify --enable-plugin --enable-default-pie --with-system-zlib --enable-libphobos-checking=release --with-target-system-zlib=auto --enable-objc-gc=auto --enable-multiarch --disable-werror --enable-cet --with-arch-32=i686 --with-abi=m64 --with-multilib-list=m32,m64,mx32 --enable-multilib --with-tune=generic --enable-offload-targets=nvptx-none=/build/gcc-13-fG75Ri/gcc-13-13.3.0/debian/tmp-nvptx/usr,amdgcn-amdhsa=/build/gcc-13-fG75Ri/gcc-13-13.3.0/debian/tmp-gcn/usr --enable-offload-defaulted --without-cuda-driver --enable-checking=release --build=x86_64-linux-gnu --host=x86_64-linux-gnu --target=x86_64-linux-gnu --with-build-config=bootstrap-lto-lean --enable-link-serialization=2
Thread model: posix
Supported LTO compression algorithms: zlib zstd
gcc version 13.3.0 (Ubuntu 13.3.0-6ubuntu2~24.04) 
... rest of stderr output deleted ...
configure:3618: $? = 0
configure:3607: g++ -V >&5
g++: error: unrecognized command-line option '-V'
g++: fatal error: no input files
compilation terminated.
configure:3618: $? = 1
configure:3607: g++ -qversion >&5
g++: error: unrecognized command-line option '-qversion'; did you mean '--version'?
g++: fatal error: no input files
compilation terminated.
configure:3618: $? = 1
configure:3622: checking whether we are using the GNU C++ compiler
configure:3650: result: yes
configure:3659: checking whether g++ accepts -g
configure:3720: result: yes
configure:3744: checking if g++ supports -fdata-sections -ffunction-sections
configure:3765: g++ -c -Werror -fdata-sections -ffunction-sections  conftest.cpp >&5
configure:3765: $? = 0
configure:3767: result: yes
configure:3799: checking if  supports -Wl,--gc-sections
configure:3820: g++ -o conftest -g0 -O2  -Werror -Wl,--gc-sections conftest.cpp  >&5
configure:3820: $? = 0
configure:3822: result: yes
configure:3855: checking if  supports -Wl,-dead_strip
configure:3876: g++ -o conftest -g0 -O2  -Werror -Wl,-dead_strip conftest.cpp  >&5
/usr/bin/ld: Error: unable to disambiguate: -dead_strip (did you mean --dead_strip ?)
collect2: error: ld returned 1 exit status
configure:3876: $? = 1
configure: failed program was:
| /* confdefs.h */
| #define PACKAGE_NAME "capdDynSys-examples"
| #define PACKAGE_TARNAME "capddynsys-examples"
| #define PACKAGE_VERSION "5.1.2"
| #define PACKAGE_STRING "capdDynSys-examples 5.1.2"
| #define PACKAGE_BUGREPORT "http://capd.ii.uj.edu.pl"
| #define PACKAGE_URL "http://capd.ii.uj.edu.pl"
| /* end confdefs.h.  */
| 
| int
| main ()
| {
| 
|   ;
|   return 0;
| }
configure:3886: WARNING: no
configure:3957: checking for a BSD-compatible install
configure:4025: result: /usr/bin/install -c
configure:4036: checking whether build environment is sane (CAPD implementation)
configure:4127: result: yes
configure:4265: checking for a thread-safe mkdir -p
configure:4304: result: /usr/bin/mkdir -p
configure:4311: checking for gawk
configure:4338: result: gawk
configure:4349: checking whether make sets $(MAKE)
configure:4371: result: yes
configure:4393: checking whether make supports the include directive
configure:4408: make -f confmf.GNU && cat confinc.out
make[3]: Entering directory '/home/runner/work/probreacog/probreacog/_codeql_build_dir/external/tmp-capd/src/capdDynSys4/examples'
make[3]: Leaving directory '/home/runner/work/probreacog/probreacog/_codeql_build_dir/external/tmp-capd/src/capdDynSys4/examples'
this is the am__doit target
configure:4411: $? = 0
configure:4430: result: yes (GNU style)
configure:4511: checking how to create a pax tar archive
configure:4522: tar --version
tar (GNU tar) 1.35
Copyright (C) 2023 Free Software Foundation, Inc.
License GPLv3+: GNU GPL version 3 or later <https://gnu.org/licenses/gpl.html>.
This is free software: you are free to change and redistribute it.
There is NO WARRANTY, to the extent permitted by law.

Written by John Gilmore and Jay Fenlason.
configure:4525: $? = 0
configure:4593: result: gnutar
configure:4602: checking dependency style of gcc
configure:4713: result: gcc3
configure:4730: checking dependency style of g++
configure:4841: result: gcc3
configure:5121: checking whether g++ supports C++11 features by default
configure:5422: result: yes
configure:5849: checking for pkg-config
configure:5879: result: /usr/bin/pkg-config
configure:5904: checking pkg-config is at least version 0.9.0
configure:5907: result: yes
configure:5917: checking for capdAux
configure:5924: $PKG_CONFIG --exists --print-errors "capdAux >= 1.0"
configure:5927: $? = 0
configure:5941: $PKG_CONFIG --exists --print-errors "capdAux >= 1.0"
configure:5944: $? = 0
configure:6002: result: yes
configure:6010: checking for capdkrak
configure:6017: $PKG_CONFIG --exists --print-errors "capdkrak >= 1.0"
Package capdkrak was not found in the pkg-config search path.
Perhaps you should add the directory containing `capdkrak.pc'
to the PKG_CONFIG_PATH environment variable
Package 'capdkrak', required by 'virtual:world', not found
configure:6020: $? = 1
configure:6034: $PKG_CONFIG --exists --print-errors "capdkrak >= 1.0"
Package capdkrak was not found in the pkg-config search path.
Perhaps you should add the directory containing `capdkrak.pc'
to the PKG_CONFIG_PATH environment variable
Package 'capdkrak', required by 'virtual:world', not found
configure:6037: $? = 1
configure:6051: result: no
Package 'capdkrak', required by 'virtual:world', not found
configure:6090: checking for capdExt
configure:6097: $PKG_CONFIG --exists --print-errors "capdExt >= 1.0"
configure:6100: $? = 0
configure:6114: $PKG_CONFIG --exists --print-errors "capdExt >= 1.0"
configure:6117: $? = 0
configure:6175: result: yes
configure:6181: checking for capdDynSys
configure:6188: $PKG_CONFIG --exists --print-errors "capdDynSys >= 1.0"
configure:6191: $? = 0
configure:6205: $PKG_CONFIG --exists --print-errors "capdDynSys >= 1.0"
configure:6208: $? = 0
configure:6266: result: yes
configure:6272: checking for mpcapdDynSys
configure:6279: $PKG_CONFIG --exists --print-errors "mpcapdDynSys >= 1.0"
Package mpcapdDynSys was not found in the pkg-config search path.
Perhaps you should add the directory containing `mpcapdDynSys.pc'
to the PKG_CONFIG_PATH environment variable
Package 'mpcapdDynSys', required by 'virtual:world', not found
configure:6282: $? = 1
configure:6296: $PKG_CONFIG --exists --print-errors "mpcapdDynSys >= 1.0"
Package mpcapdDynSys was not found in the pkg-config search path.
Perhaps you should add the directory containing `mpcapdDynSys.pc'
to the PKG_CONFIG_PATH environment variable
Package 'mpcapdDynSys', required by 'virtual:world', not found
configure:6299: $? = 1
configure:6313: result: no
Package 'mpcapdDynSys', required by 'virtual:world', not found
configure:6513: checking for C++ compiler version
configure:6522: g++ --version >&5
g++ (Ubuntu 13.3.0-6ubuntu2~24.04) 13.3.0
Copyright (C) 2023 Free Software Foundation, Inc.
This is free software; see the source for copying conditions.  There is NO
warranty; not even for MERCHANTABILITY or FITNESS FOR A PARTICULAR PURPOSE.

configure:6533: $? = 0
configure:6522: g++ -v >&5
Using built-in specs.
COLLECT_GCC=/usr/bin/g++
COLLECT_LTO_WRAPPER=/usr/libexec/gcc/x86_64-linux-gnu/13/lto-wrapper
OFFLOAD_TARGET_NAMES=nvptx-none:amdgcn-amdhsa
OFFLOAD_TARGET_DEFAULT=1
Target: x86_64-linux-gnu
Configured with: ../src/configure -v --with-pkgversion='Ubuntu 13.3.0-6ubuntu2~24.04' --with-bugurl=file:///usr/share/doc/gcc-13/README.Bugs --enable-languages=c,ada,c++,go,d,fortran,objc,obj-c++,m2 --prefix=/usr --with-gcc-major-version-only --program-suffix=-13 --program-prefix=x86_64-linux-gnu- --enable-shared --enable-linker-build-id --libexecdir=/usr/libexec --without-included-gettext --enable-threads=posix --libdir=/usr/lib --enable-nls --enable-bootstrap --enable-clocale=gnu --enable-libstdcxx-debug --enable-libstdcxx-time=yes --with-default-libstdcxx-abi=new --enable-libstdcxx-backtrace --enable-gnu-unique-object --disable-vtable-verify --enable-plugin --enable-default-pie --with-system-zlib --enable-libphobos-checking=release --with-target-system-zlib=auto --enable-objc-gc=auto --enable-multiarch --disable-werror --enable-cet --with-arch-32=i686 --with-abi=m64 --with-multilib-list=m32,m64,mx32 --enable-multilib --with-tune=generic --enable-offload-targets=nvptx-none=/build/gcc-13-fG75Ri/gcc-13-13.3.0/debian/tmp-nvptx/usr,amdgcn-amdhsa=/build/gcc-13-fG75Ri/gcc-13-13.3.0/debian/tmp-gcn/usr --enable-offload-defaulted --without-cuda-driver --enable-checking=release --build=x86_64-linux-gnu --host=x86_64-linux-gnu --target=x86_64-linux-gnu --with-build-config=bootstrap-lto-lean --enable-link-serialization=2
Thread model: posix
Supported LTO compression algorithms: zlib zstd
gcc version 13.3.0 (Ubuntu 13.3.0-6ubuntu2~24.04) 
... rest of stderr output deleted ...
configure:6533: $? = 0
configure:6522: g++ -V >&5
g++: error: unrecognized command-line option '-V'
g++: fatal error: no input files
compilation terminated.
configure:6533: $? = 1
configure:6522: g++ -qversion >&5
g++: error: unrecognized command-line option '-qversion'; did you mean '--version'?
g++: fatal error: no input files
compilation terminated.
configure:6533: $? = 1
configure:6537: checking whether we are using the GNU C++ compiler
configure:6565: result: yes
configure:6574: checking whether g++ accepts -g
configure:6635: result: yes
configure:6687: checking build system type
configure:6701: result: x86_64-pc-linux-gnu
configure:6721: checking host system type
configure:6734: result: x86_64-pc-linux-gnu
configure:6775: checking how to print strings
configure:6802: result: printf
configure:6823: checking for a sed that does not truncate output
configure:6887: result: /usr/bin/sed
configure:6905: checking for grep that handles long lines and -e
configure:6963: result: /usr/bin/grep
configure:6968: checking for egrep
configure:7030: result: /usr/bin/grep -E
configure:7035: checking for fgrep
configure:7097: result: /usr/bin/grep -F
configure:7132: checking for ld used by gcc
configure:7199: result: /usr/bin/ld
configure:7206: checking if the linker (/usr/bin/ld) is GNU ld
configure:7221: result: yes
configure:7233: checking for BSD- or MS-compatible name lister (nm)
configure:7287: result: /usr/bin/nm -B
configure:7417: checking the name lister (/usr/bin/nm -B) interface
configure:7437: result: BSD nm
configure:7440: checking whether ln -s works
configure:7444: result: yes
configure:7452: checking the maximum length of command line arguments
configure:7583: result: 3145728
configure:7631: checking how to convert x86_64-pc-linux-gnu file names to x86_64-pc-linux-gnu format
configure:7671: result: func_convert_file_noop
configure:7678: checking how to convert x86_64-pc-linux-gnu file names to toolchain format
configure:7698: result: func_convert_file_noop
configure:7705: checking for /usr/bin/ld option to reload object files
configure:7712: result: -r
configure:7786: checking for objdump
configure:7813: result: objdump
configure:7845: checking how to recognize dependent libraries
configure:8045: result: pass_all
configure:8130: checking for dlltool
configure:8160: result: no
configure:8190: checking how to associate runtime and link libraries
configure:8217: result: printf %s\n
configure:8277: checking for ar
configure:8304: result: ar
configure:8341: checking for archiver @FILE support
configure:8384: result: @
configure:8442: checking for strip
configure:8469: result: strip
configure:8541: checking for ranlib
configure:8568: result: ranlib
configure:8670: checking command to parse /usr/bin/nm -B output from gcc object
configure:8937: result: ok
configure:8984: checking for sysroot
configure:9014: result: no
configure:9021: checking for a working dd
configure:9059: result: /usr/bin/dd
configure:9063: checking how to truncate binary pipes
configure:9078: result: /usr/bin/dd bs=4096 count=1
configure:9215: g++ -c -g0 -O2  conftest.cpp >&5
configure:9218: $? = 0
configure:9408: checking for mt
configure:9435: result: mt
configure:9458: checking if mt is a manifest tool
configure:9472: result: no
configure:10149: checking how to run the C preprocessor
configure:10219: result: gcc -E
configure:10239: gcc -E  conftest.c
configure:10239: $? = 0
configure:10253: gcc -E  conftest.c
conftest.c:10:10: fatal error: ac_nonexistent.h: No such file or directory
   10 | #include <ac_nonexistent.h>
      |          ^~~~~~~~~~~~~~~~~~
compilation terminated.
configure:10253: $? = 1
configure: failed program was:
| /* confdefs.h */
| #define PACKAGE_NAME "capdDynSys-examples"
| #define PACKAGE_TARNAME "capddynsys-examples"
| #define PACKAGE_VERSION "5.1.2"
| #define PACKAGE_STRING "capdDynSys-examples 5.1.2"
| #define PACKAGE_BUGREPORT "http://capd.ii.uj.edu.pl"
| #define PACKAGE_URL "http://capd.ii.uj.edu.pl"
| #define HAVE_CXX11 1
| /* end confdefs.h.  */
| #include <ac_nonexistent.h>
configure:10282: checking for ANSI C header files
configure:10386: result: yes
configure:10399: checking for sys/types.h
configure:10399: result: yes
configure:10399: checking for sys/stat.h
configure:10399: result: yes
configure:10399: checking for stdlib.h
configure:10399: result: yes
configure:10399: checking for string.h
configure:10399: result: yes
configure:10399: checking for memory.h
configure:10399: result: yes
configure:10399: checking for strings.h
configure:10399: result: yes
configure:10399: checking for inttypes.h
configure:10399: result: yes
configure:10399: checking for stdint.h
configure:10399: result: yes
configure:10399: checking for unistd.h
configure:10399: result: yes
configure:10413: checking for dlfcn.h
configure:10413: result: yes
configure:10679: checking for objdir
configure:10694: result: .libs
configure:10958: checking if gcc supports -fno-rtti -fno-exceptions
configure:10993: result: no
configure:11357: checking for gcc option to produce PIC
configure:11364: result: -fPIC -DPIC
configure:11372: checking if gcc PIC flag -fPIC -DPIC works
configure:11407: result: yes
configure:11436: checking if gcc static flag -static works
configure:11464: result: yes
configure:11479: checking if gcc supports -c -o file.o
configure:11526: result: yes
configure:11534: checking if gcc supports -c -o file.o
configure:11581: result: yes
configure:11614: checking whether the gcc linker (/usr/bin/ld -m elf_x86_64) supports shared libraries
configure:12877: result: yes
configure:12914: checking whether -lc should be explicitly linked in
configure:12957: result: no
configure:13117: checking dynamic linker characteristics
configure:13947: result: GNU/Linux ld.so
configure:14069: checking how to hardcode library paths into programs
configure:14094: result: immediate
configure:14642: checking whether stripping libraries is possible
configure:14647: result: yes
configure:14682: checking if libtool supports shared libraries
configure:14684: result: yes
configure:14687: checking whether to build shared libraries
configure:14712: result: yes
configure:14715: checking whether to build static libraries
configure:14719: result: yes
configure:14742: checking how to run the C++ preprocessor
configure:14808: result: g++ -E
configure:14828: g++ -E  conftest.cpp
configure:14828: $? = 0
configure:14842: g++ -E  conftest.cpp
conftest.cpp:22:10: fatal error: ac_nonexistent.h: No such file or directory
   22 | #include <ac_nonexistent.h>
      |          ^~~~~~~~~~~~~~~~~~
compilation terminated.
configure:14842: $? = 1
configure: failed program was:
| /* confdefs.h */
| #define PACKAGE_NAME "capdDynSys-examples"
| #define PACKAGE_TARNAME "capddynsys-examples"
| #define PACKAGE_VERSION "5.1.2"
| #define PACKAGE_STRING "capdDynSys-examples 5.1.2"
| #define PACKAGE_BUGREPORT "http://capd.ii.uj.edu.pl"
| #define PACKAGE_URL "http://capd.ii.uj.edu.pl"
| #define HAVE_CXX11 1
| #define STDC_HEADERS 1
| #define HAVE_SYS_TYPES_H 1
| #define HAVE_SYS_STAT_H 1
| #define HAVE_STDLIB_H 1
| #define HAVE_STRING_H 1
| #define HAVE_MEMORY_H 1
| #define HAVE_STRINGS_H 1
| #define HAVE_INTTYPES_H 1
| #define HAVE_STDINT_H 1
| #define HAVE_UNISTD_H 1
| #define HAVE_DLFCN_H 1
| #define LT_OBJDIR ".libs/"
| /* end confdefs.h.  */
| #include <ac_nonexistent.h>
configure:15004: checking for ld used by g++
configure:15071: result: /usr/bin/ld -m elf_x86_64
configure:15078: checking if the linker (/usr/bin/ld -m elf_x86_64) is GNU ld
configure:15093: result: yes
configure:15148: checking whether the g++ linker (/usr/bin/ld -m elf_x86_64) supports shared libraries
configure:16221: result: yes
configure:16257: g++ -c -g0 -O2  conftest.cpp >&5
configure:16260: $? = 0
configure:16741: checking for g++ option to produce PIC
configure:16748: result: -fPIC -DPIC
configure:16756: checking if g++ PIC flag -fPIC -DPIC works
configure:16791: result: yes
configure:16814: checking if g++ static flag -static works
configure:16842: result: yes
configure:16854: checking if g++ supports -c -o file.o
configure:16901: result: yes
configure:16906: checking if g++ supports -c -o file.o
configure:16953: result: yes
configure:16983: checking whether the g++ linker (/usr/bin/ld -m elf_x86_64) supports shared libraries
configure:17026: result: yes
configure:17167: checking dynamic linker characteristics
configure:17924: result: GNU/Linux ld.so
configure:17989: checking how to hardcode library paths into programs
configure:18014: result: immediate
configure:18135: updating cache ../.././capd.cache
configure:18248: creating ./config.status

## ---------------------- ##
## Running config.status. ##
## ---------------------- ##

This file was extended by capdDynSys-examples config.status 5.1.2, which was
generated by GNU Autoconf 2.69.  Invocation command line was

  CONFIG_FILES    = 
  CONFIG_HEADERS  = 
  CONFIG_LINKS    = 
  CONFIG_COMMANDS = 
  $ ./config.status 

on runnervmw9dnm

config.status:1237: creating Makefile
config.status:1237: creating maps/Makefile
config.status:1237: creating odes/Makefile
config.status:1237: creating odesrig/Makefile
config.status:1237: creating cndemo/Makefile
config.status:1237: creating coveringRelation/Makefile
config.status:1237: creating diffIncldemo/Makefile
config.status:1237: creating encloseTrajectory/Makefile
config.status:1237: creating graphicalSet/Makefile
config.status:1237: creating integrate/Makefile
config.status:1237: creating multiPrecision/Makefile
config.status:1237: creating newton/Makefile
config.status:1237: creating poincare/Makefile
config.status:1237: creating pointst/Makefile
config.status:1237: creating taylor/Makefile
config.status:1237: creating RosslerPeriodicOrbit/Makefile
config.status:1237: creating RosslerChaoticDynamics/Makefile
config.status:1237: creating LorenzPeriodicOrbit/Makefile
config.status:1237: creating invariantSet/Makefile
config.status:1237: creating config.h
config.status:1466: executing depfiles commands
config.status:1543: cd maps       && sed -e '/# am--include-marker/d' Makefile         | make -f - am--depfiles
make[3]: Entering directory '/home/runner/work/probreacog/probreacog/_codeql_build_dir/external/tmp-capd/src/capdDynSys4/examples/maps'
make[3]: Leaving directory '/home/runner/work/probreacog/probreacog/_codeql_build_dir/external/tmp-capd/src/capdDynSys4/examples/maps'
config.status:1548: $? = 0
config.status:1543: cd odes       && sed -e '/# am--include-marker/d' Makefile         | make -f - am--depfiles
make[3]: Entering directory '/home/runner/work/probreacog/probreacog/_codeql_build_dir/external/tmp-capd/src/capdDynSys4/examples/odes'
make[3]: Leaving directory '/home/runner/work/probreacog/probreacog/_codeql_build_dir/external/tmp-capd/src/capdDynSys4/examples/odes'
config.status:1548: $? = 0
config.status:1543: cd odesrig       && sed -e '/# am--include-marker/d' Makefile         | make -f - am--depfiles
make[3]: Entering directory '/home/runner/work/probreacog/probreacog/_codeql_build_dir/external/tmp-capd/src/capdDynSys4/examples/odesrig'
make[3]: Leaving directory '/home/runner/work/probreacog/probreacog/_codeql_build_dir/external/tmp-capd/src/capdDynSys4/examples/odesrig'
config.status:1548: $? = 0
config.status:1543: cd cndemo       && sed -e '/# am--include-marker/d' Makefile         | make -f - am--depfiles
make[3]: Entering directory '/home/runner/work/probreacog/probreacog/_codeql_build_dir/external/tmp-capd/src/capdDynSys4/examples/cndemo'
make[3]: Leaving directory '/home/runner/work/probreacog/probreacog/_codeql_build_dir/external/tmp-capd/src/capdDynSys4/examples/cndemo'
config.status:1548: $? = 0
config.status:1543: cd coveringRelation       && sed -e '/# am--include-marker/d' Makefile         | make -f - am--depfiles
make[3]: Entering directory '/home/runner/work/probreacog/probreacog/_codeql_build_dir/external/tmp-capd/src/capdDynSys4/examples/coveringRelation'
make[3]: Leaving directory '/home/runner/work/probreacog/probreacog/_codeql_build_dir/external/tmp-capd/src/capdDynSys4/examples/coveringRelation'
config.status:1548: $? = 0
config.status:1543: cd diffIncldemo       && sed -e '/# am--include-marker/d' Makefile         | make -f - am--depfiles
make[3]: Entering directory '/home/runner/work/probreacog/probreacog/_codeql_build_dir/external/tmp-capd/src/capdDynSys4/examples/diffIncldemo'
make[3]: Leaving directory '/home/runner/work/probreacog/probreacog/_codeql_build_dir/external/tmp-capd/src/capdDynSys4/examples/diffIncldemo'
config.status:1548: $? = 0
config.status:1543: cd encloseTrajectory       && sed -e '/# am--include-marker/d' Makefile         | make -f - am--depfiles
make[3]: Entering directory '/home/runner/work/probreacog/probreacog/_codeql_build_dir/external/tmp-capd/src/capdDynSys4/examples/encloseTrajectory'
make[3]: Leaving directory '/home/runner/work/probreacog/probreacog/_codeql_build_dir/external/tmp-capd/src/capdDynSys4/examples/encloseTrajectory'
config.status:1548: $? = 0
config.status:1543: cd graphicalSet       && sed -e '/# am--include-marker/d' Makefile         | make -f - am--depfiles
make[3]: Entering directory '/home/runner/work/probreacog/probreacog/_codeql_build_dir/external/tmp-capd/src/capdDynSys4/examples/graphicalSet'
make[3]: Leaving directory '/home/runner/work/probreacog/probreacog/_codeql_build_dir/external/tmp-capd/src/capdDynSys4/examples/graphicalSet'
config.status:1548: $? = 0
config.status:1543: cd integrate       && sed -e '/# am--include-marker/d' Makefile         | make -f - am--depfiles
make[3]: Entering directory '/home/runner/work/probreacog/probreacog/_codeql_build_dir/external/tmp-capd/src/capdDynSys4/examples/integrate'
make[3]: Leaving directory '/home/runner/work/probreacog/probreacog/_codeql_build_dir/external/tmp-capd/src/capdDynSys4/examples/integrate'
config.status:1548: $? = 0
config.status:1543: cd multiPrecision       && sed -e '/# am--include-marker/d' Makefile         | make -f - am--depfiles
make[3]: Entering directory '/home/runner/work/probreacog/probreacog/_codeql_build_dir/external/tmp-capd/src/capdDynSys4/examples/multiPrecision'
make[3]: Leaving directory '/home/runner/work/probreacog/probreacog/_codeql_build_dir/external/tmp-capd/src/capdDynSys4/examples/multiPrecision'
config.status:1548: $? = 0
config.status:1543: cd newton       && sed -e '/# am--include-marker/d' Makefile         | make -f - am--depfiles
make[3]: Entering directory '/home/runner/work/probreacog/probreacog/_codeql_build_dir/external/tmp-capd/src/capdDynSys4/examples/newton'
make[3]: Leaving directory '/home/runner/work/probreacog/probreacog/_codeql_build_dir/external/tmp-capd/src/capdDynSys4/examples/newton'
config.status:1548: $? = 0
config.status:1543: cd poincare       && sed -e '/# am--include-marker/d' Makefile         | make -f - am--depfiles
make[3]: Entering directory '/home/runner/work/probreacog/probreacog/_codeql_build_dir/external/tmp-capd/src/capdDynSys4/examples/poincare'
make[3]: Leaving directory '/home/runner/work/probreacog/probreacog/_codeql_build_dir/external/tmp-capd/src/capdDynSys4/examples/poincare'
config.status:1548: $? = 0
config.status:1543: cd pointst       && sed -e '/# am--include-marker/d' Makefile         | make -f - am--depfiles
make[3]: Entering directory '/home/runner/work/probreacog/probreacog/_codeql_build_dir/external/tmp-capd/src/capdDynSys4/examples/pointst'
make[3]: Leaving directory '/home/runner/work/probreacog/probreacog/_codeql_build_dir/external/tmp-capd/src/capdDynSys4/examples/pointst'
config.status:1548: $? = 0
config.status:1543: cd taylor       && sed -e '/# am--include-marker/d' Makefile         | make -f - am--depfiles
make[3]: Entering directory '/home/runner/work/probreacog/probreacog/_codeql_build_dir/external/tmp-capd/src/capdDynSys4/examples/taylor'
make[3]: Leaving directory '/home/runner/work/probreacog/probreacog/_codeql_build_dir/external/tmp-capd/src/capdDynSys4/examples/taylor'
config.status:1548: $? = 0
config.status:1543: cd RosslerPeriodicOrbit       && sed -e '/# am--include-marker/d' Makefile         | make -f - am--depfiles
make[3]: Entering directory '/home/runner/work/probreacog/probreacog/_codeql_build_dir/external/tmp-capd/src/capdDynSys4/examples/RosslerPeriodicOrbit'
make[3]: Leaving directory '/home/runner/work/probreacog/probreacog/_codeql_build_dir/external/tmp-capd/src/capdDynSys4/examples/RosslerPeriodicOrbit'
config.status:1548: $? = 0
config.status:1543: cd RosslerChaoticDynamics       && sed -e '/# am--include-marker/d' Makefile         | make -f - am--depfiles
make[3]: Entering directory '/home/runner/work/probreacog/probreacog/_codeql_build_dir/external/tmp-capd/src/capdDynSys4/examples/RosslerChaoticDynamics'
make[3]: Leaving directory '/home/runner/work/probreacog/probreacog/_codeql_build_dir/external/tmp-capd/src/capdDynSys4/examples/RosslerChaoticDynamics'
config.status:1548: $? = 0
config.status:1543: cd LorenzPeriodicOrbit       && sed -e '/# am--include-marker/d' Makefile         | make -f - am--depfiles
make[3]: Entering directory '/home/runner/work/probreacog/probreacog/_codeql_build_dir/external/tmp-capd/src/capdDynSys4/examples/LorenzPeriodicOrbit'
make[3]: Leaving directory '/home/runner/work/probreacog/probreacog/_codeql_build_dir/external/tmp-capd/src/capdDynSys4/examples/LorenzPeriodicOrbit'
config.status:1548: $? = 0
config.status:1543: cd invariantSet       && sed -e '/# am--include-marker/d' Makefile         | make -f - am--depfiles
make[3]: Entering directory '/home/runner/work/probreacog/probreacog/_codeql_build_dir/external/tmp-capd/src/capdDynSys4/examples/invariantSet'
make[3]: Leaving directory '/home/runner/work/probreacog/probreacog/_codeql_build_dir/external/tmp-capd/src/capdDynSys4/examples/invariantSet'
config.status:1548: $? = 0
config.status:1466: executing libtool commands

## ---------------- ##
## Cache variables. ##
## ---------------- ##

ac_cv_build=x86_64-pc-linux-gnu
ac_cv_c_compiler_gnu=yes
ac_cv_cxx_compiler_gnu=yes
ac_cv_env_BOOST_ROOT_set=
ac_cv_env_BOOST_ROOT_value=
ac_cv_env_CCC_set=
ac_cv_env_CCC_value=
ac_cv_env_CC_set=
ac_cv_env_CC_value=
ac_cv_env_CFLAGS_set=
ac_cv_env_CFLAGS_value=
ac_cv_env_CPPFLAGS_set=
ac_cv_env_CPPFLAGS_value=
ac_cv_env_CPP_set=
ac_cv_env_CPP_value=
ac_cv_env_CXXCPP_set=
ac_cv_env_CXXCPP_value=
ac_cv_env_CXXFLAGS_set=
ac_cv_env_CXXFLAGS_value=
ac_cv_env_CXX_set=
ac_cv_env_CXX_value=
ac_cv_env_LDFLAGS_set=
ac_cv_env_LDFLAGS_value=
ac_cv_env_LIBS_set=
ac_cv_env_LIBS_value=
ac_cv_env_LT_SYS_LIBRARY_PATH_set=
ac_cv_env_LT_SYS_LIBRARY_PATH_value=
ac_cv_env_PKG_CONFIG_LIBDIR_set=
ac_cv_env_PKG_CONFIG_LIBDIR_value=
ac_cv_env_PKG_CONFIG_PATH_set=set
ac_cv_env_PKG_CONFIG_PATH_value=/home/runner/work/probreacog/probreacog/_codeql_build_dir/external/tmp-capd/src/lib/pkgconfig-dev
ac_cv_env_PKG_CONFIG_set=
ac_cv_env_PKG_CONFIG_value=
ac_cv_env_X11_CFLAGS_set=
ac_cv_env_X11_CFLAGS_value=
ac_cv_env_X11_LIBS_set=
ac_cv_env_X11_LIBS_value=
ac_cv_env_build_alias_set=
ac_cv_env_build_alias_value=
ac_cv_env_capdAlg_CFLAGS_set=
ac_cv_env_capdAlg_CFLAGS_value=
ac_cv_env_capdAlg_LIBS_set=
ac_cv_env_capdAlg_LIBS_value=
ac_cv_env_capdAux_CFLAGS_set=
ac_cv_env_capdAux_CFLAGS_value=
ac_cv_env_capdAux_LIBS_set=
ac_cv_env_capdAux_LIBS_value=
ac_cv_env_capdDynSys_CFLAGS_set=
ac_cv_env_capdDynSys_CFLAGS_value=
ac_cv_env_capdDynSys_LIBS_set=
ac_cv_env_capdDynSys_LIBS_value=
ac_cv_env_capdExt_CFLAGS_set=
ac_cv_env_capdExt_CFLAGS_value=
ac_cv_env_capdExt_LIBS_set=
ac_cv_env_capdExt_LIBS_value=
ac_cv_env_capdauxil_CFLAGS_set=
ac_cv_env_capdauxil_CFLAGS_value=
ac_cv_env_capdauxil_LIBS_set=
ac_cv_env_capdauxil_LIBS_value=
ac_cv_env_capdbasicalg_CFLAGS_set=
ac_cv_env_capdbasicalg_CFLAGS_value=
ac_cv_env_capdbasicalg_LIBS_set=
ac_cv_env_capdbasicalg_LIBS_value=
ac_cv_env_capdintervals_CFLAGS_set=
ac_cv_env_capdintervals_CFLAGS_value=
ac_cv_env_capdintervals_LIBS_set=
ac_cv_env_capdintervals_LIBS_value=
ac_cv_env_capdkrak_CFLAGS_set=
ac_cv_env_capdkrak_CFLAGS_value=
ac_cv_env_capdkrak_LIBS_set=
ac_cv_env_capdkrak_LIBS_value=
ac_cv_env_capdmatrixAlgorithms_CFLAGS_set=
ac_cv_env_capdmatrixAlgorithms_CFLAGS_value=
ac_cv_env_capdmatrixAlgorithms_LIBS_set=
ac_cv_env_capdmatrixAlgorithms_LIBS_value=
ac_cv_env_capdrounding_CFLAGS_set=
ac_cv_env_capdrounding_CFLAGS_value=
ac_cv_env_capdrounding_LIBS_set=
ac_cv_env_capdrounding_LIBS_value=
ac_cv_env_capdvectalg_CFLAGS_set=
ac_cv_env_capdvectalg_CFLAGS_value=
ac_cv_env_capdvectalg_LIBS_set=
ac_cv_env_capdvectalg_LIBS_value=
ac_cv_env_host_alias_set=
ac_cv_env_host_alias_value=
ac_cv_env_liblog4cxx_CFLAGS_set=
ac_cv_env_liblog4cxx_CFLAGS_value=
ac_cv_env_liblog4cxx_LIBS_set=
ac_cv_env_liblog4cxx_LIBS_value=
ac_cv_env_mpcapdAlg_CFLAGS_set=
ac_cv_env_mpcapdAlg_CFLAGS_value=
ac_cv_env_mpcapdAlg_LIBS_set=
ac_cv_env_mpcapdAlg_LIBS_value=
ac_cv_env_mpcapdDynSys_CFLAGS_set=
ac_cv_env_mpcapdDynSys_CFLAGS_value=
ac_cv_env_mpcapdDynSys_LIBS_set=
ac_cv_env_mpcapdDynSys_LIBS_value=
ac_cv_env_mpcapdintervals_CFLAGS_set=
ac_cv_env_mpcapdintervals_CFLAGS_value=
ac_cv_env_mpcapdintervals_LIBS_set=
ac_cv_env_mpcapdintervals_LIBS_value=
ac_cv_env_mpcapdmatrixAlgorithms_CFLAGS_set=
ac_cv_env_mpcapdmatrixAlgorithms_CFLAGS_value=
ac_cv_env_mpcapdmatrixAlgorithms_LIBS_set=
ac_cv_env_mpcapdmatrixAlgorithms_LIBS_value=
ac_cv_env_mpcapdvectalg_CFLAGS_set=
ac_cv_env_mpcapdvectalg_CFLAGS_value=
ac_cv_env_mpcapdvectalg_LIBS_set=
ac_cv_env_mpcapdvectalg_LIBS_value=
ac_cv_env_target_alias_set=
ac_cv_env_target_alias_value=
ac_cv_header_dlfcn_h=yes
ac_cv_header_inttypes_h=yes
ac_cv_header_memory_h=yes
ac_cv_header_pari_pari_h=no
ac_cv_header_stdc=yes
ac_cv_header_stdint_h=yes
ac_cv_header_stdlib_h=yes
ac_cv_header_string_h=yes
ac_cv_header_strings_h=yes
ac_cv_header_sys_stat_h=yes
ac_cv_header_sys_types_h=yes
ac_cv_header_unistd_h=yes
ac_cv_host=x86_64-pc-linux-gnu
ac_cv_objext=o
ac_cv_path_EGREP='/usr/bin/grep -E'
ac_cv_path_FGREP='/usr/bin/grep -F'
ac_cv_path_GREP=/usr/bin/grep
ac_cv_path_SED=/usr/bin/sed
ac_cv_path_ac_pt_PKG_CONFIG=/usr/bin/pkg-config
ac_cv_path_install='/usr/bin/install -c'
ac_cv_path_lt_DD=/usr/bin/dd
ac_cv_path_mkdir=/usr/bin/mkdir
ac_cv_prog_AWK=gawk
ac_cv_prog_CPP='gcc -E'
ac_cv_prog_CXXCPP='g++ -E'
ac_cv_prog_ac_ct_AR=ar
ac_cv_prog_ac_ct_CC=gcc
ac_cv_prog_ac_ct_CXX=g++
ac_cv_prog_ac_ct_MANIFEST_TOOL=mt
ac_cv_prog_ac_ct_OBJDUMP=objdump
ac_cv_prog_ac_ct_RANLIB=ranlib
ac_cv_prog_ac_ct_STRIP=strip
ac_cv_prog_cc_c89=
ac_cv_prog_cc_g=yes
ac_cv_prog_cxx_g=yes
ac_cv_prog_make_make_set=yes
am_cv_CC_dependencies_compiler_type=gcc3
am_cv_CXX_dependencies_compiler_type=gcc3
am_cv_make_support_nested_variables=yes
am_cv_prog_cc_c_o=yes
am_cv_prog_tar_pax=gnutar
ax_cv_cxx_compile_cxx11=yes
boost_cv_inc_path=no
boost_cv_lib_tag=unknown
boost_cv_version=no
lt_cv_ar_at_file=@
lt_cv_archive_cmds_need_lc=no
lt_cv_deplibs_check_method=pass_all
lt_cv_file_magic_cmd='$MAGIC_CMD'
lt_cv_file_magic_test_file=
lt_cv_ld_reload_flag=-r
lt_cv_nm_interface='BSD nm'
lt_cv_objdir=.libs
lt_cv_path_LD=/usr/bin/ld
lt_cv_path_LDCXX='/usr/bin/ld -m elf_x86_64'
lt_cv_path_NM='/usr/bin/nm -B'
lt_cv_path_mainfest_tool=no
lt_cv_prog_compiler_c_o=yes
lt_cv_prog_compiler_c_o_CXX=yes
lt_cv_prog_compiler_pic='-fPIC -DPIC'
lt_cv_prog_compiler_pic_CXX='-fPIC -DPIC'
lt_cv_prog_compiler_pic_works=yes
lt_cv_prog_compiler_pic_works_CXX=yes
lt_cv_prog_compiler_rtti_exceptions=no
lt_cv_prog_compiler_static_works=yes
lt_cv_prog_compiler_static_works_CXX=yes
lt_cv_prog_gnu_ld=yes
lt_cv_prog_gnu_ldcxx=yes
lt_cv_sharedlib_from_linklib_cmd='printf %s\n'
lt_cv_shlibpath_overrides_runpath=yes
lt_cv_sys_global_symbol_pipe='sed -n -e '\''s/^.*[	 ]\([ABCDGIRSTW][ABCDGIRSTW]*\)[	 ][	 ]*\([_A-Za-z][_A-Za-z0-9]*\)$/\1 \2 \2/p'\'' | sed '\''/ __gnu_lto/d'\'''
lt_cv_sys_global_symbol_to_c_name_address='sed -n -e '\''s/^: \(.*\) .*$/  {"\1", (void *) 0},/p'\'' -e '\''s/^[ABCDGIRSTW][ABCDGIRSTW]* .* \(.*\)$/  {"\1", (void *) \&\1},/p'\'''
lt_cv_sys_global_symbol_to_c_name_address_lib_prefix='sed -n -e '\''s/^: \(.*\) .*$/  {"\1", (void *) 0},/p'\'' -e '\''s/^[ABCDGIRSTW][ABCDGIRSTW]* .* \(lib.*\)$/  {"\1", (void *) \&\1},/p'\'' -e '\''s/^[ABCDGIRSTW][ABCDGIRSTW]* .* \(.*\)$/  {"lib\1", (void *) \&\1},/p'\'''
lt_cv_sys_global_symbol_to_cdecl='sed -n -e '\''s/^T .* \(.*\)$/extern int \1();/p'\'' -e '\''s/^[ABCDGIRSTW][ABCDGIRSTW]* .* \(.*\)$/extern char \1;/p'\'''
lt_cv_sys_global_symbol_to_import=
lt_cv_sys_max_cmd_len=3145728
lt_cv_to_host_file_cmd=func_convert_file_noop
lt_cv_to_tool_file_cmd=func_convert_file_noop
lt_cv_truncate_bin='/usr/bin/dd bs=4096 count=1'
pkg_cv_capdAlg_CFLAGS='-I/home/runner/work/probreacog/probreacog/_codeql_build_dir/external/tmp-capd/src/capdAlg/include -I/home/runner/work/probreacog/probreacog/_codeql_build_dir/external/tmp-capd/src/capdAux/include -I/home/runner/work/probreacog/probreacog/_codeql_build_dir/external/tmp-capd/src/capdExt/include -frounding-math '
pkg_cv_capdAlg_LIBS='/home/runner/work/probreacog/probreacog/_codeql_build_dir/external/tmp-capd/src/capdAlg/src/capd/matrixAlgorithms/libcapdmatrixAlgorithms.la /home/runner/work/probreacog/probreacog/_codeql_build_dir/external/tmp-capd/src/capdAlg/src/capd/vectalg/libcapdvectalg.la /home/runner/work/probreacog/probreacog/_codeql_build_dir/external/tmp-capd/src/capdAlg/src/capd/intervals/libcapdintervals.la /home/runner/work/probreacog/probreacog/_codeql_build_dir/external/tmp-capd/src/capdAlg/src/capd/rounding/libcapdrounding.la /home/runner/work/probreacog/probreacog/_codeql_build_dir/external/tmp-capd/src/capdAlg/src/capd/basicalg/libcapdbasicalg.la /home/runner/work/probreacog/probreacog/_codeql_build_dir/external/tmp-capd/src/capdAlg/src/capd/rings/libcapdrings.la /home/runner/work/probreacog/probreacog/_codeql_build_dir/external/tmp-capd/src/capdExt/src/capd/alglib/libcapdalglib.la /home/runner/work/probreacog/probreacog/_codeql_build_dir/external/tmp-capd/src/capdAux/src/capd/auxil/libcapdauxil.la '
pkg_cv_capdAux_CFLAGS='-I/home/runner/work/probreacog/probreacog/_codeql_build_dir/external/tmp-capd/src/capdAux/include '
pkg_cv_capdAux_LIBS='/home/runner/work/probreacog/probreacog/_codeql_build_dir/external/tmp-capd/src/capdAux/src/capd/auxil/libcapdauxil.la '
pkg_cv_capdDynSys_CFLAGS='-I/home/runner/work/probreacog/probreacog/_codeql_build_dir/external/tmp-capd/src/capdDynSys4/include -I/home/runner/work/probreacog/probreacog/_codeql_build_dir/external/tmp-capd/src/capdAlg/include -I/home/runner/work/probreacog/probreacog/_codeql_build_dir/external/tmp-capd/src/capdAux/include -I/home/runner/work/probreacog/probreacog/_codeql_build_dir/external/tmp-capd/src/capdExt/include -frounding-math '
pkg_cv_capdDynSys_LIBS='/home/runner/work/probreacog/probreacog/_codeql_build_dir/external/tmp-capd/src/capdDynSys4/src/capd/covrel/libcapdcovrel.la /home/runner/work/probreacog/probreacog/_codeql_build_dir/external/tmp-capd/src/capdDynSys4/src/capd/diffIncl/libcapddiffIncl.la /home/runner/work/probreacog/probreacog/_codeql_build_dir/external/tmp-capd/src/capdDynSys4/src/capd/poincare/libcapdpoincare.la /home/runner/work/probreacog/probreacog/_codeql_build_dir/external/tmp-capd/src/capdDynSys4/src/capd/diffAlgebra/libcapddiffAlgebra.la /home/runner/work/probreacog/probreacog/_codeql_build_dir/external/tmp-capd/src/capdDynSys4/src/capd/dynsys/libcapddynsys.la /home/runner/work/probreacog/probreacog/_codeql_build_dir/external/tmp-capd/src/capdDynSys4/src/capd/map/libcapdmap.la /home/runner/work/probreacog/probreacog/_codeql_build_dir/external/tmp-capd/src/capdDynSys4/src/capd/autodiff/libcapdautodiff.la /home/runner/work/probreacog/probreacog/_codeql_build_dir/external/tmp-capd/src/capdDynSys4/src/capd/dynset/libcapddynset.la /home/runner/work/probreacog/probreacog/_codeql_build_dir/external/tmp-capd/src/capdDynSys4/src/capd/geomset/libcapdgeomset.la /home/runner/work/probreacog/probreacog/_codeql_build_dir/external/tmp-capd/src/capdAlg/src/capd/matrixAlgorithms/libcapdmatrixAlgorithms.la /home/runner/work/probreacog/probreacog/_codeql_build_dir/external/tmp-capd/src/capdAlg/src/capd/vectalg/libcapdvectalg.la /home/runner/work/probreacog/probreacog/_codeql_build_dir/external/tmp-capd/src/capdAlg/src/capd/intervals/libcapdintervals.la /home/runner/work/probreacog/probreacog/_codeql_build_dir/external/tmp-capd/src/capdAlg/src/capd/rounding/libcapdrounding.la /home/runner/work/probreacog/probreacog/_codeql_build_dir/external/tmp-capd/src/capdAlg/src/capd/basicalg/libcapdbasicalg.la /home/runner/work/probreacog/probreacog/_codeql_build_dir/external/tmp-capd/src/capdAlg/src/capd/rings/libcapdrings.la /home/runner/work/probreacog/probreacog/_codeql_build_dir/external/tmp-capd/src/capdAux/src/capd/auxil/libcapdauxil.la /home/runner/work/probreacog/probreacog/_codeql_build_dir/external/tmp-capd/src/capdExt/src/capd/alglib/libcapdalglib.la '
pkg_cv_capdExt_CFLAGS='-I/home/runner/work/probreacog/probreacog/_codeql_build_dir/external/tmp-capd/src/capdExt/include '
pkg_cv_capdExt_LIBS='/home/runner/work/probreacog/probreacog/_codeql_build_dir/external/tmp-capd/src/capdExt/src/capd/alglib/libcapdalglib.la '
pkg_cv_capdauxil_CFLAGS='-I/home/runner/work/probreacog/probreacog/_codeql_build_dir/external/tmp-capd/src/capdAux/include '
pkg_cv_capdauxil_LIBS='/home/runner/work/probreacog/probreacog/_codeql_build_dir/external/tmp-capd/src/capdAux/src/capd/auxil/libcapdauxil.la '
pkg_cv_capdbasicalg_CFLAGS='-frounding-math -I/home/runner/work/probreacog/probreacog/_codeql_build_dir/external/tmp-capd/src/capdAlg/include '
pkg_cv_capdbasicalg_LIBS='/home/runner/work/probreacog/probreacog/_codeql_build_dir/external/tmp-capd/src/capdAlg/src/capd/basicalg/libcapdbasicalg.la '
pkg_cv_capdintervals_CFLAGS='-I/home/runner/work/probreacog/probreacog/_codeql_build_dir/external/tmp-capd/src/capdAlg/include -I/home/runner/work/probreacog/probreacog/_codeql_build_dir/external/tmp-capd/src/capdAux/include -frounding-math -I/home/runner/work/probreacog/probreacog/_codeql_build_dir/external/tmp-capd/src/capdExt/include '
pkg_cv_capdintervals_LIBS='/home/runner/work/probreacog/probreacog/_codeql_build_dir/external/tmp-capd/src/capdAlg/src/capd/intervals/libcapdintervals.la /home/runner/work/probreacog/probreacog/_codeql_build_dir/external/tmp-capd/src/capdAux/src/capd/auxil/libcapdauxil.la /home/runner/work/probreacog/probreacog/_codeql_build_dir/external/tmp-capd/src/capdAlg/src/capd/rounding/libcapdrounding.la /home/runner/work/probreacog/probreacog/_codeql_build_dir/external/tmp-capd/src/capdAlg/src/capd/basicalg/libcapdbasicalg.la /home/runner/work/probreacog/probreacog/_codeql_build_dir/external/tmp-capd/src/capdExt/src/capd/alglib/libcapdalglib.la '
pkg_cv_capdmatrixAlgorithms_CFLAGS='-frounding-math -I/home/runner/work/probreacog/probreacog/_codeql_build_dir/external/tmp-capd/src/capdAlg/include '
pkg_cv_capdmatrixAlgorithms_LIBS='/home/runner/work/probreacog/probreacog/_codeql_build_dir/external/tmp-capd/src/capdAlg/src/capd/matrixAlgorithms/libcapdmatrixAlgorithms.la '
pkg_cv_capdrounding_CFLAGS='-frounding-math -I/home/runner/work/probreacog/probreacog/_codeql_build_dir/external/tmp-capd/src/capdAlg/include '
pkg_cv_capdrounding_LIBS='/home/runner/work/probreacog/probreacog/_codeql_build_dir/external/tmp-capd/src/capdAlg/src/capd/rounding/libcapdrounding.la '
pkg_cv_capdvectalg_CFLAGS='-I/home/runner/work/probreacog/probreacog/_codeql_build_dir/external/tmp-capd/src/capdAlg/include -I/home/runner/work/probreacog/probreacog/_codeql_build_dir/external/tmp-capd/src/capdAux/include -I/home/runner/work/probreacog/probreacog/_codeql_build_dir/external/tmp-capd/src/capdExt/include -frounding-math '
pkg_cv_capdvectalg_LIBS='/home/runner/work/probreacog/probreacog/_codeql_build_dir/external/tmp-capd/src/capdAlg/src/capd/vectalg/libcapdvectalg.la /home/runner/work/probreacog/probreacog/_codeql_build_dir/external/tmp-capd/src/capdAlg/src/capd/intervals/libcapdintervals.la /home/runner/work/probreacog/probreacog/_codeql_build_dir/external/tmp-capd/src/capdAux/src/capd/auxil/libcapdauxil.la /home/runner/work/probreacog/probreacog/_codeql_build_dir/external/tmp-capd/src/capdAlg/src/capd/rounding/libcapdrounding.la /home/runner/work/probreacog/probreacog/_codeql_build_dir/external/tmp-capd/src/capdExt/src/capd/alglib/libcapdalglib.la /home/runner/work/probreacog/probreacog/_codeql_build_dir/external/tmp-capd/src/capdAlg/src/capd/basicalg/libcapdbasicalg.la '

## ----------------- ##
## Output variables. ##
## ----------------- ##

ACLOCAL='${SHELL} /home/runner/work/probreacog/probreacog/_codeql_build_dir/external/tmp-capd/src/capdMake/ac_aux/missing aclocal-1.16'
AMDEPBACKSLASH='\'
AMDEP_FALSE='#'
AMDEP_TRUE=''
AMTAR='$${TAR-tar}'
AM_BACKSLASH='\'
AM_CPPFLAGS='-I$(top_builddir)/include -I$(top_srcdir)/include -DFILE_BUILD_DIR=\"$(abs_builddir)\" ${CAPD_AM_CPPFLAGS}'
AM_CXXFLAGS='-I$(top_builddir)/include -I$(top_srcdir)/include -DFILE_BUILD_DIR=\"$(abs_builddir)\" ${CAPD_AM_CXXFLAGS}'
AM_DEFAULT_V='$(AM_DEFAULT_VERBOSITY)'
AM_DEFAULT_VERBOSITY='0'
AM_LDFLAGS='$(CAPD_AM_LDFLAGS)'
AM_V='$(V)'
AR='ar'
AUTOCONF='${SHELL} /home/runner/work/probreacog/probreacog/_codeql_build_dir/external/tmp-capd/src/capdMake/ac_aux/missing autoconf'
AUTOHEADER='${SHELL} /home/runner/work/probreacog/probreacog/_codeql_build_dir/external/tmp-capd/src/capdMake/ac_aux/missing autoheader'
AUTOMAKE='${SHELL} /home/runner/work/probreacog/probreacog/_codeql_build_dir/external/tmp-capd/src/capdMake/ac_aux/missing automake-1.16'
AWK='gawk'
CAPD_AM_CPPFLAGS=' -g0 -O2'
CAPD_AM_CXXFLAGS=' -g0 -O2 -DBOOST_DISABLE_ASSERTS -fdata-sections -ffunction-sections'
CAPD_AM_LDFLAGS=' -Wl,--gc-sections'
CAPD_CXXFLAGS_CXX11='-g0 -O2 -std=c++11'
CAPD_VERSION_INFO='4:1:0'
CC='gcc'
CCDEPMODE='depmode=gcc3'
CFLAGS='-g -O2'
CPP='gcc -E'
CPPFLAGS=''
CXX='g++'
CXXCPP='g++ -E'
CXXDEPMODE='depmode=gcc3'
CXXFLAGS='-g0 -O2'
CXX_FLAG_capd_fsections='-fdata-sections -ffunction-sections'
CXX_FLAG_capd_fsections_FALSE='#'
CXX_FLAG_capd_fsections_TRUE=''
CYGPATH_W='echo'
DEFS='-DHAVE_CONFIG_H'
DEPDIR='.deps'
DLLTOOL='false'
DSYMUTIL=''
DUMPBIN=''
ECHO_C=''
ECHO_N='-n'
ECHO_T=''
EGREP='/usr/bin/grep -E'
EXEEXT=''
FGREP='/usr/bin/grep -F'
GREP='/usr/bin/grep'
HAVE_CXX11='yes'
HAVE_CXX11_FALSE='#'
HAVE_CXX11_TRUE=''
HAVE_LIBmpfr_FALSE=''
HAVE_LIBmpfr_TRUE='#'
HAVE_OPENMP_CXX11_FALSE=''
HAVE_OPENMP_CXX11_TRUE='#'
HAVE_capdkrak_FALSE=''
HAVE_capdkrak_TRUE='#'
HAVE_mpcapdDynSys_FALSE=''
HAVE_mpcapdDynSys_TRUE='#'
INSTALL_DATA='${INSTALL} -m 644'
INSTALL_PROGRAM='${INSTALL}'
INSTALL_SCRIPT='${INSTALL}'
INSTALL_STRIP_PROGRAM='$(install_sh) -c -s'
LD='/usr/bin/ld -m elf_x86_64'
LDFLAGS=''
LD_FLAG_capd_dead_strip=''
LD_FLAG_capd_dead_strip_FALSE='#'
LD_FLAG_capd_dead_strip_TRUE=''
LD_FLAG_capd_gc_sections='-Wl,--gc-sections'
LD_FLAG_capd_gc_sections_FALSE='#'
LD_FLAG_capd_gc_sections_TRUE=''
LIBCAPD_LDFLAGS='-Wl,-Bstatic'
LIBOBJS=''
LIBS=''
LIBTOOL='$(SHELL) $(top_builddir)/libtool'
LIPO=''
LN_S='ln -s'
LTLIBOBJS=''
LT_SYS_LIBRARY_PATH=''
MAINT='#'
MAINTAINER_MODE_FALSE=''
MAINTAINER_MODE_TRUE='#'
MAKEINFO='${SHELL} /home/runner/work/probreacog/probreacog/_codeql_build_dir/external/tmp-capd/src/capdMake/ac_aux/missing makeinfo'
MANIFEST_TOOL=':'
MKDIR_P='/usr/bin/mkdir -p'
NM='/usr/bin/nm -B'
NMEDIT=''
OBJDUMP='objdump'
OBJEXT='o'
OTOOL64=''
OTOOL=''
PACKAGE='capddynsys-examples'
PACKAGE_BUGREPORT='http://capd.ii.uj.edu.pl'
PACKAGE_NAME='capdDynSys-examples'
PACKAGE_STRING='capdDynSys-examples 5.1.2'
PACKAGE_TARNAME='capddynsys-examples'
PACKAGE_URL='http://capd.ii.uj.edu.pl'
PACKAGE_VERSION='5.1.2'
PATH_SEPARATOR=':'
PKG_CONFIG='/usr/bin/pkg-config'
PKG_CONFIG_DEV_DIR='/home/runner/work/probreacog/probreacog/_codeql_build_dir/external/tmp-capd/src/lib/pkgconfig-dev'
PKG_CONFIG_DIR='${libdir}/pkgconfig'
PKG_CONFIG_LIBDIR=''
PKG_CONFIG_PATH='/home/runner/work/probreacog/probreacog/_codeql_build_dir/external/tmp-capd/src/lib/pkgconfig-dev:/home/runner/work/probreacog/probreacog/_codeql_build_dir/external/tmp-capd/src/lib/pkgconfig-dev'
RANLIB='ranlib'
SED='/usr/bin/sed'
SET_MAKE=''
SHELL='/bin/bash'
STRIP='strip'
VERSION='5.1.2'
WITH_CAPD_EXAMPLES_FALSE='#'
WITH_CAPD_EXAMPLES_TRUE=''
ac_ct_AR='ar'
ac_ct_CC='gcc'
ac_ct_CXX='g++'
ac_ct_DUMPBIN=''
am__EXEEXT_FALSE=''
am__EXEEXT_TRUE='#'
am__fastdepCC_FALSE='#'
am__fastdepCC_TRUE=''
am__fastdepCXX_FALSE='#'
am__fastdepCXX_TRUE=''
am__include='include'
am__isrc=''
am__leading_dot='.'
am__nodep='_no'
am__quote=''
am__tar='tar --format=posix -chf - "$$tardir"'
am__untar='tar -xf -'
bindir='${exec_prefix}/bin'
build='x86_64-pc-linux-gnu'
build_alias=''
build_cpu='x86_64'
build_os='linux-gnu'
build_vendor='pc'
capdAux_CFLAGS='-I/home/runner/work/probreacog/probreacog/_codeql_build_dir/external/tmp-capd/src/capdAux/include '
capdAux_LIBS='/home/runner/work/probreacog/probreacog/_codeql_build_dir/external/tmp-capd/src/capdAux/src/capd/auxil/libcapdauxil.la '
capdDynSys_CFLAGS='-I/home/runner/work/probreacog/probreacog/_codeql_build_dir/external/tmp-capd/src/capdDynSys4/include -I/home/runner/work/probreacog/probreacog/_codeql_build_dir/external/tmp-capd/src/capdAlg/include -I/home/runner/work/probreacog/probreacog/_codeql_build_dir/external/tmp-capd/src/capdAux/include -I/home/runner/work/probreacog/probreacog/_codeql_build_dir/external/tmp-capd/src/capdExt/include -frounding-math '
capdDynSys_LIBS='/home/runner/work/probreacog/probreacog/_codeql_build_dir/external/tmp-capd/src/capdDynSys4/src/capd/covrel/libcapdcovrel.la /home/runner/work/probreacog/probreacog/_codeql_build_dir/external/tmp-capd/src/capdDynSys4/src/capd/diffIncl/libcapddiffIncl.la /home/runner/work/probreacog/probreacog/_codeql_build_dir/external/tmp-capd/src/capdDynSys4/src/capd/poincare/libcapdpoincare.la /home/runner/work/probreacog/probreacog/_codeql_build_dir/external/tmp-capd/src/capdDynSys4/src/capd/diffAlgebra/libcapddiffAlgebra.la /home/runner/work/probreacog/probreacog/_codeql_build_dir/external/tmp-capd/src/capdDynSys4/src/capd/dynsys/libcapddynsys.la /home/runner/work/probreacog/probreacog/_codeql_build_dir/external/tmp-capd/src/capdDynSys4/src/capd/map/libcapdmap.la /home/runner/work/probreacog/probreacog/_codeql_build_dir/external/tmp-capd/src/capdDynSys4/src/capd/autodiff/libcapdautodiff.la /home/runner/work/probreacog/probreacog/_codeql_build_dir/external/tmp-capd/src/capdDynSys4/src/capd/dynset/libcapddynset.la /home/runner/work/probreacog/probreacog/_codeql_build_dir/external/tmp-capd/src/capdDynSys4/src/capd/geomset/libcapdgeomset.la /home/runner/work/probreacog/probreacog/_codeql_build_dir/external/tmp-capd/src/capdAlg/src/capd/matrixAlgorithms/libcapdmatrixAlgorithms.la /home/runner/work/probreacog/probreacog/_codeql_build_dir/external/tmp-capd/src/capdAlg/src/capd/vectalg/libcapdvectalg.la /home/runner/work/probreacog/probreacog/_codeql_build_dir/external/tmp-capd/src/capdAlg/src/capd/intervals/libcapdintervals.la /home/runner/work/probreacog/probreacog/_codeql_build_dir/external/tmp-capd/src/capdAlg/src/capd/rounding/libcapdrounding.la /home/runner/work/probreacog/probreacog/_codeql_build_dir/external/tmp-capd/src/capdAlg/src/capd/basicalg/libcapdbasicalg.la /home/runner/work/probreacog/probreacog/_codeql_build_dir/external/tmp-capd/src/capdAlg/src/capd/rings/libcapdrings.la /home/runner/work/probreacog/probreacog/_codeql_build_dir/external/tmp-capd/src/capdAux/src/capd/auxil/libcapdauxil.la /home/runner/work/probreacog/probreacog/_codeql_build_dir/external/tmp-capd/src/capdExt/src/capd/alglib/libcapdalglib.la '
capdExt_CFLAGS='-I/home/runner/work/probreacog/probreacog/_codeql_build_dir/external/tmp-capd/src/capdExt/include '
capdExt_LIBS='/home/runner/work/probreacog/probreacog/_codeql_build_dir/external/tmp-capd/src/capdExt/src/capd/alglib/libcapdalglib.la '
capdMake='/home/runner/work/probreacog/probreacog/_codeql_build_dir/external/tmp-capd/src/capdDynSys4/examples/./../../capdMake'
capd_build_dir='/home/runner/work/probreacog/probreacog/_codeql_build_dir/external/tmp-capd/src/capdDynSys4/examples/./../..'
capd_src_dir='/home/runner/work/probreacog/probreacog/_codeql_build_dir/external/tmp-capd/src/capdDynSys4/examples/./../..'
capdkrak_CFLAGS=''
capdkrak_LIBS=''
datadir='${datarootdir}'
datarootdir='${prefix}/share'
docdir='${datarootdir}/doc/${PACKAGE_TARNAME}'
dvidir='${docdir}'
exec_prefix='${prefix}'
host='x86_64-pc-linux-gnu'
host_alias=''
host_cpu='x86_64'
host_os='linux-gnu'
host_vendor='pc'
htmldir='${docdir}'
includedir='${prefix}/include'
infodir='${datarootdir}/info'
install_sh='${SHELL} /home/runner/work/probreacog/probreacog/_codeql_build_dir/external/tmp-capd/src/capdMake/ac_aux/install-sh'
libdir='${exec_prefix}/lib'
libexecdir='${exec_prefix}/libexec'
localedir='${datarootdir}/locale'
localstatedir='${prefix}/var'
mandir='${datarootdir}/man'
mkdir_p='$(MKDIR_P)'
mpcapdDynSys_CFLAGS=''
mpcapdDynSys_LIBS=''
mpfr_CFLAGS=''
mpfr_LIBS=''
oldincludedir='/usr/include'
pdfdir='${docdir}'
prefix='/home/runner/work/probreacog/probreacog/_codeql_build_dir/external/capd'
program_transform_name='s,x,x,'
psdir='${docdir}'
runstatedir='${localstatedir}/run'
sbindir='${exec_prefix}/sbin'
sharedstatedir='${prefix}/com'
sysconfdir='${prefix}/etc'
target_alias=''
top_capd='./../..'

## ----------- ##
## confdefs.h. ##
## ----------- ##

/* confdefs.h */
#define PACKAGE_NAME "capdDynSys-examples"
#define PACKAGE_TARNAME "capddynsys-examples"
#define PACKAGE_VERSION "5.1.2"
#define PACKAGE_STRING "capdDynSys-examples 5.1.2"
#define PACKAGE_BUGREPORT "http://capd.ii.uj.edu.pl"
#define PACKAGE_URL "http://capd.ii.uj.edu.pl"
#define HAVE_CXX11 1
#define STDC_HEADERS 1
#define HAVE_SYS_TYPES_H 1
#define HAVE_SYS_STAT_H 1
#define HAVE_STDLIB_H 1
#define HAVE_STRING_H 1
#define HAVE_MEMORY_H 1
#define HAVE_STRINGS_H 1
#define HAVE_INTTYPES_H 1
#define HAVE_STDINT_H 1
#define HAVE_UNISTD_H 1
#define HAVE_DLFCN_H 1
#define LT_OBJDIR ".libs/"

configure: exit 0
