This file contains any messages produced by compilers while
running configure, to aid debugging if configure makes a mistake.

It was created by capd configure 5.1.2, which was
generated by GNU Autoconf 2.69.  Invocation command line was

  $ /home/runner/work/probreacog/probreacog/_codeql_build_dir/external/tmp-capd/src/configure C=/home/runner/work/probreacog/.codeql-scratch/dbs/cpp/working/autobuild/bin/cc XX=/home/runner/work/probreacog/.codeql-scratch/dbs/cpp/working/autobuild/bin/c++ --prefix=/home/runner/work/probreacog/probreacog/_codeql_build_dir/external/capd --without-gui --with-mpfr=no --with-filib=no

## --------- ##
## Platform. ##
## --------- ##

hostname = runnervmw9dnm
uname -m = x86_64
uname -r = 6.11.0-1018-azure
uname -s = Linux
uname -v = #18~24.04.1-Ubuntu SMP Sat Jun 28 04:46:03 UTC 2025

/usr/bin/uname -p = x86_64
/bin/uname -X     = unknown

/bin/arch              = x86_64
/usr/bin/arch -k       = unknown
/usr/convex/getsysinfo = unknown
/usr/bin/hostinfo      = unknown
/bin/machine           = unknown
/usr/bin/oslevel       = unknown
/bin/universe          = unknown

PATH: /home/runner/work/probreacog/.codeql-scratch/dbs/cpp/working/autobuild/bin
PATH: /snap/bin
PATH: /home/runner/.local/bin
PATH: /opt/pipx_bin
PATH: /home/runner/.cargo/bin
PATH: /home/runner/.config/composer/vendor/bin
PATH: /usr/local/.ghcup/bin
PATH: /home/runner/.dotnet/tools
PATH: /usr/local/sbin
PATH: /usr/local/bin
PATH: /usr/sbin
PATH: /usr/bin
PATH: /sbin
PATH: /bin
PATH: /usr/games
PATH: /usr/local/games
PATH: /snap/bin


## ----------- ##
## Core tests. ##
## ----------- ##

configure:2132: checking for gcc
configure:2148: found /home/runner/work/probreacog/.codeql-scratch/dbs/cpp/working/autobuild/bin/gcc
configure:2159: result: gcc
configure:2388: checking for C compiler version
configure:2397: gcc --version >&5
gcc (Ubuntu 13.3.0-6ubuntu2~24.04) 13.3.0
Copyright (C) 2023 Free Software Foundation, Inc.
This is free software; see the source for copying conditions.  There is NO
warranty; not even for MERCHANTABILITY or FITNESS FOR A PARTICULAR PURPOSE.

configure:2408: $? = 0
configure:2397: gcc -v >&5
Using built-in specs.
COLLECT_GCC=/usr/bin/gcc
COLLECT_LTO_WRAPPER=/usr/libexec/gcc/x86_64-linux-gnu/13/lto-wrapper
OFFLOAD_TARGET_NAMES=nvptx-none:amdgcn-amdhsa
OFFLOAD_TARGET_DEFAULT=1
Target: x86_64-linux-gnu
Configured with: ../src/configure -v --with-pkgversion='Ubuntu 13.3.0-6ubuntu2~24.04' --with-bugurl=file:///usr/share/doc/gcc-13/README.Bugs --enable-languages=c,ada,c++,go,d,fortran,objc,obj-c++,m2 --prefix=/usr --with-gcc-major-version-only --program-suffix=-13 --program-prefix=x86_64-linux-gnu- --enable-shared --enable-linker-build-id --libexecdir=/usr/libexec --without-included-gettext --enable-threads=posix --libdir=/usr/lib --enable-nls --enable-bootstrap --enable-clocale=gnu --enable-libstdcxx-debug --enable-libstdcxx-time=yes --with-default-libstdcxx-abi=new --enable-libstdcxx-backtrace --enable-gnu-unique-object --disable-vtable-verify --enable-plugin --enable-default-pie --with-system-zlib --enable-libphobos-checking=release --with-target-system-zlib=auto --enable-objc-gc=auto --enable-multiarch --disable-werror --enable-cet --with-arch-32=i686 --with-abi=m64 --with-multilib-list=m32,m64,mx32 --enable-multilib --with-tune=generic --enable-offload-targets=nvptx-none=/build/gcc-13-fG75Ri/gcc-13-13.3.0/debian/tmp-nvptx/usr,amdgcn-amdhsa=/build/gcc-13-fG75Ri/gcc-13-13.3.0/debian/tmp-gcn/usr --enable-offload-defaulted --without-cuda-driver --enable-checking=release --build=x86_64-linux-gnu --host=x86_64-linux-gnu --target=x86_64-linux-gnu --with-build-config=bootstrap-lto-lean --enable-link-serialization=2
Thread model: posix
Supported LTO compression algorithms: zlib zstd
gcc version 13.3.0 (Ubuntu 13.3.0-6ubuntu2~24.04) 
... rest of stderr output deleted ...
configure:2408: $? = 0
configure:2397: gcc -V >&5
gcc: error: unrecognized command-line option '-V'
gcc: fatal error: no input files
compilation terminated.
configure:2408: $? = 1
configure:2397: gcc -qversion >&5
gcc: error: unrecognized command-line option '-qversion'; did you mean '--version'?
gcc: fatal error: no input files
compilation terminated.
configure:2408: $? = 1
configure:2428: checking whether the C compiler works
configure:2450: gcc    conftest.c  >&5
configure:2454: $? = 0
configure:2502: result: yes
configure:2505: checking for C compiler default output file name
configure:2507: result: a.out
configure:2513: checking for suffix of executables
configure:2520: gcc -o conftest    conftest.c  >&5
configure:2524: $? = 0
configure:2546: result: 
configure:2568: checking whether we are cross compiling
configure:2576: gcc -o conftest    conftest.c  >&5
configure:2580: $? = 0
configure:2587: ./conftest
configure:2591: $? = 0
configure:2606: result: no
configure:2611: checking for suffix of object files
configure:2633: gcc -c   conftest.c >&5
configure:2637: $? = 0
configure:2658: result: o
configure:2662: checking whether we are using the GNU C compiler
configure:2681: gcc -c   conftest.c >&5
configure:2681: $? = 0
configure:2690: result: yes
configure:2699: checking whether gcc accepts -g
configure:2719: gcc -c -g  conftest.c >&5
configure:2719: $? = 0
configure:2760: result: yes
configure:2777: checking for gcc option to accept ISO C89
configure:2840: gcc  -c -g -O2  conftest.c >&5
configure:2840: $? = 0
configure:2853: result: none needed
configure:2878: checking whether gcc understands -c and -o together
configure:2900: gcc -c conftest.c -o conftest2.o
configure:2903: $? = 0
configure:2900: gcc -c conftest.c -o conftest2.o
configure:2903: $? = 0
configure:2915: result: yes
configure:2945: checking whether make supports nested variables
configure:2962: result: yes
configure:2985: checking whether to enable maintainer-specific portions of Makefiles
configure:2994: result: no
configure:3126: checking for g++
configure:3142: found /home/runner/work/probreacog/.codeql-scratch/dbs/cpp/working/autobuild/bin/g++
configure:3153: result: g++
configure:3180: checking for C++ compiler version
configure:3189: g++ --version >&5
g++ (Ubuntu 13.3.0-6ubuntu2~24.04) 13.3.0
Copyright (C) 2023 Free Software Foundation, Inc.
This is free software; see the source for copying conditions.  There is NO
warranty; not even for MERCHANTABILITY or FITNESS FOR A PARTICULAR PURPOSE.

configure:3200: $? = 0
configure:3189: g++ -v >&5
Using built-in specs.
COLLECT_GCC=/usr/bin/g++
COLLECT_LTO_WRAPPER=/usr/libexec/gcc/x86_64-linux-gnu/13/lto-wrapper
OFFLOAD_TARGET_NAMES=nvptx-none:amdgcn-amdhsa
OFFLOAD_TARGET_DEFAULT=1
Target: x86_64-linux-gnu
Configured with: ../src/configure -v --with-pkgversion='Ubuntu 13.3.0-6ubuntu2~24.04' --with-bugurl=file:///usr/share/doc/gcc-13/README.Bugs --enable-languages=c,ada,c++,go,d,fortran,objc,obj-c++,m2 --prefix=/usr --with-gcc-major-version-only --program-suffix=-13 --program-prefix=x86_64-linux-gnu- --enable-shared --enable-linker-build-id --libexecdir=/usr/libexec --without-included-gettext --enable-threads=posix --libdir=/usr/lib --enable-nls --enable-bootstrap --enable-clocale=gnu --enable-libstdcxx-debug --enable-libstdcxx-time=yes --with-default-libstdcxx-abi=new --enable-libstdcxx-backtrace --enable-gnu-unique-object --disable-vtable-verify --enable-plugin --enable-default-pie --with-system-zlib --enable-libphobos-checking=release --with-target-system-zlib=auto --enable-objc-gc=auto --enable-multiarch --disable-werror --enable-cet --with-arch-32=i686 --with-abi=m64 --with-multilib-list=m32,m64,mx32 --enable-multilib --with-tune=generic --enable-offload-targets=nvptx-none=/build/gcc-13-fG75Ri/gcc-13-13.3.0/debian/tmp-nvptx/usr,amdgcn-amdhsa=/build/gcc-13-fG75Ri/gcc-13-13.3.0/debian/tmp-gcn/usr --enable-offload-defaulted --without-cuda-driver --enable-checking=release --build=x86_64-linux-gnu --host=x86_64-linux-gnu --target=x86_64-linux-gnu --with-build-config=bootstrap-lto-lean --enable-link-serialization=2
Thread model: posix
Supported LTO compression algorithms: zlib zstd
gcc version 13.3.0 (Ubuntu 13.3.0-6ubuntu2~24.04) 
... rest of stderr output deleted ...
configure:3200: $? = 0
configure:3189: g++ -V >&5
g++: error: unrecognized command-line option '-V'
g++: fatal error: no input files
compilation terminated.
configure:3200: $? = 1
configure:3189: g++ -qversion >&5
g++: error: unrecognized command-line option '-qversion'; did you mean '--version'?
g++: fatal error: no input files
compilation terminated.
configure:3200: $? = 1
configure:3204: checking whether we are using the GNU C++ compiler
configure:3223: g++ -c -g0 -O2  conftest.cpp >&5
configure:3223: $? = 0
configure:3232: result: yes
configure:3241: checking whether g++ accepts -g
configure:3261: g++ -c -g  conftest.cpp >&5
configure:3261: $? = 0
configure:3302: result: yes
configure:3326: checking if g++ supports -fdata-sections -ffunction-sections
configure:3347: g++ -c -Werror -fdata-sections -ffunction-sections  conftest.cpp >&5
configure:3347: $? = 0
configure:3349: result: yes
configure:3381: checking if  supports -Wl,--gc-sections
configure:3402: g++ -o conftest -g0 -O2  -Werror -Wl,--gc-sections conftest.cpp  >&5
configure:3402: $? = 0
configure:3404: result: yes
configure:3437: checking if  supports -Wl,-dead_strip
configure:3458: g++ -o conftest -g0 -O2  -Werror -Wl,-dead_strip conftest.cpp  >&5
/usr/bin/ld: Error: unable to disambiguate: -dead_strip (did you mean --dead_strip ?)
collect2: error: ld returned 1 exit status
configure:3458: $? = 1
configure: failed program was:
| /* confdefs.h */
| #define PACKAGE_NAME "capd"
| #define PACKAGE_TARNAME "capd"
| #define PACKAGE_VERSION "5.1.2"
| #define PACKAGE_STRING "capd 5.1.2"
| #define PACKAGE_BUGREPORT "http://capd.ii.uj.edu.pl"
| #define PACKAGE_URL "http://capd.ii.uj.edu.pl"
| /* end confdefs.h.  */
| 
| int
| main ()
| {
| 
|   ;
|   return 0;
| }
configure:3468: WARNING: no
configure:3540: checking for a BSD-compatible install
configure:3608: result: /usr/bin/install -c
configure:3619: checking whether build environment is sane (CAPD implementation)
configure:3710: result: yes
configure:3848: checking for a thread-safe mkdir -p
configure:3887: result: /usr/bin/mkdir -p
configure:3894: checking for gawk
configure:3910: found /usr/bin/gawk
configure:3921: result: gawk
configure:3932: checking whether make sets $(MAKE)
configure:3954: result: yes
configure:3976: checking whether make supports the include directive
configure:3991: make -f confmf.GNU && cat confinc.out
make[3]: Entering directory '/home/runner/work/probreacog/probreacog/_codeql_build_dir/external/tmp-capd/src'
make[3]: Leaving directory '/home/runner/work/probreacog/probreacog/_codeql_build_dir/external/tmp-capd/src'
this is the am__doit target
configure:3994: $? = 0
configure:4013: result: yes (GNU style)
configure:4094: checking how to create a pax tar archive
configure:4105: tar --version
tar (GNU tar) 1.35
Copyright (C) 2023 Free Software Foundation, Inc.
License GPLv3+: GNU GPL version 3 or later <https://gnu.org/licenses/gpl.html>.
This is free software: you are free to change and redistribute it.
There is NO WARRANTY, to the extent permitted by law.

Written by John Gilmore and Jay Fenlason.
configure:4108: $? = 0
configure:4148: tardir=conftest.dir && eval tar --format=posix -chf - "$tardir" >conftest.tar
configure:4151: $? = 0
configure:4155: tar -xf - <conftest.tar
configure:4158: $? = 0
configure:4160: cat conftest.dir/file
GrepMe
configure:4163: $? = 0
configure:4176: result: gnutar
configure:4185: checking dependency style of gcc
configure:4296: result: gcc3
configure:4313: checking dependency style of g++
configure:4424: result: gcc3
configure:4549: checking for dpkg-buildpackage
configure:4567: found /usr/bin/dpkg-buildpackage
configure:4580: result: /usr/bin/dpkg-buildpackage
configure:4590: checking for test
configure:4608: found /usr/bin/test
configure:4620: result: /usr/bin/test
configure:4630: checking for tar
configure:4648: found /usr/bin/tar
configure:4660: result: /usr/bin/tar
configure:4670: checking for xargs
configure:4688: found /usr/bin/xargs
configure:4700: result: /usr/bin/xargs
configure:4710: checking for chmod
configure:4728: found /usr/bin/chmod
configure:4740: result: /usr/bin/chmod
configure:4750: checking for cat
configure:4768: found /usr/bin/cat
configure:4780: result: /usr/bin/cat
configure:4790: checking for echo
configure:4808: found /usr/bin/echo
configure:4820: result: /usr/bin/echo
configure:4830: checking for cp
configure:4848: found /usr/bin/cp
configure:4860: result: /usr/bin/cp
configure:4870: checking for date
configure:4888: found /usr/bin/date
configure:4900: result: /usr/bin/date
configure:4910: checking for mv
configure:4928: found /usr/bin/mv
configure:4940: result: /usr/bin/mv
configure:4950: checking for tail
configure:4968: found /usr/bin/tail
configure:4980: result: /usr/bin/tail
configure:5062: not updating unwritable cache ./capd.cache
configure:5172: creating ./config.status

## ---------------------- ##
## Running config.status. ##
## ---------------------- ##

This file was extended by capd config.status 5.1.2, which was
generated by GNU Autoconf 2.69.  Invocation command line was

  CONFIG_FILES    = 
  CONFIG_HEADERS  = 
  CONFIG_LINKS    = 
  CONFIG_COMMANDS = 
  $ ./config.status 

on runnervmw9dnm

config.status:821: creating Makefile
config.status:993: executing depfiles commands
configure:6369: === configuring in capdExt (/home/runner/work/probreacog/probreacog/_codeql_build_dir/external/tmp-capd/src/capdExt)
configure:6432: running /bin/bash ./configure --disable-option-checking '--prefix=/home/runner/work/probreacog/probreacog/_codeql_build_dir/external/capd'  'C=/home/runner/work/probreacog/.codeql-scratch/dbs/cpp/working/autobuild/bin/cc' 'XX=/home/runner/work/probreacog/.codeql-scratch/dbs/cpp/working/autobuild/bin/c++' '--without-gui' '--with-mpfr=no' '--with-filib=no' --cache-file=.././capd.cache --srcdir=.
configure:6369: === configuring in capdAux (/home/runner/work/probreacog/probreacog/_codeql_build_dir/external/tmp-capd/src/capdAux)
configure:6432: running /bin/bash ./configure --disable-option-checking '--prefix=/home/runner/work/probreacog/probreacog/_codeql_build_dir/external/capd'  'C=/home/runner/work/probreacog/.codeql-scratch/dbs/cpp/working/autobuild/bin/cc' 'XX=/home/runner/work/probreacog/.codeql-scratch/dbs/cpp/working/autobuild/bin/c++' '--without-gui' '--with-mpfr=no' '--with-filib=no' --cache-file=.././capd.cache --srcdir=.
configure:6369: === configuring in capdAlg (/home/runner/work/probreacog/probreacog/_codeql_build_dir/external/tmp-capd/src/capdAlg)
configure:6432: running /bin/bash ./configure --disable-option-checking '--prefix=/home/runner/work/probreacog/probreacog/_codeql_build_dir/external/capd'  'C=/home/runner/work/probreacog/.codeql-scratch/dbs/cpp/working/autobuild/bin/cc' 'XX=/home/runner/work/probreacog/.codeql-scratch/dbs/cpp/working/autobuild/bin/c++' '--without-gui' '--with-mpfr=no' '--with-filib=no' --cache-file=.././capd.cache --srcdir=.
configure:6369: === configuring in capdDynSys4 (/home/runner/work/probreacog/probreacog/_codeql_build_dir/external/tmp-capd/src/capdDynSys4)
configure:6432: running /bin/bash ./configure --disable-option-checking '--prefix=/home/runner/work/probreacog/probreacog/_codeql_build_dir/external/capd'  'C=/home/runner/work/probreacog/.codeql-scratch/dbs/cpp/working/autobuild/bin/cc' 'XX=/home/runner/work/probreacog/.codeql-scratch/dbs/cpp/working/autobuild/bin/c++' '--without-gui' '--with-mpfr=no' '--with-filib=no' --cache-file=.././capd.cache --srcdir=.
configure:6369: === configuring in capdMake/libcapd (/home/runner/work/probreacog/probreacog/_codeql_build_dir/external/tmp-capd/src/capdMake/libcapd)
configure:6432: running /bin/bash ./configure --disable-option-checking '--prefix=/home/runner/work/probreacog/probreacog/_codeql_build_dir/external/capd'  'C=/home/runner/work/probreacog/.codeql-scratch/dbs/cpp/working/autobuild/bin/cc' 'XX=/home/runner/work/probreacog/.codeql-scratch/dbs/cpp/working/autobuild/bin/c++' '--without-gui' '--with-mpfr=no' '--with-filib=no' --cache-file=../.././capd.cache --srcdir=.

## ---------------- ##
## Cache variables. ##
## ---------------- ##

ac_cv_c_compiler_gnu=yes
ac_cv_cxx_compiler_gnu=yes
ac_cv_env_CCC_set=
ac_cv_env_CCC_value=
ac_cv_env_CC_set=
ac_cv_env_CC_value=
ac_cv_env_CFLAGS_set=
ac_cv_env_CFLAGS_value=
ac_cv_env_CPPFLAGS_set=
ac_cv_env_CPPFLAGS_value=
ac_cv_env_CXXFLAGS_set=
ac_cv_env_CXXFLAGS_value=
ac_cv_env_CXX_set=
ac_cv_env_CXX_value=
ac_cv_env_LDFLAGS_set=
ac_cv_env_LDFLAGS_value=
ac_cv_env_LIBS_set=
ac_cv_env_LIBS_value=
ac_cv_env_build_alias_set=
ac_cv_env_build_alias_value=
ac_cv_env_host_alias_set=
ac_cv_env_host_alias_value=
ac_cv_env_target_alias_set=
ac_cv_env_target_alias_value=
ac_cv_objext=o
ac_cv_path_CAT=/usr/bin/cat
ac_cv_path_CHMOD=/usr/bin/chmod
ac_cv_path_CP=/usr/bin/cp
ac_cv_path_DATE=/usr/bin/date
ac_cv_path_DEBUILD=/usr/bin/dpkg-buildpackage
ac_cv_path_ECHO=/usr/bin/echo
ac_cv_path_MV=/usr/bin/mv
ac_cv_path_TAIL=/usr/bin/tail
ac_cv_path_TAR=/usr/bin/tar
ac_cv_path_TEST=/usr/bin/test
ac_cv_path_XARGS=/usr/bin/xargs
ac_cv_path_install='/usr/bin/install -c'
ac_cv_path_mkdir=/usr/bin/mkdir
ac_cv_prog_AWK=gawk
ac_cv_prog_ac_ct_CC=gcc
ac_cv_prog_ac_ct_CXX=g++
ac_cv_prog_cc_c89=
ac_cv_prog_cc_g=yes
ac_cv_prog_cxx_g=yes
ac_cv_prog_make_make_set=yes
am_cv_CC_dependencies_compiler_type=gcc3
am_cv_CXX_dependencies_compiler_type=gcc3
am_cv_make_support_nested_variables=yes
am_cv_prog_cc_c_o=yes
am_cv_prog_tar_pax=gnutar

## ----------------- ##
## Output variables. ##
## ----------------- ##

ACLOCAL='${SHELL} /home/runner/work/probreacog/probreacog/_codeql_build_dir/external/tmp-capd/src/capdMake/ac_aux/missing aclocal-1.16'
AMDEPBACKSLASH='\'
AMDEP_FALSE='#'
AMDEP_TRUE=''
AMTAR='$${TAR-tar}'
AM_BACKSLASH='\'
AM_CPPFLAGS='-I$(top_builddir)/include -I$(top_srcdir)/include -DFILE_BUILD_DIR=\"$(abs_builddir)\" ${CAPD_AM_CPPFLAGS}'
AM_CXXFLAGS='-I$(top_builddir)/include -I$(top_srcdir)/include -DFILE_BUILD_DIR=\"$(abs_builddir)\" ${CAPD_AM_CXXFLAGS}'
AM_DEFAULT_V='$(AM_DEFAULT_VERBOSITY)'
AM_DEFAULT_VERBOSITY='0'
AM_LDFLAGS='$(CAPD_AM_LDFLAGS)'
AM_V='$(V)'
AUTOCONF='${SHELL} /home/runner/work/probreacog/probreacog/_codeql_build_dir/external/tmp-capd/src/capdMake/ac_aux/missing autoconf'
AUTOHEADER='${SHELL} /home/runner/work/probreacog/probreacog/_codeql_build_dir/external/tmp-capd/src/capdMake/ac_aux/missing autoheader'
AUTOMAKE='${SHELL} /home/runner/work/probreacog/probreacog/_codeql_build_dir/external/tmp-capd/src/capdMake/ac_aux/missing automake-1.16'
AWK='gawk'
CAPD_AM_CPPFLAGS=' -g0 -O2'
CAPD_AM_CXXFLAGS=' -g0 -O2 -DBOOST_DISABLE_ASSERTS -fdata-sections -ffunction-sections'
CAPD_AM_LDFLAGS=' -Wl,--gc-sections'
CAPD_PACKAGES='  capdExt   capdAux   capdAlg   capdDynSys4'
CAPD_VERSION_INFO='4:1:0'
CAT='/usr/bin/cat'
CC='gcc'
CCDEPMODE='depmode=gcc3'
CFLAGS='-g -O2'
CHMOD='/usr/bin/chmod'
CP='/usr/bin/cp'
CPPFLAGS=''
CXX='g++'
CXXDEPMODE='depmode=gcc3'
CXXFLAGS='-g0 -O2'
CXX_FLAG_capd_fsections='-fdata-sections -ffunction-sections'
CXX_FLAG_capd_fsections_FALSE='#'
CXX_FLAG_capd_fsections_TRUE=''
CYGPATH_W='echo'
DATE='/usr/bin/date'
DEBUILD='/usr/bin/dpkg-buildpackage'
DEFS='-DPACKAGE_NAME=\"capd\" -DPACKAGE_TARNAME=\"capd\" -DPACKAGE_VERSION=\"5.1.2\" -DPACKAGE_STRING=\"capd\ 5.1.2\" -DPACKAGE_BUGREPORT=\"http://capd.ii.uj.edu.pl\" -DPACKAGE_URL=\"http://capd.ii.uj.edu.pl\"'
DEPDIR='.deps'
ECHO='/usr/bin/echo'
ECHO_C=''
ECHO_N='-n'
ECHO_T=''
EXEEXT=''
INSTALL_DATA='${INSTALL} -m 644'
INSTALL_PROGRAM='${INSTALL}'
INSTALL_SCRIPT='${INSTALL}'
INSTALL_STRIP_PROGRAM='$(install_sh) -c -s'
LDFLAGS=''
LD_FLAG_capd_dead_strip=''
LD_FLAG_capd_dead_strip_FALSE='#'
LD_FLAG_capd_dead_strip_TRUE=''
LD_FLAG_capd_gc_sections='-Wl,--gc-sections'
LD_FLAG_capd_gc_sections_FALSE='#'
LD_FLAG_capd_gc_sections_TRUE=''
LIBCAPD_LDFLAGS='-Wl,-Bstatic'
LIBOBJS=''
LIBS=''
LTLIBOBJS=''
MAINT='#'
MAINTAINER_MODE_FALSE=''
MAINTAINER_MODE_TRUE='#'
MAKEINFO='${SHELL} /home/runner/work/probreacog/probreacog/_codeql_build_dir/external/tmp-capd/src/capdMake/ac_aux/missing makeinfo'
MKDIR_P='/usr/bin/mkdir -p'
MV='/usr/bin/mv'
OBJEXT='o'
PACKAGE='capd'
PACKAGE_BUGREPORT='http://capd.ii.uj.edu.pl'
PACKAGE_NAME='capd'
PACKAGE_STRING='capd 5.1.2'
PACKAGE_TARNAME='capd'
PACKAGE_URL='http://capd.ii.uj.edu.pl'
PACKAGE_VERSION='5.1.2'
PATH_SEPARATOR=':'
PKG_CONFIG_DEV_DIR='/home/runner/work/probreacog/probreacog/_codeql_build_dir/external/tmp-capd/src/lib/pkgconfig-dev'
PKG_CONFIG_DIR='${libdir}/pkgconfig'
SET_MAKE=''
SHELL='/bin/bash'
STRIP=''
TAIL='/usr/bin/tail'
TAR='/usr/bin/tar'
TEST='/usr/bin/test'
VERSION='5.1.2'
WITH_CAPD_EXAMPLES_FALSE='#'
WITH_CAPD_EXAMPLES_TRUE=''
XARGS='/usr/bin/xargs'
ac_ct_CC='gcc'
ac_ct_CXX='g++'
am__EXEEXT_FALSE=''
am__EXEEXT_TRUE='#'
am__fastdepCC_FALSE='#'
am__fastdepCC_TRUE=''
am__fastdepCXX_FALSE='#'
am__fastdepCXX_TRUE=''
am__include='include'
am__isrc=''
am__leading_dot='.'
am__nodep='_no'
am__quote=''
am__tar='tar --format=posix -chf - "$$tardir"'
am__untar='tar -xf -'
bindir='${exec_prefix}/bin'
build_alias=''
capdMake='/home/runner/work/probreacog/probreacog/_codeql_build_dir/external/tmp-capd/src/./capdMake'
capd_build_dir='/home/runner/work/probreacog/probreacog/_codeql_build_dir/external/tmp-capd/src/.'
capd_src_dir='/home/runner/work/probreacog/probreacog/_codeql_build_dir/external/tmp-capd/src/.'
datadir='${datarootdir}'
datarootdir='${prefix}/share'
docdir='${datarootdir}/doc/${PACKAGE_TARNAME}'
dvidir='${docdir}'
exec_prefix='${prefix}'
host_alias=''
htmldir='${docdir}'
includedir='${prefix}/include'
infodir='${datarootdir}/info'
install_sh='${SHELL} /home/runner/work/probreacog/probreacog/_codeql_build_dir/external/tmp-capd/src/capdMake/ac_aux/install-sh'
libdir='${exec_prefix}/lib'
libexecdir='${exec_prefix}/libexec'
localedir='${datarootdir}/locale'
localstatedir='${prefix}/var'
mandir='${datarootdir}/man'
mkdir_p='$(MKDIR_P)'
oldincludedir='/usr/include'
pdfdir='${docdir}'
prefix='/home/runner/work/probreacog/probreacog/_codeql_build_dir/external/capd'
program_transform_name='s,x,x,'
psdir='${docdir}'
runstatedir='${localstatedir}/run'
sbindir='${exec_prefix}/sbin'
sharedstatedir='${prefix}/com'
subdirs=' capdExt capdAux capdAlg capdDynSys4 capdMake/libcapd'
sysconfdir='${prefix}/etc'
target_alias=''
top_capd='.'

## ----------- ##
## confdefs.h. ##
## ----------- ##

/* confdefs.h */
#define PACKAGE_NAME "capd"
#define PACKAGE_TARNAME "capd"
#define PACKAGE_VERSION "5.1.2"
#define PACKAGE_STRING "capd 5.1.2"
#define PACKAGE_BUGREPORT "http://capd.ii.uj.edu.pl"
#define PACKAGE_URL "http://capd.ii.uj.edu.pl"

configure: exit 0
