This file contains any messages produced by compilers while
running configure, to aid debugging if configure makes a mistake.

It was created by capdAlg-tests configure 5.1.2, which was
generated by GNU Autoconf 2.69.  Invocation command line was

  $ ./configure --disable-option-checking --prefix=/home/runner/work/probreacog/probreacog/_codeql_build_dir/external/capd C=/home/runner/work/probreacog/.codeql-scratch/dbs/cpp/working/autobuild/bin/cc XX=/home/runner/work/probreacog/.codeql-scratch/dbs/cpp/working/autobuild/bin/c++ --without-gui --with-mpfr=no --with-filib=no PKG_CONFIG_PATH=/home/runner/work/probreacog/probreacog/_codeql_build_dir/external/tmp-capd/src/lib/pkgconfig-dev --cache-file=../.././capd.cache --srcdir=.

## --------- ##
## Platform. ##
## --------- ##

hostname = runnervmw9dnm
uname -m = x86_64
uname -r = 6.11.0-1018-azure
uname -s = Linux
uname -v = #18~24.04.1-Ubuntu SMP Sat Jun 28 04:46:03 UTC 2025

/usr/bin/uname -p = x86_64
/bin/uname -X     = unknown

/bin/arch              = x86_64
/usr/bin/arch -k       = unknown
/usr/convex/getsysinfo = unknown
/usr/bin/hostinfo      = unknown
/bin/machine           = unknown
/usr/bin/oslevel       = unknown
/bin/universe          = unknown

PATH: /home/runner/work/probreacog/.codeql-scratch/dbs/cpp/working/autobuild/bin
PATH: /snap/bin
PATH: /home/runner/.local/bin
PATH: /opt/pipx_bin
PATH: /home/runner/.cargo/bin
PATH: /home/runner/.config/composer/vendor/bin
PATH: /usr/local/.ghcup/bin
PATH: /home/runner/.dotnet/tools
PATH: /usr/local/sbin
PATH: /usr/local/bin
PATH: /usr/sbin
PATH: /usr/bin
PATH: /sbin
PATH: /bin
PATH: /usr/games
PATH: /usr/local/games
PATH: /snap/bin


## ----------- ##
## Core tests. ##
## ----------- ##

configure:2446: loading cache ../.././capd.cache
configure:2705: checking for gcc
configure:2732: result: gcc
configure:2961: checking for C compiler version
configure:2970: gcc --version >&5
gcc (Ubuntu 13.3.0-6ubuntu2~24.04) 13.3.0
Copyright (C) 2023 Free Software Foundation, Inc.
This is free software; see the source for copying conditions.  There is NO
warranty; not even for MERCHANTABILITY or FITNESS FOR A PARTICULAR PURPOSE.

configure:2981: $? = 0
configure:2970: gcc -v >&5
Using built-in specs.
COLLECT_GCC=/usr/bin/gcc
COLLECT_LTO_WRAPPER=/usr/libexec/gcc/x86_64-linux-gnu/13/lto-wrapper
OFFLOAD_TARGET_NAMES=nvptx-none:amdgcn-amdhsa
OFFLOAD_TARGET_DEFAULT=1
Target: x86_64-linux-gnu
Configured with: ../src/configure -v --with-pkgversion='Ubuntu 13.3.0-6ubuntu2~24.04' --with-bugurl=file:///usr/share/doc/gcc-13/README.Bugs --enable-languages=c,ada,c++,go,d,fortran,objc,obj-c++,m2 --prefix=/usr --with-gcc-major-version-only --program-suffix=-13 --program-prefix=x86_64-linux-gnu- --enable-shared --enable-linker-build-id --libexecdir=/usr/libexec --without-included-gettext --enable-threads=posix --libdir=/usr/lib --enable-nls --enable-bootstrap --enable-clocale=gnu --enable-libstdcxx-debug --enable-libstdcxx-time=yes --with-default-libstdcxx-abi=new --enable-libstdcxx-backtrace --enable-gnu-unique-object --disable-vtable-verify --enable-plugin --enable-default-pie --with-system-zlib --enable-libphobos-checking=release --with-target-system-zlib=auto --enable-objc-gc=auto --enable-multiarch --disable-werror --enable-cet --with-arch-32=i686 --with-abi=m64 --with-multilib-list=m32,m64,mx32 --enable-multilib --with-tune=generic --enable-offload-targets=nvptx-none=/build/gcc-13-fG75Ri/gcc-13-13.3.0/debian/tmp-nvptx/usr,amdgcn-amdhsa=/build/gcc-13-fG75Ri/gcc-13-13.3.0/debian/tmp-gcn/usr --enable-offload-defaulted --without-cuda-driver --enable-checking=release --build=x86_64-linux-gnu --host=x86_64-linux-gnu --target=x86_64-linux-gnu --with-build-config=bootstrap-lto-lean --enable-link-serialization=2
Thread model: posix
Supported LTO compression algorithms: zlib zstd
gcc version 13.3.0 (Ubuntu 13.3.0-6ubuntu2~24.04) 
... rest of stderr output deleted ...
configure:2981: $? = 0
configure:2970: gcc -V >&5
gcc: error: unrecognized command-line option '-V'
gcc: fatal error: no input files
compilation terminated.
configure:2981: $? = 1
configure:2970: gcc -qversion >&5
gcc: error: unrecognized command-line option '-qversion'; did you mean '--version'?
gcc: fatal error: no input files
compilation terminated.
configure:2981: $? = 1
configure:3001: checking whether the C compiler works
configure:3023: gcc    conftest.c  >&5
configure:3027: $? = 0
configure:3075: result: yes
configure:3078: checking for C compiler default output file name
configure:3080: result: a.out
configure:3086: checking for suffix of executables
configure:3093: gcc -o conftest    conftest.c  >&5
configure:3097: $? = 0
configure:3119: result: 
configure:3141: checking whether we are cross compiling
configure:3149: gcc -o conftest    conftest.c  >&5
configure:3153: $? = 0
configure:3160: ./conftest
configure:3164: $? = 0
configure:3179: result: no
configure:3184: checking for suffix of object files
configure:3231: result: o
configure:3235: checking whether we are using the GNU C compiler
configure:3263: result: yes
configure:3272: checking whether gcc accepts -g
configure:3333: result: yes
configure:3350: checking for gcc option to accept ISO C89
configure:3426: result: none needed
configure:3451: checking whether gcc understands -c and -o together
configure:3488: result: yes
configure:3518: checking whether make supports nested variables
configure:3535: result: yes
configure:3558: checking whether to enable maintainer-specific portions of Makefiles
configure:3567: result: no
configure:3699: checking for g++
configure:3726: result: g++
configure:3753: checking for C++ compiler version
configure:3762: g++ --version >&5
g++ (Ubuntu 13.3.0-6ubuntu2~24.04) 13.3.0
Copyright (C) 2023 Free Software Foundation, Inc.
This is free software; see the source for copying conditions.  There is NO
warranty; not even for MERCHANTABILITY or FITNESS FOR A PARTICULAR PURPOSE.

configure:3773: $? = 0
configure:3762: g++ -v >&5
Using built-in specs.
COLLECT_GCC=/usr/bin/g++
COLLECT_LTO_WRAPPER=/usr/libexec/gcc/x86_64-linux-gnu/13/lto-wrapper
OFFLOAD_TARGET_NAMES=nvptx-none:amdgcn-amdhsa
OFFLOAD_TARGET_DEFAULT=1
Target: x86_64-linux-gnu
Configured with: ../src/configure -v --with-pkgversion='Ubuntu 13.3.0-6ubuntu2~24.04' --with-bugurl=file:///usr/share/doc/gcc-13/README.Bugs --enable-languages=c,ada,c++,go,d,fortran,objc,obj-c++,m2 --prefix=/usr --with-gcc-major-version-only --program-suffix=-13 --program-prefix=x86_64-linux-gnu- --enable-shared --enable-linker-build-id --libexecdir=/usr/libexec --without-included-gettext --enable-threads=posix --libdir=/usr/lib --enable-nls --enable-bootstrap --enable-clocale=gnu --enable-libstdcxx-debug --enable-libstdcxx-time=yes --with-default-libstdcxx-abi=new --enable-libstdcxx-backtrace --enable-gnu-unique-object --disable-vtable-verify --enable-plugin --enable-default-pie --with-system-zlib --enable-libphobos-checking=release --with-target-system-zlib=auto --enable-objc-gc=auto --enable-multiarch --disable-werror --enable-cet --with-arch-32=i686 --with-abi=m64 --with-multilib-list=m32,m64,mx32 --enable-multilib --with-tune=generic --enable-offload-targets=nvptx-none=/build/gcc-13-fG75Ri/gcc-13-13.3.0/debian/tmp-nvptx/usr,amdgcn-amdhsa=/build/gcc-13-fG75Ri/gcc-13-13.3.0/debian/tmp-gcn/usr --enable-offload-defaulted --without-cuda-driver --enable-checking=release --build=x86_64-linux-gnu --host=x86_64-linux-gnu --target=x86_64-linux-gnu --with-build-config=bootstrap-lto-lean --enable-link-serialization=2
Thread model: posix
Supported LTO compression algorithms: zlib zstd
gcc version 13.3.0 (Ubuntu 13.3.0-6ubuntu2~24.04) 
... rest of stderr output deleted ...
configure:3773: $? = 0
configure:3762: g++ -V >&5
g++: error: unrecognized command-line option '-V'
g++: fatal error: no input files
compilation terminated.
configure:3773: $? = 1
configure:3762: g++ -qversion >&5
g++: error: unrecognized command-line option '-qversion'; did you mean '--version'?
g++: fatal error: no input files
compilation terminated.
configure:3773: $? = 1
configure:3777: checking whether we are using the GNU C++ compiler
configure:3805: result: yes
configure:3814: checking whether g++ accepts -g
configure:3875: result: yes
configure:3899: checking if g++ supports -fdata-sections -ffunction-sections
configure:3920: g++ -c -Werror -fdata-sections -ffunction-sections  conftest.cpp >&5
configure:3920: $? = 0
configure:3922: result: yes
configure:3954: checking if  supports -Wl,--gc-sections
configure:3975: g++ -o conftest -g0 -O2  -Werror -Wl,--gc-sections conftest.cpp  >&5
configure:3975: $? = 0
configure:3977: result: yes
configure:4010: checking if  supports -Wl,-dead_strip
configure:4031: g++ -o conftest -g0 -O2  -Werror -Wl,-dead_strip conftest.cpp  >&5
/usr/bin/ld: Error: unable to disambiguate: -dead_strip (did you mean --dead_strip ?)
collect2: error: ld returned 1 exit status
configure:4031: $? = 1
configure: failed program was:
| /* confdefs.h */
| #define PACKAGE_NAME "capdAlg-tests"
| #define PACKAGE_TARNAME "capdalg-tests"
| #define PACKAGE_VERSION "5.1.2"
| #define PACKAGE_STRING "capdAlg-tests 5.1.2"
| #define PACKAGE_BUGREPORT "http://capd.ii.uj.edu.pl"
| #define PACKAGE_URL "http://capd.ii.uj.edu.pl"
| /* end confdefs.h.  */
| 
| int
| main ()
| {
| 
|   ;
|   return 0;
| }
configure:4041: WARNING: no
configure:4112: checking for a BSD-compatible install
configure:4180: result: /usr/bin/install -c
configure:4191: checking whether build environment is sane (CAPD implementation)
configure:4282: result: yes
configure:4420: checking for a thread-safe mkdir -p
configure:4459: result: /usr/bin/mkdir -p
configure:4466: checking for gawk
configure:4493: result: gawk
configure:4504: checking whether make sets $(MAKE)
configure:4526: result: yes
configure:4548: checking whether make supports the include directive
configure:4563: make -f confmf.GNU && cat confinc.out
make[3]: Entering directory '/home/runner/work/probreacog/probreacog/_codeql_build_dir/external/tmp-capd/src/capdAlg/tests'
make[3]: Leaving directory '/home/runner/work/probreacog/probreacog/_codeql_build_dir/external/tmp-capd/src/capdAlg/tests'
this is the am__doit target
configure:4566: $? = 0
configure:4585: result: yes (GNU style)
configure:4666: checking how to create a pax tar archive
configure:4677: tar --version
tar (GNU tar) 1.35
Copyright (C) 2023 Free Software Foundation, Inc.
License GPLv3+: GNU GPL version 3 or later <https://gnu.org/licenses/gpl.html>.
This is free software: you are free to change and redistribute it.
There is NO WARRANTY, to the extent permitted by law.

Written by John Gilmore and Jay Fenlason.
configure:4680: $? = 0
configure:4748: result: gnutar
configure:4757: checking dependency style of gcc
configure:4868: result: gcc3
configure:4885: checking dependency style of g++
configure:4996: result: gcc3
configure:5276: checking whether g++ supports C++11 features by default
configure:5577: result: yes
configure:5951: checking for grep that handles long lines and -e
configure:6009: result: /usr/bin/grep
configure:6019: checking how to run the C++ preprocessor
configure:6085: result: g++ -E
configure:6105: g++ -E  conftest.cpp
configure:6105: $? = 0
configure:6119: g++ -E  conftest.cpp
conftest.cpp:10:10: fatal error: ac_nonexistent.h: No such file or directory
   10 | #include <ac_nonexistent.h>
      |          ^~~~~~~~~~~~~~~~~~
compilation terminated.
configure:6119: $? = 1
configure: failed program was:
| /* confdefs.h */
| #define PACKAGE_NAME "capdAlg-tests"
| #define PACKAGE_TARNAME "capdalg-tests"
| #define PACKAGE_VERSION "5.1.2"
| #define PACKAGE_STRING "capdAlg-tests 5.1.2"
| #define PACKAGE_BUGREPORT "http://capd.ii.uj.edu.pl"
| #define PACKAGE_URL "http://capd.ii.uj.edu.pl"
| #define HAVE_CXX11 1
| /* end confdefs.h.  */
| #include <ac_nonexistent.h>
configure:6148: checking for a sed that does not truncate output
configure:6212: result: /usr/bin/sed
configure: this is boost.m4 serial 25
configure:6245: checking for Boost headers version >= 0.0.0
configure:6337: result: no
configure:6342: cannot find Boost headers version >= 0.0.0
configure:6347: WARNING: Cannot find boost 
configure:6475: checking for egrep
configure:6537: result: /usr/bin/grep -E
configure:6542: checking for ANSI C header files
configure:6646: result: yes
configure:6659: checking for sys/types.h
configure:6659: result: yes
configure:6659: checking for sys/stat.h
configure:6659: result: yes
configure:6659: checking for stdlib.h
configure:6659: result: yes
configure:6659: checking for string.h
configure:6659: result: yes
configure:6659: checking for memory.h
configure:6659: result: yes
configure:6659: checking for strings.h
configure:6659: result: yes
configure:6659: checking for inttypes.h
configure:6659: result: yes
configure:6659: checking for stdint.h
configure:6659: result: yes
configure:6659: checking for unistd.h
configure:6659: result: yes
configure:6671: checking for pari/pari.h
configure:6671: result: no
configure:6741: WARNING: "Cannot find PARI headers"
configure:6895: checking for C++ compiler version
configure:6904: g++ --version >&5
g++ (Ubuntu 13.3.0-6ubuntu2~24.04) 13.3.0
Copyright (C) 2023 Free Software Foundation, Inc.
This is free software; see the source for copying conditions.  There is NO
warranty; not even for MERCHANTABILITY or FITNESS FOR A PARTICULAR PURPOSE.

configure:6915: $? = 0
configure:6904: g++ -v >&5
Using built-in specs.
COLLECT_GCC=/usr/bin/g++
COLLECT_LTO_WRAPPER=/usr/libexec/gcc/x86_64-linux-gnu/13/lto-wrapper
OFFLOAD_TARGET_NAMES=nvptx-none:amdgcn-amdhsa
OFFLOAD_TARGET_DEFAULT=1
Target: x86_64-linux-gnu
Configured with: ../src/configure -v --with-pkgversion='Ubuntu 13.3.0-6ubuntu2~24.04' --with-bugurl=file:///usr/share/doc/gcc-13/README.Bugs --enable-languages=c,ada,c++,go,d,fortran,objc,obj-c++,m2 --prefix=/usr --with-gcc-major-version-only --program-suffix=-13 --program-prefix=x86_64-linux-gnu- --enable-shared --enable-linker-build-id --libexecdir=/usr/libexec --without-included-gettext --enable-threads=posix --libdir=/usr/lib --enable-nls --enable-bootstrap --enable-clocale=gnu --enable-libstdcxx-debug --enable-libstdcxx-time=yes --with-default-libstdcxx-abi=new --enable-libstdcxx-backtrace --enable-gnu-unique-object --disable-vtable-verify --enable-plugin --enable-default-pie --with-system-zlib --enable-libphobos-checking=release --with-target-system-zlib=auto --enable-objc-gc=auto --enable-multiarch --disable-werror --enable-cet --with-arch-32=i686 --with-abi=m64 --with-multilib-list=m32,m64,mx32 --enable-multilib --with-tune=generic --enable-offload-targets=nvptx-none=/build/gcc-13-fG75Ri/gcc-13-13.3.0/debian/tmp-nvptx/usr,amdgcn-amdhsa=/build/gcc-13-fG75Ri/gcc-13-13.3.0/debian/tmp-gcn/usr --enable-offload-defaulted --without-cuda-driver --enable-checking=release --build=x86_64-linux-gnu --host=x86_64-linux-gnu --target=x86_64-linux-gnu --with-build-config=bootstrap-lto-lean --enable-link-serialization=2
Thread model: posix
Supported LTO compression algorithms: zlib zstd
gcc version 13.3.0 (Ubuntu 13.3.0-6ubuntu2~24.04) 
... rest of stderr output deleted ...
configure:6915: $? = 0
configure:6904: g++ -V >&5
g++: error: unrecognized command-line option '-V'
g++: fatal error: no input files
compilation terminated.
configure:6915: $? = 1
configure:6904: g++ -qversion >&5
g++: error: unrecognized command-line option '-qversion'; did you mean '--version'?
g++: fatal error: no input files
compilation terminated.
configure:6915: $? = 1
configure:6919: checking whether we are using the GNU C++ compiler
configure:6947: result: yes
configure:6956: checking whether g++ accepts -g
configure:7017: result: yes
configure:7069: checking build system type
configure:7083: result: x86_64-pc-linux-gnu
configure:7103: checking host system type
configure:7116: result: x86_64-pc-linux-gnu
configure:7157: checking how to print strings
configure:7184: result: printf
configure:7205: checking for a sed that does not truncate output
configure:7269: result: /usr/bin/sed
configure:7287: checking for fgrep
configure:7349: result: /usr/bin/grep -F
configure:7384: checking for ld used by gcc
configure:7451: result: /usr/bin/ld
configure:7458: checking if the linker (/usr/bin/ld) is GNU ld
configure:7473: result: yes
configure:7485: checking for BSD- or MS-compatible name lister (nm)
configure:7539: result: /usr/bin/nm -B
configure:7669: checking the name lister (/usr/bin/nm -B) interface
configure:7689: result: BSD nm
configure:7692: checking whether ln -s works
configure:7696: result: yes
configure:7704: checking the maximum length of command line arguments
configure:7835: result: 3145728
configure:7883: checking how to convert x86_64-pc-linux-gnu file names to x86_64-pc-linux-gnu format
configure:7923: result: func_convert_file_noop
configure:7930: checking how to convert x86_64-pc-linux-gnu file names to toolchain format
configure:7950: result: func_convert_file_noop
configure:7957: checking for /usr/bin/ld option to reload object files
configure:7964: result: -r
configure:8038: checking for objdump
configure:8065: result: objdump
configure:8097: checking how to recognize dependent libraries
configure:8297: result: pass_all
configure:8382: checking for dlltool
configure:8412: result: no
configure:8442: checking how to associate runtime and link libraries
configure:8469: result: printf %s\n
configure:8529: checking for ar
configure:8556: result: ar
configure:8593: checking for archiver @FILE support
configure:8636: result: @
configure:8694: checking for strip
configure:8721: result: strip
configure:8793: checking for ranlib
configure:8820: result: ranlib
configure:8922: checking command to parse /usr/bin/nm -B output from gcc object
configure:9189: result: ok
configure:9236: checking for sysroot
configure:9266: result: no
configure:9273: checking for a working dd
configure:9311: result: /usr/bin/dd
configure:9315: checking how to truncate binary pipes
configure:9330: result: /usr/bin/dd bs=4096 count=1
configure:9467: g++ -c -g0 -O2  conftest.cpp >&5
configure:9470: $? = 0
configure:9660: checking for mt
configure:9687: result: mt
configure:9710: checking if mt is a manifest tool
configure:9724: result: no
configure:10398: checking for dlfcn.h
configure:10398: result: yes
configure:10664: checking for objdir
configure:10679: result: .libs
configure:10943: checking if gcc supports -fno-rtti -fno-exceptions
configure:10978: result: no
configure:11342: checking for gcc option to produce PIC
configure:11349: result: -fPIC -DPIC
configure:11357: checking if gcc PIC flag -fPIC -DPIC works
configure:11392: result: yes
configure:11421: checking if gcc static flag -static works
configure:11449: result: yes
configure:11464: checking if gcc supports -c -o file.o
configure:11511: result: yes
configure:11519: checking if gcc supports -c -o file.o
configure:11566: result: yes
configure:11599: checking whether the gcc linker (/usr/bin/ld -m elf_x86_64) supports shared libraries
configure:12862: result: yes
configure:12899: checking whether -lc should be explicitly linked in
configure:12942: result: no
configure:13102: checking dynamic linker characteristics
configure:13932: result: GNU/Linux ld.so
configure:14054: checking how to hardcode library paths into programs
configure:14079: result: immediate
configure:14627: checking whether stripping libraries is possible
configure:14632: result: yes
configure:14667: checking if libtool supports shared libraries
configure:14669: result: yes
configure:14672: checking whether to build shared libraries
configure:14697: result: yes
configure:14700: checking whether to build static libraries
configure:14704: result: yes
configure:14727: checking how to run the C++ preprocessor
configure:14793: result: g++ -E
configure:14813: g++ -E  conftest.cpp
configure:14813: $? = 0
configure:14827: g++ -E  conftest.cpp
conftest.cpp:22:10: fatal error: ac_nonexistent.h: No such file or directory
   22 | #include <ac_nonexistent.h>
      |          ^~~~~~~~~~~~~~~~~~
compilation terminated.
configure:14827: $? = 1
configure: failed program was:
| /* confdefs.h */
| #define PACKAGE_NAME "capdAlg-tests"
| #define PACKAGE_TARNAME "capdalg-tests"
| #define PACKAGE_VERSION "5.1.2"
| #define PACKAGE_STRING "capdAlg-tests 5.1.2"
| #define PACKAGE_BUGREPORT "http://capd.ii.uj.edu.pl"
| #define PACKAGE_URL "http://capd.ii.uj.edu.pl"
| #define HAVE_CXX11 1
| #define STDC_HEADERS 1
| #define HAVE_SYS_TYPES_H 1
| #define HAVE_SYS_STAT_H 1
| #define HAVE_STDLIB_H 1
| #define HAVE_STRING_H 1
| #define HAVE_MEMORY_H 1
| #define HAVE_STRINGS_H 1
| #define HAVE_INTTYPES_H 1
| #define HAVE_STDINT_H 1
| #define HAVE_UNISTD_H 1
| #define HAVE_DLFCN_H 1
| #define LT_OBJDIR ".libs/"
| /* end confdefs.h.  */
| #include <ac_nonexistent.h>
configure:14989: checking for ld used by g++
configure:15056: result: /usr/bin/ld -m elf_x86_64
configure:15063: checking if the linker (/usr/bin/ld -m elf_x86_64) is GNU ld
configure:15078: result: yes
configure:15133: checking whether the g++ linker (/usr/bin/ld -m elf_x86_64) supports shared libraries
configure:16206: result: yes
configure:16242: g++ -c -g0 -O2  conftest.cpp >&5
configure:16245: $? = 0
configure:16726: checking for g++ option to produce PIC
configure:16733: result: -fPIC -DPIC
configure:16741: checking if g++ PIC flag -fPIC -DPIC works
configure:16776: result: yes
configure:16799: checking if g++ static flag -static works
configure:16827: result: yes
configure:16839: checking if g++ supports -c -o file.o
configure:16886: result: yes
configure:16891: checking if g++ supports -c -o file.o
configure:16938: result: yes
configure:16968: checking whether the g++ linker (/usr/bin/ld -m elf_x86_64) supports shared libraries
configure:17011: result: yes
configure:17152: checking dynamic linker characteristics
configure:17909: result: GNU/Linux ld.so
configure:17974: checking how to hardcode library paths into programs
configure:17999: result: immediate
configure:18115: checking for pkg-config
configure:18145: result: /usr/bin/pkg-config
configure:18170: checking pkg-config is at least version 0.9.0
configure:18173: result: yes
configure:18183: checking for capdbasicalg
configure:18190: $PKG_CONFIG --exists --print-errors "capdbasicalg >= 1.0"
configure:18193: $? = 0
configure:18207: $PKG_CONFIG --exists --print-errors "capdbasicalg >= 1.0"
configure:18210: $? = 0
configure:18268: result: yes
configure:18274: checking for capdintervals
configure:18281: $PKG_CONFIG --exists --print-errors "capdintervals >= 1.0"
configure:18284: $? = 0
configure:18298: $PKG_CONFIG --exists --print-errors "capdintervals >= 1.0"
configure:18301: $? = 0
configure:18359: result: yes
configure:18365: checking for capdmatrixAlgorithms
configure:18372: $PKG_CONFIG --exists --print-errors "capdmatrixAlgorithms >= 1.0"
configure:18375: $? = 0
configure:18389: $PKG_CONFIG --exists --print-errors "capdmatrixAlgorithms >= 1.0"
configure:18392: $? = 0
configure:18450: result: yes
configure:18456: checking for capdrounding
configure:18463: $PKG_CONFIG --exists --print-errors "capdrounding >= 1.0"
configure:18466: $? = 0
configure:18480: $PKG_CONFIG --exists --print-errors "capdrounding >= 1.0"
configure:18483: $? = 0
configure:18541: result: yes
configure:18547: checking for capdvectalg
configure:18554: $PKG_CONFIG --exists --print-errors "capdvectalg >= 1.0"
configure:18557: $? = 0
configure:18571: $PKG_CONFIG --exists --print-errors "capdvectalg >= 1.0"
configure:18574: $? = 0
configure:18632: result: yes
configure:18639: checking for capdAux
configure:18646: $PKG_CONFIG --exists --print-errors "capdAux >= 1.0"
configure:18649: $? = 0
configure:18663: $PKG_CONFIG --exists --print-errors "capdAux >= 1.0"
configure:18666: $? = 0
configure:18724: result: yes
configure:18730: checking for capdExt
configure:18737: $PKG_CONFIG --exists --print-errors "capdExt >= 1.0"
configure:18740: $? = 0
configure:18754: $PKG_CONFIG --exists --print-errors "capdExt >= 1.0"
configure:18757: $? = 0
configure:18815: result: yes
configure:18821: checking for capdAlg
configure:18828: $PKG_CONFIG --exists --print-errors "capdAlg >= 1.0"
configure:18831: $? = 0
configure:18845: $PKG_CONFIG --exists --print-errors "capdAlg >= 1.0"
configure:18848: $? = 0
configure:18906: result: yes
configure:19284: checking for the toolset name used by Boost for g++
configure:19445: result: unknown
configure:19477: g++ -c -g0 -O2  conftest.cpp >&5
conftest.cpp:26:3: error: #error MT not needed
   26 | # error MT not needed
      |   ^~~~~
configure:19477: $? = 1
configure: failed program was:
| /* confdefs.h */
| #define PACKAGE_NAME "capdAlg-tests"
| #define PACKAGE_TARNAME "capdalg-tests"
| #define PACKAGE_VERSION "5.1.2"
| #define PACKAGE_STRING "capdAlg-tests 5.1.2"
| #define PACKAGE_BUGREPORT "http://capd.ii.uj.edu.pl"
| #define PACKAGE_URL "http://capd.ii.uj.edu.pl"
| #define HAVE_CXX11 1
| #define STDC_HEADERS 1
| #define HAVE_SYS_TYPES_H 1
| #define HAVE_SYS_STAT_H 1
| #define HAVE_STDLIB_H 1
| #define HAVE_STRING_H 1
| #define HAVE_MEMORY_H 1
| #define HAVE_STRINGS_H 1
| #define HAVE_INTTYPES_H 1
| #define HAVE_STDINT_H 1
| #define HAVE_UNISTD_H 1
| #define HAVE_DLFCN_H 1
| #define LT_OBJDIR ".libs/"
| /* end confdefs.h.  */
| 
| #if defined _REENTRANT || defined _MT || defined __MT__
| /* use -mt */
| #else
| # error MT not needed
| #endif
| 
| int
| main ()
| {
| 
|   ;
|   return 0;
| }
configure:19492: Boost not available, not searching for the Boost unit_test_framework library
configure:19909: updating cache ../.././capd.cache
configure:20030: creating ./config.status

## ---------------------- ##
## Running config.status. ##
## ---------------------- ##

This file was extended by capdAlg-tests config.status 5.1.2, which was
generated by GNU Autoconf 2.69.  Invocation command line was

  CONFIG_FILES    = 
  CONFIG_HEADERS  = 
  CONFIG_LINKS    = 
  CONFIG_COMMANDS = 
  $ ./config.status 

on runnervmw9dnm

config.status:1251: creating Makefile
config.status:1251: creating intervalTest/Makefile
config.status:1251: creating intvtst/Makefile
config.status:1251: creating matrixAlgorithms/Makefile
config.status:1251: creating vecttst/Makefile
config.status:1251: creating mptests/Makefile
config.status:1251: creating basicalg/Makefile
config.status:1251: creating config.h
config.status:1480: executing depfiles commands
config.status:1557: cd intervalTest       && sed -e '/# am--include-marker/d' Makefile         | make -f - am--depfiles
make[3]: Entering directory '/home/runner/work/probreacog/probreacog/_codeql_build_dir/external/tmp-capd/src/capdAlg/tests/intervalTest'
make[3]: Leaving directory '/home/runner/work/probreacog/probreacog/_codeql_build_dir/external/tmp-capd/src/capdAlg/tests/intervalTest'
config.status:1562: $? = 0
config.status:1557: cd intvtst       && sed -e '/# am--include-marker/d' Makefile         | make -f - am--depfiles
make[3]: Entering directory '/home/runner/work/probreacog/probreacog/_codeql_build_dir/external/tmp-capd/src/capdAlg/tests/intvtst'
make[3]: Leaving directory '/home/runner/work/probreacog/probreacog/_codeql_build_dir/external/tmp-capd/src/capdAlg/tests/intvtst'
config.status:1562: $? = 0
config.status:1557: cd matrixAlgorithms       && sed -e '/# am--include-marker/d' Makefile         | make -f - am--depfiles
make[3]: Entering directory '/home/runner/work/probreacog/probreacog/_codeql_build_dir/external/tmp-capd/src/capdAlg/tests/matrixAlgorithms'
make[3]: Leaving directory '/home/runner/work/probreacog/probreacog/_codeql_build_dir/external/tmp-capd/src/capdAlg/tests/matrixAlgorithms'
config.status:1562: $? = 0
config.status:1557: cd vecttst       && sed -e '/# am--include-marker/d' Makefile         | make -f - am--depfiles
make[3]: Entering directory '/home/runner/work/probreacog/probreacog/_codeql_build_dir/external/tmp-capd/src/capdAlg/tests/vecttst'
make[3]: Leaving directory '/home/runner/work/probreacog/probreacog/_codeql_build_dir/external/tmp-capd/src/capdAlg/tests/vecttst'
config.status:1562: $? = 0
config.status:1557: cd mptests       && sed -e '/# am--include-marker/d' Makefile         | make -f - am--depfiles
make[3]: Entering directory '/home/runner/work/probreacog/probreacog/_codeql_build_dir/external/tmp-capd/src/capdAlg/tests/mptests'
make[3]: Leaving directory '/home/runner/work/probreacog/probreacog/_codeql_build_dir/external/tmp-capd/src/capdAlg/tests/mptests'
config.status:1562: $? = 0
config.status:1557: cd basicalg       && sed -e '/# am--include-marker/d' Makefile         | make -f - am--depfiles
make[3]: Entering directory '/home/runner/work/probreacog/probreacog/_codeql_build_dir/external/tmp-capd/src/capdAlg/tests/basicalg'
make[3]: Leaving directory '/home/runner/work/probreacog/probreacog/_codeql_build_dir/external/tmp-capd/src/capdAlg/tests/basicalg'
config.status:1562: $? = 0
config.status:1480: executing libtool commands

## ---------------- ##
## Cache variables. ##
## ---------------- ##

ac_cv_build=x86_64-pc-linux-gnu
ac_cv_c_compiler_gnu=yes
ac_cv_cxx_compiler_gnu=yes
ac_cv_env_BOOST_ROOT_set=
ac_cv_env_BOOST_ROOT_value=
ac_cv_env_CCC_set=
ac_cv_env_CCC_value=
ac_cv_env_CC_set=
ac_cv_env_CC_value=
ac_cv_env_CFLAGS_set=
ac_cv_env_CFLAGS_value=
ac_cv_env_CPPFLAGS_set=
ac_cv_env_CPPFLAGS_value=
ac_cv_env_CPP_set=
ac_cv_env_CPP_value=
ac_cv_env_CXXCPP_set=
ac_cv_env_CXXCPP_value=
ac_cv_env_CXXFLAGS_set=
ac_cv_env_CXXFLAGS_value=
ac_cv_env_CXX_set=
ac_cv_env_CXX_value=
ac_cv_env_LDFLAGS_set=
ac_cv_env_LDFLAGS_value=
ac_cv_env_LIBS_set=
ac_cv_env_LIBS_value=
ac_cv_env_LT_SYS_LIBRARY_PATH_set=
ac_cv_env_LT_SYS_LIBRARY_PATH_value=
ac_cv_env_PKG_CONFIG_LIBDIR_set=
ac_cv_env_PKG_CONFIG_LIBDIR_value=
ac_cv_env_PKG_CONFIG_PATH_set=set
ac_cv_env_PKG_CONFIG_PATH_value=/home/runner/work/probreacog/probreacog/_codeql_build_dir/external/tmp-capd/src/lib/pkgconfig-dev
ac_cv_env_PKG_CONFIG_set=
ac_cv_env_PKG_CONFIG_value=
ac_cv_env_X11_CFLAGS_set=
ac_cv_env_X11_CFLAGS_value=
ac_cv_env_X11_LIBS_set=
ac_cv_env_X11_LIBS_value=
ac_cv_env_build_alias_set=
ac_cv_env_build_alias_value=
ac_cv_env_capdAlg_CFLAGS_set=
ac_cv_env_capdAlg_CFLAGS_value=
ac_cv_env_capdAlg_LIBS_set=
ac_cv_env_capdAlg_LIBS_value=
ac_cv_env_capdAux_CFLAGS_set=
ac_cv_env_capdAux_CFLAGS_value=
ac_cv_env_capdAux_LIBS_set=
ac_cv_env_capdAux_LIBS_value=
ac_cv_env_capdExt_CFLAGS_set=
ac_cv_env_capdExt_CFLAGS_value=
ac_cv_env_capdExt_LIBS_set=
ac_cv_env_capdExt_LIBS_value=
ac_cv_env_capdauxil_CFLAGS_set=
ac_cv_env_capdauxil_CFLAGS_value=
ac_cv_env_capdauxil_LIBS_set=
ac_cv_env_capdauxil_LIBS_value=
ac_cv_env_capdbasicalg_CFLAGS_set=
ac_cv_env_capdbasicalg_CFLAGS_value=
ac_cv_env_capdbasicalg_LIBS_set=
ac_cv_env_capdbasicalg_LIBS_value=
ac_cv_env_capdintervals_CFLAGS_set=
ac_cv_env_capdintervals_CFLAGS_value=
ac_cv_env_capdintervals_LIBS_set=
ac_cv_env_capdintervals_LIBS_value=
ac_cv_env_capdkrak_CFLAGS_set=
ac_cv_env_capdkrak_CFLAGS_value=
ac_cv_env_capdkrak_LIBS_set=
ac_cv_env_capdkrak_LIBS_value=
ac_cv_env_capdmatrixAlgorithms_CFLAGS_set=
ac_cv_env_capdmatrixAlgorithms_CFLAGS_value=
ac_cv_env_capdmatrixAlgorithms_LIBS_set=
ac_cv_env_capdmatrixAlgorithms_LIBS_value=
ac_cv_env_capdrounding_CFLAGS_set=
ac_cv_env_capdrounding_CFLAGS_value=
ac_cv_env_capdrounding_LIBS_set=
ac_cv_env_capdrounding_LIBS_value=
ac_cv_env_capdvectalg_CFLAGS_set=
ac_cv_env_capdvectalg_CFLAGS_value=
ac_cv_env_capdvectalg_LIBS_set=
ac_cv_env_capdvectalg_LIBS_value=
ac_cv_env_host_alias_set=
ac_cv_env_host_alias_value=
ac_cv_env_liblog4cxx_CFLAGS_set=
ac_cv_env_liblog4cxx_CFLAGS_value=
ac_cv_env_liblog4cxx_LIBS_set=
ac_cv_env_liblog4cxx_LIBS_value=
ac_cv_env_mpcapdAlg_CFLAGS_set=
ac_cv_env_mpcapdAlg_CFLAGS_value=
ac_cv_env_mpcapdAlg_LIBS_set=
ac_cv_env_mpcapdAlg_LIBS_value=
ac_cv_env_mpcapdintervals_CFLAGS_set=
ac_cv_env_mpcapdintervals_CFLAGS_value=
ac_cv_env_mpcapdintervals_LIBS_set=
ac_cv_env_mpcapdintervals_LIBS_value=
ac_cv_env_mpcapdmatrixAlgorithms_CFLAGS_set=
ac_cv_env_mpcapdmatrixAlgorithms_CFLAGS_value=
ac_cv_env_mpcapdmatrixAlgorithms_LIBS_set=
ac_cv_env_mpcapdmatrixAlgorithms_LIBS_value=
ac_cv_env_mpcapdvectalg_CFLAGS_set=
ac_cv_env_mpcapdvectalg_CFLAGS_value=
ac_cv_env_mpcapdvectalg_LIBS_set=
ac_cv_env_mpcapdvectalg_LIBS_value=
ac_cv_env_target_alias_set=
ac_cv_env_target_alias_value=
ac_cv_header_dlfcn_h=yes
ac_cv_header_inttypes_h=yes
ac_cv_header_memory_h=yes
ac_cv_header_pari_pari_h=no
ac_cv_header_stdc=yes
ac_cv_header_stdint_h=yes
ac_cv_header_stdlib_h=yes
ac_cv_header_string_h=yes
ac_cv_header_strings_h=yes
ac_cv_header_sys_stat_h=yes
ac_cv_header_sys_types_h=yes
ac_cv_header_unistd_h=yes
ac_cv_host=x86_64-pc-linux-gnu
ac_cv_objext=o
ac_cv_path_EGREP='/usr/bin/grep -E'
ac_cv_path_FGREP='/usr/bin/grep -F'
ac_cv_path_GREP=/usr/bin/grep
ac_cv_path_SED=/usr/bin/sed
ac_cv_path_ac_pt_PKG_CONFIG=/usr/bin/pkg-config
ac_cv_path_install='/usr/bin/install -c'
ac_cv_path_lt_DD=/usr/bin/dd
ac_cv_path_mkdir=/usr/bin/mkdir
ac_cv_prog_AWK=gawk
ac_cv_prog_CPP='gcc -E'
ac_cv_prog_CXXCPP='g++ -E'
ac_cv_prog_ac_ct_AR=ar
ac_cv_prog_ac_ct_CC=gcc
ac_cv_prog_ac_ct_CXX=g++
ac_cv_prog_ac_ct_MANIFEST_TOOL=mt
ac_cv_prog_ac_ct_OBJDUMP=objdump
ac_cv_prog_ac_ct_RANLIB=ranlib
ac_cv_prog_ac_ct_STRIP=strip
ac_cv_prog_cc_c89=
ac_cv_prog_cc_g=yes
ac_cv_prog_cxx_g=yes
ac_cv_prog_make_make_set=yes
am_cv_CC_dependencies_compiler_type=gcc3
am_cv_CXX_dependencies_compiler_type=gcc3
am_cv_make_support_nested_variables=yes
am_cv_prog_cc_c_o=yes
am_cv_prog_tar_pax=gnutar
ax_cv_cxx_compile_cxx11=yes
boost_cv_inc_path=no
boost_cv_lib_tag=unknown
boost_cv_version=no
lt_cv_ar_at_file=@
lt_cv_archive_cmds_need_lc=no
lt_cv_deplibs_check_method=pass_all
lt_cv_file_magic_cmd='$MAGIC_CMD'
lt_cv_file_magic_test_file=
lt_cv_ld_reload_flag=-r
lt_cv_nm_interface='BSD nm'
lt_cv_objdir=.libs
lt_cv_path_LD=/usr/bin/ld
lt_cv_path_LDCXX='/usr/bin/ld -m elf_x86_64'
lt_cv_path_NM='/usr/bin/nm -B'
lt_cv_path_mainfest_tool=no
lt_cv_prog_compiler_c_o=yes
lt_cv_prog_compiler_c_o_CXX=yes
lt_cv_prog_compiler_pic='-fPIC -DPIC'
lt_cv_prog_compiler_pic_CXX='-fPIC -DPIC'
lt_cv_prog_compiler_pic_works=yes
lt_cv_prog_compiler_pic_works_CXX=yes
lt_cv_prog_compiler_rtti_exceptions=no
lt_cv_prog_compiler_static_works=yes
lt_cv_prog_compiler_static_works_CXX=yes
lt_cv_prog_gnu_ld=yes
lt_cv_prog_gnu_ldcxx=yes
lt_cv_sharedlib_from_linklib_cmd='printf %s\n'
lt_cv_shlibpath_overrides_runpath=yes
lt_cv_sys_global_symbol_pipe='sed -n -e '\''s/^.*[	 ]\([ABCDGIRSTW][ABCDGIRSTW]*\)[	 ][	 ]*\([_A-Za-z][_A-Za-z0-9]*\)$/\1 \2 \2/p'\'' | sed '\''/ __gnu_lto/d'\'''
lt_cv_sys_global_symbol_to_c_name_address='sed -n -e '\''s/^: \(.*\) .*$/  {"\1", (void *) 0},/p'\'' -e '\''s/^[ABCDGIRSTW][ABCDGIRSTW]* .* \(.*\)$/  {"\1", (void *) \&\1},/p'\'''
lt_cv_sys_global_symbol_to_c_name_address_lib_prefix='sed -n -e '\''s/^: \(.*\) .*$/  {"\1", (void *) 0},/p'\'' -e '\''s/^[ABCDGIRSTW][ABCDGIRSTW]* .* \(lib.*\)$/  {"\1", (void *) \&\1},/p'\'' -e '\''s/^[ABCDGIRSTW][ABCDGIRSTW]* .* \(.*\)$/  {"lib\1", (void *) \&\1},/p'\'''
lt_cv_sys_global_symbol_to_cdecl='sed -n -e '\''s/^T .* \(.*\)$/extern int \1();/p'\'' -e '\''s/^[ABCDGIRSTW][ABCDGIRSTW]* .* \(.*\)$/extern char \1;/p'\'''
lt_cv_sys_global_symbol_to_import=
lt_cv_sys_max_cmd_len=3145728
lt_cv_to_host_file_cmd=func_convert_file_noop
lt_cv_to_tool_file_cmd=func_convert_file_noop
lt_cv_truncate_bin='/usr/bin/dd bs=4096 count=1'
pkg_cv_capdAlg_CFLAGS='-I/home/runner/work/probreacog/probreacog/_codeql_build_dir/external/tmp-capd/src/capdAlg/include -I/home/runner/work/probreacog/probreacog/_codeql_build_dir/external/tmp-capd/src/capdAux/include -I/home/runner/work/probreacog/probreacog/_codeql_build_dir/external/tmp-capd/src/capdExt/include -frounding-math '
pkg_cv_capdAlg_LIBS='/home/runner/work/probreacog/probreacog/_codeql_build_dir/external/tmp-capd/src/capdAlg/src/capd/matrixAlgorithms/libcapdmatrixAlgorithms.la /home/runner/work/probreacog/probreacog/_codeql_build_dir/external/tmp-capd/src/capdAlg/src/capd/vectalg/libcapdvectalg.la /home/runner/work/probreacog/probreacog/_codeql_build_dir/external/tmp-capd/src/capdAlg/src/capd/intervals/libcapdintervals.la /home/runner/work/probreacog/probreacog/_codeql_build_dir/external/tmp-capd/src/capdAlg/src/capd/rounding/libcapdrounding.la /home/runner/work/probreacog/probreacog/_codeql_build_dir/external/tmp-capd/src/capdAlg/src/capd/basicalg/libcapdbasicalg.la /home/runner/work/probreacog/probreacog/_codeql_build_dir/external/tmp-capd/src/capdAlg/src/capd/rings/libcapdrings.la /home/runner/work/probreacog/probreacog/_codeql_build_dir/external/tmp-capd/src/capdExt/src/capd/alglib/libcapdalglib.la /home/runner/work/probreacog/probreacog/_codeql_build_dir/external/tmp-capd/src/capdAux/src/capd/auxil/libcapdauxil.la '
pkg_cv_capdAux_CFLAGS='-I/home/runner/work/probreacog/probreacog/_codeql_build_dir/external/tmp-capd/src/capdAux/include '
pkg_cv_capdAux_LIBS='/home/runner/work/probreacog/probreacog/_codeql_build_dir/external/tmp-capd/src/capdAux/src/capd/auxil/libcapdauxil.la '
pkg_cv_capdExt_CFLAGS='-I/home/runner/work/probreacog/probreacog/_codeql_build_dir/external/tmp-capd/src/capdExt/include '
pkg_cv_capdExt_LIBS='/home/runner/work/probreacog/probreacog/_codeql_build_dir/external/tmp-capd/src/capdExt/src/capd/alglib/libcapdalglib.la '
pkg_cv_capdauxil_CFLAGS='-I/home/runner/work/probreacog/probreacog/_codeql_build_dir/external/tmp-capd/src/capdAux/include '
pkg_cv_capdauxil_LIBS='/home/runner/work/probreacog/probreacog/_codeql_build_dir/external/tmp-capd/src/capdAux/src/capd/auxil/libcapdauxil.la '
pkg_cv_capdbasicalg_CFLAGS='-frounding-math -I/home/runner/work/probreacog/probreacog/_codeql_build_dir/external/tmp-capd/src/capdAlg/include '
pkg_cv_capdbasicalg_LIBS='/home/runner/work/probreacog/probreacog/_codeql_build_dir/external/tmp-capd/src/capdAlg/src/capd/basicalg/libcapdbasicalg.la '
pkg_cv_capdintervals_CFLAGS='-I/home/runner/work/probreacog/probreacog/_codeql_build_dir/external/tmp-capd/src/capdAlg/include -I/home/runner/work/probreacog/probreacog/_codeql_build_dir/external/tmp-capd/src/capdAux/include -frounding-math -I/home/runner/work/probreacog/probreacog/_codeql_build_dir/external/tmp-capd/src/capdExt/include '
pkg_cv_capdintervals_LIBS='/home/runner/work/probreacog/probreacog/_codeql_build_dir/external/tmp-capd/src/capdAlg/src/capd/intervals/libcapdintervals.la /home/runner/work/probreacog/probreacog/_codeql_build_dir/external/tmp-capd/src/capdAux/src/capd/auxil/libcapdauxil.la /home/runner/work/probreacog/probreacog/_codeql_build_dir/external/tmp-capd/src/capdAlg/src/capd/rounding/libcapdrounding.la /home/runner/work/probreacog/probreacog/_codeql_build_dir/external/tmp-capd/src/capdAlg/src/capd/basicalg/libcapdbasicalg.la /home/runner/work/probreacog/probreacog/_codeql_build_dir/external/tmp-capd/src/capdExt/src/capd/alglib/libcapdalglib.la '
pkg_cv_capdmatrixAlgorithms_CFLAGS='-frounding-math -I/home/runner/work/probreacog/probreacog/_codeql_build_dir/external/tmp-capd/src/capdAlg/include '
pkg_cv_capdmatrixAlgorithms_LIBS='/home/runner/work/probreacog/probreacog/_codeql_build_dir/external/tmp-capd/src/capdAlg/src/capd/matrixAlgorithms/libcapdmatrixAlgorithms.la '
pkg_cv_capdrounding_CFLAGS='-frounding-math -I/home/runner/work/probreacog/probreacog/_codeql_build_dir/external/tmp-capd/src/capdAlg/include '
pkg_cv_capdrounding_LIBS='/home/runner/work/probreacog/probreacog/_codeql_build_dir/external/tmp-capd/src/capdAlg/src/capd/rounding/libcapdrounding.la '
pkg_cv_capdvectalg_CFLAGS='-I/home/runner/work/probreacog/probreacog/_codeql_build_dir/external/tmp-capd/src/capdAlg/include -I/home/runner/work/probreacog/probreacog/_codeql_build_dir/external/tmp-capd/src/capdAux/include -I/home/runner/work/probreacog/probreacog/_codeql_build_dir/external/tmp-capd/src/capdExt/include -frounding-math '
pkg_cv_capdvectalg_LIBS='/home/runner/work/probreacog/probreacog/_codeql_build_dir/external/tmp-capd/src/capdAlg/src/capd/vectalg/libcapdvectalg.la /home/runner/work/probreacog/probreacog/_codeql_build_dir/external/tmp-capd/src/capdAlg/src/capd/intervals/libcapdintervals.la /home/runner/work/probreacog/probreacog/_codeql_build_dir/external/tmp-capd/src/capdAux/src/capd/auxil/libcapdauxil.la /home/runner/work/probreacog/probreacog/_codeql_build_dir/external/tmp-capd/src/capdAlg/src/capd/rounding/libcapdrounding.la /home/runner/work/probreacog/probreacog/_codeql_build_dir/external/tmp-capd/src/capdExt/src/capd/alglib/libcapdalglib.la /home/runner/work/probreacog/probreacog/_codeql_build_dir/external/tmp-capd/src/capdAlg/src/capd/basicalg/libcapdbasicalg.la '

## ----------------- ##
## Output variables. ##
## ----------------- ##

ACLOCAL='${SHELL} /home/runner/work/probreacog/probreacog/_codeql_build_dir/external/tmp-capd/src/capdMake/ac_aux/missing aclocal-1.16'
AMDEPBACKSLASH='\'
AMDEP_FALSE='#'
AMDEP_TRUE=''
AMTAR='$${TAR-tar}'
AM_BACKSLASH='\'
AM_CPPFLAGS='-I$(top_builddir)/include -I$(top_srcdir)/include -DFILE_BUILD_DIR=\"$(abs_builddir)\" ${CAPD_AM_CPPFLAGS}'
AM_CXXFLAGS='-I$(top_builddir)/include -I$(top_srcdir)/include -DFILE_BUILD_DIR=\"$(abs_builddir)\" ${CAPD_AM_CXXFLAGS}'
AM_DEFAULT_V='$(AM_DEFAULT_VERBOSITY)'
AM_DEFAULT_VERBOSITY='0'
AM_LDFLAGS='$(CAPD_AM_LDFLAGS)'
AM_V='$(V)'
AR='ar'
AUTOCONF='${SHELL} /home/runner/work/probreacog/probreacog/_codeql_build_dir/external/tmp-capd/src/capdMake/ac_aux/missing autoconf'
AUTOHEADER='${SHELL} /home/runner/work/probreacog/probreacog/_codeql_build_dir/external/tmp-capd/src/capdMake/ac_aux/missing autoheader'
AUTOMAKE='${SHELL} /home/runner/work/probreacog/probreacog/_codeql_build_dir/external/tmp-capd/src/capdMake/ac_aux/missing automake-1.16'
AWK='gawk'
BOOST_CPPFLAGS=''
BOOST_DETECTED='true'
BOOST_LDPATH=''
BOOST_ROOT=''
BOOST_UNIT_TEST_FRAMEWORK_LDFLAGS=''
BOOST_UNIT_TEST_FRAMEWORK_LDPATH=''
BOOST_UNIT_TEST_FRAMEWORK_LIBS=''
CAPD_AM_CPPFLAGS=' -g0 -O2'
CAPD_AM_CXXFLAGS=' -g0 -O2 -DBOOST_DISABLE_ASSERTS -fdata-sections -ffunction-sections'
CAPD_AM_LDFLAGS=' -Wl,--gc-sections'
CAPD_CXXFLAGS_CXX11='-g0 -O2 -std=c++11'
CAPD_VERSION_INFO='4:1:0'
CC='gcc'
CCDEPMODE='depmode=gcc3'
CFLAGS='-g -O2'
CPPFLAGS=''
CXX='g++'
CXXCPP='g++ -E'
CXXDEPMODE='depmode=gcc3'
CXXFLAGS='-g0 -O2'
CXX_FLAG_capd_fsections='-fdata-sections -ffunction-sections'
CXX_FLAG_capd_fsections_FALSE='#'
CXX_FLAG_capd_fsections_TRUE=''
CYGPATH_W='echo'
DEFS='-DHAVE_CONFIG_H'
DEPDIR='.deps'
DISTCHECK_CONFIGURE_FLAGS=' '\''--with-boost='\'''
DLLTOOL='false'
DSYMUTIL=''
DUMPBIN=''
ECHO_C=''
ECHO_N='-n'
ECHO_T=''
EGREP='/usr/bin/grep -E'
EXEEXT=''
FGREP='/usr/bin/grep -F'
GREP='/usr/bin/grep'
HAVE_BOOST_FALSE='#'
HAVE_BOOST_TRUE=''
HAVE_BOOST_unit_test_framework=''
HAVE_BOOST_unit_test_framework_FALSE='#'
HAVE_BOOST_unit_test_framework_TRUE=''
HAVE_CXX11='yes'
HAVE_CXX11_FALSE='#'
HAVE_CXX11_TRUE=''
HAVE_LIBmpfr_FALSE=''
HAVE_LIBmpfr_TRUE='#'
HAVE_PARI_FALSE=''
HAVE_PARI_TRUE='#'
INSTALL_DATA='${INSTALL} -m 644'
INSTALL_PROGRAM='${INSTALL}'
INSTALL_SCRIPT='${INSTALL}'
INSTALL_STRIP_PROGRAM='$(install_sh) -c -s'
LD='/usr/bin/ld -m elf_x86_64'
LDFLAGS=''
LD_FLAG_capd_dead_strip=''
LD_FLAG_capd_dead_strip_FALSE='#'
LD_FLAG_capd_dead_strip_TRUE=''
LD_FLAG_capd_gc_sections='-Wl,--gc-sections'
LD_FLAG_capd_gc_sections_FALSE='#'
LD_FLAG_capd_gc_sections_TRUE=''
LIBCAPD_LDFLAGS='-Wl,-Bstatic'
LIBOBJS=''
LIBS=''
LIBTOOL='$(SHELL) $(top_builddir)/libtool'
LIPO=''
LN_S='ln -s'
LTLIBOBJS=''
LT_SYS_LIBRARY_PATH=''
MAINT='#'
MAINTAINER_MODE_FALSE=''
MAINTAINER_MODE_TRUE='#'
MAKEINFO='${SHELL} /home/runner/work/probreacog/probreacog/_codeql_build_dir/external/tmp-capd/src/capdMake/ac_aux/missing makeinfo'
MANIFEST_TOOL=':'
MKDIR_P='/usr/bin/mkdir -p'
NM='/usr/bin/nm -B'
NMEDIT=''
OBJDUMP='objdump'
OBJEXT='o'
OTOOL64=''
OTOOL=''
PACKAGE='capdalg-tests'
PACKAGE_BUGREPORT='http://capd.ii.uj.edu.pl'
PACKAGE_NAME='capdAlg-tests'
PACKAGE_STRING='capdAlg-tests 5.1.2'
PACKAGE_TARNAME='capdalg-tests'
PACKAGE_URL='http://capd.ii.uj.edu.pl'
PACKAGE_VERSION='5.1.2'
PATH_SEPARATOR=':'
PKG_CONFIG='/usr/bin/pkg-config'
PKG_CONFIG_DEV_DIR='/home/runner/work/probreacog/probreacog/_codeql_build_dir/external/tmp-capd/src/lib/pkgconfig-dev'
PKG_CONFIG_DIR='${libdir}/pkgconfig'
PKG_CONFIG_LIBDIR=''
PKG_CONFIG_PATH='/home/runner/work/probreacog/probreacog/_codeql_build_dir/external/tmp-capd/src/lib/pkgconfig-dev:/home/runner/work/probreacog/probreacog/_codeql_build_dir/external/tmp-capd/src/lib/pkgconfig-dev'
RANLIB='ranlib'
SED='/usr/bin/sed'
SET_MAKE=''
SHELL='/bin/bash'
STRIP='strip'
VERSION='5.1.2'
WITH_CAPD_EXAMPLES_FALSE='#'
WITH_CAPD_EXAMPLES_TRUE=''
ac_ct_AR='ar'
ac_ct_CC='gcc'
ac_ct_CXX='g++'
ac_ct_DUMPBIN=''
am__EXEEXT_FALSE=''
am__EXEEXT_TRUE='#'
am__fastdepCC_FALSE='#'
am__fastdepCC_TRUE=''
am__fastdepCXX_FALSE='#'
am__fastdepCXX_TRUE=''
am__include='include'
am__isrc=''
am__leading_dot='.'
am__nodep='_no'
am__quote=''
am__tar='tar --format=posix -chf - "$$tardir"'
am__untar='tar -xf -'
bindir='${exec_prefix}/bin'
build='x86_64-pc-linux-gnu'
build_alias=''
build_cpu='x86_64'
build_os='linux-gnu'
build_vendor='pc'
capdAlg_CFLAGS='-I/home/runner/work/probreacog/probreacog/_codeql_build_dir/external/tmp-capd/src/capdAlg/include -I/home/runner/work/probreacog/probreacog/_codeql_build_dir/external/tmp-capd/src/capdAux/include -I/home/runner/work/probreacog/probreacog/_codeql_build_dir/external/tmp-capd/src/capdExt/include -frounding-math '
capdAlg_LIBS='/home/runner/work/probreacog/probreacog/_codeql_build_dir/external/tmp-capd/src/capdAlg/src/capd/matrixAlgorithms/libcapdmatrixAlgorithms.la /home/runner/work/probreacog/probreacog/_codeql_build_dir/external/tmp-capd/src/capdAlg/src/capd/vectalg/libcapdvectalg.la /home/runner/work/probreacog/probreacog/_codeql_build_dir/external/tmp-capd/src/capdAlg/src/capd/intervals/libcapdintervals.la /home/runner/work/probreacog/probreacog/_codeql_build_dir/external/tmp-capd/src/capdAlg/src/capd/rounding/libcapdrounding.la /home/runner/work/probreacog/probreacog/_codeql_build_dir/external/tmp-capd/src/capdAlg/src/capd/basicalg/libcapdbasicalg.la /home/runner/work/probreacog/probreacog/_codeql_build_dir/external/tmp-capd/src/capdAlg/src/capd/rings/libcapdrings.la /home/runner/work/probreacog/probreacog/_codeql_build_dir/external/tmp-capd/src/capdExt/src/capd/alglib/libcapdalglib.la /home/runner/work/probreacog/probreacog/_codeql_build_dir/external/tmp-capd/src/capdAux/src/capd/auxil/libcapdauxil.la '
capdAux_CFLAGS='-I/home/runner/work/probreacog/probreacog/_codeql_build_dir/external/tmp-capd/src/capdAux/include '
capdAux_LIBS='/home/runner/work/probreacog/probreacog/_codeql_build_dir/external/tmp-capd/src/capdAux/src/capd/auxil/libcapdauxil.la '
capdExt_CFLAGS='-I/home/runner/work/probreacog/probreacog/_codeql_build_dir/external/tmp-capd/src/capdExt/include '
capdExt_LIBS='/home/runner/work/probreacog/probreacog/_codeql_build_dir/external/tmp-capd/src/capdExt/src/capd/alglib/libcapdalglib.la '
capdMake='/home/runner/work/probreacog/probreacog/_codeql_build_dir/external/tmp-capd/src/capdAlg/tests/./../../capdMake'
capd_build_dir='/home/runner/work/probreacog/probreacog/_codeql_build_dir/external/tmp-capd/src/capdAlg/tests/./../..'
capd_src_dir='/home/runner/work/probreacog/probreacog/_codeql_build_dir/external/tmp-capd/src/capdAlg/tests/./../..'
capdbasicalg_CFLAGS='-frounding-math -I/home/runner/work/probreacog/probreacog/_codeql_build_dir/external/tmp-capd/src/capdAlg/include '
capdbasicalg_LIBS='/home/runner/work/probreacog/probreacog/_codeql_build_dir/external/tmp-capd/src/capdAlg/src/capd/basicalg/libcapdbasicalg.la '
capdintervals_CFLAGS='-I/home/runner/work/probreacog/probreacog/_codeql_build_dir/external/tmp-capd/src/capdAlg/include -I/home/runner/work/probreacog/probreacog/_codeql_build_dir/external/tmp-capd/src/capdAux/include -frounding-math -I/home/runner/work/probreacog/probreacog/_codeql_build_dir/external/tmp-capd/src/capdExt/include '
capdintervals_LIBS='/home/runner/work/probreacog/probreacog/_codeql_build_dir/external/tmp-capd/src/capdAlg/src/capd/intervals/libcapdintervals.la /home/runner/work/probreacog/probreacog/_codeql_build_dir/external/tmp-capd/src/capdAux/src/capd/auxil/libcapdauxil.la /home/runner/work/probreacog/probreacog/_codeql_build_dir/external/tmp-capd/src/capdAlg/src/capd/rounding/libcapdrounding.la /home/runner/work/probreacog/probreacog/_codeql_build_dir/external/tmp-capd/src/capdAlg/src/capd/basicalg/libcapdbasicalg.la /home/runner/work/probreacog/probreacog/_codeql_build_dir/external/tmp-capd/src/capdExt/src/capd/alglib/libcapdalglib.la '
capdmatrixAlgorithms_CFLAGS='-frounding-math -I/home/runner/work/probreacog/probreacog/_codeql_build_dir/external/tmp-capd/src/capdAlg/include '
capdmatrixAlgorithms_LIBS='/home/runner/work/probreacog/probreacog/_codeql_build_dir/external/tmp-capd/src/capdAlg/src/capd/matrixAlgorithms/libcapdmatrixAlgorithms.la '
capdrounding_CFLAGS='-frounding-math -I/home/runner/work/probreacog/probreacog/_codeql_build_dir/external/tmp-capd/src/capdAlg/include '
capdrounding_LIBS='/home/runner/work/probreacog/probreacog/_codeql_build_dir/external/tmp-capd/src/capdAlg/src/capd/rounding/libcapdrounding.la '
capdvectalg_CFLAGS='-I/home/runner/work/probreacog/probreacog/_codeql_build_dir/external/tmp-capd/src/capdAlg/include -I/home/runner/work/probreacog/probreacog/_codeql_build_dir/external/tmp-capd/src/capdAux/include -I/home/runner/work/probreacog/probreacog/_codeql_build_dir/external/tmp-capd/src/capdExt/include -frounding-math '
capdvectalg_LIBS='/home/runner/work/probreacog/probreacog/_codeql_build_dir/external/tmp-capd/src/capdAlg/src/capd/vectalg/libcapdvectalg.la /home/runner/work/probreacog/probreacog/_codeql_build_dir/external/tmp-capd/src/capdAlg/src/capd/intervals/libcapdintervals.la /home/runner/work/probreacog/probreacog/_codeql_build_dir/external/tmp-capd/src/capdAux/src/capd/auxil/libcapdauxil.la /home/runner/work/probreacog/probreacog/_codeql_build_dir/external/tmp-capd/src/capdAlg/src/capd/rounding/libcapdrounding.la /home/runner/work/probreacog/probreacog/_codeql_build_dir/external/tmp-capd/src/capdExt/src/capd/alglib/libcapdalglib.la /home/runner/work/probreacog/probreacog/_codeql_build_dir/external/tmp-capd/src/capdAlg/src/capd/basicalg/libcapdbasicalg.la '
datadir='${datarootdir}'
datarootdir='${prefix}/share'
docdir='${datarootdir}/doc/${PACKAGE_TARNAME}'
dvidir='${docdir}'
exec_prefix='${prefix}'
host='x86_64-pc-linux-gnu'
host_alias=''
host_cpu='x86_64'
host_os='linux-gnu'
host_vendor='pc'
htmldir='${docdir}'
includedir='${prefix}/include'
infodir='${datarootdir}/info'
install_sh='${SHELL} /home/runner/work/probreacog/probreacog/_codeql_build_dir/external/tmp-capd/src/capdMake/ac_aux/install-sh'
libdir='${exec_prefix}/lib'
libexecdir='${exec_prefix}/libexec'
localedir='${datarootdir}/locale'
localstatedir='${prefix}/var'
mandir='${datarootdir}/man'
mkdir_p='$(MKDIR_P)'
mpcapdAlg_CFLAGS=''
mpcapdAlg_LIBS=''
mpcapdintervals_CFLAGS=''
mpcapdintervals_LIBS=''
mpcapdmatrixAlgorithms_CFLAGS=''
mpcapdmatrixAlgorithms_LIBS=''
mpcapdvectalg_CFLAGS=''
mpcapdvectalg_LIBS=''
mpfr_CFLAGS=''
mpfr_LIBS=''
oldincludedir='/usr/include'
pdfdir='${docdir}'
prefix='/home/runner/work/probreacog/probreacog/_codeql_build_dir/external/capd'
program_transform_name='s,x,x,'
psdir='${docdir}'
runstatedir='${localstatedir}/run'
sbindir='${exec_prefix}/sbin'
sharedstatedir='${prefix}/com'
sysconfdir='${prefix}/etc'
target_alias=''
top_capd='./../..'

## ----------- ##
## confdefs.h. ##
## ----------- ##

/* confdefs.h */
#define PACKAGE_NAME "capdAlg-tests"
#define PACKAGE_TARNAME "capdalg-tests"
#define PACKAGE_VERSION "5.1.2"
#define PACKAGE_STRING "capdAlg-tests 5.1.2"
#define PACKAGE_BUGREPORT "http://capd.ii.uj.edu.pl"
#define PACKAGE_URL "http://capd.ii.uj.edu.pl"
#define HAVE_CXX11 1
#define STDC_HEADERS 1
#define HAVE_SYS_TYPES_H 1
#define HAVE_SYS_STAT_H 1
#define HAVE_STDLIB_H 1
#define HAVE_STRING_H 1
#define HAVE_MEMORY_H 1
#define HAVE_STRINGS_H 1
#define HAVE_INTTYPES_H 1
#define HAVE_STDINT_H 1
#define HAVE_UNISTD_H 1
#define HAVE_DLFCN_H 1
#define LT_OBJDIR ".libs/"

configure: exit 0
