This file contains any messages produced by compilers while
running configure, to aid debugging if configure makes a mistake.

It was created by capdExt configure 1.1, which was
generated by GNU Autoconf 2.69.  Invocation command line was

  $ ./configure --disable-option-checking --prefix=/home/runner/work/probreacog/probreacog/_codeql_build_dir/external/capd C=/home/runner/work/probreacog/.codeql-scratch/dbs/cpp/working/autobuild/bin/cc XX=/home/runner/work/probreacog/.codeql-scratch/dbs/cpp/working/autobuild/bin/c++ --without-gui --with-mpfr=no --with-filib=no --cache-file=.././capd.cache --srcdir=.

## --------- ##
## Platform. ##
## --------- ##

hostname = runnervmw9dnm
uname -m = x86_64
uname -r = 6.11.0-1018-azure
uname -s = Linux
uname -v = #18~24.04.1-Ubuntu SMP Sat Jun 28 04:46:03 UTC 2025

/usr/bin/uname -p = x86_64
/bin/uname -X     = unknown

/bin/arch              = x86_64
/usr/bin/arch -k       = unknown
/usr/convex/getsysinfo = unknown
/usr/bin/hostinfo      = unknown
/bin/machine           = unknown
/usr/bin/oslevel       = unknown
/bin/universe          = unknown

PATH: /home/runner/work/probreacog/.codeql-scratch/dbs/cpp/working/autobuild/bin
PATH: /snap/bin
PATH: /home/runner/.local/bin
PATH: /opt/pipx_bin
PATH: /home/runner/.cargo/bin
PATH: /home/runner/.config/composer/vendor/bin
PATH: /usr/local/.ghcup/bin
PATH: /home/runner/.dotnet/tools
PATH: /usr/local/sbin
PATH: /usr/local/bin
PATH: /usr/sbin
PATH: /usr/bin
PATH: /sbin
PATH: /bin
PATH: /usr/games
PATH: /usr/local/games
PATH: /snap/bin


## ----------- ##
## Core tests. ##
## ----------- ##

configure:2254: creating cache .././capd.cache
configure:2592: checking for gcc
configure:2608: found /home/runner/work/probreacog/.codeql-scratch/dbs/cpp/working/autobuild/bin/gcc
configure:2619: result: gcc
configure:2848: checking for C compiler version
configure:2857: gcc --version >&5
gcc (Ubuntu 13.3.0-6ubuntu2~24.04) 13.3.0
Copyright (C) 2023 Free Software Foundation, Inc.
This is free software; see the source for copying conditions.  There is NO
warranty; not even for MERCHANTABILITY or FITNESS FOR A PARTICULAR PURPOSE.

configure:2868: $? = 0
configure:2857: gcc -v >&5
Using built-in specs.
COLLECT_GCC=/usr/bin/gcc
COLLECT_LTO_WRAPPER=/usr/libexec/gcc/x86_64-linux-gnu/13/lto-wrapper
OFFLOAD_TARGET_NAMES=nvptx-none:amdgcn-amdhsa
OFFLOAD_TARGET_DEFAULT=1
Target: x86_64-linux-gnu
Configured with: ../src/configure -v --with-pkgversion='Ubuntu 13.3.0-6ubuntu2~24.04' --with-bugurl=file:///usr/share/doc/gcc-13/README.Bugs --enable-languages=c,ada,c++,go,d,fortran,objc,obj-c++,m2 --prefix=/usr --with-gcc-major-version-only --program-suffix=-13 --program-prefix=x86_64-linux-gnu- --enable-shared --enable-linker-build-id --libexecdir=/usr/libexec --without-included-gettext --enable-threads=posix --libdir=/usr/lib --enable-nls --enable-bootstrap --enable-clocale=gnu --enable-libstdcxx-debug --enable-libstdcxx-time=yes --with-default-libstdcxx-abi=new --enable-libstdcxx-backtrace --enable-gnu-unique-object --disable-vtable-verify --enable-plugin --enable-default-pie --with-system-zlib --enable-libphobos-checking=release --with-target-system-zlib=auto --enable-objc-gc=auto --enable-multiarch --disable-werror --enable-cet --with-arch-32=i686 --with-abi=m64 --with-multilib-list=m32,m64,mx32 --enable-multilib --with-tune=generic --enable-offload-targets=nvptx-none=/build/gcc-13-fG75Ri/gcc-13-13.3.0/debian/tmp-nvptx/usr,amdgcn-amdhsa=/build/gcc-13-fG75Ri/gcc-13-13.3.0/debian/tmp-gcn/usr --enable-offload-defaulted --without-cuda-driver --enable-checking=release --build=x86_64-linux-gnu --host=x86_64-linux-gnu --target=x86_64-linux-gnu --with-build-config=bootstrap-lto-lean --enable-link-serialization=2
Thread model: posix
Supported LTO compression algorithms: zlib zstd
gcc version 13.3.0 (Ubuntu 13.3.0-6ubuntu2~24.04) 
... rest of stderr output deleted ...
configure:2868: $? = 0
configure:2857: gcc -V >&5
gcc: error: unrecognized command-line option '-V'
gcc: fatal error: no input files
compilation terminated.
configure:2868: $? = 1
configure:2857: gcc -qversion >&5
gcc: error: unrecognized command-line option '-qversion'; did you mean '--version'?
gcc: fatal error: no input files
compilation terminated.
configure:2868: $? = 1
configure:2888: checking whether the C compiler works
configure:2910: gcc    conftest.c  >&5
configure:2914: $? = 0
configure:2962: result: yes
configure:2965: checking for C compiler default output file name
configure:2967: result: a.out
configure:2973: checking for suffix of executables
configure:2980: gcc -o conftest    conftest.c  >&5
configure:2984: $? = 0
configure:3006: result: 
configure:3028: checking whether we are cross compiling
configure:3036: gcc -o conftest    conftest.c  >&5
configure:3040: $? = 0
configure:3047: ./conftest
configure:3051: $? = 0
configure:3066: result: no
configure:3071: checking for suffix of object files
configure:3093: gcc -c   conftest.c >&5
configure:3097: $? = 0
configure:3118: result: o
configure:3122: checking whether we are using the GNU C compiler
configure:3141: gcc -c   conftest.c >&5
configure:3141: $? = 0
configure:3150: result: yes
configure:3159: checking whether gcc accepts -g
configure:3179: gcc -c -g  conftest.c >&5
configure:3179: $? = 0
configure:3220: result: yes
configure:3237: checking for gcc option to accept ISO C89
configure:3300: gcc  -c -g -O2  conftest.c >&5
configure:3300: $? = 0
configure:3313: result: none needed
configure:3338: checking whether gcc understands -c and -o together
configure:3360: gcc -c conftest.c -o conftest2.o
configure:3363: $? = 0
configure:3360: gcc -c conftest.c -o conftest2.o
configure:3363: $? = 0
configure:3375: result: yes
configure:3405: checking whether make supports nested variables
configure:3422: result: yes
configure:3445: checking whether to enable maintainer-specific portions of Makefiles
configure:3454: result: no
configure:3586: checking for g++
configure:3602: found /home/runner/work/probreacog/.codeql-scratch/dbs/cpp/working/autobuild/bin/g++
configure:3613: result: g++
configure:3640: checking for C++ compiler version
configure:3649: g++ --version >&5
g++ (Ubuntu 13.3.0-6ubuntu2~24.04) 13.3.0
Copyright (C) 2023 Free Software Foundation, Inc.
This is free software; see the source for copying conditions.  There is NO
warranty; not even for MERCHANTABILITY or FITNESS FOR A PARTICULAR PURPOSE.

configure:3660: $? = 0
configure:3649: g++ -v >&5
Using built-in specs.
COLLECT_GCC=/usr/bin/g++
COLLECT_LTO_WRAPPER=/usr/libexec/gcc/x86_64-linux-gnu/13/lto-wrapper
OFFLOAD_TARGET_NAMES=nvptx-none:amdgcn-amdhsa
OFFLOAD_TARGET_DEFAULT=1
Target: x86_64-linux-gnu
Configured with: ../src/configure -v --with-pkgversion='Ubuntu 13.3.0-6ubuntu2~24.04' --with-bugurl=file:///usr/share/doc/gcc-13/README.Bugs --enable-languages=c,ada,c++,go,d,fortran,objc,obj-c++,m2 --prefix=/usr --with-gcc-major-version-only --program-suffix=-13 --program-prefix=x86_64-linux-gnu- --enable-shared --enable-linker-build-id --libexecdir=/usr/libexec --without-included-gettext --enable-threads=posix --libdir=/usr/lib --enable-nls --enable-bootstrap --enable-clocale=gnu --enable-libstdcxx-debug --enable-libstdcxx-time=yes --with-default-libstdcxx-abi=new --enable-libstdcxx-backtrace --enable-gnu-unique-object --disable-vtable-verify --enable-plugin --enable-default-pie --with-system-zlib --enable-libphobos-checking=release --with-target-system-zlib=auto --enable-objc-gc=auto --enable-multiarch --disable-werror --enable-cet --with-arch-32=i686 --with-abi=m64 --with-multilib-list=m32,m64,mx32 --enable-multilib --with-tune=generic --enable-offload-targets=nvptx-none=/build/gcc-13-fG75Ri/gcc-13-13.3.0/debian/tmp-nvptx/usr,amdgcn-amdhsa=/build/gcc-13-fG75Ri/gcc-13-13.3.0/debian/tmp-gcn/usr --enable-offload-defaulted --without-cuda-driver --enable-checking=release --build=x86_64-linux-gnu --host=x86_64-linux-gnu --target=x86_64-linux-gnu --with-build-config=bootstrap-lto-lean --enable-link-serialization=2
Thread model: posix
Supported LTO compression algorithms: zlib zstd
gcc version 13.3.0 (Ubuntu 13.3.0-6ubuntu2~24.04) 
... rest of stderr output deleted ...
configure:3660: $? = 0
configure:3649: g++ -V >&5
g++: error: unrecognized command-line option '-V'
g++: fatal error: no input files
compilation terminated.
configure:3660: $? = 1
configure:3649: g++ -qversion >&5
g++: error: unrecognized command-line option '-qversion'; did you mean '--version'?
g++: fatal error: no input files
compilation terminated.
configure:3660: $? = 1
configure:3664: checking whether we are using the GNU C++ compiler
configure:3683: g++ -c -g0 -O2  conftest.cpp >&5
configure:3683: $? = 0
configure:3692: result: yes
configure:3701: checking whether g++ accepts -g
configure:3721: g++ -c -g  conftest.cpp >&5
configure:3721: $? = 0
configure:3762: result: yes
configure:3786: checking if g++ supports -fdata-sections -ffunction-sections
configure:3807: g++ -c -Werror -fdata-sections -ffunction-sections  conftest.cpp >&5
configure:3807: $? = 0
configure:3809: result: yes
configure:3841: checking if  supports -Wl,--gc-sections
configure:3862: g++ -o conftest -g0 -O2  -Werror -Wl,--gc-sections conftest.cpp  >&5
configure:3862: $? = 0
configure:3864: result: yes
configure:3897: checking if  supports -Wl,-dead_strip
configure:3918: g++ -o conftest -g0 -O2  -Werror -Wl,-dead_strip conftest.cpp  >&5
/usr/bin/ld: Error: unable to disambiguate: -dead_strip (did you mean --dead_strip ?)
collect2: error: ld returned 1 exit status
configure:3918: $? = 1
configure: failed program was:
| /* confdefs.h */
| #define PACKAGE_NAME "capdExt"
| #define PACKAGE_TARNAME "capdext"
| #define PACKAGE_VERSION "1.1"
| #define PACKAGE_STRING "capdExt 1.1"
| #define PACKAGE_BUGREPORT "http://capd.ii.uj.edu.pl"
| #define PACKAGE_URL "http://capd.ii.uj.edu.pl"
| /* end confdefs.h.  */
| 
| int
| main ()
| {
| 
|   ;
|   return 0;
| }
configure:3928: WARNING: no
configure:3999: checking for a BSD-compatible install
configure:4067: result: /usr/bin/install -c
configure:4078: checking whether build environment is sane (CAPD implementation)
configure:4169: result: yes
configure:4307: checking for a thread-safe mkdir -p
configure:4346: result: /usr/bin/mkdir -p
configure:4353: checking for gawk
configure:4369: found /usr/bin/gawk
configure:4380: result: gawk
configure:4391: checking whether make sets $(MAKE)
configure:4413: result: yes
configure:4435: checking whether make supports the include directive
configure:4450: make -f confmf.GNU && cat confinc.out
make[3]: Entering directory '/home/runner/work/probreacog/probreacog/_codeql_build_dir/external/tmp-capd/src/capdExt'
make[3]: Leaving directory '/home/runner/work/probreacog/probreacog/_codeql_build_dir/external/tmp-capd/src/capdExt'
this is the am__doit target
configure:4453: $? = 0
configure:4472: result: yes (GNU style)
configure:4553: checking how to create a pax tar archive
configure:4564: tar --version
tar (GNU tar) 1.35
Copyright (C) 2023 Free Software Foundation, Inc.
License GPLv3+: GNU GPL version 3 or later <https://gnu.org/licenses/gpl.html>.
This is free software: you are free to change and redistribute it.
There is NO WARRANTY, to the extent permitted by law.

Written by John Gilmore and Jay Fenlason.
configure:4567: $? = 0
configure:4607: tardir=conftest.dir && eval tar --format=posix -chf - "$tardir" >conftest.tar
configure:4610: $? = 0
configure:4614: tar -xf - <conftest.tar
configure:4617: $? = 0
configure:4619: cat conftest.dir/file
GrepMe
configure:4622: $? = 0
configure:4635: result: gnutar
configure:4644: checking dependency style of gcc
configure:4755: result: gcc3
configure:4772: checking dependency style of g++
configure:4883: result: gcc3
configure:4942: checking if g++ supports -frounding-math
configure:4963: g++ -c -Werror -frounding-math  conftest.cpp >&5
configure:4963: $? = 0
configure:4965: result: yes
configure:4995: checking if g++ supports -ffloat-store
configure:5016: g++ -c -Werror -ffloat-store  conftest.cpp >&5
configure:5016: $? = 0
configure:5018: result: yes
configure:5168: using CAPD intervals
configure:5339: checking for C++ compiler version
configure:5348: g++ --version >&5
g++ (Ubuntu 13.3.0-6ubuntu2~24.04) 13.3.0
Copyright (C) 2023 Free Software Foundation, Inc.
This is free software; see the source for copying conditions.  There is NO
warranty; not even for MERCHANTABILITY or FITNESS FOR A PARTICULAR PURPOSE.

configure:5359: $? = 0
configure:5348: g++ -v >&5
Using built-in specs.
COLLECT_GCC=/usr/bin/g++
COLLECT_LTO_WRAPPER=/usr/libexec/gcc/x86_64-linux-gnu/13/lto-wrapper
OFFLOAD_TARGET_NAMES=nvptx-none:amdgcn-amdhsa
OFFLOAD_TARGET_DEFAULT=1
Target: x86_64-linux-gnu
Configured with: ../src/configure -v --with-pkgversion='Ubuntu 13.3.0-6ubuntu2~24.04' --with-bugurl=file:///usr/share/doc/gcc-13/README.Bugs --enable-languages=c,ada,c++,go,d,fortran,objc,obj-c++,m2 --prefix=/usr --with-gcc-major-version-only --program-suffix=-13 --program-prefix=x86_64-linux-gnu- --enable-shared --enable-linker-build-id --libexecdir=/usr/libexec --without-included-gettext --enable-threads=posix --libdir=/usr/lib --enable-nls --enable-bootstrap --enable-clocale=gnu --enable-libstdcxx-debug --enable-libstdcxx-time=yes --with-default-libstdcxx-abi=new --enable-libstdcxx-backtrace --enable-gnu-unique-object --disable-vtable-verify --enable-plugin --enable-default-pie --with-system-zlib --enable-libphobos-checking=release --with-target-system-zlib=auto --enable-objc-gc=auto --enable-multiarch --disable-werror --enable-cet --with-arch-32=i686 --with-abi=m64 --with-multilib-list=m32,m64,mx32 --enable-multilib --with-tune=generic --enable-offload-targets=nvptx-none=/build/gcc-13-fG75Ri/gcc-13-13.3.0/debian/tmp-nvptx/usr,amdgcn-amdhsa=/build/gcc-13-fG75Ri/gcc-13-13.3.0/debian/tmp-gcn/usr --enable-offload-defaulted --without-cuda-driver --enable-checking=release --build=x86_64-linux-gnu --host=x86_64-linux-gnu --target=x86_64-linux-gnu --with-build-config=bootstrap-lto-lean --enable-link-serialization=2
Thread model: posix
Supported LTO compression algorithms: zlib zstd
gcc version 13.3.0 (Ubuntu 13.3.0-6ubuntu2~24.04) 
... rest of stderr output deleted ...
configure:5359: $? = 0
configure:5348: g++ -V >&5
g++: error: unrecognized command-line option '-V'
g++: fatal error: no input files
compilation terminated.
configure:5359: $? = 1
configure:5348: g++ -qversion >&5
g++: error: unrecognized command-line option '-qversion'; did you mean '--version'?
g++: fatal error: no input files
compilation terminated.
configure:5359: $? = 1
configure:5363: checking whether we are using the GNU C++ compiler
configure:5391: result: yes
configure:5400: checking whether g++ accepts -g
configure:5461: result: yes
configure:5515: checking build system type
configure:5529: result: x86_64-pc-linux-gnu
configure:5549: checking host system type
configure:5562: result: x86_64-pc-linux-gnu
configure:5603: checking how to print strings
configure:5630: result: printf
configure:5651: checking for a sed that does not truncate output
configure:5715: result: /usr/bin/sed
configure:5733: checking for grep that handles long lines and -e
configure:5791: result: /usr/bin/grep
configure:5796: checking for egrep
configure:5858: result: /usr/bin/grep -E
configure:5863: checking for fgrep
configure:5925: result: /usr/bin/grep -F
configure:5960: checking for ld used by gcc
configure:6027: result: /usr/bin/ld
configure:6034: checking if the linker (/usr/bin/ld) is GNU ld
configure:6049: result: yes
configure:6061: checking for BSD- or MS-compatible name lister (nm)
configure:6115: result: /usr/bin/nm -B
configure:6245: checking the name lister (/usr/bin/nm -B) interface
configure:6252: g++ -c -g0 -O2  conftest.cpp >&5
configure:6255: /usr/bin/nm -B "conftest.o"
configure:6258: output
0000000000000000 B some_variable
configure:6265: result: BSD nm
configure:6268: checking whether ln -s works
configure:6272: result: yes
configure:6280: checking the maximum length of command line arguments
configure:6411: result: 3145728
configure:6459: checking how to convert x86_64-pc-linux-gnu file names to x86_64-pc-linux-gnu format
configure:6499: result: func_convert_file_noop
configure:6506: checking how to convert x86_64-pc-linux-gnu file names to toolchain format
configure:6526: result: func_convert_file_noop
configure:6533: checking for /usr/bin/ld option to reload object files
configure:6540: result: -r
configure:6614: checking for objdump
configure:6630: found /usr/bin/objdump
configure:6641: result: objdump
configure:6673: checking how to recognize dependent libraries
configure:6873: result: pass_all
configure:6958: checking for dlltool
configure:6988: result: no
configure:7018: checking how to associate runtime and link libraries
configure:7045: result: printf %s\n
configure:7105: checking for ar
configure:7121: found /usr/bin/ar
configure:7132: result: ar
configure:7169: checking for archiver @FILE support
configure:7186: g++ -c -g0 -O2  conftest.cpp >&5
configure:7186: $? = 0
configure:7189: ar cru libconftest.a @conftest.lst >&5
ar: `u' modifier ignored since `D' is the default (see `U')
configure:7192: $? = 0
configure:7197: ar cru libconftest.a @conftest.lst >&5
ar: `u' modifier ignored since `D' is the default (see `U')
ar: conftest.o: No such file or directory
configure:7200: $? = 1
configure:7212: result: @
configure:7270: checking for strip
configure:7286: found /usr/bin/strip
configure:7297: result: strip
configure:7369: checking for ranlib
configure:7385: found /usr/bin/ranlib
configure:7396: result: ranlib
configure:7498: checking command to parse /usr/bin/nm -B output from gcc object
configure:7651: g++ -c -g0 -O2  conftest.cpp >&5
configure:7654: $? = 0
configure:7658: /usr/bin/nm -B conftest.o | sed -n -e 's/^.*[	 ]\([ABCDGIRSTW][ABCDGIRSTW]*\)[	 ][	 ]*\([_A-Za-z][_A-Za-z0-9]*\)$/\1 \2 \2/p' | sed '/ __gnu_lto/d' > conftest.nm
configure:7724: g++ -o conftest -g0 -O2   conftest.cpp conftstm.o >&5
configure:7727: $? = 0
configure:7765: result: ok
configure:7812: checking for sysroot
configure:7842: result: no
configure:7849: checking for a working dd
configure:7887: result: /usr/bin/dd
configure:7891: checking how to truncate binary pipes
configure:7906: result: /usr/bin/dd bs=4096 count=1
configure:8043: g++ -c -g0 -O2  conftest.cpp >&5
configure:8046: $? = 0
configure:8236: checking for mt
configure:8252: found /usr/bin/mt
configure:8263: result: mt
configure:8286: checking if mt is a manifest tool
configure:8292: mt '-?'
configure:8300: result: no
configure:8977: checking how to run the C preprocessor
configure:9008: gcc -E  conftest.c
configure:9008: $? = 0
configure:9022: gcc -E  conftest.c
conftest.c:9:10: fatal error: ac_nonexistent.h: No such file or directory
    9 | #include <ac_nonexistent.h>
      |          ^~~~~~~~~~~~~~~~~~
compilation terminated.
configure:9022: $? = 1
configure: failed program was:
| /* confdefs.h */
| #define PACKAGE_NAME "capdExt"
| #define PACKAGE_TARNAME "capdext"
| #define PACKAGE_VERSION "1.1"
| #define PACKAGE_STRING "capdExt 1.1"
| #define PACKAGE_BUGREPORT "http://capd.ii.uj.edu.pl"
| #define PACKAGE_URL "http://capd.ii.uj.edu.pl"
| /* end confdefs.h.  */
| #include <ac_nonexistent.h>
configure:9047: result: gcc -E
configure:9067: gcc -E  conftest.c
configure:9067: $? = 0
configure:9081: gcc -E  conftest.c
conftest.c:9:10: fatal error: ac_nonexistent.h: No such file or directory
    9 | #include <ac_nonexistent.h>
      |          ^~~~~~~~~~~~~~~~~~
compilation terminated.
configure:9081: $? = 1
configure: failed program was:
| /* confdefs.h */
| #define PACKAGE_NAME "capdExt"
| #define PACKAGE_TARNAME "capdext"
| #define PACKAGE_VERSION "1.1"
| #define PACKAGE_STRING "capdExt 1.1"
| #define PACKAGE_BUGREPORT "http://capd.ii.uj.edu.pl"
| #define PACKAGE_URL "http://capd.ii.uj.edu.pl"
| /* end confdefs.h.  */
| #include <ac_nonexistent.h>
configure:9110: checking for ANSI C header files
configure:9130: gcc -c -g -O2  conftest.c >&5
configure:9130: $? = 0
configure:9203: gcc -o conftest -g -O2   conftest.c  >&5
configure:9203: $? = 0
configure:9203: ./conftest
configure:9203: $? = 0
configure:9214: result: yes
configure:9227: checking for sys/types.h
configure:9227: gcc -c -g -O2  conftest.c >&5
configure:9227: $? = 0
configure:9227: result: yes
configure:9227: checking for sys/stat.h
configure:9227: gcc -c -g -O2  conftest.c >&5
configure:9227: $? = 0
configure:9227: result: yes
configure:9227: checking for stdlib.h
configure:9227: gcc -c -g -O2  conftest.c >&5
configure:9227: $? = 0
configure:9227: result: yes
configure:9227: checking for string.h
configure:9227: gcc -c -g -O2  conftest.c >&5
configure:9227: $? = 0
configure:9227: result: yes
configure:9227: checking for memory.h
configure:9227: gcc -c -g -O2  conftest.c >&5
configure:9227: $? = 0
configure:9227: result: yes
configure:9227: checking for strings.h
configure:9227: gcc -c -g -O2  conftest.c >&5
configure:9227: $? = 0
configure:9227: result: yes
configure:9227: checking for inttypes.h
configure:9227: gcc -c -g -O2  conftest.c >&5
configure:9227: $? = 0
configure:9227: result: yes
configure:9227: checking for stdint.h
configure:9227: gcc -c -g -O2  conftest.c >&5
configure:9227: $? = 0
configure:9227: result: yes
configure:9227: checking for unistd.h
configure:9227: gcc -c -g -O2  conftest.c >&5
configure:9227: $? = 0
configure:9227: result: yes
configure:9241: checking for dlfcn.h
configure:9241: gcc -c -g -O2  conftest.c >&5
configure:9241: $? = 0
configure:9241: result: yes
configure:9507: checking for objdir
configure:9522: result: .libs
configure:9786: checking if gcc supports -fno-rtti -fno-exceptions
configure:9804: gcc -c -g -O2  -fno-rtti -fno-exceptions conftest.c >&5
cc1: warning: command-line option '-fno-rtti' is valid for C++/D/ObjC++ but not for C
configure:9808: $? = 0
configure:9821: result: no
configure:10185: checking for gcc option to produce PIC
configure:10192: result: -fPIC -DPIC
configure:10200: checking if gcc PIC flag -fPIC -DPIC works
configure:10218: gcc -c -g -O2  -fPIC -DPIC -DPIC conftest.c >&5
configure:10222: $? = 0
configure:10235: result: yes
configure:10264: checking if gcc static flag -static works
configure:10292: result: yes
configure:10307: checking if gcc supports -c -o file.o
configure:10328: gcc -c -g -O2  -o out/conftest2.o conftest.c >&5
configure:10332: $? = 0
configure:10354: result: yes
configure:10362: checking if gcc supports -c -o file.o
configure:10409: result: yes
configure:10442: checking whether the gcc linker (/usr/bin/ld -m elf_x86_64) supports shared libraries
configure:11705: result: yes
configure:11742: checking whether -lc should be explicitly linked in
configure:11750: gcc -c -g -O2  conftest.c >&5
configure:11753: $? = 0
configure:11768: gcc -shared  -fPIC -DPIC conftest.o  -v -Wl,-soname -Wl,conftest -o conftest 2\>\&1 \| /usr/bin/grep  -lc  \>/dev/null 2\>\&1
configure:11771: $? = 0
configure:11785: result: no
configure:11945: checking dynamic linker characteristics
configure:12526: gcc -o conftest -g -O2   -Wl,-rpath -Wl,/foo conftest.c  >&5
configure:12526: $? = 0
configure:12775: result: GNU/Linux ld.so
configure:12897: checking how to hardcode library paths into programs
configure:12922: result: immediate
configure:13470: checking whether stripping libraries is possible
configure:13475: result: yes
configure:13510: checking if libtool supports shared libraries
configure:13512: result: yes
configure:13515: checking whether to build shared libraries
configure:13540: result: yes
configure:13543: checking whether to build static libraries
configure:13547: result: yes
configure:13570: checking how to run the C++ preprocessor
configure:13597: g++ -E  conftest.cpp
configure:13597: $? = 0
configure:13611: g++ -E  conftest.cpp
conftest.cpp:21:10: fatal error: ac_nonexistent.h: No such file or directory
   21 | #include <ac_nonexistent.h>
      |          ^~~~~~~~~~~~~~~~~~
compilation terminated.
configure:13611: $? = 1
configure: failed program was:
| /* confdefs.h */
| #define PACKAGE_NAME "capdExt"
| #define PACKAGE_TARNAME "capdext"
| #define PACKAGE_VERSION "1.1"
| #define PACKAGE_STRING "capdExt 1.1"
| #define PACKAGE_BUGREPORT "http://capd.ii.uj.edu.pl"
| #define PACKAGE_URL "http://capd.ii.uj.edu.pl"
| #define STDC_HEADERS 1
| #define HAVE_SYS_TYPES_H 1
| #define HAVE_SYS_STAT_H 1
| #define HAVE_STDLIB_H 1
| #define HAVE_STRING_H 1
| #define HAVE_MEMORY_H 1
| #define HAVE_STRINGS_H 1
| #define HAVE_INTTYPES_H 1
| #define HAVE_STDINT_H 1
| #define HAVE_UNISTD_H 1
| #define HAVE_DLFCN_H 1
| #define LT_OBJDIR ".libs/"
| /* end confdefs.h.  */
| #include <ac_nonexistent.h>
configure:13636: result: g++ -E
configure:13656: g++ -E  conftest.cpp
configure:13656: $? = 0
configure:13670: g++ -E  conftest.cpp
conftest.cpp:21:10: fatal error: ac_nonexistent.h: No such file or directory
   21 | #include <ac_nonexistent.h>
      |          ^~~~~~~~~~~~~~~~~~
compilation terminated.
configure:13670: $? = 1
configure: failed program was:
| /* confdefs.h */
| #define PACKAGE_NAME "capdExt"
| #define PACKAGE_TARNAME "capdext"
| #define PACKAGE_VERSION "1.1"
| #define PACKAGE_STRING "capdExt 1.1"
| #define PACKAGE_BUGREPORT "http://capd.ii.uj.edu.pl"
| #define PACKAGE_URL "http://capd.ii.uj.edu.pl"
| #define STDC_HEADERS 1
| #define HAVE_SYS_TYPES_H 1
| #define HAVE_SYS_STAT_H 1
| #define HAVE_STDLIB_H 1
| #define HAVE_STRING_H 1
| #define HAVE_MEMORY_H 1
| #define HAVE_STRINGS_H 1
| #define HAVE_INTTYPES_H 1
| #define HAVE_STDINT_H 1
| #define HAVE_UNISTD_H 1
| #define HAVE_DLFCN_H 1
| #define LT_OBJDIR ".libs/"
| /* end confdefs.h.  */
| #include <ac_nonexistent.h>
configure:13832: checking for ld used by g++
configure:13899: result: /usr/bin/ld -m elf_x86_64
configure:13906: checking if the linker (/usr/bin/ld -m elf_x86_64) is GNU ld
configure:13921: result: yes
configure:13976: checking whether the g++ linker (/usr/bin/ld -m elf_x86_64) supports shared libraries
configure:15049: result: yes
configure:15085: g++ -c -g0 -O2  conftest.cpp >&5
configure:15088: $? = 0
configure:15569: checking for g++ option to produce PIC
configure:15576: result: -fPIC -DPIC
configure:15584: checking if g++ PIC flag -fPIC -DPIC works
configure:15602: g++ -c -g0 -O2  -fPIC -DPIC -DPIC conftest.cpp >&5
configure:15606: $? = 0
configure:15619: result: yes
configure:15642: checking if g++ static flag -static works
configure:15670: result: yes
configure:15682: checking if g++ supports -c -o file.o
configure:15703: g++ -c -g0 -O2  -o out/conftest2.o conftest.cpp >&5
configure:15707: $? = 0
configure:15729: result: yes
configure:15734: checking if g++ supports -c -o file.o
configure:15781: result: yes
configure:15811: checking whether the g++ linker (/usr/bin/ld -m elf_x86_64) supports shared libraries
configure:15854: result: yes
configure:15995: checking dynamic linker characteristics
configure:16752: result: GNU/Linux ld.so
configure:16817: checking how to hardcode library paths into programs
configure:16842: result: immediate
configure:16968: updating cache .././capd.cache
configure:17069: creating ./config.status

## ---------------------- ##
## Running config.status. ##
## ---------------------- ##

This file was extended by capdExt config.status 1.1, which was
generated by GNU Autoconf 2.69.  Invocation command line was

  CONFIG_FILES    = 
  CONFIG_HEADERS  = 
  CONFIG_LINKS    = 
  CONFIG_COMMANDS = 
  $ ./config.status 

on runnervmw9dnm

config.status:1197: creating /home/runner/work/probreacog/probreacog/_codeql_build_dir/external/tmp-capd/src/lib/pkgconfig-dev/capdalglib.pc
config.status:1197: creating /home/runner/work/probreacog/probreacog/_codeql_build_dir/external/tmp-capd/src/lib/pkgconfig-install/capdalglib.pc
config.status:1197: creating /home/runner/work/probreacog/probreacog/_codeql_build_dir/external/tmp-capd/src/lib/pkgconfig-dev/capdExt.pc
config.status:1197: creating /home/runner/work/probreacog/probreacog/_codeql_build_dir/external/tmp-capd/src/lib/pkgconfig-install/capdExt.pc
config.status:1197: creating Makefile
config.status:1197: creating include/Makefile
config.status:1197: creating src/Makefile
config.status:1197: creating src/capd/Makefile
config.status:1197: creating src/capd/alglib/Makefile
config.status:1197: creating include/capd/config-capdExt.h
config.status:1426: executing depfiles commands
config.status:1503: cd src/capd/alglib       && sed -e '/# am--include-marker/d' Makefile         | make -f - am--depfiles
make[3]: Entering directory '/home/runner/work/probreacog/probreacog/_codeql_build_dir/external/tmp-capd/src/capdExt/src/capd/alglib'
make[3]: Leaving directory '/home/runner/work/probreacog/probreacog/_codeql_build_dir/external/tmp-capd/src/capdExt/src/capd/alglib'
config.status:1508: $? = 0
config.status:1426: executing libtool commands

## ---------------- ##
## Cache variables. ##
## ---------------- ##

ac_cv_build=x86_64-pc-linux-gnu
ac_cv_c_compiler_gnu=yes
ac_cv_cxx_compiler_gnu=yes
ac_cv_env_CCC_set=
ac_cv_env_CCC_value=
ac_cv_env_CC_set=
ac_cv_env_CC_value=
ac_cv_env_CFLAGS_set=
ac_cv_env_CFLAGS_value=
ac_cv_env_CPPFLAGS_set=
ac_cv_env_CPPFLAGS_value=
ac_cv_env_CPP_set=
ac_cv_env_CPP_value=
ac_cv_env_CXXCPP_set=
ac_cv_env_CXXCPP_value=
ac_cv_env_CXXFLAGS_set=
ac_cv_env_CXXFLAGS_value=
ac_cv_env_CXX_set=
ac_cv_env_CXX_value=
ac_cv_env_LDFLAGS_set=
ac_cv_env_LDFLAGS_value=
ac_cv_env_LIBS_set=
ac_cv_env_LIBS_value=
ac_cv_env_LT_SYS_LIBRARY_PATH_set=
ac_cv_env_LT_SYS_LIBRARY_PATH_value=
ac_cv_env_build_alias_set=
ac_cv_env_build_alias_value=
ac_cv_env_host_alias_set=
ac_cv_env_host_alias_value=
ac_cv_env_target_alias_set=
ac_cv_env_target_alias_value=
ac_cv_header_dlfcn_h=yes
ac_cv_header_inttypes_h=yes
ac_cv_header_memory_h=yes
ac_cv_header_stdc=yes
ac_cv_header_stdint_h=yes
ac_cv_header_stdlib_h=yes
ac_cv_header_string_h=yes
ac_cv_header_strings_h=yes
ac_cv_header_sys_stat_h=yes
ac_cv_header_sys_types_h=yes
ac_cv_header_unistd_h=yes
ac_cv_host=x86_64-pc-linux-gnu
ac_cv_objext=o
ac_cv_path_EGREP='/usr/bin/grep -E'
ac_cv_path_FGREP='/usr/bin/grep -F'
ac_cv_path_GREP=/usr/bin/grep
ac_cv_path_SED=/usr/bin/sed
ac_cv_path_install='/usr/bin/install -c'
ac_cv_path_lt_DD=/usr/bin/dd
ac_cv_path_mkdir=/usr/bin/mkdir
ac_cv_prog_AWK=gawk
ac_cv_prog_CPP='gcc -E'
ac_cv_prog_CXXCPP='g++ -E'
ac_cv_prog_ac_ct_AR=ar
ac_cv_prog_ac_ct_CC=gcc
ac_cv_prog_ac_ct_CXX=g++
ac_cv_prog_ac_ct_MANIFEST_TOOL=mt
ac_cv_prog_ac_ct_OBJDUMP=objdump
ac_cv_prog_ac_ct_RANLIB=ranlib
ac_cv_prog_ac_ct_STRIP=strip
ac_cv_prog_cc_c89=
ac_cv_prog_cc_g=yes
ac_cv_prog_cxx_g=yes
ac_cv_prog_make_make_set=yes
am_cv_CC_dependencies_compiler_type=gcc3
am_cv_CXX_dependencies_compiler_type=gcc3
am_cv_make_support_nested_variables=yes
am_cv_prog_cc_c_o=yes
am_cv_prog_tar_pax=gnutar
lt_cv_ar_at_file=@
lt_cv_archive_cmds_need_lc=no
lt_cv_deplibs_check_method=pass_all
lt_cv_file_magic_cmd='$MAGIC_CMD'
lt_cv_file_magic_test_file=
lt_cv_ld_reload_flag=-r
lt_cv_nm_interface='BSD nm'
lt_cv_objdir=.libs
lt_cv_path_LD=/usr/bin/ld
lt_cv_path_LDCXX='/usr/bin/ld -m elf_x86_64'
lt_cv_path_NM='/usr/bin/nm -B'
lt_cv_path_mainfest_tool=no
lt_cv_prog_compiler_c_o=yes
lt_cv_prog_compiler_c_o_CXX=yes
lt_cv_prog_compiler_pic='-fPIC -DPIC'
lt_cv_prog_compiler_pic_CXX='-fPIC -DPIC'
lt_cv_prog_compiler_pic_works=yes
lt_cv_prog_compiler_pic_works_CXX=yes
lt_cv_prog_compiler_rtti_exceptions=no
lt_cv_prog_compiler_static_works=yes
lt_cv_prog_compiler_static_works_CXX=yes
lt_cv_prog_gnu_ld=yes
lt_cv_prog_gnu_ldcxx=yes
lt_cv_sharedlib_from_linklib_cmd='printf %s\n'
lt_cv_shlibpath_overrides_runpath=yes
lt_cv_sys_global_symbol_pipe='sed -n -e '\''s/^.*[	 ]\([ABCDGIRSTW][ABCDGIRSTW]*\)[	 ][	 ]*\([_A-Za-z][_A-Za-z0-9]*\)$/\1 \2 \2/p'\'' | sed '\''/ __gnu_lto/d'\'''
lt_cv_sys_global_symbol_to_c_name_address='sed -n -e '\''s/^: \(.*\) .*$/  {"\1", (void *) 0},/p'\'' -e '\''s/^[ABCDGIRSTW][ABCDGIRSTW]* .* \(.*\)$/  {"\1", (void *) \&\1},/p'\'''
lt_cv_sys_global_symbol_to_c_name_address_lib_prefix='sed -n -e '\''s/^: \(.*\) .*$/  {"\1", (void *) 0},/p'\'' -e '\''s/^[ABCDGIRSTW][ABCDGIRSTW]* .* \(lib.*\)$/  {"\1", (void *) \&\1},/p'\'' -e '\''s/^[ABCDGIRSTW][ABCDGIRSTW]* .* \(.*\)$/  {"lib\1", (void *) \&\1},/p'\'''
lt_cv_sys_global_symbol_to_cdecl='sed -n -e '\''s/^T .* \(.*\)$/extern int \1();/p'\'' -e '\''s/^[ABCDGIRSTW][ABCDGIRSTW]* .* \(.*\)$/extern char \1;/p'\'''
lt_cv_sys_global_symbol_to_import=
lt_cv_sys_max_cmd_len=3145728
lt_cv_to_host_file_cmd=func_convert_file_noop
lt_cv_to_tool_file_cmd=func_convert_file_noop
lt_cv_truncate_bin='/usr/bin/dd bs=4096 count=1'

## ----------------- ##
## Output variables. ##
## ----------------- ##

ACLOCAL='${SHELL} /home/runner/work/probreacog/probreacog/_codeql_build_dir/external/tmp-capd/src/capdMake/ac_aux/missing aclocal-1.16'
AMDEPBACKSLASH='\'
AMDEP_FALSE='#'
AMDEP_TRUE=''
AMTAR='$${TAR-tar}'
AM_BACKSLASH='\'
AM_CPPFLAGS='-I$(top_builddir)/include -I$(top_srcdir)/include -DFILE_BUILD_DIR=\"$(abs_builddir)\" ${CAPD_AM_CPPFLAGS}'
AM_CXXFLAGS='-I$(top_builddir)/include -I$(top_srcdir)/include -DFILE_BUILD_DIR=\"$(abs_builddir)\" ${CAPD_AM_CXXFLAGS}'
AM_DEFAULT_V='$(AM_DEFAULT_VERBOSITY)'
AM_DEFAULT_VERBOSITY='0'
AM_LDFLAGS='$(CAPD_AM_LDFLAGS)'
AM_V='$(V)'
AR='ar'
AUTOCONF='${SHELL} /home/runner/work/probreacog/probreacog/_codeql_build_dir/external/tmp-capd/src/capdMake/ac_aux/missing autoconf'
AUTOHEADER='${SHELL} /home/runner/work/probreacog/probreacog/_codeql_build_dir/external/tmp-capd/src/capdMake/ac_aux/missing autoheader'
AUTOMAKE='${SHELL} /home/runner/work/probreacog/probreacog/_codeql_build_dir/external/tmp-capd/src/capdMake/ac_aux/missing automake-1.16'
AWK='gawk'
CAPD_AM_CPPFLAGS=' -g0 -O2'
CAPD_AM_CXXFLAGS=' -g0 -O2 -DBOOST_DISABLE_ASSERTS -fdata-sections -ffunction-sections'
CAPD_AM_LDFLAGS=' -Wl,--gc-sections'
CAPD_VERSION_INFO='4:1:0'
CC='gcc'
CCDEPMODE='depmode=gcc3'
CFLAGS='-g -O2'
CPP='gcc -E'
CPPFLAGS=''
CXX='g++'
CXXCPP='g++ -E'
CXXDEPMODE='depmode=gcc3'
CXXFLAGS='-g0 -O2'
CXX_FLAG_capd_fsections='-fdata-sections -ffunction-sections'
CXX_FLAG_capd_fsections_FALSE='#'
CXX_FLAG_capd_fsections_TRUE=''
CXX_FLAG_ffloat_store='-ffloat-store'
CXX_FLAG_ffloat_store_FALSE='#'
CXX_FLAG_ffloat_store_TRUE=''
CXX_FLAG_frounding_math='-frounding-math'
CXX_FLAG_frounding_math_FALSE='#'
CXX_FLAG_frounding_math_TRUE=''
CYGPATH_W='echo'
DEFS='-DHAVE_CONFIG_H'
DEPDIR='.deps'
DLLTOOL='false'
DSYMUTIL=''
DUMPBIN=''
ECHO_C=''
ECHO_N='-n'
ECHO_T=''
EGREP='/usr/bin/grep -E'
EXEEXT=''
FGREP='/usr/bin/grep -F'
GREP='/usr/bin/grep'
INSTALL_DATA='${INSTALL} -m 644'
INSTALL_PROGRAM='${INSTALL}'
INSTALL_SCRIPT='${INSTALL}'
INSTALL_STRIP_PROGRAM='$(install_sh) -c -s'
LD='/usr/bin/ld -m elf_x86_64'
LDFLAGS=''
LD_FLAG_capd_dead_strip=''
LD_FLAG_capd_dead_strip_FALSE='#'
LD_FLAG_capd_dead_strip_TRUE=''
LD_FLAG_capd_gc_sections='-Wl,--gc-sections'
LD_FLAG_capd_gc_sections_FALSE='#'
LD_FLAG_capd_gc_sections_TRUE=''
LIBCAPD_LDFLAGS='-Wl,-Bstatic'
LIBOBJS=''
LIBS=''
LIBTOOL='$(SHELL) $(top_builddir)/libtool'
LIPO=''
LN_S='ln -s'
LTLIBOBJS=''
LT_SYS_LIBRARY_PATH=''
MAINT='#'
MAINTAINER_MODE_FALSE=''
MAINTAINER_MODE_TRUE='#'
MAKEINFO='${SHELL} /home/runner/work/probreacog/probreacog/_codeql_build_dir/external/tmp-capd/src/capdMake/ac_aux/missing makeinfo'
MANIFEST_TOOL=':'
MKDIR_P='/usr/bin/mkdir -p'
NM='/usr/bin/nm -B'
NMEDIT=''
OBJDUMP='objdump'
OBJEXT='o'
OTOOL64=''
OTOOL=''
PACKAGE='capdext'
PACKAGE_BUGREPORT='http://capd.ii.uj.edu.pl'
PACKAGE_NAME='capdExt'
PACKAGE_STRING='capdExt 1.1'
PACKAGE_TARNAME='capdext'
PACKAGE_URL='http://capd.ii.uj.edu.pl'
PACKAGE_VERSION='1.1'
PATH_SEPARATOR=':'
PKG_CONFIG_DEV_DIR='/home/runner/work/probreacog/probreacog/_codeql_build_dir/external/tmp-capd/src/lib/pkgconfig-dev'
PKG_CONFIG_DIR='${libdir}/pkgconfig'
RANLIB='ranlib'
SED='/usr/bin/sed'
SET_MAKE=''
SHELL='/bin/bash'
STRIP='strip'
VERSION='1.1'
WITH_CAPD_EXAMPLES_FALSE='#'
WITH_CAPD_EXAMPLES_TRUE=''
WITH_FILIB_INTERNAL_FALSE=''
WITH_FILIB_INTERNAL_TRUE='#'
ac_ct_AR='ar'
ac_ct_CC='gcc'
ac_ct_CXX='g++'
ac_ct_DUMPBIN=''
am__EXEEXT_FALSE=''
am__EXEEXT_TRUE='#'
am__fastdepCC_FALSE='#'
am__fastdepCC_TRUE=''
am__fastdepCXX_FALSE='#'
am__fastdepCXX_TRUE=''
am__include='include'
am__isrc=''
am__leading_dot='.'
am__nodep='_no'
am__quote=''
am__tar='tar --format=posix -chf - "$$tardir"'
am__untar='tar -xf -'
bindir='${exec_prefix}/bin'
build='x86_64-pc-linux-gnu'
build_alias=''
build_cpu='x86_64'
build_os='linux-gnu'
build_vendor='pc'
capdExt_CFLAGS=''
capdMake='/home/runner/work/probreacog/probreacog/_codeql_build_dir/external/tmp-capd/src/capdExt/./../capdMake'
capd_build_dir='/home/runner/work/probreacog/probreacog/_codeql_build_dir/external/tmp-capd/src/capdExt/./..'
capd_src_dir='/home/runner/work/probreacog/probreacog/_codeql_build_dir/external/tmp-capd/src/capdExt/./..'
capdalglib_CFLAGS=''
datadir='${datarootdir}'
datarootdir='${prefix}/share'
docdir='${datarootdir}/doc/${PACKAGE_TARNAME}'
dvidir='${docdir}'
exec_prefix='${prefix}'
filib_CFLAGS=''
filib_CFLAGS_INSTALL=''
filib_LIBS=''
filib_LIBS_INSTALL=''
host='x86_64-pc-linux-gnu'
host_alias=''
host_cpu='x86_64'
host_os='linux-gnu'
host_vendor='pc'
htmldir='${docdir}'
includedir='${prefix}/include'
infodir='${datarootdir}/info'
install_sh='${SHELL} /home/runner/work/probreacog/probreacog/_codeql_build_dir/external/tmp-capd/src/capdMake/ac_aux/install-sh'
libdir='${exec_prefix}/lib'
libexecdir='${exec_prefix}/libexec'
localedir='${datarootdir}/locale'
localstatedir='${prefix}/var'
mandir='${datarootdir}/man'
mkdir_p='$(MKDIR_P)'
oldincludedir='/usr/include'
pdfdir='${docdir}'
prefix='/home/runner/work/probreacog/probreacog/_codeql_build_dir/external/capd'
program_transform_name='s,x,x,'
psdir='${docdir}'
runstatedir='${localstatedir}/run'
sbindir='${exec_prefix}/sbin'
sharedstatedir='${prefix}/com'
subdirs=''
sysconfdir='${prefix}/etc'
target_alias=''
top_capd='./..'

## ----------- ##
## confdefs.h. ##
## ----------- ##

/* confdefs.h */
#define PACKAGE_NAME "capdExt"
#define PACKAGE_TARNAME "capdext"
#define PACKAGE_VERSION "1.1"
#define PACKAGE_STRING "capdExt 1.1"
#define PACKAGE_BUGREPORT "http://capd.ii.uj.edu.pl"
#define PACKAGE_URL "http://capd.ii.uj.edu.pl"
#define STDC_HEADERS 1
#define HAVE_SYS_TYPES_H 1
#define HAVE_SYS_STAT_H 1
#define HAVE_STDLIB_H 1
#define HAVE_STRING_H 1
#define HAVE_MEMORY_H 1
#define HAVE_STRINGS_H 1
#define HAVE_INTTYPES_H 1
#define HAVE_STDINT_H 1
#define HAVE_UNISTD_H 1
#define HAVE_DLFCN_H 1
#define LT_OBJDIR ".libs/"

configure: exit 0
